<?xml version="1.0" encoding="UTF-8"?>
<testsuites>
  <testsuite name="Performance and Stress Tests" tests="0" failures="0" skipped="0" time="0"></testsuite>
</testsuites>