<?xml version="1.0" encoding="UTF-8"?>
  <testsuites tests="21" disabled="0" errors="0" failures="20" time="61.643755">
      <testsuite name="DevOps MCP E2E Test Suite" package="/Users/seancorkum/projects/devops-mcp/test/e2e" tests="0" disabled="0" skipped="0" errors="0" failures="0" time="0.003544" timestamp="2025-07-03T21:05:49">
          <properties>
              <property name="SuiteSucceeded" value="true"></property>
              <property name="SuiteHasProgrammaticFocus" value="false"></property>
              <property name="SpecialSuiteFailureReason" value=""></property>
              <property name="SuiteLabels" value="[]"></property>
              <property name="RandomSeed" value="1751594748"></property>
              <property name="RandomizeAllSpecs" value="false"></property>
              <property name="LabelFilter" value=""></property>
              <property name="FocusStrings" value=""></property>
              <property name="SkipStrings" value=""></property>
              <property name="FocusFiles" value=""></property>
              <property name="SkipFiles" value=""></property>
              <property name="FailOnPending" value="false"></property>
              <property name="FailOnEmpty" value="false"></property>
              <property name="FailFast" value="false"></property>
              <property name="FlakeAttempts" value="2"></property>
              <property name="DryRun" value="false"></property>
              <property name="ParallelTotal" value="5"></property>
              <property name="OutputInterceptorMode" value=""></property>
          </properties>
      </testsuite>
      <testsuite name="Multi-Agent Collaboration E2E Test Suite" package="/Users/seancorkum/projects/devops-mcp/test/e2e/scenarios" tests="21" disabled="0" skipped="0" errors="0" failures="20" time="61.640211" timestamp="2025-07-03T21:05:50">
          <properties>
              <property name="SuiteSucceeded" value="false"></property>
              <property name="SuiteHasProgrammaticFocus" value="false"></property>
              <property name="SpecialSuiteFailureReason" value=""></property>
              <property name="SuiteLabels" value="[]"></property>
              <property name="RandomSeed" value="1751594748"></property>
              <property name="RandomizeAllSpecs" value="false"></property>
              <property name="LabelFilter" value=""></property>
              <property name="FocusStrings" value=""></property>
              <property name="SkipStrings" value=""></property>
              <property name="FocusFiles" value=""></property>
              <property name="SkipFiles" value=""></property>
              <property name="FailOnPending" value="false"></property>
              <property name="FailOnEmpty" value="false"></property>
              <property name="FailFast" value="false"></property>
              <property name="FlakeAttempts" value="2"></property>
              <property name="DryRun" value="false"></property>
              <property name="ParallelTotal" value="5"></property>
              <property name="OutputInterceptorMode" value=""></property>
          </properties>
          <testcase name="[It] Single Agent E2E Tests Basic Agent Lifecycle should handle reconnection" classname="Multi-Agent Collaboration E2E Test Suite" status="failed" time="0.226444174">
              <failure message="Unexpected error:&#xA;    &lt;*fmt.wrapError | 0xc0000a0260&gt;: &#xA;    failed to connect: failed to WebSocket dial: expected handshake response status code 101 but got 401&#xA;    {&#xA;        msg: &#34;failed to connect: failed to WebSocket dial: expected handshake response status code 101 but got 401&#34;,&#xA;        err: &lt;*fmt.wrapError | 0xc0000a0240&gt;{&#xA;            msg: &#34;failed to WebSocket dial: expected handshake response status code 101 but got 401&#34;,&#xA;            err: &lt;*errors.errorString | 0xc00031a3e0&gt;{&#xA;                s: &#34;expected handshake response status code 101 but got 401&#34;,&#xA;            },&#xA;        },&#xA;    }&#xA;occurred" type="failed">[FAILED] Unexpected error:&#xA;    &lt;*fmt.wrapError | 0xc0000a0260&gt;: &#xA;    failed to connect: failed to WebSocket dial: expected handshake response status code 101 but got 401&#xA;    {&#xA;        msg: &#34;failed to connect: failed to WebSocket dial: expected handshake response status code 101 but got 401&#34;,&#xA;        err: &lt;*fmt.wrapError | 0xc0000a0240&gt;{&#xA;            msg: &#34;failed to WebSocket dial: expected handshake response status code 101 but got 401&#34;,&#xA;            err: &lt;*errors.errorString | 0xc00031a3e0&gt;{&#xA;                s: &#34;expected handshake response status code 101 but got 401&#34;,&#xA;            },&#xA;        },&#xA;    }&#xA;occurred&#xA;In [It] at: /Users/seancorkum/projects/devops-mcp/test/e2e/scenarios/single_agent_test.go:129 @ 07/03/25 21:05:51.212&#xA;&#xA;There were additional failures detected after the initial failure. These are visible in the timeline&#xA;</failure>
              <system-err>&gt; Enter [BeforeEach] Single Agent E2E Tests - /Users/seancorkum/projects/devops-mcp/test/e2e/scenarios/single_agent_test.go:30 @ 07/03/25 21:05:50.991&#xA;&lt; Exit [BeforeEach] Single Agent E2E Tests - /Users/seancorkum/projects/devops-mcp/test/e2e/scenarios/single_agent_test.go:30 @ 07/03/25 21:05:50.995 (4ms)&#xA;&gt; Enter [It] should handle reconnection - /Users/seancorkum/projects/devops-mcp/test/e2e/scenarios/single_agent_test.go:107 @ 07/03/25 21:05:50.995&#xA;[FAILED] Failure recorded during attempt 1:&#xA;Unexpected error:&#xA;    &lt;*fmt.wrapError | 0xc00011c0e0&gt;: &#xA;    failed to connect: failed to WebSocket dial: expected handshake response status code 101 but got 401&#xA;    {&#xA;        msg: &#34;failed to connect: failed to WebSocket dial: expected handshake response status code 101 but got 401&#34;,&#xA;        err: &lt;*fmt.wrapError | 0xc00011c0c0&gt;{&#xA;            msg: &#34;failed to WebSocket dial: expected handshake response status code 101 but got 401&#34;,&#xA;            err: &lt;*errors.errorString | 0xc00039e000&gt;{&#xA;                s: &#34;expected handshake response status code 101 but got 401&#34;,&#xA;            },&#xA;        },&#xA;    }&#xA;occurred&#xA;In [It] at: /Users/seancorkum/projects/devops-mcp/test/e2e/scenarios/single_agent_test.go:129 @ 07/03/25 21:05:51.154&#xA;&lt; Exit [It] should handle reconnection - /Users/seancorkum/projects/devops-mcp/test/e2e/scenarios/single_agent_test.go:107 @ 07/03/25 21:05:51.154 (159ms)&#xA;&gt; Enter [AfterEach] Single Agent E2E Tests - /Users/seancorkum/projects/devops-mcp/test/e2e/scenarios/single_agent_test.go:40 @ 07/03/25 21:05:51.155&#xA;&lt; Exit [AfterEach] Single Agent E2E Tests - /Users/seancorkum/projects/devops-mcp/test/e2e/scenarios/single_agent_test.go:40 @ 07/03/25 21:05:51.158 (3ms)&#xA;&#xA;Attempt #1 Failed.  Retrying â†º @ 07/03/25 21:05:51.158&#xA;&#xA;&gt; Enter [BeforeEach] Single Agent E2E Tests - /Users/seancorkum/projects/devops-mcp/test/e2e/scenarios/single_agent_test.go:30 @ 07/03/25 21:05:51.159&#xA;&lt; Exit [BeforeEach] Single Agent E2E Tests - /Users/seancorkum/projects/devops-mcp/test/e2e/scenarios/single_agent_test.go:30 @ 07/03/25 21:05:51.163 (4ms)&#xA;&gt; Enter [It] should handle reconnection - /Users/seancorkum/projects/devops-mcp/test/e2e/scenarios/single_agent_test.go:107 @ 07/03/25 21:05:51.163&#xA;[FAILED] Unexpected error:&#xA;    &lt;*fmt.wrapError | 0xc0000a0260&gt;: &#xA;    failed to connect: failed to WebSocket dial: expected handshake response status code 101 but got 401&#xA;    {&#xA;        msg: &#34;failed to connect: failed to WebSocket dial: expected handshake response status code 101 but got 401&#34;,&#xA;        err: &lt;*fmt.wrapError | 0xc0000a0240&gt;{&#xA;            msg: &#34;failed to WebSocket dial: expected handshake response status code 101 but got 401&#34;,&#xA;            err: &lt;*errors.errorString | 0xc00031a3e0&gt;{&#xA;                s: &#34;expected handshake response status code 101 but got 401&#34;,&#xA;            },&#xA;        },&#xA;    }&#xA;occurred&#xA;In [It] at: /Users/seancorkum/projects/devops-mcp/test/e2e/scenarios/single_agent_test.go:129 @ 07/03/25 21:05:51.212&#xA;&lt; Exit [It] should handle reconnection - /Users/seancorkum/projects/devops-mcp/test/e2e/scenarios/single_agent_test.go:107 @ 07/03/25 21:05:51.212 (49ms)&#xA;&gt; Enter [AfterEach] Single Agent E2E Tests - /Users/seancorkum/projects/devops-mcp/test/e2e/scenarios/single_agent_test.go:40 @ 07/03/25 21:05:51.212&#xA;&lt; Exit [AfterEach] Single Agent E2E Tests - /Users/seancorkum/projects/devops-mcp/test/e2e/scenarios/single_agent_test.go:40 @ 07/03/25 21:05:51.217 (5ms)&#xA;</system-err>
          </testcase>
          <testcase name="[It] Performance and Stress E2E Tests Agent Swarm Tests should handle 50 concurrent agents" classname="Multi-Agent Collaboration E2E Test Suite" status="failed" time="0.737624009">
              <failure message="Expected&#xA;    &lt;int32&gt;: 0&#xA;to be &gt;=&#xA;    &lt;int32&gt;: 47" type="failed">[FAILED] Expected&#xA;    &lt;int32&gt;: 0&#xA;to be &gt;=&#xA;    &lt;int32&gt;: 47&#xA;In [It] at: /Users/seancorkum/projects/devops-mcp/test/e2e/scenarios/performance_test.go:158 @ 07/03/25 21:05:51.953&#xA;&#xA;There were additional failures detected after the initial failure. These are visible in the timeline&#xA;</failure>
              <system-out>[21:05:51] [ERROR] performance: Agent 49 connection failed: failed to connect: failed to WebSocket dial: expected handshake response status code 101 but got 401&#xA;[21:05:51] [ERROR] performance: Agent 3 connection failed: failed to connect: failed to WebSocket dial: expected handshake response status code 101 but got 401&#xA;[21:05:51] [ERROR] performance: Agent 1 connection failed: failed to connect: failed to WebSocket dial: expected handshake response status code 101 but got 401&#xA;[21:05:51] [ERROR] performance: Agent 26 connection failed: failed to connect: failed to WebSocket dial: expected handshake response status code 101 but got 401&#xA;[21:05:51] [ERROR] performance: Agent 17 connection failed: failed to connect: failed to WebSocket dial: expected handshake response status code 101 but got 401&#xA;[21:05:51] [ERROR] performance: Agent 42 connection failed: failed to connect: failed to WebSocket dial: expected handshake response status code 101 but got 401&#xA;[21:05:51] [ERROR] performance: Agent 0 connection failed: failed to connect: failed to WebSocket dial: expected handshake response status code 101 but got 401&#xA;[21:05:51] [ERROR] performance: Agent 14 connection failed: failed to connect: failed to WebSocket dial: expected handshake response status code 101 but got 401&#xA;[21:05:51] [ERROR] performance: Agent 22 connection failed: failed to connect: failed to WebSocket dial: expected handshake response status code 101 but got 401&#xA;[21:05:51] [ERROR] performance: Agent 23 connection failed: failed to connect: failed to WebSocket dial: expected handshake response status code 101 but got 401&#xA;[21:05:51] [ERROR] performance: Agent 32 connection failed: failed to connect: failed to WebSocket dial: expected handshake response status code 101 but got 401&#xA;[21:05:51] [ERROR] performance: Agent 5 connection failed: failed to connect: failed to WebSocket dial: expected handshake response status code 101 but got 401&#xA;[21:05:51] [ERROR] performance: Agent 30 connection failed: failed to connect: failed to WebSocket dial: expected handshake response status code 101 but got 401&#xA;[21:05:51] [ERROR] performance: Agent 12 connection failed: failed to connect: failed to WebSocket dial: expected handshake response status code 101 but got 401&#xA;[21:05:51] [ERROR] performance: Agent 10 connection failed: failed to connect: failed to WebSocket dial: expected handshake response status code 101 but got 401&#xA;[21:05:51] [ERROR] performance: Agent 37 connection failed: failed to connect: failed to WebSocket dial: expected handshake response status code 101 but got 401&#xA;[21:05:51] [ERROR] performance: Agent 20 connection failed: failed to connect: failed to WebSocket dial: expected handshake response status code 101 but got 401&#xA;[21:05:51] [ERROR] performance: Agent 7 connection failed: failed to connect: failed to WebSocket dial: expected handshake response status code 101 but got 401&#xA;[21:05:51] [ERROR] performance: Agent 18 connection failed: failed to connect: failed to WebSocket dial: expected handshake response status code 101 but got 401&#xA;[21:05:51] [ERROR] performance: Agent 13 connection failed: failed to connect: failed to WebSocket dial: expected handshake response status code 101 but got 401&#xA;[21:05:51] [ERROR] performance: Agent 16 connection failed: failed to connect: failed to WebSocket dial: expected handshake response status code 101 but got 401&#xA;[21:05:51] [ERROR] performance: Agent 34 connection failed: failed to connect: failed to WebSocket dial: expected handshake response status code 101 but got 401&#xA;[21:05:51] [ERROR] performance: Agent 2 connection failed: failed to connect: failed to WebSocket dial: expected handshake response status code 101 but got 401&#xA;[21:05:51] [ERROR] performance: Agent 21 connection failed: failed to connect: failed to WebSocket dial: expected handshake response status code 101 but got 401&#xA;[21:05:51] [ERROR] performance: Agent 11 connection failed: failed to connect: failed to WebSocket dial: expected handshake response status code 101 but got 401&#xA;[21:05:51] [ERROR] performance: Agent 38 connection failed: failed to connect: failed to WebSocket dial: expected handshake response status code 101 but got 401&#xA;[21:05:51] [ERROR] performance: Agent 19 connection failed: failed to connect: failed to WebSocket dial: expected handshake response status code 101 but got 401&#xA;[21:05:51] [ERROR] performance: Agent 25 connection failed: failed to connect: failed to WebSocket dial: expected handshake response status code 101 but got 401&#xA;[21:05:51] [ERROR] performance: Agent 15 connection failed: failed to connect: failed to WebSocket dial: expected handshake response status code 101 but got 401&#xA;[21:05:51] [ERROR] performance: Agent 27 connection failed: failed to connect: failed to WebSocket dial: expected handshake response status code 101 but got 401&#xA;[21:05:51] [ERROR] performance: Agent 9 connection failed: failed to connect: failed to WebSocket dial: expected handshake response status code 101 but got 401&#xA;[21:05:51] [ERROR] performance: Agent 40 connection failed: failed to connect: failed to WebSocket dial: expected handshake response status code 101 but got 401&#xA;[21:05:51] [ERROR] performance: Agent 33 connection failed: failed to connect: failed to WebSocket dial: expected handshake response status code 101 but got 401&#xA;[21:05:51] [ERROR] performance: Agent 6 connection failed: failed to connect: failed to WebSocket dial: expected handshake response status code 101 but got 401&#xA;[21:05:51] [ERROR] performance: Agent 35 connection failed: failed to connect: failed to WebSocket dial: expected handshake response status code 101 but got 401&#xA;[21:05:51] [ERROR] performance: Agent 28 connection failed: failed to connect: failed to WebSocket dial: expected handshake response status code 101 but got 401&#xA;[21:05:51] [ERROR] performance: Agent 36 connection failed: failed to connect: failed to WebSocket dial: expected handshake response status code 101 but got 401&#xA;[21:05:51] [ERROR] performance: Agent 31 connection failed: failed to connect: failed to WebSocket dial: expected handshake response status code 101 but got 401&#xA;[21:05:51] [ERROR] performance: Agent 46 connection failed: failed to connect: failed to WebSocket dial: expected handshake response status code 101 but got 401&#xA;[21:05:51] [ERROR] performance: Agent 29 connection failed: failed to connect: failed to WebSocket dial: expected handshake response status code 101 but got 401&#xA;[21:05:51] [ERROR] performance: Agent 39 connection failed: failed to connect: failed to WebSocket dial: expected handshake response status code 101 but got 401&#xA;[21:05:51] [ERROR] performance: Agent 44 connection failed: failed to connect: failed to WebSocket dial: expected handshake response status code 101 but got 401&#xA;[21:05:51] [ERROR] performance: Agent 41 connection failed: failed to connect: failed to WebSocket dial: expected handshake response status code 101 but got 401&#xA;[21:05:51] [ERROR] performance: Agent 45 connection failed: failed to connect: failed to WebSocket dial: expected handshake response status code 101 but got 401&#xA;[21:05:51] [ERROR] performance: Agent 47 connection failed: failed to connect: failed to WebSocket dial: expected handshake response status code 101 but got 401&#xA;[21:05:51] [ERROR] performance: Agent 24 connection failed: failed to connect: failed to WebSocket dial: expected handshake response status code 101 but got 401&#xA;[21:05:51] [ERROR] performance: Agent 43 connection failed: failed to connect: failed to WebSocket dial: expected handshake response status code 101 but got 401&#xA;[21:05:51] [ERROR] performance: Agent 48 connection failed: failed to connect: failed to WebSocket dial: expected handshake response status code 101 but got 401&#xA;[21:05:51] [ERROR] performance: Agent 8 connection failed: failed to connect: failed to WebSocket dial: expected handshake response status code 101 but got 401&#xA;[21:05:51] [ERROR] performance: Agent 4 connection failed: failed to connect: failed to WebSocket dial: expected handshake response status code 101 but got 401&#xA;[21:05:51] [INFO] performance: Agent Swarm Results:&#xA;[21:05:51] [INFO] performance:   Agents connected: 0/50&#xA;[21:05:51] [INFO] performance:   Connection time: 303.81012ms&#xA;[21:05:51] [INFO] performance:   Total messages: 0&#xA;[21:05:51] [INFO] performance:   Avg latency: 0s&#xA;[21:05:51] [INFO] performance:   P50 latency: 0s&#xA;[21:05:51] [INFO] performance:   P95 latency: 0s&#xA;[21:05:51] [INFO] performance:   P99 latency: 0s&#xA;[21:05:51] [ERROR] performance: Agent 3 connection failed: failed to connect: failed to WebSocket dial: expected handshake response status code 101 but got 401&#xA;[21:05:51] [ERROR] performance: Agent 49 connection failed: failed to connect: failed to WebSocket dial: expected handshake response status code 101 but got 401&#xA;[21:05:51] [ERROR] performance: Agent 14 connection failed: failed to connect: failed to WebSocket dial: expected handshake response status code 101 but got 401&#xA;[21:05:51] [ERROR] performance: Agent 2 connection failed: failed to connect: failed to WebSocket dial: expected handshake response status code 101 but got 401&#xA;[21:05:51] [ERROR] performance: Agent 0 connection failed: failed to connect: failed to WebSocket dial: expected handshake response status code 101 but got 401&#xA;[21:05:51] [ERROR] performance: Agent 27 connection failed: failed to connect: failed to WebSocket dial: expected handshake response status code 101 but got 401&#xA;[21:05:51] [ERROR] performance: Agent 20 connection failed: failed to connect: failed to WebSocket dial: expected handshake response status code 101 but got 401&#xA;[21:05:51] [ERROR] performance: Agent 9 connection failed: failed to connect: failed to WebSocket dial: expected handshake response status code 101 but got 401&#xA;[21:05:51] [ERROR] performance: Agent 26 connection failed: failed to connect: failed to WebSocket dial: expected handshake response status code 101 but got 401&#xA;[21:05:51] [ERROR] performance: Agent 11 connection failed: failed to connect: failed to WebSocket dial: expected handshake response status code 101 but got 401&#xA;[21:05:51] [ERROR] performance: Agent 1 connection failed: failed to connect: failed to WebSocket dial: expected handshake response status code 101 but got 401&#xA;[21:05:51] [ERROR] performance: Agent 29 connection failed: failed to connect: failed to WebSocket dial: expected handshake response status code 101 but got 401&#xA;[21:05:51] [ERROR] performance: Agent 6 connection failed: failed to connect: failed to WebSocket dial: expected handshake response status code 101 but got 401&#xA;[21:05:51] [ERROR] performance: Agent 28 connection failed: failed to connect: failed to WebSocket dial: expected handshake response status code 101 but got 401&#xA;[21:05:51] [ERROR] performance: Agent 41 connection failed: failed to connect: failed to WebSocket dial: expected handshake response status code 101 but got 401&#xA;[21:05:51] [ERROR] performance: Agent 31 connection failed: failed to connect: failed to WebSocket dial: expected handshake response status code 101 but got 401&#xA;[21:05:51] [ERROR] performance: Agent 24 connection failed: failed to connect: failed to WebSocket dial: expected handshake response status code 101 but got 401&#xA;[21:05:51] [ERROR] performance: Agent 4 connection failed: failed to connect: failed to WebSocket dial: expected handshake response status code 101 but got 401&#xA;[21:05:51] [ERROR] performance: Agent 7 connection failed: failed to connect: failed to WebSocket dial: expected handshake response status code 101 but got 401&#xA;[21:05:51] [ERROR] performance: Agent 44 connection failed: failed to connect: failed to WebSocket dial: expected handshake response status code 101 but got 401&#xA;[21:05:51] [ERROR] performance: Agent 17 connection failed: failed to connect: failed to WebSocket dial: expected handshake response status code 101 but got 401&#xA;[21:05:51] [ERROR] performance: Agent 37 connection failed: failed to connect: failed to WebSocket dial: expected handshake response status code 101 but got 401&#xA;[21:05:51] [ERROR] performance: Agent 48 connection failed: failed to connect: failed to WebSocket dial: expected handshake response status code 101 but got 401&#xA;[21:05:51] [ERROR] performance: Agent 43 connection failed: failed to connect: failed to WebSocket dial: expected handshake response status code 101 but got 401&#xA;[21:05:51] [ERROR] performance: Agent 25 connection failed: failed to connect: failed to WebSocket dial: expected handshake response status code 101 but got 401&#xA;[21:05:51] [ERROR] performance: Agent 32 connection failed: failed to connect: failed to WebSocket dial: expected handshake response status code 101 but got 401&#xA;[21:05:51] [ERROR] performance: Agent 10 connection failed: failed to connect: failed to WebSocket dial: expected handshake response status code 101 but got 401&#xA;[21:05:51] [ERROR] performance: Agent 22 connection failed: failed to connect: failed to WebSocket dial: expected handshake response status code 101 but got 401&#xA;[21:05:51] [ERROR] performance: Agent 18 connection failed: failed to connect: failed to WebSocket dial: expected handshake response status code 101 but got 401&#xA;[21:05:51] [ERROR] performance: Agent 8 connection failed: failed to connect: failed to WebSocket dial: expected handshake response status code 101 but got 401&#xA;[21:05:51] [ERROR] performance: Agent 23 connection failed: failed to connect: failed to WebSocket dial: expected handshake response status code 101 but got 401&#xA;[21:05:51] [ERROR] performance: Agent 19 connection failed: failed to connect: failed to WebSocket dial: expected handshake response status code 101 but got 401&#xA;[21:05:51] [ERROR] performance: Agent 35 connection failed: failed to connect: failed to WebSocket dial: expected handshake response status code 101 but got 401&#xA;[21:05:51] [ERROR] performance: Agent 36 connection failed: failed to connect: failed to WebSocket dial: expected handshake response status code 101 but got 401&#xA;[21:05:51] [ERROR] performance: Agent 15 connection failed: failed to connect: failed to WebSocket dial: expected handshake response status code 101 but got 401&#xA;[21:05:51] [ERROR] performance: Agent 21 connection failed: failed to connect: failed to WebSocket dial: expected handshake response status code 101 but got 401&#xA;[21:05:51] [ERROR] performance: Agent 12 connection failed: failed to connect: failed to WebSocket dial: expected handshake response status code 101 but got 401&#xA;[21:05:51] [ERROR] performance: Agent 38 connection failed: failed to connect: failed to WebSocket dial: expected handshake response status code 101 but got 401&#xA;[21:05:51] [ERROR] performance: Agent 13 connection failed: failed to connect: failed to WebSocket dial: expected handshake response status code 101 but got 401&#xA;[21:05:51] [ERROR] performance: Agent 34 connection failed: failed to connect: failed to WebSocket dial: expected handshake response status code 101 but got 401&#xA;[21:05:51] [ERROR] performance: Agent 42 connection failed: failed to connect: failed to WebSocket dial: expected handshake response status code 101 but got 401&#xA;[21:05:51] [ERROR] performance: Agent 46 connection failed: failed to connect: failed to WebSocket dial: expected handshake response status code 101 but got 401&#xA;[21:05:51] [ERROR] performance: Agent 39 connection failed: failed to connect: failed to WebSocket dial: expected handshake response status code 101 but got 401&#xA;[21:05:51] [ERROR] performance: Agent 40 connection failed: failed to connect: failed to WebSocket dial: expected handshake response status code 101 but got 401&#xA;[21:05:51] [ERROR] performance: Agent 47 connection failed: failed to connect: failed to WebSocket dial: expected handshake response status code 101 but got 401&#xA;[21:05:51] [ERROR] performance: Agent 5 connection failed: failed to connect: failed to WebSocket dial: expected handshake response status code 101 but got 401&#xA;[21:05:51] [ERROR] performance: Agent 33 connection failed: failed to connect: failed to WebSocket dial: expected handshake response status code 101 but got 401&#xA;[21:05:51] [ERROR] performance: Agent 30 connection failed: failed to connect: failed to WebSocket dial: expected handshake response status code 101 but got 401&#xA;[21:05:51] [ERROR] performance: Agent 16 connection failed: failed to connect: failed to WebSocket dial: expected handshake response status code 101 but got 401&#xA;[21:05:51] [ERROR] performance: Agent 45 connection failed: failed to connect: failed to WebSocket dial: expected handshake response status code 101 but got 401&#xA;[21:05:51] [INFO] performance: Agent Swarm Results:&#xA;[21:05:51] [INFO] performance:   Agents connected: 0/50&#xA;[21:05:51] [INFO] performance:   Connection time: 420.001373ms&#xA;[21:05:51] [INFO] performance:   Total messages: 0&#xA;[21:05:51] [INFO] performance:   Avg latency: 0s&#xA;[21:05:51] [INFO] performance:   P50 latency: 0s&#xA;[21:05:51] [INFO] performance:   P95 latency: 0s&#xA;[21:05:51] [INFO] performance:   P99 latency: 0s&#xA;</system-out>
              <system-err>&gt; Enter [BeforeEach] Performance and Stress E2E Tests - /Users/seancorkum/projects/devops-mcp/test/e2e/scenarios/performance_test.go:31 @ 07/03/25 21:05:51.218&#xA;&lt; Exit [BeforeEach] Performance and Stress E2E Tests - /Users/seancorkum/projects/devops-mcp/test/e2e/scenarios/performance_test.go:31 @ 07/03/25 21:05:51.222 (4ms)&#xA;&gt; Enter [It] should handle 50 concurrent agents - /Users/seancorkum/projects/devops-mcp/test/e2e/scenarios/performance_test.go:48 @ 07/03/25 21:05:51.222&#xA;[FAILED] Failure recorded during attempt 1:&#xA;Expected&#xA;    &lt;int32&gt;: 0&#xA;to be &gt;=&#xA;    &lt;int32&gt;: 47&#xA;In [It] at: /Users/seancorkum/projects/devops-mcp/test/e2e/scenarios/performance_test.go:158 @ 07/03/25 21:05:51.526&#xA;&lt; Exit [It] should handle 50 concurrent agents - /Users/seancorkum/projects/devops-mcp/test/e2e/scenarios/performance_test.go:48 @ 07/03/25 21:05:51.526 (304ms)&#xA;&gt; Enter [AfterEach] Performance and Stress E2E Tests - /Users/seancorkum/projects/devops-mcp/test/e2e/scenarios/performance_test.go:41 @ 07/03/25 21:05:51.527&#xA;&lt; Exit [AfterEach] Performance and Stress E2E Tests - /Users/seancorkum/projects/devops-mcp/test/e2e/scenarios/performance_test.go:41 @ 07/03/25 21:05:51.529 (2ms)&#xA;&#xA;Attempt #1 Failed.  Retrying â†º @ 07/03/25 21:05:51.529&#xA;&#xA;&gt; Enter [BeforeEach] Performance and Stress E2E Tests - /Users/seancorkum/projects/devops-mcp/test/e2e/scenarios/performance_test.go:31 @ 07/03/25 21:05:51.529&#xA;&lt; Exit [BeforeEach] Performance and Stress E2E Tests - /Users/seancorkum/projects/devops-mcp/test/e2e/scenarios/performance_test.go:31 @ 07/03/25 21:05:51.532 (3ms)&#xA;&gt; Enter [It] should handle 50 concurrent agents - /Users/seancorkum/projects/devops-mcp/test/e2e/scenarios/performance_test.go:48 @ 07/03/25 21:05:51.533&#xA;[FAILED] Expected&#xA;    &lt;int32&gt;: 0&#xA;to be &gt;=&#xA;    &lt;int32&gt;: 47&#xA;In [It] at: /Users/seancorkum/projects/devops-mcp/test/e2e/scenarios/performance_test.go:158 @ 07/03/25 21:05:51.953&#xA;&lt; Exit [It] should handle 50 concurrent agents - /Users/seancorkum/projects/devops-mcp/test/e2e/scenarios/performance_test.go:48 @ 07/03/25 21:05:51.953 (420ms)&#xA;&gt; Enter [AfterEach] Performance and Stress E2E Tests - /Users/seancorkum/projects/devops-mcp/test/e2e/scenarios/performance_test.go:41 @ 07/03/25 21:05:51.953&#xA;&lt; Exit [AfterEach] Performance and Stress E2E Tests - /Users/seancorkum/projects/devops-mcp/test/e2e/scenarios/performance_test.go:41 @ 07/03/25 21:05:51.955 (2ms)&#xA;</system-err>
          </testcase>
          <testcase name="[It] Single Agent E2E Tests Tool Discovery and Execution should discover available tools" classname="Multi-Agent Collaboration E2E Test Suite" status="failed" time="0.217053042">
              <failure message="Unexpected error:&#xA;    &lt;*fmt.wrapError | 0xc00032a220&gt;: &#xA;    failed to connect: failed to WebSocket dial: expected handshake response status code 101 but got 401&#xA;    {&#xA;        msg: &#34;failed to connect: failed to WebSocket dial: expected handshake response status code 101 but got 401&#34;,&#xA;        err: &lt;*fmt.wrapError | 0xc00032a200&gt;{&#xA;            msg: &#34;failed to WebSocket dial: expected handshake response status code 101 but got 401&#34;,&#xA;            err: &lt;*errors.errorString | 0xc0000b6010&gt;{&#xA;                s: &#34;expected handshake response status code 101 but got 401&#34;,&#xA;            },&#xA;        },&#xA;    }&#xA;occurred" type="failed">[FAILED] Unexpected error:&#xA;    &lt;*fmt.wrapError | 0xc00032a220&gt;: &#xA;    failed to connect: failed to WebSocket dial: expected handshake response status code 101 but got 401&#xA;    {&#xA;        msg: &#34;failed to connect: failed to WebSocket dial: expected handshake response status code 101 but got 401&#34;,&#xA;        err: &lt;*fmt.wrapError | 0xc00032a200&gt;{&#xA;            msg: &#34;failed to WebSocket dial: expected handshake response status code 101 but got 401&#34;,&#xA;            err: &lt;*errors.errorString | 0xc0000b6010&gt;{&#xA;                s: &#34;expected handshake response status code 101 but got 401&#34;,&#xA;            },&#xA;        },&#xA;    }&#xA;occurred&#xA;In [It] at: /Users/seancorkum/projects/devops-mcp/test/e2e/scenarios/single_agent_test.go:183 @ 07/03/25 21:05:51.204&#xA;&#xA;There were additional failures detected after the initial failure. These are visible in the timeline&#xA;</failure>
              <system-err>&gt; Enter [BeforeEach] Single Agent E2E Tests - /Users/seancorkum/projects/devops-mcp/test/e2e/scenarios/single_agent_test.go:30 @ 07/03/25 21:05:50.991&#xA;&lt; Exit [BeforeEach] Single Agent E2E Tests - /Users/seancorkum/projects/devops-mcp/test/e2e/scenarios/single_agent_test.go:30 @ 07/03/25 21:05:50.995 (4ms)&#xA;&gt; Enter [It] should discover available tools - /Users/seancorkum/projects/devops-mcp/test/e2e/scenarios/single_agent_test.go:163 @ 07/03/25 21:05:50.995&#xA;[FAILED] Failure recorded during attempt 1:&#xA;Unexpected error:&#xA;    &lt;*fmt.wrapError | 0xc00007e280&gt;: &#xA;    failed to connect: failed to WebSocket dial: expected handshake response status code 101 but got 401&#xA;    {&#xA;        msg: &#34;failed to connect: failed to WebSocket dial: expected handshake response status code 101 but got 401&#34;,&#xA;        err: &lt;*fmt.wrapError | 0xc00007e0a0&gt;{&#xA;            msg: &#34;failed to WebSocket dial: expected handshake response status code 101 but got 401&#34;,&#xA;            err: &lt;*errors.errorString | 0xc0004e2000&gt;{&#xA;                s: &#34;expected handshake response status code 101 but got 401&#34;,&#xA;            },&#xA;        },&#xA;    }&#xA;occurred&#xA;In [It] at: /Users/seancorkum/projects/devops-mcp/test/e2e/scenarios/single_agent_test.go:183 @ 07/03/25 21:05:51.15&#xA;&lt; Exit [It] should discover available tools - /Users/seancorkum/projects/devops-mcp/test/e2e/scenarios/single_agent_test.go:163 @ 07/03/25 21:05:51.15 (155ms)&#xA;&gt; Enter [AfterEach] Single Agent E2E Tests - /Users/seancorkum/projects/devops-mcp/test/e2e/scenarios/single_agent_test.go:40 @ 07/03/25 21:05:51.151&#xA;&lt; Exit [AfterEach] Single Agent E2E Tests - /Users/seancorkum/projects/devops-mcp/test/e2e/scenarios/single_agent_test.go:40 @ 07/03/25 21:05:51.153 (2ms)&#xA;&#xA;Attempt #1 Failed.  Retrying â†º @ 07/03/25 21:05:51.153&#xA;&#xA;&gt; Enter [BeforeEach] Single Agent E2E Tests - /Users/seancorkum/projects/devops-mcp/test/e2e/scenarios/single_agent_test.go:30 @ 07/03/25 21:05:51.153&#xA;&lt; Exit [BeforeEach] Single Agent E2E Tests - /Users/seancorkum/projects/devops-mcp/test/e2e/scenarios/single_agent_test.go:30 @ 07/03/25 21:05:51.159 (5ms)&#xA;&gt; Enter [It] should discover available tools - /Users/seancorkum/projects/devops-mcp/test/e2e/scenarios/single_agent_test.go:163 @ 07/03/25 21:05:51.159&#xA;[FAILED] Unexpected error:&#xA;    &lt;*fmt.wrapError | 0xc00032a220&gt;: &#xA;    failed to connect: failed to WebSocket dial: expected handshake response status code 101 but got 401&#xA;    {&#xA;        msg: &#34;failed to connect: failed to WebSocket dial: expected handshake response status code 101 but got 401&#34;,&#xA;        err: &lt;*fmt.wrapError | 0xc00032a200&gt;{&#xA;            msg: &#34;failed to WebSocket dial: expected handshake response status code 101 but got 401&#34;,&#xA;            err: &lt;*errors.errorString | 0xc0000b6010&gt;{&#xA;                s: &#34;expected handshake response status code 101 but got 401&#34;,&#xA;            },&#xA;        },&#xA;    }&#xA;occurred&#xA;In [It] at: /Users/seancorkum/projects/devops-mcp/test/e2e/scenarios/single_agent_test.go:183 @ 07/03/25 21:05:51.204&#xA;&lt; Exit [It] should discover available tools - /Users/seancorkum/projects/devops-mcp/test/e2e/scenarios/single_agent_test.go:163 @ 07/03/25 21:05:51.204 (45ms)&#xA;&gt; Enter [AfterEach] Single Agent E2E Tests - /Users/seancorkum/projects/devops-mcp/test/e2e/scenarios/single_agent_test.go:40 @ 07/03/25 21:05:51.204&#xA;&lt; Exit [AfterEach] Single Agent E2E Tests - /Users/seancorkum/projects/devops-mcp/test/e2e/scenarios/single_agent_test.go:40 @ 07/03/25 21:05:51.207 (3ms)&#xA;</system-err>
          </testcase>
          <testcase name="[It] Single Agent E2E Tests Session Management should manage sessions correctly" classname="Multi-Agent Collaboration E2E Test Suite" status="failed" time="0.106175122">
              <failure message="Unexpected error:&#xA;    &lt;*fmt.wrapError | 0xc00032a220&gt;: &#xA;    failed to connect: failed to WebSocket dial: expected handshake response status code 101 but got 401&#xA;    {&#xA;        msg: &#34;failed to connect: failed to WebSocket dial: expected handshake response status code 101 but got 401&#34;,&#xA;        err: &lt;*fmt.wrapError | 0xc00032a200&gt;{&#xA;            msg: &#34;failed to WebSocket dial: expected handshake response status code 101 but got 401&#34;,&#xA;            err: &lt;*errors.errorString | 0xc0002d0030&gt;{&#xA;                s: &#34;expected handshake response status code 101 but got 401&#34;,&#xA;            },&#xA;        },&#xA;    }&#xA;occurred" type="failed">[FAILED] Unexpected error:&#xA;    &lt;*fmt.wrapError | 0xc00032a220&gt;: &#xA;    failed to connect: failed to WebSocket dial: expected handshake response status code 101 but got 401&#xA;    {&#xA;        msg: &#34;failed to connect: failed to WebSocket dial: expected handshake response status code 101 but got 401&#34;,&#xA;        err: &lt;*fmt.wrapError | 0xc00032a200&gt;{&#xA;            msg: &#34;failed to WebSocket dial: expected handshake response status code 101 but got 401&#34;,&#xA;            err: &lt;*errors.errorString | 0xc0002d0030&gt;{&#xA;                s: &#34;expected handshake response status code 101 but got 401&#34;,&#xA;            },&#xA;        },&#xA;    }&#xA;occurred&#xA;In [It] at: /Users/seancorkum/projects/devops-mcp/test/e2e/scenarios/single_agent_test.go:347 @ 07/03/25 21:05:51.312&#xA;&#xA;There were additional failures detected after the initial failure. These are visible in the timeline&#xA;</failure>
              <system-err>&gt; Enter [BeforeEach] Single Agent E2E Tests - /Users/seancorkum/projects/devops-mcp/test/e2e/scenarios/single_agent_test.go:30 @ 07/03/25 21:05:51.209&#xA;&lt; Exit [BeforeEach] Single Agent E2E Tests - /Users/seancorkum/projects/devops-mcp/test/e2e/scenarios/single_agent_test.go:30 @ 07/03/25 21:05:51.212 (4ms)&#xA;&gt; Enter [It] should manage sessions correctly - /Users/seancorkum/projects/devops-mcp/test/e2e/scenarios/single_agent_test.go:327 @ 07/03/25 21:05:51.213&#xA;[FAILED] Failure recorded during attempt 1:&#xA;Unexpected error:&#xA;    &lt;*fmt.wrapError | 0xc00032a220&gt;: &#xA;    failed to connect: failed to WebSocket dial: expected handshake response status code 101 but got 401&#xA;    {&#xA;        msg: &#34;failed to connect: failed to WebSocket dial: expected handshake response status code 101 but got 401&#34;,&#xA;        err: &lt;*fmt.wrapError | 0xc00032a200&gt;{&#xA;            msg: &#34;failed to WebSocket dial: expected handshake response status code 101 but got 401&#34;,&#xA;            err: &lt;*errors.errorString | 0xc0002960e0&gt;{&#xA;                s: &#34;expected handshake response status code 101 but got 401&#34;,&#xA;            },&#xA;        },&#xA;    }&#xA;occurred&#xA;In [It] at: /Users/seancorkum/projects/devops-mcp/test/e2e/scenarios/single_agent_test.go:347 @ 07/03/25 21:05:51.259&#xA;&lt; Exit [It] should manage sessions correctly - /Users/seancorkum/projects/devops-mcp/test/e2e/scenarios/single_agent_test.go:327 @ 07/03/25 21:05:51.259 (47ms)&#xA;&gt; Enter [AfterEach] Single Agent E2E Tests - /Users/seancorkum/projects/devops-mcp/test/e2e/scenarios/single_agent_test.go:40 @ 07/03/25 21:05:51.26&#xA;&lt; Exit [AfterEach] Single Agent E2E Tests - /Users/seancorkum/projects/devops-mcp/test/e2e/scenarios/single_agent_test.go:40 @ 07/03/25 21:05:51.261 (2ms)&#xA;&#xA;Attempt #1 Failed.  Retrying â†º @ 07/03/25 21:05:51.261&#xA;&#xA;&gt; Enter [BeforeEach] Single Agent E2E Tests - /Users/seancorkum/projects/devops-mcp/test/e2e/scenarios/single_agent_test.go:30 @ 07/03/25 21:05:51.262&#xA;&lt; Exit [BeforeEach] Single Agent E2E Tests - /Users/seancorkum/projects/devops-mcp/test/e2e/scenarios/single_agent_test.go:30 @ 07/03/25 21:05:51.264 (2ms)&#xA;&gt; Enter [It] should manage sessions correctly - /Users/seancorkum/projects/devops-mcp/test/e2e/scenarios/single_agent_test.go:327 @ 07/03/25 21:05:51.264&#xA;[FAILED] Unexpected error:&#xA;    &lt;*fmt.wrapError | 0xc00032a220&gt;: &#xA;    failed to connect: failed to WebSocket dial: expected handshake response status code 101 but got 401&#xA;    {&#xA;        msg: &#34;failed to connect: failed to WebSocket dial: expected handshake response status code 101 but got 401&#34;,&#xA;        err: &lt;*fmt.wrapError | 0xc00032a200&gt;{&#xA;            msg: &#34;failed to WebSocket dial: expected handshake response status code 101 but got 401&#34;,&#xA;            err: &lt;*errors.errorString | 0xc0002d0030&gt;{&#xA;                s: &#34;expected handshake response status code 101 but got 401&#34;,&#xA;            },&#xA;        },&#xA;    }&#xA;occurred&#xA;In [It] at: /Users/seancorkum/projects/devops-mcp/test/e2e/scenarios/single_agent_test.go:347 @ 07/03/25 21:05:51.312&#xA;&lt; Exit [It] should manage sessions correctly - /Users/seancorkum/projects/devops-mcp/test/e2e/scenarios/single_agent_test.go:327 @ 07/03/25 21:05:51.312 (48ms)&#xA;&gt; Enter [AfterEach] Single Agent E2E Tests - /Users/seancorkum/projects/devops-mcp/test/e2e/scenarios/single_agent_test.go:40 @ 07/03/25 21:05:51.312&#xA;&lt; Exit [AfterEach] Single Agent E2E Tests - /Users/seancorkum/projects/devops-mcp/test/e2e/scenarios/single_agent_test.go:40 @ 07/03/25 21:05:51.315 (3ms)&#xA;</system-err>
          </testcase>
          <testcase name="[It] Performance and Stress E2E Tests Message Throughput Tests should handle high message throughput" classname="Multi-Agent Collaboration E2E Test Suite" status="failed" time="0.137184368">
              <failure message="Unexpected error:&#xA;    &lt;*fmt.wrapError | 0xc00032a1a0&gt;: &#xA;    failed to connect: failed to WebSocket dial: expected handshake response status code 101 but got 401&#xA;    {&#xA;        msg: &#34;failed to connect: failed to WebSocket dial: expected handshake response status code 101 but got 401&#34;,&#xA;        err: &lt;*fmt.wrapError | 0xc00032a020&gt;{&#xA;            msg: &#34;failed to WebSocket dial: expected handshake response status code 101 but got 401&#34;,&#xA;            err: &lt;*errors.errorString | 0xc0005620d0&gt;{&#xA;                s: &#34;expected handshake response status code 101 but got 401&#34;,&#xA;            },&#xA;        },&#xA;    }&#xA;occurred" type="failed">[FAILED] Unexpected error:&#xA;    &lt;*fmt.wrapError | 0xc00032a1a0&gt;: &#xA;    failed to connect: failed to WebSocket dial: expected handshake response status code 101 but got 401&#xA;    {&#xA;        msg: &#34;failed to connect: failed to WebSocket dial: expected handshake response status code 101 but got 401&#34;,&#xA;        err: &lt;*fmt.wrapError | 0xc00032a020&gt;{&#xA;            msg: &#34;failed to WebSocket dial: expected handshake response status code 101 but got 401&#34;,&#xA;            err: &lt;*errors.errorString | 0xc0005620d0&gt;{&#xA;                s: &#34;expected handshake response status code 101 but got 401&#34;,&#xA;            },&#xA;        },&#xA;    }&#xA;occurred&#xA;In [It] at: /Users/seancorkum/projects/devops-mcp/test/e2e/scenarios/performance_test.go:311 @ 07/03/25 21:05:51.45&#xA;&#xA;There were additional failures detected after the initial failure. These are visible in the timeline&#xA;</failure>
              <system-err>&gt; Enter [BeforeEach] Performance and Stress E2E Tests - /Users/seancorkum/projects/devops-mcp/test/e2e/scenarios/performance_test.go:31 @ 07/03/25 21:05:51.316&#xA;&lt; Exit [BeforeEach] Performance and Stress E2E Tests - /Users/seancorkum/projects/devops-mcp/test/e2e/scenarios/performance_test.go:31 @ 07/03/25 21:05:51.318 (3ms)&#xA;&gt; Enter [It] should handle high message throughput - /Users/seancorkum/projects/devops-mcp/test/e2e/scenarios/performance_test.go:289 @ 07/03/25 21:05:51.319&#xA;[FAILED] Failure recorded during attempt 1:&#xA;Unexpected error:&#xA;    &lt;*fmt.wrapError | 0xc00007e340&gt;: &#xA;    failed to connect: failed to WebSocket dial: expected handshake response status code 101 but got 401&#xA;    {&#xA;        msg: &#34;failed to connect: failed to WebSocket dial: expected handshake response status code 101 but got 401&#34;,&#xA;        err: &lt;*fmt.wrapError | 0xc00007e2a0&gt;{&#xA;            msg: &#34;failed to WebSocket dial: expected handshake response status code 101 but got 401&#34;,&#xA;            err: &lt;*errors.errorString | 0xc0002d0030&gt;{&#xA;                s: &#34;expected handshake response status code 101 but got 401&#34;,&#xA;            },&#xA;        },&#xA;    }&#xA;occurred&#xA;In [It] at: /Users/seancorkum/projects/devops-mcp/test/e2e/scenarios/performance_test.go:311 @ 07/03/25 21:05:51.391&#xA;&lt; Exit [It] should handle high message throughput - /Users/seancorkum/projects/devops-mcp/test/e2e/scenarios/performance_test.go:289 @ 07/03/25 21:05:51.391 (72ms)&#xA;&gt; Enter [AfterEach] Performance and Stress E2E Tests - /Users/seancorkum/projects/devops-mcp/test/e2e/scenarios/performance_test.go:41 @ 07/03/25 21:05:51.391&#xA;&lt; Exit [AfterEach] Performance and Stress E2E Tests - /Users/seancorkum/projects/devops-mcp/test/e2e/scenarios/performance_test.go:41 @ 07/03/25 21:05:51.394 (2ms)&#xA;&#xA;Attempt #1 Failed.  Retrying â†º @ 07/03/25 21:05:51.394&#xA;&#xA;&gt; Enter [BeforeEach] Performance and Stress E2E Tests - /Users/seancorkum/projects/devops-mcp/test/e2e/scenarios/performance_test.go:31 @ 07/03/25 21:05:51.394&#xA;&lt; Exit [BeforeEach] Performance and Stress E2E Tests - /Users/seancorkum/projects/devops-mcp/test/e2e/scenarios/performance_test.go:31 @ 07/03/25 21:05:51.396 (3ms)&#xA;&gt; Enter [It] should handle high message throughput - /Users/seancorkum/projects/devops-mcp/test/e2e/scenarios/performance_test.go:289 @ 07/03/25 21:05:51.397&#xA;[FAILED] Unexpected error:&#xA;    &lt;*fmt.wrapError | 0xc00032a1a0&gt;: &#xA;    failed to connect: failed to WebSocket dial: expected handshake response status code 101 but got 401&#xA;    {&#xA;        msg: &#34;failed to connect: failed to WebSocket dial: expected handshake response status code 101 but got 401&#34;,&#xA;        err: &lt;*fmt.wrapError | 0xc00032a020&gt;{&#xA;            msg: &#34;failed to WebSocket dial: expected handshake response status code 101 but got 401&#34;,&#xA;            err: &lt;*errors.errorString | 0xc0005620d0&gt;{&#xA;                s: &#34;expected handshake response status code 101 but got 401&#34;,&#xA;            },&#xA;        },&#xA;    }&#xA;occurred&#xA;In [It] at: /Users/seancorkum/projects/devops-mcp/test/e2e/scenarios/performance_test.go:311 @ 07/03/25 21:05:51.45&#xA;&lt; Exit [It] should handle high message throughput - /Users/seancorkum/projects/devops-mcp/test/e2e/scenarios/performance_test.go:289 @ 07/03/25 21:05:51.45 (53ms)&#xA;&gt; Enter [AfterEach] Performance and Stress E2E Tests - /Users/seancorkum/projects/devops-mcp/test/e2e/scenarios/performance_test.go:41 @ 07/03/25 21:05:51.45&#xA;&lt; Exit [AfterEach] Performance and Stress E2E Tests - /Users/seancorkum/projects/devops-mcp/test/e2e/scenarios/performance_test.go:41 @ 07/03/25 21:05:51.453 (2ms)&#xA;</system-err>
          </testcase>
          <testcase name="[It] Performance and Stress E2E Tests Binary Protocol Performance should demonstrate binary protocol efficiency" classname="Multi-Agent Collaboration E2E Test Suite" status="failed" time="0.097950966">
              <failure message="Unexpected error:&#xA;    &lt;*fmt.wrapError | 0xc00007e440&gt;: &#xA;    failed to connect: failed to WebSocket dial: expected handshake response status code 101 but got 401&#xA;    {&#xA;        msg: &#34;failed to connect: failed to WebSocket dial: expected handshake response status code 101 but got 401&#34;,&#xA;        err: &lt;*fmt.wrapError | 0xc00007e420&gt;{&#xA;            msg: &#34;failed to WebSocket dial: expected handshake response status code 101 but got 401&#34;,&#xA;            err: &lt;*errors.errorString | 0xc000036010&gt;{&#xA;                s: &#34;expected handshake response status code 101 but got 401&#34;,&#xA;            },&#xA;        },&#xA;    }&#xA;occurred" type="failed">[FAILED] Unexpected error:&#xA;    &lt;*fmt.wrapError | 0xc00007e440&gt;: &#xA;    failed to connect: failed to WebSocket dial: expected handshake response status code 101 but got 401&#xA;    {&#xA;        msg: &#34;failed to connect: failed to WebSocket dial: expected handshake response status code 101 but got 401&#34;,&#xA;        err: &lt;*fmt.wrapError | 0xc00007e420&gt;{&#xA;            msg: &#34;failed to WebSocket dial: expected handshake response status code 101 but got 401&#34;,&#xA;            err: &lt;*errors.errorString | 0xc000036010&gt;{&#xA;                s: &#34;expected handshake response status code 101 but got 401&#34;,&#xA;            },&#xA;        },&#xA;    }&#xA;occurred&#xA;In [It] at: /Users/seancorkum/projects/devops-mcp/test/e2e/scenarios/performance_test.go:650 @ 07/03/25 21:05:51.549&#xA;&#xA;There were additional failures detected after the initial failure. These are visible in the timeline&#xA;</failure>
              <system-err>&gt; Enter [BeforeEach] Performance and Stress E2E Tests - /Users/seancorkum/projects/devops-mcp/test/e2e/scenarios/performance_test.go:31 @ 07/03/25 21:05:51.454&#xA;&lt; Exit [BeforeEach] Performance and Stress E2E Tests - /Users/seancorkum/projects/devops-mcp/test/e2e/scenarios/performance_test.go:31 @ 07/03/25 21:05:51.457 (3ms)&#xA;&gt; Enter [It] should demonstrate binary protocol efficiency - /Users/seancorkum/projects/devops-mcp/test/e2e/scenarios/performance_test.go:620 @ 07/03/25 21:05:51.457&#xA;[FAILED] Failure recorded during attempt 1:&#xA;Unexpected error:&#xA;    &lt;*fmt.wrapError | 0xc00032a1a0&gt;: &#xA;    failed to connect: failed to WebSocket dial: expected handshake response status code 101 but got 401&#xA;    {&#xA;        msg: &#34;failed to connect: failed to WebSocket dial: expected handshake response status code 101 but got 401&#34;,&#xA;        err: &lt;*fmt.wrapError | 0xc00032a020&gt;{&#xA;            msg: &#34;failed to WebSocket dial: expected handshake response status code 101 but got 401&#34;,&#xA;            err: &lt;*errors.errorString | 0xc0003023e0&gt;{&#xA;                s: &#34;expected handshake response status code 101 but got 401&#34;,&#xA;            },&#xA;        },&#xA;    }&#xA;occurred&#xA;In [It] at: /Users/seancorkum/projects/devops-mcp/test/e2e/scenarios/performance_test.go:650 @ 07/03/25 21:05:51.502&#xA;&lt; Exit [It] should demonstrate binary protocol efficiency - /Users/seancorkum/projects/devops-mcp/test/e2e/scenarios/performance_test.go:620 @ 07/03/25 21:05:51.502 (45ms)&#xA;&gt; Enter [AfterEach] Performance and Stress E2E Tests - /Users/seancorkum/projects/devops-mcp/test/e2e/scenarios/performance_test.go:41 @ 07/03/25 21:05:51.502&#xA;&lt; Exit [AfterEach] Performance and Stress E2E Tests - /Users/seancorkum/projects/devops-mcp/test/e2e/scenarios/performance_test.go:41 @ 07/03/25 21:05:51.505 (3ms)&#xA;&#xA;Attempt #1 Failed.  Retrying â†º @ 07/03/25 21:05:51.505&#xA;&#xA;&gt; Enter [BeforeEach] Performance and Stress E2E Tests - /Users/seancorkum/projects/devops-mcp/test/e2e/scenarios/performance_test.go:31 @ 07/03/25 21:05:51.505&#xA;&lt; Exit [BeforeEach] Performance and Stress E2E Tests - /Users/seancorkum/projects/devops-mcp/test/e2e/scenarios/performance_test.go:31 @ 07/03/25 21:05:51.508 (3ms)&#xA;&gt; Enter [It] should demonstrate binary protocol efficiency - /Users/seancorkum/projects/devops-mcp/test/e2e/scenarios/performance_test.go:620 @ 07/03/25 21:05:51.508&#xA;[FAILED] Unexpected error:&#xA;    &lt;*fmt.wrapError | 0xc00007e440&gt;: &#xA;    failed to connect: failed to WebSocket dial: expected handshake response status code 101 but got 401&#xA;    {&#xA;        msg: &#34;failed to connect: failed to WebSocket dial: expected handshake response status code 101 but got 401&#34;,&#xA;        err: &lt;*fmt.wrapError | 0xc00007e420&gt;{&#xA;            msg: &#34;failed to WebSocket dial: expected handshake response status code 101 but got 401&#34;,&#xA;            err: &lt;*errors.errorString | 0xc000036010&gt;{&#xA;                s: &#34;expected handshake response status code 101 but got 401&#34;,&#xA;            },&#xA;        },&#xA;    }&#xA;occurred&#xA;In [It] at: /Users/seancorkum/projects/devops-mcp/test/e2e/scenarios/performance_test.go:650 @ 07/03/25 21:05:51.549&#xA;&lt; Exit [It] should demonstrate binary protocol efficiency - /Users/seancorkum/projects/devops-mcp/test/e2e/scenarios/performance_test.go:620 @ 07/03/25 21:05:51.549 (41ms)&#xA;&gt; Enter [AfterEach] Performance and Stress E2E Tests - /Users/seancorkum/projects/devops-mcp/test/e2e/scenarios/performance_test.go:41 @ 07/03/25 21:05:51.549&#xA;&lt; Exit [AfterEach] Performance and Stress E2E Tests - /Users/seancorkum/projects/devops-mcp/test/e2e/scenarios/performance_test.go:41 @ 07/03/25 21:05:51.551 (2ms)&#xA;</system-err>
          </testcase>
          <testcase name="[It] Multi-Agent Collaboration E2E Tests Parallel Task Execution should execute tasks in parallel across multiple agents" classname="Multi-Agent Collaboration E2E Test Suite" status="failed" time="0.100476785">
              <failure message="Unexpected error:&#xA;    &lt;*fmt.wrapError | 0xc00007e440&gt;: &#xA;    failed to connect: failed to WebSocket dial: expected handshake response status code 101 but got 401&#xA;    {&#xA;        msg: &#34;failed to connect: failed to WebSocket dial: expected handshake response status code 101 but got 401&#34;,&#xA;        err: &lt;*fmt.wrapError | 0xc00007e420&gt;{&#xA;            msg: &#34;failed to WebSocket dial: expected handshake response status code 101 but got 401&#34;,&#xA;            err: &lt;*errors.errorString | 0xc000036010&gt;{&#xA;                s: &#34;expected handshake response status code 101 but got 401&#34;,&#xA;            },&#xA;        },&#xA;    }&#xA;occurred" type="failed">[FAILED] Unexpected error:&#xA;    &lt;*fmt.wrapError | 0xc00007e440&gt;: &#xA;    failed to connect: failed to WebSocket dial: expected handshake response status code 101 but got 401&#xA;    {&#xA;        msg: &#34;failed to connect: failed to WebSocket dial: expected handshake response status code 101 but got 401&#34;,&#xA;        err: &lt;*fmt.wrapError | 0xc00007e420&gt;{&#xA;            msg: &#34;failed to WebSocket dial: expected handshake response status code 101 but got 401&#34;,&#xA;            err: &lt;*errors.errorString | 0xc000036010&gt;{&#xA;                s: &#34;expected handshake response status code 101 but got 401&#34;,&#xA;            },&#xA;        },&#xA;    }&#xA;occurred&#xA;In [It] at: /Users/seancorkum/projects/devops-mcp/test/e2e/scenarios/multi_agent_test.go:284 @ 07/03/25 21:05:51.649&#xA;&#xA;There were additional failures detected after the initial failure. These are visible in the timeline&#xA;</failure>
              <system-err>&gt; Enter [BeforeEach] Multi-Agent Collaboration E2E Tests - /Users/seancorkum/projects/devops-mcp/test/e2e/scenarios/multi_agent_test.go:28 @ 07/03/25 21:05:51.552&#xA;&lt; Exit [BeforeEach] Multi-Agent Collaboration E2E Tests - /Users/seancorkum/projects/devops-mcp/test/e2e/scenarios/multi_agent_test.go:28 @ 07/03/25 21:05:51.554 (2ms)&#xA;&gt; Enter [It] should execute tasks in parallel across multiple agents - /Users/seancorkum/projects/devops-mcp/test/e2e/scenarios/multi_agent_test.go:258 @ 07/03/25 21:05:51.555&#xA;[FAILED] Failure recorded during attempt 1:&#xA;Unexpected error:&#xA;    &lt;*fmt.wrapError | 0xc00032a220&gt;: &#xA;    failed to connect: failed to WebSocket dial: expected handshake response status code 101 but got 401&#xA;    {&#xA;        msg: &#34;failed to connect: failed to WebSocket dial: expected handshake response status code 101 but got 401&#34;,&#xA;        err: &lt;*fmt.wrapError | 0xc00032a200&gt;{&#xA;            msg: &#34;failed to WebSocket dial: expected handshake response status code 101 but got 401&#34;,&#xA;            err: &lt;*errors.errorString | 0xc000342010&gt;{&#xA;                s: &#34;expected handshake response status code 101 but got 401&#34;,&#xA;            },&#xA;        },&#xA;    }&#xA;occurred&#xA;In [It] at: /Users/seancorkum/projects/devops-mcp/test/e2e/scenarios/multi_agent_test.go:284 @ 07/03/25 21:05:51.601&#xA;&lt; Exit [It] should execute tasks in parallel across multiple agents - /Users/seancorkum/projects/devops-mcp/test/e2e/scenarios/multi_agent_test.go:258 @ 07/03/25 21:05:51.601 (46ms)&#xA;&gt; Enter [AfterEach] Multi-Agent Collaboration E2E Tests - /Users/seancorkum/projects/devops-mcp/test/e2e/scenarios/multi_agent_test.go:38 @ 07/03/25 21:05:51.601&#xA;&lt; Exit [AfterEach] Multi-Agent Collaboration E2E Tests - /Users/seancorkum/projects/devops-mcp/test/e2e/scenarios/multi_agent_test.go:38 @ 07/03/25 21:05:51.604 (3ms)&#xA;&#xA;Attempt #1 Failed.  Retrying â†º @ 07/03/25 21:05:51.604&#xA;&#xA;&gt; Enter [BeforeEach] Multi-Agent Collaboration E2E Tests - /Users/seancorkum/projects/devops-mcp/test/e2e/scenarios/multi_agent_test.go:28 @ 07/03/25 21:05:51.605&#xA;&lt; Exit [BeforeEach] Multi-Agent Collaboration E2E Tests - /Users/seancorkum/projects/devops-mcp/test/e2e/scenarios/multi_agent_test.go:28 @ 07/03/25 21:05:51.607 (3ms)&#xA;&gt; Enter [It] should execute tasks in parallel across multiple agents - /Users/seancorkum/projects/devops-mcp/test/e2e/scenarios/multi_agent_test.go:258 @ 07/03/25 21:05:51.607&#xA;[FAILED] Unexpected error:&#xA;    &lt;*fmt.wrapError | 0xc00007e440&gt;: &#xA;    failed to connect: failed to WebSocket dial: expected handshake response status code 101 but got 401&#xA;    {&#xA;        msg: &#34;failed to connect: failed to WebSocket dial: expected handshake response status code 101 but got 401&#34;,&#xA;        err: &lt;*fmt.wrapError | 0xc00007e420&gt;{&#xA;            msg: &#34;failed to WebSocket dial: expected handshake response status code 101 but got 401&#34;,&#xA;            err: &lt;*errors.errorString | 0xc000036010&gt;{&#xA;                s: &#34;expected handshake response status code 101 but got 401&#34;,&#xA;            },&#xA;        },&#xA;    }&#xA;occurred&#xA;In [It] at: /Users/seancorkum/projects/devops-mcp/test/e2e/scenarios/multi_agent_test.go:284 @ 07/03/25 21:05:51.649&#xA;&lt; Exit [It] should execute tasks in parallel across multiple agents - /Users/seancorkum/projects/devops-mcp/test/e2e/scenarios/multi_agent_test.go:258 @ 07/03/25 21:05:51.649 (42ms)&#xA;&gt; Enter [AfterEach] Multi-Agent Collaboration E2E Tests - /Users/seancorkum/projects/devops-mcp/test/e2e/scenarios/multi_agent_test.go:38 @ 07/03/25 21:05:51.649&#xA;&lt; Exit [AfterEach] Multi-Agent Collaboration E2E Tests - /Users/seancorkum/projects/devops-mcp/test/e2e/scenarios/multi_agent_test.go:38 @ 07/03/25 21:05:51.652 (3ms)&#xA;</system-err>
          </testcase>
          <testcase name="[It] Multi-Agent Collaboration E2E Tests MapReduce Pattern should execute MapReduce workflow across agents" classname="Multi-Agent Collaboration E2E Test Suite" status="failed" time="0.099971583">
              <failure message="Unexpected error:&#xA;    &lt;*fmt.wrapError | 0xc00007e4e0&gt;: &#xA;    failed to connect: failed to WebSocket dial: expected handshake response status code 101 but got 401&#xA;    {&#xA;        msg: &#34;failed to connect: failed to WebSocket dial: expected handshake response status code 101 but got 401&#34;,&#xA;        err: &lt;*fmt.wrapError | 0xc00007e4c0&gt;{&#xA;            msg: &#34;failed to WebSocket dial: expected handshake response status code 101 but got 401&#34;,&#xA;            err: &lt;*errors.errorString | 0xc0004e2fb0&gt;{&#xA;                s: &#34;expected handshake response status code 101 but got 401&#34;,&#xA;            },&#xA;        },&#xA;    }&#xA;occurred" type="failed">[FAILED] Unexpected error:&#xA;    &lt;*fmt.wrapError | 0xc00007e4e0&gt;: &#xA;    failed to connect: failed to WebSocket dial: expected handshake response status code 101 but got 401&#xA;    {&#xA;        msg: &#34;failed to connect: failed to WebSocket dial: expected handshake response status code 101 but got 401&#34;,&#xA;        err: &lt;*fmt.wrapError | 0xc00007e4c0&gt;{&#xA;            msg: &#34;failed to WebSocket dial: expected handshake response status code 101 but got 401&#34;,&#xA;            err: &lt;*errors.errorString | 0xc0004e2fb0&gt;{&#xA;                s: &#34;expected handshake response status code 101 but got 401&#34;,&#xA;            },&#xA;        },&#xA;    }&#xA;occurred&#xA;In [It] at: /Users/seancorkum/projects/devops-mcp/test/e2e/scenarios/multi_agent_test.go:482 @ 07/03/25 21:05:51.75&#xA;&#xA;There were additional failures detected after the initial failure. These are visible in the timeline&#xA;</failure>
              <system-err>&gt; Enter [BeforeEach] Multi-Agent Collaboration E2E Tests - /Users/seancorkum/projects/devops-mcp/test/e2e/scenarios/multi_agent_test.go:28 @ 07/03/25 21:05:51.653&#xA;&lt; Exit [BeforeEach] Multi-Agent Collaboration E2E Tests - /Users/seancorkum/projects/devops-mcp/test/e2e/scenarios/multi_agent_test.go:28 @ 07/03/25 21:05:51.656 (3ms)&#xA;&gt; Enter [It] should execute MapReduce workflow across agents - /Users/seancorkum/projects/devops-mcp/test/e2e/scenarios/multi_agent_test.go:456 @ 07/03/25 21:05:51.656&#xA;[FAILED] Failure recorded during attempt 1:&#xA;Unexpected error:&#xA;    &lt;*fmt.wrapError | 0xc00032a480&gt;: &#xA;    failed to connect: failed to WebSocket dial: expected handshake response status code 101 but got 401&#xA;    {&#xA;        msg: &#34;failed to connect: failed to WebSocket dial: expected handshake response status code 101 but got 401&#34;,&#xA;        err: &lt;*fmt.wrapError | 0xc00032a380&gt;{&#xA;            msg: &#34;failed to WebSocket dial: expected handshake response status code 101 but got 401&#34;,&#xA;            err: &lt;*errors.errorString | 0xc0002d0030&gt;{&#xA;                s: &#34;expected handshake response status code 101 but got 401&#34;,&#xA;            },&#xA;        },&#xA;    }&#xA;occurred&#xA;In [It] at: /Users/seancorkum/projects/devops-mcp/test/e2e/scenarios/multi_agent_test.go:482 @ 07/03/25 21:05:51.7&#xA;&lt; Exit [It] should execute MapReduce workflow across agents - /Users/seancorkum/projects/devops-mcp/test/e2e/scenarios/multi_agent_test.go:456 @ 07/03/25 21:05:51.7 (44ms)&#xA;&gt; Enter [AfterEach] Multi-Agent Collaboration E2E Tests - /Users/seancorkum/projects/devops-mcp/test/e2e/scenarios/multi_agent_test.go:38 @ 07/03/25 21:05:51.701&#xA;&lt; Exit [AfterEach] Multi-Agent Collaboration E2E Tests - /Users/seancorkum/projects/devops-mcp/test/e2e/scenarios/multi_agent_test.go:38 @ 07/03/25 21:05:51.704 (3ms)&#xA;&#xA;Attempt #1 Failed.  Retrying â†º @ 07/03/25 21:05:51.704&#xA;&#xA;&gt; Enter [BeforeEach] Multi-Agent Collaboration E2E Tests - /Users/seancorkum/projects/devops-mcp/test/e2e/scenarios/multi_agent_test.go:28 @ 07/03/25 21:05:51.704&#xA;&lt; Exit [BeforeEach] Multi-Agent Collaboration E2E Tests - /Users/seancorkum/projects/devops-mcp/test/e2e/scenarios/multi_agent_test.go:28 @ 07/03/25 21:05:51.706 (2ms)&#xA;&gt; Enter [It] should execute MapReduce workflow across agents - /Users/seancorkum/projects/devops-mcp/test/e2e/scenarios/multi_agent_test.go:456 @ 07/03/25 21:05:51.706&#xA;[FAILED] Unexpected error:&#xA;    &lt;*fmt.wrapError | 0xc00007e4e0&gt;: &#xA;    failed to connect: failed to WebSocket dial: expected handshake response status code 101 but got 401&#xA;    {&#xA;        msg: &#34;failed to connect: failed to WebSocket dial: expected handshake response status code 101 but got 401&#34;,&#xA;        err: &lt;*fmt.wrapError | 0xc00007e4c0&gt;{&#xA;            msg: &#34;failed to WebSocket dial: expected handshake response status code 101 but got 401&#34;,&#xA;            err: &lt;*errors.errorString | 0xc0004e2fb0&gt;{&#xA;                s: &#34;expected handshake response status code 101 but got 401&#34;,&#xA;            },&#xA;        },&#xA;    }&#xA;occurred&#xA;In [It] at: /Users/seancorkum/projects/devops-mcp/test/e2e/scenarios/multi_agent_test.go:482 @ 07/03/25 21:05:51.75&#xA;&lt; Exit [It] should execute MapReduce workflow across agents - /Users/seancorkum/projects/devops-mcp/test/e2e/scenarios/multi_agent_test.go:456 @ 07/03/25 21:05:51.75 (44ms)&#xA;&gt; Enter [AfterEach] Multi-Agent Collaboration E2E Tests - /Users/seancorkum/projects/devops-mcp/test/e2e/scenarios/multi_agent_test.go:38 @ 07/03/25 21:05:51.751&#xA;&lt; Exit [AfterEach] Multi-Agent Collaboration E2E Tests - /Users/seancorkum/projects/devops-mcp/test/e2e/scenarios/multi_agent_test.go:38 @ 07/03/25 21:05:51.753 (3ms)&#xA;</system-err>
          </testcase>
          <testcase name="[It] Single Agent E2E Tests Basic Agent Lifecycle should complete full agent lifecycle" classname="Multi-Agent Collaboration E2E Test Suite" status="failed" time="0.223232406">
              <failure message="Unexpected error:&#xA;    &lt;*fmt.wrapError | 0xc00007e240&gt;: &#xA;    failed to connect: failed to WebSocket dial: expected handshake response status code 101 but got 401&#xA;    {&#xA;        msg: &#34;failed to connect: failed to WebSocket dial: expected handshake response status code 101 but got 401&#34;,&#xA;        err: &lt;*fmt.wrapError | 0xc00007e200&gt;{&#xA;            msg: &#34;failed to WebSocket dial: expected handshake response status code 101 but got 401&#34;,&#xA;            err: &lt;*errors.errorString | 0xc0003a8020&gt;{&#xA;                s: &#34;expected handshake response status code 101 but got 401&#34;,&#xA;            },&#xA;        },&#xA;    }&#xA;occurred" type="failed">[FAILED] Unexpected error:&#xA;    &lt;*fmt.wrapError | 0xc00007e240&gt;: &#xA;    failed to connect: failed to WebSocket dial: expected handshake response status code 101 but got 401&#xA;    {&#xA;        msg: &#34;failed to connect: failed to WebSocket dial: expected handshake response status code 101 but got 401&#34;,&#xA;        err: &lt;*fmt.wrapError | 0xc00007e200&gt;{&#xA;            msg: &#34;failed to WebSocket dial: expected handshake response status code 101 but got 401&#34;,&#xA;            err: &lt;*errors.errorString | 0xc0003a8020&gt;{&#xA;                s: &#34;expected handshake response status code 101 but got 401&#34;,&#xA;            },&#xA;        },&#xA;    }&#xA;occurred&#xA;In [It] at: /Users/seancorkum/projects/devops-mcp/test/e2e/scenarios/single_agent_test.go:73 @ 07/03/25 21:05:51.21&#xA;&#xA;There were additional failures detected after the initial failure. These are visible in the timeline&#xA;</failure>
              <system-out>[21:05:50] [INFO] single-agent: Connecting agent e7960d28-3fea-4f8c-8a3b-1cae840b65b9&#xA;[21:05:51] [INFO] single-agent: Connecting agent d3a21376-cbbb-4681-bf80-ba82a4b56ac0&#xA;</system-out>
              <system-err>&gt; Enter [BeforeEach] Single Agent E2E Tests - /Users/seancorkum/projects/devops-mcp/test/e2e/scenarios/single_agent_test.go:30 @ 07/03/25 21:05:50.991&#xA;&lt; Exit [BeforeEach] Single Agent E2E Tests - /Users/seancorkum/projects/devops-mcp/test/e2e/scenarios/single_agent_test.go:30 @ 07/03/25 21:05:50.995 (5ms)&#xA;&gt; Enter [It] should complete full agent lifecycle - /Users/seancorkum/projects/devops-mcp/test/e2e/scenarios/single_agent_test.go:47 @ 07/03/25 21:05:50.995&#xA;[FAILED] Failure recorded during attempt 1:&#xA;Unexpected error:&#xA;    &lt;*fmt.wrapError | 0xc0000be3e0&gt;: &#xA;    failed to connect: failed to WebSocket dial: expected handshake response status code 101 but got 401&#xA;    {&#xA;        msg: &#34;failed to connect: failed to WebSocket dial: expected handshake response status code 101 but got 401&#34;,&#xA;        err: &lt;*fmt.wrapError | 0xc0000be3c0&gt;{&#xA;            msg: &#34;failed to WebSocket dial: expected handshake response status code 101 but got 401&#34;,&#xA;            err: &lt;*errors.errorString | 0xc000222000&gt;{&#xA;                s: &#34;expected handshake response status code 101 but got 401&#34;,&#xA;            },&#xA;        },&#xA;    }&#xA;occurred&#xA;In [It] at: /Users/seancorkum/projects/devops-mcp/test/e2e/scenarios/single_agent_test.go:73 @ 07/03/25 21:05:51.152&#xA;&lt; Exit [It] should complete full agent lifecycle - /Users/seancorkum/projects/devops-mcp/test/e2e/scenarios/single_agent_test.go:47 @ 07/03/25 21:05:51.152 (156ms)&#xA;&gt; Enter [AfterEach] Single Agent E2E Tests - /Users/seancorkum/projects/devops-mcp/test/e2e/scenarios/single_agent_test.go:40 @ 07/03/25 21:05:51.152&#xA;&lt; Exit [AfterEach] Single Agent E2E Tests - /Users/seancorkum/projects/devops-mcp/test/e2e/scenarios/single_agent_test.go:40 @ 07/03/25 21:05:51.158 (6ms)&#xA;&#xA;Attempt #1 Failed.  Retrying â†º @ 07/03/25 21:05:51.158&#xA;&#xA;&gt; Enter [BeforeEach] Single Agent E2E Tests - /Users/seancorkum/projects/devops-mcp/test/e2e/scenarios/single_agent_test.go:30 @ 07/03/25 21:05:51.159&#xA;&lt; Exit [BeforeEach] Single Agent E2E Tests - /Users/seancorkum/projects/devops-mcp/test/e2e/scenarios/single_agent_test.go:30 @ 07/03/25 21:05:51.163 (4ms)&#xA;&gt; Enter [It] should complete full agent lifecycle - /Users/seancorkum/projects/devops-mcp/test/e2e/scenarios/single_agent_test.go:47 @ 07/03/25 21:05:51.163&#xA;[FAILED] Unexpected error:&#xA;    &lt;*fmt.wrapError | 0xc00007e240&gt;: &#xA;    failed to connect: failed to WebSocket dial: expected handshake response status code 101 but got 401&#xA;    {&#xA;        msg: &#34;failed to connect: failed to WebSocket dial: expected handshake response status code 101 but got 401&#34;,&#xA;        err: &lt;*fmt.wrapError | 0xc00007e200&gt;{&#xA;            msg: &#34;failed to WebSocket dial: expected handshake response status code 101 but got 401&#34;,&#xA;            err: &lt;*errors.errorString | 0xc0003a8020&gt;{&#xA;                s: &#34;expected handshake response status code 101 but got 401&#34;,&#xA;            },&#xA;        },&#xA;    }&#xA;occurred&#xA;In [It] at: /Users/seancorkum/projects/devops-mcp/test/e2e/scenarios/single_agent_test.go:73 @ 07/03/25 21:05:51.21&#xA;&lt; Exit [It] should complete full agent lifecycle - /Users/seancorkum/projects/devops-mcp/test/e2e/scenarios/single_agent_test.go:47 @ 07/03/25 21:05:51.21 (47ms)&#xA;&gt; Enter [AfterEach] Single Agent E2E Tests - /Users/seancorkum/projects/devops-mcp/test/e2e/scenarios/single_agent_test.go:40 @ 07/03/25 21:05:51.21&#xA;&lt; Exit [AfterEach] Single Agent E2E Tests - /Users/seancorkum/projects/devops-mcp/test/e2e/scenarios/single_agent_test.go:40 @ 07/03/25 21:05:51.213 (3ms)&#xA;</system-err>
          </testcase>
          <testcase name="[It] Single Agent E2E Tests Error Handling should handle timeout scenarios" classname="Multi-Agent Collaboration E2E Test Suite" status="failed" time="0.104193053">
              <failure message="Unexpected error:&#xA;    &lt;*fmt.wrapError | 0xc00007e240&gt;: &#xA;    failed to connect: failed to WebSocket dial: expected handshake response status code 101 but got 401&#xA;    {&#xA;        msg: &#34;failed to connect: failed to WebSocket dial: expected handshake response status code 101 but got 401&#34;,&#xA;        err: &lt;*fmt.wrapError | 0xc00007e200&gt;{&#xA;            msg: &#34;failed to WebSocket dial: expected handshake response status code 101 but got 401&#34;,&#xA;            err: &lt;*errors.errorString | 0xc00011c010&gt;{&#xA;                s: &#34;expected handshake response status code 101 but got 401&#34;,&#xA;            },&#xA;        },&#xA;    }&#xA;occurred" type="failed">[FAILED] Unexpected error:&#xA;    &lt;*fmt.wrapError | 0xc00007e240&gt;: &#xA;    failed to connect: failed to WebSocket dial: expected handshake response status code 101 but got 401&#xA;    {&#xA;        msg: &#34;failed to connect: failed to WebSocket dial: expected handshake response status code 101 but got 401&#34;,&#xA;        err: &lt;*fmt.wrapError | 0xc00007e200&gt;{&#xA;            msg: &#34;failed to WebSocket dial: expected handshake response status code 101 but got 401&#34;,&#xA;            err: &lt;*errors.errorString | 0xc00011c010&gt;{&#xA;                s: &#34;expected handshake response status code 101 but got 401&#34;,&#xA;            },&#xA;        },&#xA;    }&#xA;occurred&#xA;In [It] at: /Users/seancorkum/projects/devops-mcp/test/e2e/scenarios/single_agent_test.go:488 @ 07/03/25 21:05:51.317&#xA;&#xA;There were additional failures detected after the initial failure. These are visible in the timeline&#xA;</failure>
              <system-err>&gt; Enter [BeforeEach] Single Agent E2E Tests - /Users/seancorkum/projects/devops-mcp/test/e2e/scenarios/single_agent_test.go:30 @ 07/03/25 21:05:51.215&#xA;&lt; Exit [BeforeEach] Single Agent E2E Tests - /Users/seancorkum/projects/devops-mcp/test/e2e/scenarios/single_agent_test.go:30 @ 07/03/25 21:05:51.219 (4ms)&#xA;&gt; Enter [It] should handle timeout scenarios - /Users/seancorkum/projects/devops-mcp/test/e2e/scenarios/single_agent_test.go:468 @ 07/03/25 21:05:51.219&#xA;[FAILED] Failure recorded during attempt 1:&#xA;Unexpected error:&#xA;    &lt;*fmt.wrapError | 0xc00007e040&gt;: &#xA;    failed to connect: failed to WebSocket dial: expected handshake response status code 101 but got 401&#xA;    {&#xA;        msg: &#34;failed to connect: failed to WebSocket dial: expected handshake response status code 101 but got 401&#34;,&#xA;        err: &lt;*fmt.wrapError | 0xc0000be020&gt;{&#xA;            msg: &#34;failed to WebSocket dial: expected handshake response status code 101 but got 401&#34;,&#xA;            err: &lt;*errors.errorString | 0xc0002dc000&gt;{&#xA;                s: &#34;expected handshake response status code 101 but got 401&#34;,&#xA;            },&#xA;        },&#xA;    }&#xA;occurred&#xA;In [It] at: /Users/seancorkum/projects/devops-mcp/test/e2e/scenarios/single_agent_test.go:488 @ 07/03/25 21:05:51.264&#xA;&lt; Exit [It] should handle timeout scenarios - /Users/seancorkum/projects/devops-mcp/test/e2e/scenarios/single_agent_test.go:468 @ 07/03/25 21:05:51.264 (45ms)&#xA;&gt; Enter [AfterEach] Single Agent E2E Tests - /Users/seancorkum/projects/devops-mcp/test/e2e/scenarios/single_agent_test.go:40 @ 07/03/25 21:05:51.264&#xA;&lt; Exit [AfterEach] Single Agent E2E Tests - /Users/seancorkum/projects/devops-mcp/test/e2e/scenarios/single_agent_test.go:40 @ 07/03/25 21:05:51.266 (2ms)&#xA;&#xA;Attempt #1 Failed.  Retrying â†º @ 07/03/25 21:05:51.266&#xA;&#xA;&gt; Enter [BeforeEach] Single Agent E2E Tests - /Users/seancorkum/projects/devops-mcp/test/e2e/scenarios/single_agent_test.go:30 @ 07/03/25 21:05:51.266&#xA;&lt; Exit [BeforeEach] Single Agent E2E Tests - /Users/seancorkum/projects/devops-mcp/test/e2e/scenarios/single_agent_test.go:30 @ 07/03/25 21:05:51.269 (3ms)&#xA;&gt; Enter [It] should handle timeout scenarios - /Users/seancorkum/projects/devops-mcp/test/e2e/scenarios/single_agent_test.go:468 @ 07/03/25 21:05:51.269&#xA;[FAILED] Unexpected error:&#xA;    &lt;*fmt.wrapError | 0xc00007e240&gt;: &#xA;    failed to connect: failed to WebSocket dial: expected handshake response status code 101 but got 401&#xA;    {&#xA;        msg: &#34;failed to connect: failed to WebSocket dial: expected handshake response status code 101 but got 401&#34;,&#xA;        err: &lt;*fmt.wrapError | 0xc00007e200&gt;{&#xA;            msg: &#34;failed to WebSocket dial: expected handshake response status code 101 but got 401&#34;,&#xA;            err: &lt;*errors.errorString | 0xc00011c010&gt;{&#xA;                s: &#34;expected handshake response status code 101 but got 401&#34;,&#xA;            },&#xA;        },&#xA;    }&#xA;occurred&#xA;In [It] at: /Users/seancorkum/projects/devops-mcp/test/e2e/scenarios/single_agent_test.go:488 @ 07/03/25 21:05:51.317&#xA;&lt; Exit [It] should handle timeout scenarios - /Users/seancorkum/projects/devops-mcp/test/e2e/scenarios/single_agent_test.go:468 @ 07/03/25 21:05:51.317 (47ms)&#xA;&gt; Enter [AfterEach] Single Agent E2E Tests - /Users/seancorkum/projects/devops-mcp/test/e2e/scenarios/single_agent_test.go:40 @ 07/03/25 21:05:51.317&#xA;&lt; Exit [AfterEach] Single Agent E2E Tests - /Users/seancorkum/projects/devops-mcp/test/e2e/scenarios/single_agent_test.go:40 @ 07/03/25 21:05:51.319 (2ms)&#xA;</system-err>
          </testcase>
          <testcase name="[It] Performance and Stress E2E Tests Message Throughput Tests should handle large message payloads" classname="Multi-Agent Collaboration E2E Test Suite" status="failed" time="0.134526447">
              <failure message="Unexpected error:&#xA;    &lt;*fmt.wrapError | 0xc0001a43e0&gt;: &#xA;    failed to connect: failed to WebSocket dial: expected handshake response status code 101 but got 401&#xA;    {&#xA;        msg: &#34;failed to connect: failed to WebSocket dial: expected handshake response status code 101 but got 401&#34;,&#xA;        err: &lt;*fmt.wrapError | 0xc0001a4320&gt;{&#xA;            msg: &#34;failed to WebSocket dial: expected handshake response status code 101 but got 401&#34;,&#xA;            err: &lt;*errors.errorString | 0xc0000f0020&gt;{&#xA;                s: &#34;expected handshake response status code 101 but got 401&#34;,&#xA;            },&#xA;        },&#xA;    }&#xA;occurred" type="failed">[FAILED] Unexpected error:&#xA;    &lt;*fmt.wrapError | 0xc0001a43e0&gt;: &#xA;    failed to connect: failed to WebSocket dial: expected handshake response status code 101 but got 401&#xA;    {&#xA;        msg: &#34;failed to connect: failed to WebSocket dial: expected handshake response status code 101 but got 401&#34;,&#xA;        err: &lt;*fmt.wrapError | 0xc0001a4320&gt;{&#xA;            msg: &#34;failed to WebSocket dial: expected handshake response status code 101 but got 401&#34;,&#xA;            err: &lt;*errors.errorString | 0xc0000f0020&gt;{&#xA;                s: &#34;expected handshake response status code 101 but got 401&#34;,&#xA;            },&#xA;        },&#xA;    }&#xA;occurred&#xA;In [It] at: /Users/seancorkum/projects/devops-mcp/test/e2e/scenarios/performance_test.go:428 @ 07/03/25 21:05:51.452&#xA;&#xA;There were additional failures detected after the initial failure. These are visible in the timeline&#xA;</failure>
              <system-err>&gt; Enter [BeforeEach] Performance and Stress E2E Tests - /Users/seancorkum/projects/devops-mcp/test/e2e/scenarios/performance_test.go:31 @ 07/03/25 21:05:51.32&#xA;&lt; Exit [BeforeEach] Performance and Stress E2E Tests - /Users/seancorkum/projects/devops-mcp/test/e2e/scenarios/performance_test.go:31 @ 07/03/25 21:05:51.322 (3ms)&#xA;&gt; Enter [It] should handle large message payloads - /Users/seancorkum/projects/devops-mcp/test/e2e/scenarios/performance_test.go:407 @ 07/03/25 21:05:51.323&#xA;[FAILED] Failure recorded during attempt 1:&#xA;Unexpected error:&#xA;    &lt;*fmt.wrapError | 0xc00007e200&gt;: &#xA;    failed to connect: failed to WebSocket dial: expected handshake response status code 101 but got 401&#xA;    {&#xA;        msg: &#34;failed to connect: failed to WebSocket dial: expected handshake response status code 101 but got 401&#34;,&#xA;        err: &lt;*fmt.wrapError | 0xc00007e1e0&gt;{&#xA;            msg: &#34;failed to WebSocket dial: expected handshake response status code 101 but got 401&#34;,&#xA;            err: &lt;*errors.errorString | 0xc000036010&gt;{&#xA;                s: &#34;expected handshake response status code 101 but got 401&#34;,&#xA;            },&#xA;        },&#xA;    }&#xA;occurred&#xA;In [It] at: /Users/seancorkum/projects/devops-mcp/test/e2e/scenarios/performance_test.go:428 @ 07/03/25 21:05:51.397&#xA;&lt; Exit [It] should handle large message payloads - /Users/seancorkum/projects/devops-mcp/test/e2e/scenarios/performance_test.go:407 @ 07/03/25 21:05:51.397 (74ms)&#xA;&gt; Enter [AfterEach] Performance and Stress E2E Tests - /Users/seancorkum/projects/devops-mcp/test/e2e/scenarios/performance_test.go:41 @ 07/03/25 21:05:51.397&#xA;&lt; Exit [AfterEach] Performance and Stress E2E Tests - /Users/seancorkum/projects/devops-mcp/test/e2e/scenarios/performance_test.go:41 @ 07/03/25 21:05:51.399 (2ms)&#xA;&#xA;Attempt #1 Failed.  Retrying â†º @ 07/03/25 21:05:51.399&#xA;&#xA;&gt; Enter [BeforeEach] Performance and Stress E2E Tests - /Users/seancorkum/projects/devops-mcp/test/e2e/scenarios/performance_test.go:31 @ 07/03/25 21:05:51.399&#xA;&lt; Exit [BeforeEach] Performance and Stress E2E Tests - /Users/seancorkum/projects/devops-mcp/test/e2e/scenarios/performance_test.go:31 @ 07/03/25 21:05:51.402 (3ms)&#xA;&gt; Enter [It] should handle large message payloads - /Users/seancorkum/projects/devops-mcp/test/e2e/scenarios/performance_test.go:407 @ 07/03/25 21:05:51.402&#xA;[FAILED] Unexpected error:&#xA;    &lt;*fmt.wrapError | 0xc0001a43e0&gt;: &#xA;    failed to connect: failed to WebSocket dial: expected handshake response status code 101 but got 401&#xA;    {&#xA;        msg: &#34;failed to connect: failed to WebSocket dial: expected handshake response status code 101 but got 401&#34;,&#xA;        err: &lt;*fmt.wrapError | 0xc0001a4320&gt;{&#xA;            msg: &#34;failed to WebSocket dial: expected handshake response status code 101 but got 401&#34;,&#xA;            err: &lt;*errors.errorString | 0xc0000f0020&gt;{&#xA;                s: &#34;expected handshake response status code 101 but got 401&#34;,&#xA;            },&#xA;        },&#xA;    }&#xA;occurred&#xA;In [It] at: /Users/seancorkum/projects/devops-mcp/test/e2e/scenarios/performance_test.go:428 @ 07/03/25 21:05:51.452&#xA;&lt; Exit [It] should handle large message payloads - /Users/seancorkum/projects/devops-mcp/test/e2e/scenarios/performance_test.go:407 @ 07/03/25 21:05:51.452 (50ms)&#xA;&gt; Enter [AfterEach] Performance and Stress E2E Tests - /Users/seancorkum/projects/devops-mcp/test/e2e/scenarios/performance_test.go:41 @ 07/03/25 21:05:51.452&#xA;&lt; Exit [AfterEach] Performance and Stress E2E Tests - /Users/seancorkum/projects/devops-mcp/test/e2e/scenarios/performance_test.go:41 @ 07/03/25 21:05:51.454 (2ms)&#xA;</system-err>
          </testcase>
          <testcase name="[It] Multi-Agent Collaboration E2E Tests Basic Multi-Agent Setup should connect multiple agents simultaneously" classname="Multi-Agent Collaboration E2E Test Suite" status="failed" time="0.314798876">
              <failure message="Expected&#xA;    &lt;int&gt;: 3&#xA;to equal&#xA;    &lt;int&gt;: 0" type="failed">[FAILED] Expected&#xA;    &lt;int&gt;: 3&#xA;to equal&#xA;    &lt;int&gt;: 0&#xA;In [It] at: /Users/seancorkum/projects/devops-mcp/test/e2e/scenarios/multi_agent_test.go:116 @ 07/03/25 21:05:51.768&#xA;&#xA;There were additional failures detected after the initial failure. These are visible in the timeline&#xA;</failure>
              <system-out>[21:05:51] [ERROR] multi-agent: Connection error: failed to connect: failed to WebSocket dial: expected handshake response status code 101 but got 401&#xA;[21:05:51] [ERROR] multi-agent: Connection error: failed to connect: failed to WebSocket dial: expected handshake response status code 101 but got 401&#xA;[21:05:51] [ERROR] multi-agent: Connection error: failed to connect: failed to WebSocket dial: expected handshake response status code 101 but got 401&#xA;[21:05:51] [ERROR] multi-agent: Connection error: failed to connect: failed to WebSocket dial: expected handshake response status code 101 but got 401&#xA;[21:05:51] [ERROR] multi-agent: Connection error: failed to connect: failed to WebSocket dial: expected handshake response status code 101 but got 401&#xA;[21:05:51] [ERROR] multi-agent: Connection error: failed to connect: failed to WebSocket dial: expected handshake response status code 101 but got 401&#xA;</system-out>
              <system-err>&gt; Enter [BeforeEach] Multi-Agent Collaboration E2E Tests - /Users/seancorkum/projects/devops-mcp/test/e2e/scenarios/multi_agent_test.go:28 @ 07/03/25 21:05:51.455&#xA;&lt; Exit [BeforeEach] Multi-Agent Collaboration E2E Tests - /Users/seancorkum/projects/devops-mcp/test/e2e/scenarios/multi_agent_test.go:28 @ 07/03/25 21:05:51.458 (3ms)&#xA;&gt; Enter [It] should connect multiple agents simultaneously - /Users/seancorkum/projects/devops-mcp/test/e2e/scenarios/multi_agent_test.go:45 @ 07/03/25 21:05:51.458&#xA;[FAILED] Failure recorded during attempt 1:&#xA;Expected&#xA;    &lt;int&gt;: 3&#xA;to equal&#xA;    &lt;int&gt;: 0&#xA;In [It] at: /Users/seancorkum/projects/devops-mcp/test/e2e/scenarios/multi_agent_test.go:116 @ 07/03/25 21:05:51.62&#xA;&lt; Exit [It] should connect multiple agents simultaneously - /Users/seancorkum/projects/devops-mcp/test/e2e/scenarios/multi_agent_test.go:45 @ 07/03/25 21:05:51.62 (162ms)&#xA;&gt; Enter [AfterEach] Multi-Agent Collaboration E2E Tests - /Users/seancorkum/projects/devops-mcp/test/e2e/scenarios/multi_agent_test.go:38 @ 07/03/25 21:05:51.62&#xA;&lt; Exit [AfterEach] Multi-Agent Collaboration E2E Tests - /Users/seancorkum/projects/devops-mcp/test/e2e/scenarios/multi_agent_test.go:38 @ 07/03/25 21:05:51.622 (2ms)&#xA;&#xA;Attempt #1 Failed.  Retrying â†º @ 07/03/25 21:05:51.622&#xA;&#xA;&gt; Enter [BeforeEach] Multi-Agent Collaboration E2E Tests - /Users/seancorkum/projects/devops-mcp/test/e2e/scenarios/multi_agent_test.go:28 @ 07/03/25 21:05:51.622&#xA;&lt; Exit [BeforeEach] Multi-Agent Collaboration E2E Tests - /Users/seancorkum/projects/devops-mcp/test/e2e/scenarios/multi_agent_test.go:28 @ 07/03/25 21:05:51.625 (3ms)&#xA;&gt; Enter [It] should connect multiple agents simultaneously - /Users/seancorkum/projects/devops-mcp/test/e2e/scenarios/multi_agent_test.go:45 @ 07/03/25 21:05:51.626&#xA;[FAILED] Expected&#xA;    &lt;int&gt;: 3&#xA;to equal&#xA;    &lt;int&gt;: 0&#xA;In [It] at: /Users/seancorkum/projects/devops-mcp/test/e2e/scenarios/multi_agent_test.go:116 @ 07/03/25 21:05:51.768&#xA;&lt; Exit [It] should connect multiple agents simultaneously - /Users/seancorkum/projects/devops-mcp/test/e2e/scenarios/multi_agent_test.go:45 @ 07/03/25 21:05:51.768 (142ms)&#xA;&gt; Enter [AfterEach] Multi-Agent Collaboration E2E Tests - /Users/seancorkum/projects/devops-mcp/test/e2e/scenarios/multi_agent_test.go:38 @ 07/03/25 21:05:51.768&#xA;&lt; Exit [AfterEach] Multi-Agent Collaboration E2E Tests - /Users/seancorkum/projects/devops-mcp/test/e2e/scenarios/multi_agent_test.go:38 @ 07/03/25 21:05:51.77 (2ms)&#xA;</system-err>
          </testcase>
          <testcase name="[It] Single Agent E2E Tests Context Management should create and retrieve context" classname="Multi-Agent Collaboration E2E Test Suite" status="failed" time="0.222515398">
              <failure message="Unexpected error:&#xA;    &lt;*fmt.wrapError | 0xc0000ce1a0&gt;: &#xA;    failed to connect: failed to WebSocket dial: expected handshake response status code 101 but got 401&#xA;    {&#xA;        msg: &#34;failed to connect: failed to WebSocket dial: expected handshake response status code 101 but got 401&#34;,&#xA;        err: &lt;*fmt.wrapError | 0xc0000ce020&gt;{&#xA;            msg: &#34;failed to WebSocket dial: expected handshake response status code 101 but got 401&#34;,&#xA;            err: &lt;*errors.errorString | 0xc00050e010&gt;{&#xA;                s: &#34;expected handshake response status code 101 but got 401&#34;,&#xA;            },&#xA;        },&#xA;    }&#xA;occurred" type="failed">[FAILED] Unexpected error:&#xA;    &lt;*fmt.wrapError | 0xc0000ce1a0&gt;: &#xA;    failed to connect: failed to WebSocket dial: expected handshake response status code 101 but got 401&#xA;    {&#xA;        msg: &#34;failed to connect: failed to WebSocket dial: expected handshake response status code 101 but got 401&#34;,&#xA;        err: &lt;*fmt.wrapError | 0xc0000ce020&gt;{&#xA;            msg: &#34;failed to WebSocket dial: expected handshake response status code 101 but got 401&#34;,&#xA;            err: &lt;*errors.errorString | 0xc00050e010&gt;{&#xA;                s: &#34;expected handshake response status code 101 but got 401&#34;,&#xA;            },&#xA;        },&#xA;    }&#xA;occurred&#xA;In [It] at: /Users/seancorkum/projects/devops-mcp/test/e2e/scenarios/single_agent_test.go:285 @ 07/03/25 21:05:51.21&#xA;&#xA;There were additional failures detected after the initial failure. These are visible in the timeline&#xA;</failure>
              <system-err>&gt; Enter [BeforeEach] Single Agent E2E Tests - /Users/seancorkum/projects/devops-mcp/test/e2e/scenarios/single_agent_test.go:30 @ 07/03/25 21:05:50.991&#xA;&lt; Exit [BeforeEach] Single Agent E2E Tests - /Users/seancorkum/projects/devops-mcp/test/e2e/scenarios/single_agent_test.go:30 @ 07/03/25 21:05:50.996 (4ms)&#xA;&gt; Enter [It] should create and retrieve context - /Users/seancorkum/projects/devops-mcp/test/e2e/scenarios/single_agent_test.go:265 @ 07/03/25 21:05:50.996&#xA;[FAILED] Failure recorded during attempt 1:&#xA;Unexpected error:&#xA;    &lt;*fmt.wrapError | 0xc0000cea60&gt;: &#xA;    failed to connect: failed to WebSocket dial: expected handshake response status code 101 but got 401&#xA;    {&#xA;        msg: &#34;failed to connect: failed to WebSocket dial: expected handshake response status code 101 but got 401&#34;,&#xA;        err: &lt;*fmt.wrapError | 0xc0000cea40&gt;{&#xA;            msg: &#34;failed to WebSocket dial: expected handshake response status code 101 but got 401&#34;,&#xA;            err: &lt;*errors.errorString | 0xc0000b6510&gt;{&#xA;                s: &#34;expected handshake response status code 101 but got 401&#34;,&#xA;            },&#xA;        },&#xA;    }&#xA;occurred&#xA;In [It] at: /Users/seancorkum/projects/devops-mcp/test/e2e/scenarios/single_agent_test.go:285 @ 07/03/25 21:05:51.151&#xA;&lt; Exit [It] should create and retrieve context - /Users/seancorkum/projects/devops-mcp/test/e2e/scenarios/single_agent_test.go:265 @ 07/03/25 21:05:51.152 (156ms)&#xA;&gt; Enter [AfterEach] Single Agent E2E Tests - /Users/seancorkum/projects/devops-mcp/test/e2e/scenarios/single_agent_test.go:40 @ 07/03/25 21:05:51.152&#xA;&lt; Exit [AfterEach] Single Agent E2E Tests - /Users/seancorkum/projects/devops-mcp/test/e2e/scenarios/single_agent_test.go:40 @ 07/03/25 21:05:51.158 (6ms)&#xA;&#xA;Attempt #1 Failed.  Retrying â†º @ 07/03/25 21:05:51.158&#xA;&#xA;&gt; Enter [BeforeEach] Single Agent E2E Tests - /Users/seancorkum/projects/devops-mcp/test/e2e/scenarios/single_agent_test.go:30 @ 07/03/25 21:05:51.159&#xA;&lt; Exit [BeforeEach] Single Agent E2E Tests - /Users/seancorkum/projects/devops-mcp/test/e2e/scenarios/single_agent_test.go:30 @ 07/03/25 21:05:51.163 (5ms)&#xA;&gt; Enter [It] should create and retrieve context - /Users/seancorkum/projects/devops-mcp/test/e2e/scenarios/single_agent_test.go:265 @ 07/03/25 21:05:51.163&#xA;[FAILED] Unexpected error:&#xA;    &lt;*fmt.wrapError | 0xc0000ce1a0&gt;: &#xA;    failed to connect: failed to WebSocket dial: expected handshake response status code 101 but got 401&#xA;    {&#xA;        msg: &#34;failed to connect: failed to WebSocket dial: expected handshake response status code 101 but got 401&#34;,&#xA;        err: &lt;*fmt.wrapError | 0xc0000ce020&gt;{&#xA;            msg: &#34;failed to WebSocket dial: expected handshake response status code 101 but got 401&#34;,&#xA;            err: &lt;*errors.errorString | 0xc00050e010&gt;{&#xA;                s: &#34;expected handshake response status code 101 but got 401&#34;,&#xA;            },&#xA;        },&#xA;    }&#xA;occurred&#xA;In [It] at: /Users/seancorkum/projects/devops-mcp/test/e2e/scenarios/single_agent_test.go:285 @ 07/03/25 21:05:51.21&#xA;&lt; Exit [It] should create and retrieve context - /Users/seancorkum/projects/devops-mcp/test/e2e/scenarios/single_agent_test.go:265 @ 07/03/25 21:05:51.21 (47ms)&#xA;&gt; Enter [AfterEach] Single Agent E2E Tests - /Users/seancorkum/projects/devops-mcp/test/e2e/scenarios/single_agent_test.go:40 @ 07/03/25 21:05:51.21&#xA;&lt; Exit [AfterEach] Single Agent E2E Tests - /Users/seancorkum/projects/devops-mcp/test/e2e/scenarios/single_agent_test.go:40 @ 07/03/25 21:05:51.213 (3ms)&#xA;</system-err>
          </testcase>
          <testcase name="[It] Single Agent E2E Tests Error Handling should handle invalid method calls" classname="Multi-Agent Collaboration E2E Test Suite" status="failed" time="0.110655767">
              <failure message="Unexpected error:&#xA;    &lt;*fmt.wrapError | 0xc0002c6080&gt;: &#xA;    failed to connect: failed to WebSocket dial: expected handshake response status code 101 but got 401&#xA;    {&#xA;        msg: &#34;failed to connect: failed to WebSocket dial: expected handshake response status code 101 but got 401&#34;,&#xA;        err: &lt;*fmt.wrapError | 0xc0002c6060&gt;{&#xA;            msg: &#34;failed to WebSocket dial: expected handshake response status code 101 but got 401&#34;,&#xA;            err: &lt;*errors.errorString | 0xc0000ac3e0&gt;{&#xA;                s: &#34;expected handshake response status code 101 but got 401&#34;,&#xA;            },&#xA;        },&#xA;    }&#xA;occurred" type="failed">[FAILED] Unexpected error:&#xA;    &lt;*fmt.wrapError | 0xc0002c6080&gt;: &#xA;    failed to connect: failed to WebSocket dial: expected handshake response status code 101 but got 401&#xA;    {&#xA;        msg: &#34;failed to connect: failed to WebSocket dial: expected handshake response status code 101 but got 401&#34;,&#xA;        err: &lt;*fmt.wrapError | 0xc0002c6060&gt;{&#xA;            msg: &#34;failed to WebSocket dial: expected handshake response status code 101 but got 401&#34;,&#xA;            err: &lt;*errors.errorString | 0xc0000ac3e0&gt;{&#xA;                s: &#34;expected handshake response status code 101 but got 401&#34;,&#xA;            },&#xA;        },&#xA;    }&#xA;occurred&#xA;In [It] at: /Users/seancorkum/projects/devops-mcp/test/e2e/scenarios/single_agent_test.go:448 @ 07/03/25 21:05:51.323&#xA;&#xA;There were additional failures detected after the initial failure. These are visible in the timeline&#xA;</failure>
              <system-err>&gt; Enter [BeforeEach] Single Agent E2E Tests - /Users/seancorkum/projects/devops-mcp/test/e2e/scenarios/single_agent_test.go:30 @ 07/03/25 21:05:51.215&#xA;&lt; Exit [BeforeEach] Single Agent E2E Tests - /Users/seancorkum/projects/devops-mcp/test/e2e/scenarios/single_agent_test.go:30 @ 07/03/25 21:05:51.218 (4ms)&#xA;&gt; Enter [It] should handle invalid method calls - /Users/seancorkum/projects/devops-mcp/test/e2e/scenarios/single_agent_test.go:428 @ 07/03/25 21:05:51.219&#xA;[FAILED] Failure recorded during attempt 1:&#xA;Unexpected error:&#xA;    &lt;*fmt.wrapError | 0xc0002c60a0&gt;: &#xA;    failed to connect: failed to WebSocket dial: expected handshake response status code 101 but got 401&#xA;    {&#xA;        msg: &#34;failed to connect: failed to WebSocket dial: expected handshake response status code 101 but got 401&#34;,&#xA;        err: &lt;*fmt.wrapError | 0xc0002c6080&gt;{&#xA;            msg: &#34;failed to WebSocket dial: expected handshake response status code 101 but got 401&#34;,&#xA;            err: &lt;*errors.errorString | 0xc0000b6010&gt;{&#xA;                s: &#34;expected handshake response status code 101 but got 401&#34;,&#xA;            },&#xA;        },&#xA;    }&#xA;occurred&#xA;In [It] at: /Users/seancorkum/projects/devops-mcp/test/e2e/scenarios/single_agent_test.go:448 @ 07/03/25 21:05:51.264&#xA;&lt; Exit [It] should handle invalid method calls - /Users/seancorkum/projects/devops-mcp/test/e2e/scenarios/single_agent_test.go:428 @ 07/03/25 21:05:51.264 (46ms)&#xA;&gt; Enter [AfterEach] Single Agent E2E Tests - /Users/seancorkum/projects/devops-mcp/test/e2e/scenarios/single_agent_test.go:40 @ 07/03/25 21:05:51.264&#xA;&lt; Exit [AfterEach] Single Agent E2E Tests - /Users/seancorkum/projects/devops-mcp/test/e2e/scenarios/single_agent_test.go:40 @ 07/03/25 21:05:51.266 (2ms)&#xA;&#xA;Attempt #1 Failed.  Retrying â†º @ 07/03/25 21:05:51.266&#xA;&#xA;&gt; Enter [BeforeEach] Single Agent E2E Tests - /Users/seancorkum/projects/devops-mcp/test/e2e/scenarios/single_agent_test.go:30 @ 07/03/25 21:05:51.266&#xA;&lt; Exit [BeforeEach] Single Agent E2E Tests - /Users/seancorkum/projects/devops-mcp/test/e2e/scenarios/single_agent_test.go:30 @ 07/03/25 21:05:51.269 (3ms)&#xA;&gt; Enter [It] should handle invalid method calls - /Users/seancorkum/projects/devops-mcp/test/e2e/scenarios/single_agent_test.go:428 @ 07/03/25 21:05:51.27&#xA;[FAILED] Unexpected error:&#xA;    &lt;*fmt.wrapError | 0xc0002c6080&gt;: &#xA;    failed to connect: failed to WebSocket dial: expected handshake response status code 101 but got 401&#xA;    {&#xA;        msg: &#34;failed to connect: failed to WebSocket dial: expected handshake response status code 101 but got 401&#34;,&#xA;        err: &lt;*fmt.wrapError | 0xc0002c6060&gt;{&#xA;            msg: &#34;failed to WebSocket dial: expected handshake response status code 101 but got 401&#34;,&#xA;            err: &lt;*errors.errorString | 0xc0000ac3e0&gt;{&#xA;                s: &#34;expected handshake response status code 101 but got 401&#34;,&#xA;            },&#xA;        },&#xA;    }&#xA;occurred&#xA;In [It] at: /Users/seancorkum/projects/devops-mcp/test/e2e/scenarios/single_agent_test.go:448 @ 07/03/25 21:05:51.323&#xA;&lt; Exit [It] should handle invalid method calls - /Users/seancorkum/projects/devops-mcp/test/e2e/scenarios/single_agent_test.go:428 @ 07/03/25 21:05:51.323 (53ms)&#xA;&gt; Enter [AfterEach] Single Agent E2E Tests - /Users/seancorkum/projects/devops-mcp/test/e2e/scenarios/single_agent_test.go:40 @ 07/03/25 21:05:51.323&#xA;&lt; Exit [AfterEach] Single Agent E2E Tests - /Users/seancorkum/projects/devops-mcp/test/e2e/scenarios/single_agent_test.go:40 @ 07/03/25 21:05:51.325 (2ms)&#xA;</system-err>
          </testcase>
          <testcase name="[It] Performance and Stress E2E Tests Resource Utilization Tests should maintain stable performance under sustained load" classname="Multi-Agent Collaboration E2E Test Suite" status="failed" time="0.128455991">
              <failure message="Unexpected error:&#xA;    &lt;*fmt.wrapError | 0xc0002c60a0&gt;: &#xA;    failed to connect: failed to WebSocket dial: expected handshake response status code 101 but got 401&#xA;    {&#xA;        msg: &#34;failed to connect: failed to WebSocket dial: expected handshake response status code 101 but got 401&#34;,&#xA;        err: &lt;*fmt.wrapError | 0xc0002c6080&gt;{&#xA;            msg: &#34;failed to WebSocket dial: expected handshake response status code 101 but got 401&#34;,&#xA;            err: &lt;*errors.errorString | 0xc000248000&gt;{&#xA;                s: &#34;expected handshake response status code 101 but got 401&#34;,&#xA;            },&#xA;        },&#xA;    }&#xA;occurred" type="failed">[FAILED] Unexpected error:&#xA;    &lt;*fmt.wrapError | 0xc0002c60a0&gt;: &#xA;    failed to connect: failed to WebSocket dial: expected handshake response status code 101 but got 401&#xA;    {&#xA;        msg: &#34;failed to connect: failed to WebSocket dial: expected handshake response status code 101 but got 401&#34;,&#xA;        err: &lt;*fmt.wrapError | 0xc0002c6080&gt;{&#xA;            msg: &#34;failed to WebSocket dial: expected handshake response status code 101 but got 401&#34;,&#xA;            err: &lt;*errors.errorString | 0xc000248000&gt;{&#xA;                s: &#34;expected handshake response status code 101 but got 401&#34;,&#xA;            },&#xA;        },&#xA;    }&#xA;occurred&#xA;In [It] at: /Users/seancorkum/projects/devops-mcp/test/e2e/scenarios/performance_test.go:523 @ 07/03/25 21:05:51.452&#xA;&#xA;There were additional failures detected after the initial failure. These are visible in the timeline&#xA;</failure>
              <system-err>&gt; Enter [BeforeEach] Performance and Stress E2E Tests - /Users/seancorkum/projects/devops-mcp/test/e2e/scenarios/performance_test.go:31 @ 07/03/25 21:05:51.326&#xA;&lt; Exit [BeforeEach] Performance and Stress E2E Tests - /Users/seancorkum/projects/devops-mcp/test/e2e/scenarios/performance_test.go:31 @ 07/03/25 21:05:51.329 (3ms)&#xA;&gt; Enter [It] should maintain stable performance under sustained load - /Users/seancorkum/projects/devops-mcp/test/e2e/scenarios/performance_test.go:496 @ 07/03/25 21:05:51.329&#xA;[FAILED] Failure recorded during attempt 1:&#xA;Unexpected error:&#xA;    &lt;*fmt.wrapError | 0xc0000ce480&gt;: &#xA;    failed to connect: failed to WebSocket dial: expected handshake response status code 101 but got 401&#xA;    {&#xA;        msg: &#34;failed to connect: failed to WebSocket dial: expected handshake response status code 101 but got 401&#34;,&#xA;        err: &lt;*fmt.wrapError | 0xc0000ce460&gt;{&#xA;            msg: &#34;failed to WebSocket dial: expected handshake response status code 101 but got 401&#34;,&#xA;            err: &lt;*errors.errorString | 0xc000037850&gt;{&#xA;                s: &#34;expected handshake response status code 101 but got 401&#34;,&#xA;            },&#xA;        },&#xA;    }&#xA;occurred&#xA;In [It] at: /Users/seancorkum/projects/devops-mcp/test/e2e/scenarios/performance_test.go:523 @ 07/03/25 21:05:51.397&#xA;&lt; Exit [It] should maintain stable performance under sustained load - /Users/seancorkum/projects/devops-mcp/test/e2e/scenarios/performance_test.go:496 @ 07/03/25 21:05:51.397 (68ms)&#xA;&gt; Enter [AfterEach] Performance and Stress E2E Tests - /Users/seancorkum/projects/devops-mcp/test/e2e/scenarios/performance_test.go:41 @ 07/03/25 21:05:51.397&#xA;&lt; Exit [AfterEach] Performance and Stress E2E Tests - /Users/seancorkum/projects/devops-mcp/test/e2e/scenarios/performance_test.go:41 @ 07/03/25 21:05:51.399 (2ms)&#xA;&#xA;Attempt #1 Failed.  Retrying â†º @ 07/03/25 21:05:51.399&#xA;&#xA;&gt; Enter [BeforeEach] Performance and Stress E2E Tests - /Users/seancorkum/projects/devops-mcp/test/e2e/scenarios/performance_test.go:31 @ 07/03/25 21:05:51.399&#xA;&lt; Exit [BeforeEach] Performance and Stress E2E Tests - /Users/seancorkum/projects/devops-mcp/test/e2e/scenarios/performance_test.go:31 @ 07/03/25 21:05:51.401 (2ms)&#xA;&gt; Enter [It] should maintain stable performance under sustained load - /Users/seancorkum/projects/devops-mcp/test/e2e/scenarios/performance_test.go:496 @ 07/03/25 21:05:51.402&#xA;[FAILED] Unexpected error:&#xA;    &lt;*fmt.wrapError | 0xc0002c60a0&gt;: &#xA;    failed to connect: failed to WebSocket dial: expected handshake response status code 101 but got 401&#xA;    {&#xA;        msg: &#34;failed to connect: failed to WebSocket dial: expected handshake response status code 101 but got 401&#34;,&#xA;        err: &lt;*fmt.wrapError | 0xc0002c6080&gt;{&#xA;            msg: &#34;failed to WebSocket dial: expected handshake response status code 101 but got 401&#34;,&#xA;            err: &lt;*errors.errorString | 0xc000248000&gt;{&#xA;                s: &#34;expected handshake response status code 101 but got 401&#34;,&#xA;            },&#xA;        },&#xA;    }&#xA;occurred&#xA;In [It] at: /Users/seancorkum/projects/devops-mcp/test/e2e/scenarios/performance_test.go:523 @ 07/03/25 21:05:51.452&#xA;&lt; Exit [It] should maintain stable performance under sustained load - /Users/seancorkum/projects/devops-mcp/test/e2e/scenarios/performance_test.go:496 @ 07/03/25 21:05:51.452 (50ms)&#xA;&gt; Enter [AfterEach] Performance and Stress E2E Tests - /Users/seancorkum/projects/devops-mcp/test/e2e/scenarios/performance_test.go:41 @ 07/03/25 21:05:51.452&#xA;&lt; Exit [AfterEach] Performance and Stress E2E Tests - /Users/seancorkum/projects/devops-mcp/test/e2e/scenarios/performance_test.go:41 @ 07/03/25 21:05:51.454 (2ms)&#xA;</system-err>
          </testcase>
          <testcase name="[It] Multi-Agent Collaboration E2E Tests Code Review Workflow should coordinate code review between multiple agents" classname="Multi-Agent Collaboration E2E Test Suite" status="failed" time="0.113393184">
              <failure message="Unexpected error:&#xA;    &lt;*fmt.wrapError | 0xc0000ce360&gt;: &#xA;    failed to connect: failed to WebSocket dial: expected handshake response status code 101 but got 401&#xA;    {&#xA;        msg: &#34;failed to connect: failed to WebSocket dial: expected handshake response status code 101 but got 401&#34;,&#xA;        err: &lt;*fmt.wrapError | 0xc0000ce2a0&gt;{&#xA;            msg: &#34;failed to WebSocket dial: expected handshake response status code 101 but got 401&#34;,&#xA;            err: &lt;*errors.errorString | 0xc00026e000&gt;{&#xA;                s: &#34;expected handshake response status code 101 but got 401&#34;,&#xA;            },&#xA;        },&#xA;    }&#xA;occurred" type="failed">[FAILED] Unexpected error:&#xA;    &lt;*fmt.wrapError | 0xc0000ce360&gt;: &#xA;    failed to connect: failed to WebSocket dial: expected handshake response status code 101 but got 401&#xA;    {&#xA;        msg: &#34;failed to connect: failed to WebSocket dial: expected handshake response status code 101 but got 401&#34;,&#xA;        err: &lt;*fmt.wrapError | 0xc0000ce2a0&gt;{&#xA;            msg: &#34;failed to WebSocket dial: expected handshake response status code 101 but got 401&#34;,&#xA;            err: &lt;*errors.errorString | 0xc00026e000&gt;{&#xA;                s: &#34;expected handshake response status code 101 but got 401&#34;,&#xA;            },&#xA;        },&#xA;    }&#xA;occurred&#xA;In [It] at: /Users/seancorkum/projects/devops-mcp/test/e2e/scenarios/multi_agent_test.go:149 @ 07/03/25 21:05:51.567&#xA;&#xA;There were additional failures detected after the initial failure. These are visible in the timeline&#xA;</failure>
              <system-err>&gt; Enter [BeforeEach] Multi-Agent Collaboration E2E Tests - /Users/seancorkum/projects/devops-mcp/test/e2e/scenarios/multi_agent_test.go:28 @ 07/03/25 21:05:51.456&#xA;&lt; Exit [BeforeEach] Multi-Agent Collaboration E2E Tests - /Users/seancorkum/projects/devops-mcp/test/e2e/scenarios/multi_agent_test.go:28 @ 07/03/25 21:05:51.458 (2ms)&#xA;&gt; Enter [It] should coordinate code review between multiple agents - /Users/seancorkum/projects/devops-mcp/test/e2e/scenarios/multi_agent_test.go:128 @ 07/03/25 21:05:51.458&#xA;[FAILED] Failure recorded during attempt 1:&#xA;Unexpected error:&#xA;    &lt;*fmt.wrapError | 0xc0000ce460&gt;: &#xA;    failed to connect: failed to WebSocket dial: expected handshake response status code 101 but got 401&#xA;    {&#xA;        msg: &#34;failed to connect: failed to WebSocket dial: expected handshake response status code 101 but got 401&#34;,&#xA;        err: &lt;*fmt.wrapError | 0xc0000ce360&gt;{&#xA;            msg: &#34;failed to WebSocket dial: expected handshake response status code 101 but got 401&#34;,&#xA;            err: &lt;*errors.errorString | 0xc00026e000&gt;{&#xA;                s: &#34;expected handshake response status code 101 but got 401&#34;,&#xA;            },&#xA;        },&#xA;    }&#xA;occurred&#xA;In [It] at: /Users/seancorkum/projects/devops-mcp/test/e2e/scenarios/multi_agent_test.go:149 @ 07/03/25 21:05:51.516&#xA;&lt; Exit [It] should coordinate code review between multiple agents - /Users/seancorkum/projects/devops-mcp/test/e2e/scenarios/multi_agent_test.go:128 @ 07/03/25 21:05:51.516 (57ms)&#xA;&gt; Enter [AfterEach] Multi-Agent Collaboration E2E Tests - /Users/seancorkum/projects/devops-mcp/test/e2e/scenarios/multi_agent_test.go:38 @ 07/03/25 21:05:51.516&#xA;&lt; Exit [AfterEach] Multi-Agent Collaboration E2E Tests - /Users/seancorkum/projects/devops-mcp/test/e2e/scenarios/multi_agent_test.go:38 @ 07/03/25 21:05:51.518 (2ms)&#xA;&#xA;Attempt #1 Failed.  Retrying â†º @ 07/03/25 21:05:51.518&#xA;&#xA;&gt; Enter [BeforeEach] Multi-Agent Collaboration E2E Tests - /Users/seancorkum/projects/devops-mcp/test/e2e/scenarios/multi_agent_test.go:28 @ 07/03/25 21:05:51.518&#xA;&lt; Exit [BeforeEach] Multi-Agent Collaboration E2E Tests - /Users/seancorkum/projects/devops-mcp/test/e2e/scenarios/multi_agent_test.go:28 @ 07/03/25 21:05:51.521 (3ms)&#xA;&gt; Enter [It] should coordinate code review between multiple agents - /Users/seancorkum/projects/devops-mcp/test/e2e/scenarios/multi_agent_test.go:128 @ 07/03/25 21:05:51.521&#xA;[FAILED] Unexpected error:&#xA;    &lt;*fmt.wrapError | 0xc0000ce360&gt;: &#xA;    failed to connect: failed to WebSocket dial: expected handshake response status code 101 but got 401&#xA;    {&#xA;        msg: &#34;failed to connect: failed to WebSocket dial: expected handshake response status code 101 but got 401&#34;,&#xA;        err: &lt;*fmt.wrapError | 0xc0000ce2a0&gt;{&#xA;            msg: &#34;failed to WebSocket dial: expected handshake response status code 101 but got 401&#34;,&#xA;            err: &lt;*errors.errorString | 0xc00026e000&gt;{&#xA;                s: &#34;expected handshake response status code 101 but got 401&#34;,&#xA;            },&#xA;        },&#xA;    }&#xA;occurred&#xA;In [It] at: /Users/seancorkum/projects/devops-mcp/test/e2e/scenarios/multi_agent_test.go:149 @ 07/03/25 21:05:51.567&#xA;&lt; Exit [It] should coordinate code review between multiple agents - /Users/seancorkum/projects/devops-mcp/test/e2e/scenarios/multi_agent_test.go:128 @ 07/03/25 21:05:51.567 (46ms)&#xA;&gt; Enter [AfterEach] Multi-Agent Collaboration E2E Tests - /Users/seancorkum/projects/devops-mcp/test/e2e/scenarios/multi_agent_test.go:38 @ 07/03/25 21:05:51.567&#xA;&lt; Exit [AfterEach] Multi-Agent Collaboration E2E Tests - /Users/seancorkum/projects/devops-mcp/test/e2e/scenarios/multi_agent_test.go:38 @ 07/03/25 21:05:51.569 (2ms)&#xA;</system-err>
          </testcase>
          <testcase name="[It] Multi-Agent Collaboration E2E Tests Consensus Mechanism should reach consensus among multiple agents" classname="Multi-Agent Collaboration E2E Test Suite" status="failed" time="0.104154909">
              <failure message="Unexpected error:&#xA;    &lt;*fmt.wrapError | 0xc0000ce2a0&gt;: &#xA;    failed to connect: failed to WebSocket dial: expected handshake response status code 101 but got 401&#xA;    {&#xA;        msg: &#34;failed to connect: failed to WebSocket dial: expected handshake response status code 101 but got 401&#34;,&#xA;        err: &lt;*fmt.wrapError | 0xc0000ce240&gt;{&#xA;            msg: &#34;failed to WebSocket dial: expected handshake response status code 101 but got 401&#34;,&#xA;            err: &lt;*errors.errorString | 0xc000492000&gt;{&#xA;                s: &#34;expected handshake response status code 101 but got 401&#34;,&#xA;            },&#xA;        },&#xA;    }&#xA;occurred" type="failed">[FAILED] Unexpected error:&#xA;    &lt;*fmt.wrapError | 0xc0000ce2a0&gt;: &#xA;    failed to connect: failed to WebSocket dial: expected handshake response status code 101 but got 401&#xA;    {&#xA;        msg: &#34;failed to connect: failed to WebSocket dial: expected handshake response status code 101 but got 401&#34;,&#xA;        err: &lt;*fmt.wrapError | 0xc0000ce240&gt;{&#xA;            msg: &#34;failed to WebSocket dial: expected handshake response status code 101 but got 401&#34;,&#xA;            err: &lt;*errors.errorString | 0xc000492000&gt;{&#xA;                s: &#34;expected handshake response status code 101 but got 401&#34;,&#xA;            },&#xA;        },&#xA;    }&#xA;occurred&#xA;In [It] at: /Users/seancorkum/projects/devops-mcp/test/e2e/scenarios/multi_agent_test.go:387 @ 07/03/25 21:05:51.671&#xA;&#xA;There were additional failures detected after the initial failure. These are visible in the timeline&#xA;</failure>
              <system-err>&gt; Enter [BeforeEach] Multi-Agent Collaboration E2E Tests - /Users/seancorkum/projects/devops-mcp/test/e2e/scenarios/multi_agent_test.go:28 @ 07/03/25 21:05:51.569&#xA;&lt; Exit [BeforeEach] Multi-Agent Collaboration E2E Tests - /Users/seancorkum/projects/devops-mcp/test/e2e/scenarios/multi_agent_test.go:28 @ 07/03/25 21:05:51.571 (2ms)&#xA;&gt; Enter [It] should reach consensus among multiple agents - /Users/seancorkum/projects/devops-mcp/test/e2e/scenarios/multi_agent_test.go:361 @ 07/03/25 21:05:51.572&#xA;[FAILED] Failure recorded during attempt 1:&#xA;Unexpected error:&#xA;    &lt;*fmt.wrapError | 0xc0002c60c0&gt;: &#xA;    failed to connect: failed to WebSocket dial: expected handshake response status code 101 but got 401&#xA;    {&#xA;        msg: &#34;failed to connect: failed to WebSocket dial: expected handshake response status code 101 but got 401&#34;,&#xA;        err: &lt;*fmt.wrapError | 0xc0002c60a0&gt;{&#xA;            msg: &#34;failed to WebSocket dial: expected handshake response status code 101 but got 401&#34;,&#xA;            err: &lt;*errors.errorString | 0xc000248000&gt;{&#xA;                s: &#34;expected handshake response status code 101 but got 401&#34;,&#xA;            },&#xA;        },&#xA;    }&#xA;occurred&#xA;In [It] at: /Users/seancorkum/projects/devops-mcp/test/e2e/scenarios/multi_agent_test.go:387 @ 07/03/25 21:05:51.62&#xA;&lt; Exit [It] should reach consensus among multiple agents - /Users/seancorkum/projects/devops-mcp/test/e2e/scenarios/multi_agent_test.go:361 @ 07/03/25 21:05:51.62 (48ms)&#xA;&gt; Enter [AfterEach] Multi-Agent Collaboration E2E Tests - /Users/seancorkum/projects/devops-mcp/test/e2e/scenarios/multi_agent_test.go:38 @ 07/03/25 21:05:51.62&#xA;&lt; Exit [AfterEach] Multi-Agent Collaboration E2E Tests - /Users/seancorkum/projects/devops-mcp/test/e2e/scenarios/multi_agent_test.go:38 @ 07/03/25 21:05:51.622 (2ms)&#xA;&#xA;Attempt #1 Failed.  Retrying â†º @ 07/03/25 21:05:51.622&#xA;&#xA;&gt; Enter [BeforeEach] Multi-Agent Collaboration E2E Tests - /Users/seancorkum/projects/devops-mcp/test/e2e/scenarios/multi_agent_test.go:28 @ 07/03/25 21:05:51.622&#xA;&lt; Exit [BeforeEach] Multi-Agent Collaboration E2E Tests - /Users/seancorkum/projects/devops-mcp/test/e2e/scenarios/multi_agent_test.go:28 @ 07/03/25 21:05:51.625 (2ms)&#xA;&gt; Enter [It] should reach consensus among multiple agents - /Users/seancorkum/projects/devops-mcp/test/e2e/scenarios/multi_agent_test.go:361 @ 07/03/25 21:05:51.625&#xA;[FAILED] Unexpected error:&#xA;    &lt;*fmt.wrapError | 0xc0000ce2a0&gt;: &#xA;    failed to connect: failed to WebSocket dial: expected handshake response status code 101 but got 401&#xA;    {&#xA;        msg: &#34;failed to connect: failed to WebSocket dial: expected handshake response status code 101 but got 401&#34;,&#xA;        err: &lt;*fmt.wrapError | 0xc0000ce240&gt;{&#xA;            msg: &#34;failed to WebSocket dial: expected handshake response status code 101 but got 401&#34;,&#xA;            err: &lt;*errors.errorString | 0xc000492000&gt;{&#xA;                s: &#34;expected handshake response status code 101 but got 401&#34;,&#xA;            },&#xA;        },&#xA;    }&#xA;occurred&#xA;In [It] at: /Users/seancorkum/projects/devops-mcp/test/e2e/scenarios/multi_agent_test.go:387 @ 07/03/25 21:05:51.671&#xA;&lt; Exit [It] should reach consensus among multiple agents - /Users/seancorkum/projects/devops-mcp/test/e2e/scenarios/multi_agent_test.go:361 @ 07/03/25 21:05:51.671 (47ms)&#xA;&gt; Enter [AfterEach] Multi-Agent Collaboration E2E Tests - /Users/seancorkum/projects/devops-mcp/test/e2e/scenarios/multi_agent_test.go:38 @ 07/03/25 21:05:51.672&#xA;&lt; Exit [AfterEach] Multi-Agent Collaboration E2E Tests - /Users/seancorkum/projects/devops-mcp/test/e2e/scenarios/multi_agent_test.go:38 @ 07/03/25 21:05:51.674 (2ms)&#xA;</system-err>
          </testcase>
          <testcase name="[It] Multi-Agent Collaboration E2E Tests Agent Coordination should coordinate deployment pipeline across agents" classname="Multi-Agent Collaboration E2E Test Suite" status="failed" time="0.104706992">
              <failure message="Unexpected error:&#xA;    &lt;*fmt.wrapError | 0xc0002c60c0&gt;: &#xA;    failed to connect: failed to WebSocket dial: expected handshake response status code 101 but got 401&#xA;    {&#xA;        msg: &#34;failed to connect: failed to WebSocket dial: expected handshake response status code 101 but got 401&#34;,&#xA;        err: &lt;*fmt.wrapError | 0xc0002c60a0&gt;{&#xA;            msg: &#34;failed to WebSocket dial: expected handshake response status code 101 but got 401&#34;,&#xA;            err: &lt;*errors.errorString | 0xc00050fe00&gt;{&#xA;                s: &#34;expected handshake response status code 101 but got 401&#34;,&#xA;            },&#xA;        },&#xA;    }&#xA;occurred" type="failed">[FAILED] Unexpected error:&#xA;    &lt;*fmt.wrapError | 0xc0002c60c0&gt;: &#xA;    failed to connect: failed to WebSocket dial: expected handshake response status code 101 but got 401&#xA;    {&#xA;        msg: &#34;failed to connect: failed to WebSocket dial: expected handshake response status code 101 but got 401&#34;,&#xA;        err: &lt;*fmt.wrapError | 0xc0002c60a0&gt;{&#xA;            msg: &#34;failed to WebSocket dial: expected handshake response status code 101 but got 401&#34;,&#xA;            err: &lt;*errors.errorString | 0xc00050fe00&gt;{&#xA;                s: &#34;expected handshake response status code 101 but got 401&#34;,&#xA;            },&#xA;        },&#xA;    }&#xA;occurred&#xA;In [It] at: /Users/seancorkum/projects/devops-mcp/test/e2e/scenarios/multi_agent_test.go:594 @ 07/03/25 21:05:51.777&#xA;&#xA;There were additional failures detected after the initial failure. These are visible in the timeline&#xA;</failure>
              <system-err>&gt; Enter [BeforeEach] Multi-Agent Collaboration E2E Tests - /Users/seancorkum/projects/devops-mcp/test/e2e/scenarios/multi_agent_test.go:28 @ 07/03/25 21:05:51.674&#xA;&lt; Exit [BeforeEach] Multi-Agent Collaboration E2E Tests - /Users/seancorkum/projects/devops-mcp/test/e2e/scenarios/multi_agent_test.go:28 @ 07/03/25 21:05:51.677 (3ms)&#xA;&gt; Enter [It] should coordinate deployment pipeline across agents - /Users/seancorkum/projects/devops-mcp/test/e2e/scenarios/multi_agent_test.go:566 @ 07/03/25 21:05:51.677&#xA;[FAILED] Failure recorded during attempt 1:&#xA;Unexpected error:&#xA;    &lt;*fmt.wrapError | 0xc0000ce200&gt;: &#xA;    failed to connect: failed to WebSocket dial: expected handshake response status code 101 but got 401&#xA;    {&#xA;        msg: &#34;failed to connect: failed to WebSocket dial: expected handshake response status code 101 but got 401&#34;,&#xA;        err: &lt;*fmt.wrapError | 0xc0000ce020&gt;{&#xA;            msg: &#34;failed to WebSocket dial: expected handshake response status code 101 but got 401&#34;,&#xA;            err: &lt;*errors.errorString | 0xc000492000&gt;{&#xA;                s: &#34;expected handshake response status code 101 but got 401&#34;,&#xA;            },&#xA;        },&#xA;    }&#xA;occurred&#xA;In [It] at: /Users/seancorkum/projects/devops-mcp/test/e2e/scenarios/multi_agent_test.go:594 @ 07/03/25 21:05:51.724&#xA;&lt; Exit [It] should coordinate deployment pipeline across agents - /Users/seancorkum/projects/devops-mcp/test/e2e/scenarios/multi_agent_test.go:566 @ 07/03/25 21:05:51.724 (46ms)&#xA;&gt; Enter [AfterEach] Multi-Agent Collaboration E2E Tests - /Users/seancorkum/projects/devops-mcp/test/e2e/scenarios/multi_agent_test.go:38 @ 07/03/25 21:05:51.724&#xA;&lt; Exit [AfterEach] Multi-Agent Collaboration E2E Tests - /Users/seancorkum/projects/devops-mcp/test/e2e/scenarios/multi_agent_test.go:38 @ 07/03/25 21:05:51.727 (3ms)&#xA;&#xA;Attempt #1 Failed.  Retrying â†º @ 07/03/25 21:05:51.727&#xA;&#xA;&gt; Enter [BeforeEach] Multi-Agent Collaboration E2E Tests - /Users/seancorkum/projects/devops-mcp/test/e2e/scenarios/multi_agent_test.go:28 @ 07/03/25 21:05:51.727&#xA;&lt; Exit [BeforeEach] Multi-Agent Collaboration E2E Tests - /Users/seancorkum/projects/devops-mcp/test/e2e/scenarios/multi_agent_test.go:28 @ 07/03/25 21:05:51.729 (2ms)&#xA;&gt; Enter [It] should coordinate deployment pipeline across agents - /Users/seancorkum/projects/devops-mcp/test/e2e/scenarios/multi_agent_test.go:566 @ 07/03/25 21:05:51.73&#xA;[FAILED] Unexpected error:&#xA;    &lt;*fmt.wrapError | 0xc0002c60c0&gt;: &#xA;    failed to connect: failed to WebSocket dial: expected handshake response status code 101 but got 401&#xA;    {&#xA;        msg: &#34;failed to connect: failed to WebSocket dial: expected handshake response status code 101 but got 401&#34;,&#xA;        err: &lt;*fmt.wrapError | 0xc0002c60a0&gt;{&#xA;            msg: &#34;failed to WebSocket dial: expected handshake response status code 101 but got 401&#34;,&#xA;            err: &lt;*errors.errorString | 0xc00050fe00&gt;{&#xA;                s: &#34;expected handshake response status code 101 but got 401&#34;,&#xA;            },&#xA;        },&#xA;    }&#xA;occurred&#xA;In [It] at: /Users/seancorkum/projects/devops-mcp/test/e2e/scenarios/multi_agent_test.go:594 @ 07/03/25 21:05:51.777&#xA;&lt; Exit [It] should coordinate deployment pipeline across agents - /Users/seancorkum/projects/devops-mcp/test/e2e/scenarios/multi_agent_test.go:566 @ 07/03/25 21:05:51.777 (47ms)&#xA;&gt; Enter [AfterEach] Multi-Agent Collaboration E2E Tests - /Users/seancorkum/projects/devops-mcp/test/e2e/scenarios/multi_agent_test.go:38 @ 07/03/25 21:05:51.777&#xA;&lt; Exit [AfterEach] Multi-Agent Collaboration E2E Tests - /Users/seancorkum/projects/devops-mcp/test/e2e/scenarios/multi_agent_test.go:38 @ 07/03/25 21:05:51.779 (2ms)&#xA;</system-err>
          </testcase>
          <testcase name="[It] Single Agent E2E Tests Tool Discovery and Execution should execute GitHub tool" classname="Multi-Agent Collaboration E2E Test Suite" status="failed" time="0.217099788">
              <failure message="Unexpected error:&#xA;    &lt;*fmt.wrapError | 0xc000196320&gt;: &#xA;    failed to connect: failed to WebSocket dial: expected handshake response status code 101 but got 401&#xA;    {&#xA;        msg: &#34;failed to connect: failed to WebSocket dial: expected handshake response status code 101 but got 401&#34;,&#xA;        err: &lt;*fmt.wrapError | 0xc000196280&gt;{&#xA;            msg: &#34;failed to WebSocket dial: expected handshake response status code 101 but got 401&#34;,&#xA;            err: &lt;*errors.errorString | 0xc0000f2020&gt;{&#xA;                s: &#34;expected handshake response status code 101 but got 401&#34;,&#xA;            },&#xA;        },&#xA;    }&#xA;occurred" type="failed">[FAILED] Unexpected error:&#xA;    &lt;*fmt.wrapError | 0xc000196320&gt;: &#xA;    failed to connect: failed to WebSocket dial: expected handshake response status code 101 but got 401&#xA;    {&#xA;        msg: &#34;failed to connect: failed to WebSocket dial: expected handshake response status code 101 but got 401&#34;,&#xA;        err: &lt;*fmt.wrapError | 0xc000196280&gt;{&#xA;            msg: &#34;failed to WebSocket dial: expected handshake response status code 101 but got 401&#34;,&#xA;            err: &lt;*errors.errorString | 0xc0000f2020&gt;{&#xA;                s: &#34;expected handshake response status code 101 but got 401&#34;,&#xA;            },&#xA;        },&#xA;    }&#xA;occurred&#xA;In [It] at: /Users/seancorkum/projects/devops-mcp/test/e2e/scenarios/single_agent_test.go:234 @ 07/03/25 21:05:51.204&#xA;&#xA;There were additional failures detected after the initial failure. These are visible in the timeline&#xA;</failure>
              <system-err>&gt; Enter [BeforeEach] Single Agent E2E Tests - /Users/seancorkum/projects/devops-mcp/test/e2e/scenarios/single_agent_test.go:30 @ 07/03/25 21:05:50.991&#xA;&lt; Exit [BeforeEach] Single Agent E2E Tests - /Users/seancorkum/projects/devops-mcp/test/e2e/scenarios/single_agent_test.go:30 @ 07/03/25 21:05:50.995 (4ms)&#xA;&gt; Enter [It] should execute GitHub tool - /Users/seancorkum/projects/devops-mcp/test/e2e/scenarios/single_agent_test.go:215 @ 07/03/25 21:05:50.995&#xA;[FAILED] Failure recorded during attempt 1:&#xA;Unexpected error:&#xA;    &lt;*fmt.wrapError | 0xc00007c360&gt;: &#xA;    failed to connect: failed to WebSocket dial: expected handshake response status code 101 but got 401&#xA;    {&#xA;        msg: &#34;failed to connect: failed to WebSocket dial: expected handshake response status code 101 but got 401&#34;,&#xA;        err: &lt;*fmt.wrapError | 0xc00007c340&gt;{&#xA;            msg: &#34;failed to WebSocket dial: expected handshake response status code 101 but got 401&#34;,&#xA;            err: &lt;*errors.errorString | 0xc0004936c0&gt;{&#xA;                s: &#34;expected handshake response status code 101 but got 401&#34;,&#xA;            },&#xA;        },&#xA;    }&#xA;occurred&#xA;In [It] at: /Users/seancorkum/projects/devops-mcp/test/e2e/scenarios/single_agent_test.go:234 @ 07/03/25 21:05:51.15&#xA;&lt; Exit [It] should execute GitHub tool - /Users/seancorkum/projects/devops-mcp/test/e2e/scenarios/single_agent_test.go:215 @ 07/03/25 21:05:51.15 (155ms)&#xA;&gt; Enter [AfterEach] Single Agent E2E Tests - /Users/seancorkum/projects/devops-mcp/test/e2e/scenarios/single_agent_test.go:40 @ 07/03/25 21:05:51.151&#xA;&lt; Exit [AfterEach] Single Agent E2E Tests - /Users/seancorkum/projects/devops-mcp/test/e2e/scenarios/single_agent_test.go:40 @ 07/03/25 21:05:51.153 (3ms)&#xA;&#xA;Attempt #1 Failed.  Retrying â†º @ 07/03/25 21:05:51.153&#xA;&#xA;&gt; Enter [BeforeEach] Single Agent E2E Tests - /Users/seancorkum/projects/devops-mcp/test/e2e/scenarios/single_agent_test.go:30 @ 07/03/25 21:05:51.153&#xA;&lt; Exit [BeforeEach] Single Agent E2E Tests - /Users/seancorkum/projects/devops-mcp/test/e2e/scenarios/single_agent_test.go:30 @ 07/03/25 21:05:51.159 (6ms)&#xA;&gt; Enter [It] should execute GitHub tool - /Users/seancorkum/projects/devops-mcp/test/e2e/scenarios/single_agent_test.go:215 @ 07/03/25 21:05:51.16&#xA;[FAILED] Unexpected error:&#xA;    &lt;*fmt.wrapError | 0xc000196320&gt;: &#xA;    failed to connect: failed to WebSocket dial: expected handshake response status code 101 but got 401&#xA;    {&#xA;        msg: &#34;failed to connect: failed to WebSocket dial: expected handshake response status code 101 but got 401&#34;,&#xA;        err: &lt;*fmt.wrapError | 0xc000196280&gt;{&#xA;            msg: &#34;failed to WebSocket dial: expected handshake response status code 101 but got 401&#34;,&#xA;            err: &lt;*errors.errorString | 0xc0000f2020&gt;{&#xA;                s: &#34;expected handshake response status code 101 but got 401&#34;,&#xA;            },&#xA;        },&#xA;    }&#xA;occurred&#xA;In [It] at: /Users/seancorkum/projects/devops-mcp/test/e2e/scenarios/single_agent_test.go:234 @ 07/03/25 21:05:51.204&#xA;&lt; Exit [It] should execute GitHub tool - /Users/seancorkum/projects/devops-mcp/test/e2e/scenarios/single_agent_test.go:215 @ 07/03/25 21:05:51.204 (44ms)&#xA;&gt; Enter [AfterEach] Single Agent E2E Tests - /Users/seancorkum/projects/devops-mcp/test/e2e/scenarios/single_agent_test.go:40 @ 07/03/25 21:05:51.204&#xA;&lt; Exit [AfterEach] Single Agent E2E Tests - /Users/seancorkum/projects/devops-mcp/test/e2e/scenarios/single_agent_test.go:40 @ 07/03/25 21:05:51.207 (3ms)&#xA;</system-err>
          </testcase>
          <testcase name="[It] Single Agent E2E Tests Error Handling should handle authentication errors" classname="Multi-Agent Collaboration E2E Test Suite" status="passed" time="0.010186381">
              <system-out>ï¿½[32mâœ“ï¿½[0m auth_error_handling (15.127Âµs)&#xA;</system-out>
              <system-err>&gt; Enter [BeforeEach] Single Agent E2E Tests - /Users/seancorkum/projects/devops-mcp/test/e2e/scenarios/single_agent_test.go:30 @ 07/03/25 21:05:51.209&#xA;&lt; Exit [BeforeEach] Single Agent E2E Tests - /Users/seancorkum/projects/devops-mcp/test/e2e/scenarios/single_agent_test.go:30 @ 07/03/25 21:05:51.212 (4ms)&#xA;&gt; Enter [It] should handle authentication errors - /Users/seancorkum/projects/devops-mcp/test/e2e/scenarios/single_agent_test.go:398 @ 07/03/25 21:05:51.213&#xA;&lt; Exit [It] should handle authentication errors - /Users/seancorkum/projects/devops-mcp/test/e2e/scenarios/single_agent_test.go:398 @ 07/03/25 21:05:51.213 (0s)&#xA;&gt; Enter [AfterEach] Single Agent E2E Tests - /Users/seancorkum/projects/devops-mcp/test/e2e/scenarios/single_agent_test.go:40 @ 07/03/25 21:05:51.213&#xA;&lt; Exit [AfterEach] Single Agent E2E Tests - /Users/seancorkum/projects/devops-mcp/test/e2e/scenarios/single_agent_test.go:40 @ 07/03/25 21:05:51.219 (6ms)&#xA;</system-err>
          </testcase>
          <testcase name="[It] Performance and Stress E2E Tests Agent Swarm Tests should handle agent churn" classname="Multi-Agent Collaboration E2E Test Suite" status="failed" time="61.406740557">
              <failure message="Expected&#xA;    &lt;int64&gt;: 0&#xA;to be &gt;&#xA;    &lt;int&gt;: 20" type="failed">[FAILED] Expected&#xA;    &lt;int64&gt;: 0&#xA;to be &gt;&#xA;    &lt;int&gt;: 20&#xA;In [It] at: /Users/seancorkum/projects/devops-mcp/test/e2e/scenarios/performance_test.go:275 @ 07/03/25 21:06:52.624&#xA;&#xA;There were additional failures detected after the initial failure. These are visible in the timeline&#xA;</failure>
              <system-out>[21:06:21] [INFO] performance: Agent Churn Results:&#xA;[21:06:21] [INFO] performance:   Total connections: 0&#xA;[21:06:21] [INFO] performance:   Total disconnections: 0&#xA;[21:06:21] [INFO] performance:   Total errors: 290&#xA;[21:06:21] [INFO] performance:   Error rate: 100.00%&#xA;[21:06:52] [INFO] performance: Agent Churn Results:&#xA;[21:06:52] [INFO] performance:   Total connections: 0&#xA;[21:06:52] [INFO] performance:   Total disconnections: 0&#xA;[21:06:52] [INFO] performance:   Total errors: 290&#xA;[21:06:52] [INFO] performance:   Error rate: 100.00%&#xA;</system-out>
              <system-err>&gt; Enter [BeforeEach] Performance and Stress E2E Tests - /Users/seancorkum/projects/devops-mcp/test/e2e/scenarios/performance_test.go:31 @ 07/03/25 21:05:51.22&#xA;&lt; Exit [BeforeEach] Performance and Stress E2E Tests - /Users/seancorkum/projects/devops-mcp/test/e2e/scenarios/performance_test.go:31 @ 07/03/25 21:05:51.223 (3ms)&#xA;&gt; Enter [It] should handle agent churn - /Users/seancorkum/projects/devops-mcp/test/e2e/scenarios/performance_test.go:179 @ 07/03/25 21:05:51.223&#xA;[FAILED] Failure recorded during attempt 1:&#xA;Expected&#xA;    &lt;int64&gt;: 0&#xA;to be &gt;&#xA;    &lt;int&gt;: 20&#xA;In [It] at: /Users/seancorkum/projects/devops-mcp/test/e2e/scenarios/performance_test.go:275 @ 07/03/25 21:06:21.996&#xA;&lt; Exit [It] should handle agent churn - /Users/seancorkum/projects/devops-mcp/test/e2e/scenarios/performance_test.go:179 @ 07/03/25 21:06:21.996 (30.773s)&#xA;&gt; Enter [AfterEach] Performance and Stress E2E Tests - /Users/seancorkum/projects/devops-mcp/test/e2e/scenarios/performance_test.go:41 @ 07/03/25 21:06:21.997&#xA;&lt; Exit [AfterEach] Performance and Stress E2E Tests - /Users/seancorkum/projects/devops-mcp/test/e2e/scenarios/performance_test.go:41 @ 07/03/25 21:06:21.999 (2ms)&#xA;&#xA;Attempt #1 Failed.  Retrying â†º @ 07/03/25 21:06:21.999&#xA;&#xA;&gt; Enter [BeforeEach] Performance and Stress E2E Tests - /Users/seancorkum/projects/devops-mcp/test/e2e/scenarios/performance_test.go:31 @ 07/03/25 21:06:21.999&#xA;&lt; Exit [BeforeEach] Performance and Stress E2E Tests - /Users/seancorkum/projects/devops-mcp/test/e2e/scenarios/performance_test.go:31 @ 07/03/25 21:06:22.003 (4ms)&#xA;&gt; Enter [It] should handle agent churn - /Users/seancorkum/projects/devops-mcp/test/e2e/scenarios/performance_test.go:179 @ 07/03/25 21:06:22.004&#xA;[FAILED] Expected&#xA;    &lt;int64&gt;: 0&#xA;to be &gt;&#xA;    &lt;int&gt;: 20&#xA;In [It] at: /Users/seancorkum/projects/devops-mcp/test/e2e/scenarios/performance_test.go:275 @ 07/03/25 21:06:52.624&#xA;&lt; Exit [It] should handle agent churn - /Users/seancorkum/projects/devops-mcp/test/e2e/scenarios/performance_test.go:179 @ 07/03/25 21:06:52.624 (30.62s)&#xA;&gt; Enter [AfterEach] Performance and Stress E2E Tests - /Users/seancorkum/projects/devops-mcp/test/e2e/scenarios/performance_test.go:41 @ 07/03/25 21:06:52.624&#xA;&lt; Exit [AfterEach] Performance and Stress E2E Tests - /Users/seancorkum/projects/devops-mcp/test/e2e/scenarios/performance_test.go:41 @ 07/03/25 21:06:52.626 (2ms)&#xA;</system-err>
          </testcase>
      </testsuite>
  </testsuites>