<?xml version="1.0" encoding="UTF-8"?>
  <testsuites tests="21" disabled="0" errors="0" failures="20" time="61.468543473000004">
      <testsuite name="DevOps MCP E2E Test Suite" package="/Users/seancorkum/projects/devops-mcp/test/e2e" tests="0" disabled="0" skipped="0" errors="0" failures="0" time="0.002408" timestamp="2025-07-03T17:10:27">
          <properties>
              <property name="SuiteSucceeded" value="true"></property>
              <property name="SuiteHasProgrammaticFocus" value="false"></property>
              <property name="SpecialSuiteFailureReason" value=""></property>
              <property name="SuiteLabels" value="[]"></property>
              <property name="RandomSeed" value="1751580625"></property>
              <property name="RandomizeAllSpecs" value="false"></property>
              <property name="LabelFilter" value=""></property>
              <property name="FocusStrings" value=""></property>
              <property name="SkipStrings" value=""></property>
              <property name="FocusFiles" value=""></property>
              <property name="SkipFiles" value=""></property>
              <property name="FailOnPending" value="false"></property>
              <property name="FailOnEmpty" value="false"></property>
              <property name="FailFast" value="false"></property>
              <property name="FlakeAttempts" value="2"></property>
              <property name="DryRun" value="false"></property>
              <property name="ParallelTotal" value="5"></property>
              <property name="OutputInterceptorMode" value=""></property>
          </properties>
      </testsuite>
      <testsuite name="Multi-Agent Collaboration E2E Test Suite" package="/Users/seancorkum/projects/devops-mcp/test/e2e/scenarios" tests="21" disabled="0" skipped="0" errors="0" failures="20" time="61.466135473" timestamp="2025-07-03T17:10:28">
          <properties>
              <property name="SuiteSucceeded" value="false"></property>
              <property name="SuiteHasProgrammaticFocus" value="false"></property>
              <property name="SpecialSuiteFailureReason" value=""></property>
              <property name="SuiteLabels" value="[]"></property>
              <property name="RandomSeed" value="1751580625"></property>
              <property name="RandomizeAllSpecs" value="false"></property>
              <property name="LabelFilter" value=""></property>
              <property name="FocusStrings" value=""></property>
              <property name="SkipStrings" value=""></property>
              <property name="FocusFiles" value=""></property>
              <property name="SkipFiles" value=""></property>
              <property name="FailOnPending" value="false"></property>
              <property name="FailOnEmpty" value="false"></property>
              <property name="FailFast" value="false"></property>
              <property name="FlakeAttempts" value="2"></property>
              <property name="DryRun" value="false"></property>
              <property name="ParallelTotal" value="5"></property>
              <property name="OutputInterceptorMode" value=""></property>
          </properties>
          <testcase name="[It] Multi-Agent Collaboration E2E Tests Parallel Task Execution should execute tasks in parallel across multiple agents" classname="Multi-Agent Collaboration E2E Test Suite" status="failed" time="0.284936435">
              <failure message="Unexpected error:&#xA;    &lt;*fmt.wrapError | 0xc000314080&gt;: &#xA;    failed to connect: failed to WebSocket dial: expected handshake response status code 101 but got 404&#xA;    {&#xA;        msg: &#34;failed to connect: failed to WebSocket dial: expected handshake response status code 101 but got 404&#34;,&#xA;        err: &lt;*fmt.wrapError | 0xc000314060&gt;{&#xA;            msg: &#34;failed to WebSocket dial: expected handshake response status code 101 but got 404&#34;,&#xA;            err: &lt;*errors.errorString | 0xc0002aa010&gt;{&#xA;                s: &#34;expected handshake response status code 101 but got 404&#34;,&#xA;            },&#xA;        },&#xA;    }&#xA;occurred" type="failed">[FAILED] Unexpected error:&#xA;    &lt;*fmt.wrapError | 0xc000314080&gt;: &#xA;    failed to connect: failed to WebSocket dial: expected handshake response status code 101 but got 404&#xA;    {&#xA;        msg: &#34;failed to connect: failed to WebSocket dial: expected handshake response status code 101 but got 404&#34;,&#xA;        err: &lt;*fmt.wrapError | 0xc000314060&gt;{&#xA;            msg: &#34;failed to WebSocket dial: expected handshake response status code 101 but got 404&#34;,&#xA;            err: &lt;*errors.errorString | 0xc0002aa010&gt;{&#xA;                s: &#34;expected handshake response status code 101 but got 404&#34;,&#xA;            },&#xA;        },&#xA;    }&#xA;occurred&#xA;In [It] at: /Users/seancorkum/projects/devops-mcp/test/e2e/scenarios/multi_agent_test.go:278 @ 07/03/25 17:10:29.084&#xA;&#xA;There were additional failures detected after the initial failure. These are visible in the timeline&#xA;</failure>
              <system-err>&gt; Enter [BeforeEach] Multi-Agent Collaboration E2E Tests - /Users/seancorkum/projects/devops-mcp/test/e2e/scenarios/multi_agent_test.go:28 @ 07/03/25 17:10:28.802&#xA;&lt; Exit [BeforeEach] Multi-Agent Collaboration E2E Tests - /Users/seancorkum/projects/devops-mcp/test/e2e/scenarios/multi_agent_test.go:28 @ 07/03/25 17:10:28.806 (4ms)&#xA;&gt; Enter [It] should execute tasks in parallel across multiple agents - /Users/seancorkum/projects/devops-mcp/test/e2e/scenarios/multi_agent_test.go:254 @ 07/03/25 17:10:28.806&#xA;[FAILED] Failure recorded during attempt 1:&#xA;Unexpected error:&#xA;    &lt;*fmt.wrapError | 0xc0001a43c0&gt;: &#xA;    failed to connect: failed to WebSocket dial: expected handshake response status code 101 but got 404&#xA;    {&#xA;        msg: &#34;failed to connect: failed to WebSocket dial: expected handshake response status code 101 but got 404&#34;,&#xA;        err: &lt;*fmt.wrapError | 0xc0001a4300&gt;{&#xA;            msg: &#34;failed to WebSocket dial: expected handshake response status code 101 but got 404&#34;,&#xA;            err: &lt;*errors.errorString | 0xc00061a000&gt;{&#xA;                s: &#34;expected handshake response status code 101 but got 404&#34;,&#xA;            },&#xA;        },&#xA;    }&#xA;occurred&#xA;In [It] at: /Users/seancorkum/projects/devops-mcp/test/e2e/scenarios/multi_agent_test.go:278 @ 07/03/25 17:10:29.029&#xA;&lt; Exit [It] should execute tasks in parallel across multiple agents - /Users/seancorkum/projects/devops-mcp/test/e2e/scenarios/multi_agent_test.go:254 @ 07/03/25 17:10:29.029 (224ms)&#xA;&gt; Enter [AfterEach] Multi-Agent Collaboration E2E Tests - /Users/seancorkum/projects/devops-mcp/test/e2e/scenarios/multi_agent_test.go:38 @ 07/03/25 17:10:29.03&#xA;&lt; Exit [AfterEach] Multi-Agent Collaboration E2E Tests - /Users/seancorkum/projects/devops-mcp/test/e2e/scenarios/multi_agent_test.go:38 @ 07/03/25 17:10:29.032 (2ms)&#xA;&#xA;Attempt #1 Failed.  Retrying â†º @ 07/03/25 17:10:29.032&#xA;&#xA;&gt; Enter [BeforeEach] Multi-Agent Collaboration E2E Tests - /Users/seancorkum/projects/devops-mcp/test/e2e/scenarios/multi_agent_test.go:28 @ 07/03/25 17:10:29.032&#xA;&lt; Exit [BeforeEach] Multi-Agent Collaboration E2E Tests - /Users/seancorkum/projects/devops-mcp/test/e2e/scenarios/multi_agent_test.go:28 @ 07/03/25 17:10:29.036 (4ms)&#xA;&gt; Enter [It] should execute tasks in parallel across multiple agents - /Users/seancorkum/projects/devops-mcp/test/e2e/scenarios/multi_agent_test.go:254 @ 07/03/25 17:10:29.036&#xA;[FAILED] Unexpected error:&#xA;    &lt;*fmt.wrapError | 0xc000314080&gt;: &#xA;    failed to connect: failed to WebSocket dial: expected handshake response status code 101 but got 404&#xA;    {&#xA;        msg: &#34;failed to connect: failed to WebSocket dial: expected handshake response status code 101 but got 404&#34;,&#xA;        err: &lt;*fmt.wrapError | 0xc000314060&gt;{&#xA;            msg: &#34;failed to WebSocket dial: expected handshake response status code 101 but got 404&#34;,&#xA;            err: &lt;*errors.errorString | 0xc0002aa010&gt;{&#xA;                s: &#34;expected handshake response status code 101 but got 404&#34;,&#xA;            },&#xA;        },&#xA;    }&#xA;occurred&#xA;In [It] at: /Users/seancorkum/projects/devops-mcp/test/e2e/scenarios/multi_agent_test.go:278 @ 07/03/25 17:10:29.084&#xA;&lt; Exit [It] should execute tasks in parallel across multiple agents - /Users/seancorkum/projects/devops-mcp/test/e2e/scenarios/multi_agent_test.go:254 @ 07/03/25 17:10:29.084 (48ms)&#xA;&gt; Enter [AfterEach] Multi-Agent Collaboration E2E Tests - /Users/seancorkum/projects/devops-mcp/test/e2e/scenarios/multi_agent_test.go:38 @ 07/03/25 17:10:29.084&#xA;&lt; Exit [AfterEach] Multi-Agent Collaboration E2E Tests - /Users/seancorkum/projects/devops-mcp/test/e2e/scenarios/multi_agent_test.go:38 @ 07/03/25 17:10:29.086 (2ms)&#xA;</system-err>
          </testcase>
          <testcase name="[It] Performance and Stress E2E Tests Agent Swarm Tests should handle agent churn" classname="Multi-Agent Collaboration E2E Test Suite" status="failed" time="61.177290835">
              <failure message="Expected&#xA;    &lt;int64&gt;: 0&#xA;to be &gt;&#xA;    &lt;int&gt;: 20" type="failed">[FAILED] Expected&#xA;    &lt;int64&gt;: 0&#xA;to be &gt;&#xA;    &lt;int&gt;: 20&#xA;In [It] at: /Users/seancorkum/projects/devops-mcp/test/e2e/scenarios/performance_test.go:275 @ 07/03/25 17:11:30.262&#xA;&#xA;There were additional failures detected after the initial failure. These are visible in the timeline&#xA;</failure>
              <system-out>[17:10:59] [INFO] performance: Agent Churn Results:&#xA;[17:10:59] [INFO] performance:   Total connections: 0&#xA;[17:10:59] [INFO] performance:   Total disconnections: 0&#xA;[17:10:59] [INFO] performance:   Total errors: 290&#xA;[17:10:59] [INFO] performance:   Error rate: 100.00%&#xA;[17:11:30] [INFO] performance: Agent Churn Results:&#xA;[17:11:30] [INFO] performance:   Total connections: 0&#xA;[17:11:30] [INFO] performance:   Total disconnections: 0&#xA;[17:11:30] [INFO] performance:   Total errors: 290&#xA;[17:11:30] [INFO] performance:   Error rate: 100.00%&#xA;</system-out>
              <system-err>&gt; Enter [BeforeEach] Performance and Stress E2E Tests - /Users/seancorkum/projects/devops-mcp/test/e2e/scenarios/performance_test.go:31 @ 07/03/25 17:10:29.087&#xA;&lt; Exit [BeforeEach] Performance and Stress E2E Tests - /Users/seancorkum/projects/devops-mcp/test/e2e/scenarios/performance_test.go:31 @ 07/03/25 17:10:29.09 (3ms)&#xA;&gt; Enter [It] should handle agent churn - /Users/seancorkum/projects/devops-mcp/test/e2e/scenarios/performance_test.go:179 @ 07/03/25 17:10:29.09&#xA;[FAILED] Failure recorded during attempt 1:&#xA;Expected&#xA;    &lt;int64&gt;: 0&#xA;to be &gt;&#xA;    &lt;int&gt;: 20&#xA;In [It] at: /Users/seancorkum/projects/devops-mcp/test/e2e/scenarios/performance_test.go:275 @ 07/03/25 17:10:59.709&#xA;&lt; Exit [It] should handle agent churn - /Users/seancorkum/projects/devops-mcp/test/e2e/scenarios/performance_test.go:179 @ 07/03/25 17:10:59.709 (30.618s)&#xA;&gt; Enter [AfterEach] Performance and Stress E2E Tests - /Users/seancorkum/projects/devops-mcp/test/e2e/scenarios/performance_test.go:41 @ 07/03/25 17:10:59.709&#xA;&lt; Exit [AfterEach] Performance and Stress E2E Tests - /Users/seancorkum/projects/devops-mcp/test/e2e/scenarios/performance_test.go:41 @ 07/03/25 17:10:59.712 (3ms)&#xA;&#xA;Attempt #1 Failed.  Retrying â†º @ 07/03/25 17:10:59.712&#xA;&#xA;&gt; Enter [BeforeEach] Performance and Stress E2E Tests - /Users/seancorkum/projects/devops-mcp/test/e2e/scenarios/performance_test.go:31 @ 07/03/25 17:10:59.712&#xA;&lt; Exit [BeforeEach] Performance and Stress E2E Tests - /Users/seancorkum/projects/devops-mcp/test/e2e/scenarios/performance_test.go:31 @ 07/03/25 17:10:59.716 (4ms)&#xA;&gt; Enter [It] should handle agent churn - /Users/seancorkum/projects/devops-mcp/test/e2e/scenarios/performance_test.go:179 @ 07/03/25 17:10:59.716&#xA;[FAILED] Expected&#xA;    &lt;int64&gt;: 0&#xA;to be &gt;&#xA;    &lt;int&gt;: 20&#xA;In [It] at: /Users/seancorkum/projects/devops-mcp/test/e2e/scenarios/performance_test.go:275 @ 07/03/25 17:11:30.262&#xA;&lt; Exit [It] should handle agent churn - /Users/seancorkum/projects/devops-mcp/test/e2e/scenarios/performance_test.go:179 @ 07/03/25 17:11:30.262 (30.546s)&#xA;&gt; Enter [AfterEach] Performance and Stress E2E Tests - /Users/seancorkum/projects/devops-mcp/test/e2e/scenarios/performance_test.go:41 @ 07/03/25 17:11:30.263&#xA;&lt; Exit [AfterEach] Performance and Stress E2E Tests - /Users/seancorkum/projects/devops-mcp/test/e2e/scenarios/performance_test.go:41 @ 07/03/25 17:11:30.265 (2ms)&#xA;</system-err>
          </testcase>
          <testcase name="[It] Multi-Agent Collaboration E2E Tests MapReduce Pattern should execute MapReduce workflow across agents" classname="Multi-Agent Collaboration E2E Test Suite" status="failed" time="0.291458614">
              <failure message="Unexpected error:&#xA;    &lt;*fmt.wrapError | 0xc0000b2400&gt;: &#xA;    failed to connect: failed to WebSocket dial: expected handshake response status code 101 but got 404&#xA;    {&#xA;        msg: &#34;failed to connect: failed to WebSocket dial: expected handshake response status code 101 but got 404&#34;,&#xA;        err: &lt;*fmt.wrapError | 0xc0000b23c0&gt;{&#xA;            msg: &#34;failed to WebSocket dial: expected handshake response status code 101 but got 404&#34;,&#xA;            err: &lt;*errors.errorString | 0xc0002fc000&gt;{&#xA;                s: &#34;expected handshake response status code 101 but got 404&#34;,&#xA;            },&#xA;        },&#xA;    }&#xA;occurred" type="failed">[FAILED] Unexpected error:&#xA;    &lt;*fmt.wrapError | 0xc0000b2400&gt;: &#xA;    failed to connect: failed to WebSocket dial: expected handshake response status code 101 but got 404&#xA;    {&#xA;        msg: &#34;failed to connect: failed to WebSocket dial: expected handshake response status code 101 but got 404&#34;,&#xA;        err: &lt;*fmt.wrapError | 0xc0000b23c0&gt;{&#xA;            msg: &#34;failed to WebSocket dial: expected handshake response status code 101 but got 404&#34;,&#xA;            err: &lt;*errors.errorString | 0xc0002fc000&gt;{&#xA;                s: &#34;expected handshake response status code 101 but got 404&#34;,&#xA;            },&#xA;        },&#xA;    }&#xA;occurred&#xA;In [It] at: /Users/seancorkum/projects/devops-mcp/test/e2e/scenarios/multi_agent_test.go:472 @ 07/03/25 17:10:29.089&#xA;&#xA;There were additional failures detected after the initial failure. These are visible in the timeline&#xA;</failure>
              <system-err>&gt; Enter [BeforeEach] Multi-Agent Collaboration E2E Tests - /Users/seancorkum/projects/devops-mcp/test/e2e/scenarios/multi_agent_test.go:28 @ 07/03/25 17:10:28.802&#xA;&lt; Exit [BeforeEach] Multi-Agent Collaboration E2E Tests - /Users/seancorkum/projects/devops-mcp/test/e2e/scenarios/multi_agent_test.go:28 @ 07/03/25 17:10:28.806 (4ms)&#xA;&gt; Enter [It] should execute MapReduce workflow across agents - /Users/seancorkum/projects/devops-mcp/test/e2e/scenarios/multi_agent_test.go:448 @ 07/03/25 17:10:28.806&#xA;[FAILED] Failure recorded during attempt 1:&#xA;Unexpected error:&#xA;    &lt;*fmt.wrapError | 0xc00031a400&gt;: &#xA;    failed to connect: failed to WebSocket dial: expected handshake response status code 101 but got 404&#xA;    {&#xA;        msg: &#34;failed to connect: failed to WebSocket dial: expected handshake response status code 101 but got 404&#34;,&#xA;        err: &lt;*fmt.wrapError | 0xc00031a3e0&gt;{&#xA;            msg: &#34;failed to WebSocket dial: expected handshake response status code 101 but got 404&#34;,&#xA;            err: &lt;*errors.errorString | 0xc0002fc000&gt;{&#xA;                s: &#34;expected handshake response status code 101 but got 404&#34;,&#xA;            },&#xA;        },&#xA;    }&#xA;occurred&#xA;In [It] at: /Users/seancorkum/projects/devops-mcp/test/e2e/scenarios/multi_agent_test.go:472 @ 07/03/25 17:10:29.029&#xA;&lt; Exit [It] should execute MapReduce workflow across agents - /Users/seancorkum/projects/devops-mcp/test/e2e/scenarios/multi_agent_test.go:448 @ 07/03/25 17:10:29.029 (223ms)&#xA;&gt; Enter [AfterEach] Multi-Agent Collaboration E2E Tests - /Users/seancorkum/projects/devops-mcp/test/e2e/scenarios/multi_agent_test.go:38 @ 07/03/25 17:10:29.029&#xA;&lt; Exit [AfterEach] Multi-Agent Collaboration E2E Tests - /Users/seancorkum/projects/devops-mcp/test/e2e/scenarios/multi_agent_test.go:38 @ 07/03/25 17:10:29.032 (2ms)&#xA;&#xA;Attempt #1 Failed.  Retrying â†º @ 07/03/25 17:10:29.032&#xA;&#xA;&gt; Enter [BeforeEach] Multi-Agent Collaboration E2E Tests - /Users/seancorkum/projects/devops-mcp/test/e2e/scenarios/multi_agent_test.go:28 @ 07/03/25 17:10:29.032&#xA;&lt; Exit [BeforeEach] Multi-Agent Collaboration E2E Tests - /Users/seancorkum/projects/devops-mcp/test/e2e/scenarios/multi_agent_test.go:28 @ 07/03/25 17:10:29.036 (4ms)&#xA;&gt; Enter [It] should execute MapReduce workflow across agents - /Users/seancorkum/projects/devops-mcp/test/e2e/scenarios/multi_agent_test.go:448 @ 07/03/25 17:10:29.036&#xA;[FAILED] Unexpected error:&#xA;    &lt;*fmt.wrapError | 0xc0000b2400&gt;: &#xA;    failed to connect: failed to WebSocket dial: expected handshake response status code 101 but got 404&#xA;    {&#xA;        msg: &#34;failed to connect: failed to WebSocket dial: expected handshake response status code 101 but got 404&#34;,&#xA;        err: &lt;*fmt.wrapError | 0xc0000b23c0&gt;{&#xA;            msg: &#34;failed to WebSocket dial: expected handshake response status code 101 but got 404&#34;,&#xA;            err: &lt;*errors.errorString | 0xc0002fc000&gt;{&#xA;                s: &#34;expected handshake response status code 101 but got 404&#34;,&#xA;            },&#xA;        },&#xA;    }&#xA;occurred&#xA;In [It] at: /Users/seancorkum/projects/devops-mcp/test/e2e/scenarios/multi_agent_test.go:472 @ 07/03/25 17:10:29.089&#xA;&lt; Exit [It] should execute MapReduce workflow across agents - /Users/seancorkum/projects/devops-mcp/test/e2e/scenarios/multi_agent_test.go:448 @ 07/03/25 17:10:29.09 (54ms)&#xA;&gt; Enter [AfterEach] Multi-Agent Collaboration E2E Tests - /Users/seancorkum/projects/devops-mcp/test/e2e/scenarios/multi_agent_test.go:38 @ 07/03/25 17:10:29.09&#xA;&lt; Exit [AfterEach] Multi-Agent Collaboration E2E Tests - /Users/seancorkum/projects/devops-mcp/test/e2e/scenarios/multi_agent_test.go:38 @ 07/03/25 17:10:29.093 (3ms)&#xA;</system-err>
          </testcase>
          <testcase name="[It] Performance and Stress E2E Tests Message Throughput Tests should handle high message throughput" classname="Multi-Agent Collaboration E2E Test Suite" status="failed" time="0.138015568">
              <failure message="Unexpected error:&#xA;    &lt;*fmt.wrapError | 0xc0002600e0&gt;: &#xA;    failed to connect: failed to WebSocket dial: expected handshake response status code 101 but got 404&#xA;    {&#xA;        msg: &#34;failed to connect: failed to WebSocket dial: expected handshake response status code 101 but got 404&#34;,&#xA;        err: &lt;*fmt.wrapError | 0xc0002600c0&gt;{&#xA;            msg: &#34;failed to WebSocket dial: expected handshake response status code 101 but got 404&#34;,&#xA;            err: &lt;*errors.errorString | 0xc0001b4010&gt;{&#xA;                s: &#34;expected handshake response status code 101 but got 404&#34;,&#xA;            },&#xA;        },&#xA;    }&#xA;occurred" type="failed">[FAILED] Unexpected error:&#xA;    &lt;*fmt.wrapError | 0xc0002600e0&gt;: &#xA;    failed to connect: failed to WebSocket dial: expected handshake response status code 101 but got 404&#xA;    {&#xA;        msg: &#34;failed to connect: failed to WebSocket dial: expected handshake response status code 101 but got 404&#34;,&#xA;        err: &lt;*fmt.wrapError | 0xc0002600c0&gt;{&#xA;            msg: &#34;failed to WebSocket dial: expected handshake response status code 101 but got 404&#34;,&#xA;            err: &lt;*errors.errorString | 0xc0001b4010&gt;{&#xA;                s: &#34;expected handshake response status code 101 but got 404&#34;,&#xA;            },&#xA;        },&#xA;    }&#xA;occurred&#xA;In [It] at: /Users/seancorkum/projects/devops-mcp/test/e2e/scenarios/performance_test.go:311 @ 07/03/25 17:10:29.229&#xA;&#xA;There were additional failures detected after the initial failure. These are visible in the timeline&#xA;</failure>
              <system-err>&gt; Enter [BeforeEach] Performance and Stress E2E Tests - /Users/seancorkum/projects/devops-mcp/test/e2e/scenarios/performance_test.go:31 @ 07/03/25 17:10:29.094&#xA;&lt; Exit [BeforeEach] Performance and Stress E2E Tests - /Users/seancorkum/projects/devops-mcp/test/e2e/scenarios/performance_test.go:31 @ 07/03/25 17:10:29.096 (3ms)&#xA;&gt; Enter [It] should handle high message throughput - /Users/seancorkum/projects/devops-mcp/test/e2e/scenarios/performance_test.go:289 @ 07/03/25 17:10:29.096&#xA;[FAILED] Failure recorded during attempt 1:&#xA;Unexpected error:&#xA;    &lt;*fmt.wrapError | 0xc0002600c0&gt;: &#xA;    failed to connect: failed to WebSocket dial: expected handshake response status code 101 but got 404&#xA;    {&#xA;        msg: &#34;failed to connect: failed to WebSocket dial: expected handshake response status code 101 but got 404&#34;,&#xA;        err: &lt;*fmt.wrapError | 0xc0002600a0&gt;{&#xA;            msg: &#34;failed to WebSocket dial: expected handshake response status code 101 but got 404&#34;,&#xA;            err: &lt;*errors.errorString | 0xc0001c8000&gt;{&#xA;                s: &#34;expected handshake response status code 101 but got 404&#34;,&#xA;            },&#xA;        },&#xA;    }&#xA;occurred&#xA;In [It] at: /Users/seancorkum/projects/devops-mcp/test/e2e/scenarios/performance_test.go:311 @ 07/03/25 17:10:29.175&#xA;&lt; Exit [It] should handle high message throughput - /Users/seancorkum/projects/devops-mcp/test/e2e/scenarios/performance_test.go:289 @ 07/03/25 17:10:29.175 (79ms)&#xA;&gt; Enter [AfterEach] Performance and Stress E2E Tests - /Users/seancorkum/projects/devops-mcp/test/e2e/scenarios/performance_test.go:41 @ 07/03/25 17:10:29.176&#xA;&lt; Exit [AfterEach] Performance and Stress E2E Tests - /Users/seancorkum/projects/devops-mcp/test/e2e/scenarios/performance_test.go:41 @ 07/03/25 17:10:29.179 (3ms)&#xA;&#xA;Attempt #1 Failed.  Retrying â†º @ 07/03/25 17:10:29.179&#xA;&#xA;&gt; Enter [BeforeEach] Performance and Stress E2E Tests - /Users/seancorkum/projects/devops-mcp/test/e2e/scenarios/performance_test.go:31 @ 07/03/25 17:10:29.179&#xA;&lt; Exit [BeforeEach] Performance and Stress E2E Tests - /Users/seancorkum/projects/devops-mcp/test/e2e/scenarios/performance_test.go:31 @ 07/03/25 17:10:29.184 (5ms)&#xA;&gt; Enter [It] should handle high message throughput - /Users/seancorkum/projects/devops-mcp/test/e2e/scenarios/performance_test.go:289 @ 07/03/25 17:10:29.184&#xA;[FAILED] Unexpected error:&#xA;    &lt;*fmt.wrapError | 0xc0002600e0&gt;: &#xA;    failed to connect: failed to WebSocket dial: expected handshake response status code 101 but got 404&#xA;    {&#xA;        msg: &#34;failed to connect: failed to WebSocket dial: expected handshake response status code 101 but got 404&#34;,&#xA;        err: &lt;*fmt.wrapError | 0xc0002600c0&gt;{&#xA;            msg: &#34;failed to WebSocket dial: expected handshake response status code 101 but got 404&#34;,&#xA;            err: &lt;*errors.errorString | 0xc0001b4010&gt;{&#xA;                s: &#34;expected handshake response status code 101 but got 404&#34;,&#xA;            },&#xA;        },&#xA;    }&#xA;occurred&#xA;In [It] at: /Users/seancorkum/projects/devops-mcp/test/e2e/scenarios/performance_test.go:311 @ 07/03/25 17:10:29.229&#xA;&lt; Exit [It] should handle high message throughput - /Users/seancorkum/projects/devops-mcp/test/e2e/scenarios/performance_test.go:289 @ 07/03/25 17:10:29.229 (45ms)&#xA;&gt; Enter [AfterEach] Performance and Stress E2E Tests - /Users/seancorkum/projects/devops-mcp/test/e2e/scenarios/performance_test.go:41 @ 07/03/25 17:10:29.229&#xA;&lt; Exit [AfterEach] Performance and Stress E2E Tests - /Users/seancorkum/projects/devops-mcp/test/e2e/scenarios/performance_test.go:41 @ 07/03/25 17:10:29.231 (2ms)&#xA;</system-err>
          </testcase>
          <testcase name="[It] Performance and Stress E2E Tests Binary Protocol Performance should demonstrate binary protocol efficiency" classname="Multi-Agent Collaboration E2E Test Suite" status="failed" time="0.128167723">
              <failure message="Unexpected error:&#xA;    &lt;*fmt.wrapError | 0xc0003b4060&gt;: &#xA;    failed to connect: failed to WebSocket dial: expected handshake response status code 101 but got 404&#xA;    {&#xA;        msg: &#34;failed to connect: failed to WebSocket dial: expected handshake response status code 101 but got 404&#34;,&#xA;        err: &lt;*fmt.wrapError | 0xc0003b4040&gt;{&#xA;            msg: &#34;failed to WebSocket dial: expected handshake response status code 101 but got 404&#34;,&#xA;            err: &lt;*errors.errorString | 0xc0003c6000&gt;{&#xA;                s: &#34;expected handshake response status code 101 but got 404&#34;,&#xA;            },&#xA;        },&#xA;    }&#xA;occurred" type="failed">[FAILED] Unexpected error:&#xA;    &lt;*fmt.wrapError | 0xc0003b4060&gt;: &#xA;    failed to connect: failed to WebSocket dial: expected handshake response status code 101 but got 404&#xA;    {&#xA;        msg: &#34;failed to connect: failed to WebSocket dial: expected handshake response status code 101 but got 404&#34;,&#xA;        err: &lt;*fmt.wrapError | 0xc0003b4040&gt;{&#xA;            msg: &#34;failed to WebSocket dial: expected handshake response status code 101 but got 404&#34;,&#xA;            err: &lt;*errors.errorString | 0xc0003c6000&gt;{&#xA;                s: &#34;expected handshake response status code 101 but got 404&#34;,&#xA;            },&#xA;        },&#xA;    }&#xA;occurred&#xA;In [It] at: /Users/seancorkum/projects/devops-mcp/test/e2e/scenarios/performance_test.go:650 @ 07/03/25 17:10:29.358&#xA;&#xA;There were additional failures detected after the initial failure. These are visible in the timeline&#xA;</failure>
              <system-err>&gt; Enter [BeforeEach] Performance and Stress E2E Tests - /Users/seancorkum/projects/devops-mcp/test/e2e/scenarios/performance_test.go:31 @ 07/03/25 17:10:29.232&#xA;&lt; Exit [BeforeEach] Performance and Stress E2E Tests - /Users/seancorkum/projects/devops-mcp/test/e2e/scenarios/performance_test.go:31 @ 07/03/25 17:10:29.235 (3ms)&#xA;&gt; Enter [It] should demonstrate binary protocol efficiency - /Users/seancorkum/projects/devops-mcp/test/e2e/scenarios/performance_test.go:620 @ 07/03/25 17:10:29.236&#xA;[FAILED] Failure recorded during attempt 1:&#xA;Unexpected error:&#xA;    &lt;*fmt.wrapError | 0xc0002600c0&gt;: &#xA;    failed to connect: failed to WebSocket dial: expected handshake response status code 101 but got 404&#xA;    {&#xA;        msg: &#34;failed to connect: failed to WebSocket dial: expected handshake response status code 101 but got 404&#34;,&#xA;        err: &lt;*fmt.wrapError | 0xc0002600a0&gt;{&#xA;            msg: &#34;failed to WebSocket dial: expected handshake response status code 101 but got 404&#34;,&#xA;            err: &lt;*errors.errorString | 0xc0001b4010&gt;{&#xA;                s: &#34;expected handshake response status code 101 but got 404&#34;,&#xA;            },&#xA;        },&#xA;    }&#xA;occurred&#xA;In [It] at: /Users/seancorkum/projects/devops-mcp/test/e2e/scenarios/performance_test.go:650 @ 07/03/25 17:10:29.295&#xA;&lt; Exit [It] should demonstrate binary protocol efficiency - /Users/seancorkum/projects/devops-mcp/test/e2e/scenarios/performance_test.go:620 @ 07/03/25 17:10:29.295 (60ms)&#xA;&gt; Enter [AfterEach] Performance and Stress E2E Tests - /Users/seancorkum/projects/devops-mcp/test/e2e/scenarios/performance_test.go:41 @ 07/03/25 17:10:29.296&#xA;&lt; Exit [AfterEach] Performance and Stress E2E Tests - /Users/seancorkum/projects/devops-mcp/test/e2e/scenarios/performance_test.go:41 @ 07/03/25 17:10:29.298 (2ms)&#xA;&#xA;Attempt #1 Failed.  Retrying â†º @ 07/03/25 17:10:29.298&#xA;&#xA;&gt; Enter [BeforeEach] Performance and Stress E2E Tests - /Users/seancorkum/projects/devops-mcp/test/e2e/scenarios/performance_test.go:31 @ 07/03/25 17:10:29.298&#xA;&lt; Exit [BeforeEach] Performance and Stress E2E Tests - /Users/seancorkum/projects/devops-mcp/test/e2e/scenarios/performance_test.go:31 @ 07/03/25 17:10:29.3 (2ms)&#xA;&gt; Enter [It] should demonstrate binary protocol efficiency - /Users/seancorkum/projects/devops-mcp/test/e2e/scenarios/performance_test.go:620 @ 07/03/25 17:10:29.301&#xA;[FAILED] Unexpected error:&#xA;    &lt;*fmt.wrapError | 0xc0003b4060&gt;: &#xA;    failed to connect: failed to WebSocket dial: expected handshake response status code 101 but got 404&#xA;    {&#xA;        msg: &#34;failed to connect: failed to WebSocket dial: expected handshake response status code 101 but got 404&#34;,&#xA;        err: &lt;*fmt.wrapError | 0xc0003b4040&gt;{&#xA;            msg: &#34;failed to WebSocket dial: expected handshake response status code 101 but got 404&#34;,&#xA;            err: &lt;*errors.errorString | 0xc0003c6000&gt;{&#xA;                s: &#34;expected handshake response status code 101 but got 404&#34;,&#xA;            },&#xA;        },&#xA;    }&#xA;occurred&#xA;In [It] at: /Users/seancorkum/projects/devops-mcp/test/e2e/scenarios/performance_test.go:650 @ 07/03/25 17:10:29.358&#xA;&lt; Exit [It] should demonstrate binary protocol efficiency - /Users/seancorkum/projects/devops-mcp/test/e2e/scenarios/performance_test.go:620 @ 07/03/25 17:10:29.358 (57ms)&#xA;&gt; Enter [AfterEach] Performance and Stress E2E Tests - /Users/seancorkum/projects/devops-mcp/test/e2e/scenarios/performance_test.go:41 @ 07/03/25 17:10:29.358&#xA;&lt; Exit [AfterEach] Performance and Stress E2E Tests - /Users/seancorkum/projects/devops-mcp/test/e2e/scenarios/performance_test.go:41 @ 07/03/25 17:10:29.361 (2ms)&#xA;</system-err>
          </testcase>
          <testcase name="[It] Single Agent E2E Tests Tool Discovery and Execution should discover available tools" classname="Multi-Agent Collaboration E2E Test Suite" status="failed" time="0.113945785">
              <failure message="Unexpected error:&#xA;    &lt;*fmt.wrapError | 0xc000260160&gt;: &#xA;    failed to connect: failed to WebSocket dial: expected handshake response status code 101 but got 404&#xA;    {&#xA;        msg: &#34;failed to connect: failed to WebSocket dial: expected handshake response status code 101 but got 404&#34;,&#xA;        err: &lt;*fmt.wrapError | 0xc000260140&gt;{&#xA;            msg: &#34;failed to WebSocket dial: expected handshake response status code 101 but got 404&#34;,&#xA;            err: &lt;*errors.errorString | 0xc00031c010&gt;{&#xA;                s: &#34;expected handshake response status code 101 but got 404&#34;,&#xA;            },&#xA;        },&#xA;    }&#xA;occurred" type="failed">[FAILED] Unexpected error:&#xA;    &lt;*fmt.wrapError | 0xc000260160&gt;: &#xA;    failed to connect: failed to WebSocket dial: expected handshake response status code 101 but got 404&#xA;    {&#xA;        msg: &#34;failed to connect: failed to WebSocket dial: expected handshake response status code 101 but got 404&#34;,&#xA;        err: &lt;*fmt.wrapError | 0xc000260140&gt;{&#xA;            msg: &#34;failed to WebSocket dial: expected handshake response status code 101 but got 404&#34;,&#xA;            err: &lt;*errors.errorString | 0xc00031c010&gt;{&#xA;                s: &#34;expected handshake response status code 101 but got 404&#34;,&#xA;            },&#xA;        },&#xA;    }&#xA;occurred&#xA;In [It] at: /Users/seancorkum/projects/devops-mcp/test/e2e/scenarios/single_agent_test.go:183 @ 07/03/25 17:10:29.473&#xA;&#xA;There were additional failures detected after the initial failure. These are visible in the timeline&#xA;</failure>
              <system-err>&gt; Enter [BeforeEach] Single Agent E2E Tests - /Users/seancorkum/projects/devops-mcp/test/e2e/scenarios/single_agent_test.go:30 @ 07/03/25 17:10:29.361&#xA;&lt; Exit [BeforeEach] Single Agent E2E Tests - /Users/seancorkum/projects/devops-mcp/test/e2e/scenarios/single_agent_test.go:30 @ 07/03/25 17:10:29.364 (2ms)&#xA;&gt; Enter [It] should discover available tools - /Users/seancorkum/projects/devops-mcp/test/e2e/scenarios/single_agent_test.go:163 @ 07/03/25 17:10:29.364&#xA;[FAILED] Failure recorded during attempt 1:&#xA;Unexpected error:&#xA;    &lt;*fmt.wrapError | 0xc0000b23c0&gt;: &#xA;    failed to connect: failed to WebSocket dial: expected handshake response status code 101 but got 404&#xA;    {&#xA;        msg: &#34;failed to connect: failed to WebSocket dial: expected handshake response status code 101 but got 404&#34;,&#xA;        err: &lt;*fmt.wrapError | 0xc0000b2300&gt;{&#xA;            msg: &#34;failed to WebSocket dial: expected handshake response status code 101 but got 404&#34;,&#xA;            err: &lt;*errors.errorString | 0xc000334000&gt;{&#xA;                s: &#34;expected handshake response status code 101 but got 404&#34;,&#xA;            },&#xA;        },&#xA;    }&#xA;occurred&#xA;In [It] at: /Users/seancorkum/projects/devops-mcp/test/e2e/scenarios/single_agent_test.go:183 @ 07/03/25 17:10:29.413&#xA;&lt; Exit [It] should discover available tools - /Users/seancorkum/projects/devops-mcp/test/e2e/scenarios/single_agent_test.go:163 @ 07/03/25 17:10:29.413 (49ms)&#xA;&gt; Enter [AfterEach] Single Agent E2E Tests - /Users/seancorkum/projects/devops-mcp/test/e2e/scenarios/single_agent_test.go:40 @ 07/03/25 17:10:29.413&#xA;&lt; Exit [AfterEach] Single Agent E2E Tests - /Users/seancorkum/projects/devops-mcp/test/e2e/scenarios/single_agent_test.go:40 @ 07/03/25 17:10:29.415 (2ms)&#xA;&#xA;Attempt #1 Failed.  Retrying â†º @ 07/03/25 17:10:29.415&#xA;&#xA;&gt; Enter [BeforeEach] Single Agent E2E Tests - /Users/seancorkum/projects/devops-mcp/test/e2e/scenarios/single_agent_test.go:30 @ 07/03/25 17:10:29.415&#xA;&lt; Exit [BeforeEach] Single Agent E2E Tests - /Users/seancorkum/projects/devops-mcp/test/e2e/scenarios/single_agent_test.go:30 @ 07/03/25 17:10:29.418 (3ms)&#xA;&gt; Enter [It] should discover available tools - /Users/seancorkum/projects/devops-mcp/test/e2e/scenarios/single_agent_test.go:163 @ 07/03/25 17:10:29.418&#xA;[FAILED] Unexpected error:&#xA;    &lt;*fmt.wrapError | 0xc000260160&gt;: &#xA;    failed to connect: failed to WebSocket dial: expected handshake response status code 101 but got 404&#xA;    {&#xA;        msg: &#34;failed to connect: failed to WebSocket dial: expected handshake response status code 101 but got 404&#34;,&#xA;        err: &lt;*fmt.wrapError | 0xc000260140&gt;{&#xA;            msg: &#34;failed to WebSocket dial: expected handshake response status code 101 but got 404&#34;,&#xA;            err: &lt;*errors.errorString | 0xc00031c010&gt;{&#xA;                s: &#34;expected handshake response status code 101 but got 404&#34;,&#xA;            },&#xA;        },&#xA;    }&#xA;occurred&#xA;In [It] at: /Users/seancorkum/projects/devops-mcp/test/e2e/scenarios/single_agent_test.go:183 @ 07/03/25 17:10:29.473&#xA;&lt; Exit [It] should discover available tools - /Users/seancorkum/projects/devops-mcp/test/e2e/scenarios/single_agent_test.go:163 @ 07/03/25 17:10:29.473 (55ms)&#xA;&gt; Enter [AfterEach] Single Agent E2E Tests - /Users/seancorkum/projects/devops-mcp/test/e2e/scenarios/single_agent_test.go:40 @ 07/03/25 17:10:29.473&#xA;&lt; Exit [AfterEach] Single Agent E2E Tests - /Users/seancorkum/projects/devops-mcp/test/e2e/scenarios/single_agent_test.go:40 @ 07/03/25 17:10:29.475 (2ms)&#xA;</system-err>
          </testcase>
          <testcase name="[It] Single Agent E2E Tests Session Management should manage sessions correctly" classname="Multi-Agent Collaboration E2E Test Suite" status="failed" time="0.093273504">
              <failure message="Unexpected error:&#xA;    &lt;*fmt.wrapError | 0xc000260140&gt;: &#xA;    failed to connect: failed to WebSocket dial: expected handshake response status code 101 but got 404&#xA;    {&#xA;        msg: &#34;failed to connect: failed to WebSocket dial: expected handshake response status code 101 but got 404&#34;,&#xA;        err: &lt;*fmt.wrapError | 0xc000260120&gt;{&#xA;            msg: &#34;failed to WebSocket dial: expected handshake response status code 101 but got 404&#34;,&#xA;            err: &lt;*errors.errorString | 0xc00032bb10&gt;{&#xA;                s: &#34;expected handshake response status code 101 but got 404&#34;,&#xA;            },&#xA;        },&#xA;    }&#xA;occurred" type="failed">[FAILED] Unexpected error:&#xA;    &lt;*fmt.wrapError | 0xc000260140&gt;: &#xA;    failed to connect: failed to WebSocket dial: expected handshake response status code 101 but got 404&#xA;    {&#xA;        msg: &#34;failed to connect: failed to WebSocket dial: expected handshake response status code 101 but got 404&#34;,&#xA;        err: &lt;*fmt.wrapError | 0xc000260120&gt;{&#xA;            msg: &#34;failed to WebSocket dial: expected handshake response status code 101 but got 404&#34;,&#xA;            err: &lt;*errors.errorString | 0xc00032bb10&gt;{&#xA;                s: &#34;expected handshake response status code 101 but got 404&#34;,&#xA;            },&#xA;        },&#xA;    }&#xA;occurred&#xA;In [It] at: /Users/seancorkum/projects/devops-mcp/test/e2e/scenarios/single_agent_test.go:347 @ 07/03/25 17:10:29.567&#xA;&#xA;There were additional failures detected after the initial failure. These are visible in the timeline&#xA;</failure>
              <system-err>&gt; Enter [BeforeEach] Single Agent E2E Tests - /Users/seancorkum/projects/devops-mcp/test/e2e/scenarios/single_agent_test.go:30 @ 07/03/25 17:10:29.476&#xA;&lt; Exit [BeforeEach] Single Agent E2E Tests - /Users/seancorkum/projects/devops-mcp/test/e2e/scenarios/single_agent_test.go:30 @ 07/03/25 17:10:29.478 (2ms)&#xA;&gt; Enter [It] should manage sessions correctly - /Users/seancorkum/projects/devops-mcp/test/e2e/scenarios/single_agent_test.go:327 @ 07/03/25 17:10:29.478&#xA;[FAILED] Failure recorded during attempt 1:&#xA;Unexpected error:&#xA;    &lt;*fmt.wrapError | 0xc0000b23c0&gt;: &#xA;    failed to connect: failed to WebSocket dial: expected handshake response status code 101 but got 404&#xA;    {&#xA;        msg: &#34;failed to connect: failed to WebSocket dial: expected handshake response status code 101 but got 404&#34;,&#xA;        err: &lt;*fmt.wrapError | 0xc0000b2300&gt;{&#xA;            msg: &#34;failed to WebSocket dial: expected handshake response status code 101 but got 404&#34;,&#xA;            err: &lt;*errors.errorString | 0xc000294010&gt;{&#xA;                s: &#34;expected handshake response status code 101 but got 404&#34;,&#xA;            },&#xA;        },&#xA;    }&#xA;occurred&#xA;In [It] at: /Users/seancorkum/projects/devops-mcp/test/e2e/scenarios/single_agent_test.go:347 @ 07/03/25 17:10:29.522&#xA;&lt; Exit [It] should manage sessions correctly - /Users/seancorkum/projects/devops-mcp/test/e2e/scenarios/single_agent_test.go:327 @ 07/03/25 17:10:29.522 (43ms)&#xA;&gt; Enter [AfterEach] Single Agent E2E Tests - /Users/seancorkum/projects/devops-mcp/test/e2e/scenarios/single_agent_test.go:40 @ 07/03/25 17:10:29.522&#xA;&lt; Exit [AfterEach] Single Agent E2E Tests - /Users/seancorkum/projects/devops-mcp/test/e2e/scenarios/single_agent_test.go:40 @ 07/03/25 17:10:29.523 (1ms)&#xA;&#xA;Attempt #1 Failed.  Retrying â†º @ 07/03/25 17:10:29.523&#xA;&#xA;&gt; Enter [BeforeEach] Single Agent E2E Tests - /Users/seancorkum/projects/devops-mcp/test/e2e/scenarios/single_agent_test.go:30 @ 07/03/25 17:10:29.523&#xA;&lt; Exit [BeforeEach] Single Agent E2E Tests - /Users/seancorkum/projects/devops-mcp/test/e2e/scenarios/single_agent_test.go:30 @ 07/03/25 17:10:29.526 (3ms)&#xA;&gt; Enter [It] should manage sessions correctly - /Users/seancorkum/projects/devops-mcp/test/e2e/scenarios/single_agent_test.go:327 @ 07/03/25 17:10:29.526&#xA;[FAILED] Unexpected error:&#xA;    &lt;*fmt.wrapError | 0xc000260140&gt;: &#xA;    failed to connect: failed to WebSocket dial: expected handshake response status code 101 but got 404&#xA;    {&#xA;        msg: &#34;failed to connect: failed to WebSocket dial: expected handshake response status code 101 but got 404&#34;,&#xA;        err: &lt;*fmt.wrapError | 0xc000260120&gt;{&#xA;            msg: &#34;failed to WebSocket dial: expected handshake response status code 101 but got 404&#34;,&#xA;            err: &lt;*errors.errorString | 0xc00032bb10&gt;{&#xA;                s: &#34;expected handshake response status code 101 but got 404&#34;,&#xA;            },&#xA;        },&#xA;    }&#xA;occurred&#xA;In [It] at: /Users/seancorkum/projects/devops-mcp/test/e2e/scenarios/single_agent_test.go:347 @ 07/03/25 17:10:29.567&#xA;&lt; Exit [It] should manage sessions correctly - /Users/seancorkum/projects/devops-mcp/test/e2e/scenarios/single_agent_test.go:327 @ 07/03/25 17:10:29.567 (41ms)&#xA;&gt; Enter [AfterEach] Single Agent E2E Tests - /Users/seancorkum/projects/devops-mcp/test/e2e/scenarios/single_agent_test.go:40 @ 07/03/25 17:10:29.567&#xA;&lt; Exit [AfterEach] Single Agent E2E Tests - /Users/seancorkum/projects/devops-mcp/test/e2e/scenarios/single_agent_test.go:40 @ 07/03/25 17:10:29.569 (2ms)&#xA;</system-err>
          </testcase>
          <testcase name="[It] Multi-Agent Collaboration E2E Tests Code Review Workflow should coordinate code review between multiple agents" classname="Multi-Agent Collaboration E2E Test Suite" status="failed" time="0.257765155">
              <failure message="Unexpected error:&#xA;    &lt;*fmt.wrapError | 0xc00007e400&gt;: &#xA;    failed to connect: failed to WebSocket dial: expected handshake response status code 101 but got 404&#xA;    {&#xA;        msg: &#34;failed to connect: failed to WebSocket dial: expected handshake response status code 101 but got 404&#34;,&#xA;        err: &lt;*fmt.wrapError | 0xc00007e3e0&gt;{&#xA;            msg: &#34;failed to WebSocket dial: expected handshake response status code 101 but got 404&#34;,&#xA;            err: &lt;*errors.errorString | 0xc000210010&gt;{&#xA;                s: &#34;expected handshake response status code 101 but got 404&#34;,&#xA;            },&#xA;        },&#xA;    }&#xA;occurred" type="failed">[FAILED] Unexpected error:&#xA;    &lt;*fmt.wrapError | 0xc00007e400&gt;: &#xA;    failed to connect: failed to WebSocket dial: expected handshake response status code 101 but got 404&#xA;    {&#xA;        msg: &#34;failed to connect: failed to WebSocket dial: expected handshake response status code 101 but got 404&#34;,&#xA;        err: &lt;*fmt.wrapError | 0xc00007e3e0&gt;{&#xA;            msg: &#34;failed to WebSocket dial: expected handshake response status code 101 but got 404&#34;,&#xA;            err: &lt;*errors.errorString | 0xc000210010&gt;{&#xA;                s: &#34;expected handshake response status code 101 but got 404&#34;,&#xA;            },&#xA;        },&#xA;    }&#xA;occurred&#xA;In [It] at: /Users/seancorkum/projects/devops-mcp/test/e2e/scenarios/multi_agent_test.go:145 @ 07/03/25 17:10:29.057&#xA;&#xA;There were additional failures detected after the initial failure. These are visible in the timeline&#xA;</failure>
              <system-err>&gt; Enter [BeforeEach] Multi-Agent Collaboration E2E Tests - /Users/seancorkum/projects/devops-mcp/test/e2e/scenarios/multi_agent_test.go:28 @ 07/03/25 17:10:28.801&#xA;&lt; Exit [BeforeEach] Multi-Agent Collaboration E2E Tests - /Users/seancorkum/projects/devops-mcp/test/e2e/scenarios/multi_agent_test.go:28 @ 07/03/25 17:10:28.806 (4ms)&#xA;&gt; Enter [It] should coordinate code review between multiple agents - /Users/seancorkum/projects/devops-mcp/test/e2e/scenarios/multi_agent_test.go:126 @ 07/03/25 17:10:28.806&#xA;[FAILED] Failure recorded during attempt 1:&#xA;Unexpected error:&#xA;    &lt;*fmt.wrapError | 0xc00007e3e0&gt;: &#xA;    failed to connect: failed to WebSocket dial: expected handshake response status code 101 but got 404&#xA;    {&#xA;        msg: &#34;failed to connect: failed to WebSocket dial: expected handshake response status code 101 but got 404&#34;,&#xA;        err: &lt;*fmt.wrapError | 0xc00007e320&gt;{&#xA;            msg: &#34;failed to WebSocket dial: expected handshake response status code 101 but got 404&#34;,&#xA;            err: &lt;*errors.errorString | 0xc00027f3b0&gt;{&#xA;                s: &#34;expected handshake response status code 101 but got 404&#34;,&#xA;            },&#xA;        },&#xA;    }&#xA;occurred&#xA;In [It] at: /Users/seancorkum/projects/devops-mcp/test/e2e/scenarios/multi_agent_test.go:145 @ 07/03/25 17:10:29.011&#xA;&lt; Exit [It] should coordinate code review between multiple agents - /Users/seancorkum/projects/devops-mcp/test/e2e/scenarios/multi_agent_test.go:126 @ 07/03/25 17:10:29.011 (205ms)&#xA;&gt; Enter [AfterEach] Multi-Agent Collaboration E2E Tests - /Users/seancorkum/projects/devops-mcp/test/e2e/scenarios/multi_agent_test.go:38 @ 07/03/25 17:10:29.011&#xA;&lt; Exit [AfterEach] Multi-Agent Collaboration E2E Tests - /Users/seancorkum/projects/devops-mcp/test/e2e/scenarios/multi_agent_test.go:38 @ 07/03/25 17:10:29.013 (2ms)&#xA;&#xA;Attempt #1 Failed.  Retrying â†º @ 07/03/25 17:10:29.013&#xA;&#xA;&gt; Enter [BeforeEach] Multi-Agent Collaboration E2E Tests - /Users/seancorkum/projects/devops-mcp/test/e2e/scenarios/multi_agent_test.go:28 @ 07/03/25 17:10:29.013&#xA;&lt; Exit [BeforeEach] Multi-Agent Collaboration E2E Tests - /Users/seancorkum/projects/devops-mcp/test/e2e/scenarios/multi_agent_test.go:28 @ 07/03/25 17:10:29.018 (4ms)&#xA;&gt; Enter [It] should coordinate code review between multiple agents - /Users/seancorkum/projects/devops-mcp/test/e2e/scenarios/multi_agent_test.go:126 @ 07/03/25 17:10:29.018&#xA;[FAILED] Unexpected error:&#xA;    &lt;*fmt.wrapError | 0xc00007e400&gt;: &#xA;    failed to connect: failed to WebSocket dial: expected handshake response status code 101 but got 404&#xA;    {&#xA;        msg: &#34;failed to connect: failed to WebSocket dial: expected handshake response status code 101 but got 404&#34;,&#xA;        err: &lt;*fmt.wrapError | 0xc00007e3e0&gt;{&#xA;            msg: &#34;failed to WebSocket dial: expected handshake response status code 101 but got 404&#34;,&#xA;            err: &lt;*errors.errorString | 0xc000210010&gt;{&#xA;                s: &#34;expected handshake response status code 101 but got 404&#34;,&#xA;            },&#xA;        },&#xA;    }&#xA;occurred&#xA;In [It] at: /Users/seancorkum/projects/devops-mcp/test/e2e/scenarios/multi_agent_test.go:145 @ 07/03/25 17:10:29.057&#xA;&lt; Exit [It] should coordinate code review between multiple agents - /Users/seancorkum/projects/devops-mcp/test/e2e/scenarios/multi_agent_test.go:126 @ 07/03/25 17:10:29.057 (39ms)&#xA;&gt; Enter [AfterEach] Multi-Agent Collaboration E2E Tests - /Users/seancorkum/projects/devops-mcp/test/e2e/scenarios/multi_agent_test.go:38 @ 07/03/25 17:10:29.057&#xA;&lt; Exit [AfterEach] Multi-Agent Collaboration E2E Tests - /Users/seancorkum/projects/devops-mcp/test/e2e/scenarios/multi_agent_test.go:38 @ 07/03/25 17:10:29.059 (2ms)&#xA;</system-err>
          </testcase>
          <testcase name="[It] Multi-Agent Collaboration E2E Tests Agent Coordination should coordinate deployment pipeline across agents" classname="Multi-Agent Collaboration E2E Test Suite" status="failed" time="0.118101551">
              <failure message="Unexpected error:&#xA;    &lt;*fmt.wrapError | 0xc00007e320&gt;: &#xA;    failed to connect: failed to WebSocket dial: expected handshake response status code 101 but got 404&#xA;    {&#xA;        msg: &#34;failed to connect: failed to WebSocket dial: expected handshake response status code 101 but got 404&#34;,&#xA;        err: &lt;*fmt.wrapError | 0xc00007e260&gt;{&#xA;            msg: &#34;failed to WebSocket dial: expected handshake response status code 101 but got 404&#34;,&#xA;            err: &lt;*errors.errorString | 0xc00027e010&gt;{&#xA;                s: &#34;expected handshake response status code 101 but got 404&#34;,&#xA;            },&#xA;        },&#xA;    }&#xA;occurred" type="failed">[FAILED] Unexpected error:&#xA;    &lt;*fmt.wrapError | 0xc00007e320&gt;: &#xA;    failed to connect: failed to WebSocket dial: expected handshake response status code 101 but got 404&#xA;    {&#xA;        msg: &#34;failed to connect: failed to WebSocket dial: expected handshake response status code 101 but got 404&#34;,&#xA;        err: &lt;*fmt.wrapError | 0xc00007e260&gt;{&#xA;            msg: &#34;failed to WebSocket dial: expected handshake response status code 101 but got 404&#34;,&#xA;            err: &lt;*errors.errorString | 0xc00027e010&gt;{&#xA;                s: &#34;expected handshake response status code 101 but got 404&#34;,&#xA;            },&#xA;        },&#xA;    }&#xA;occurred&#xA;In [It] at: /Users/seancorkum/projects/devops-mcp/test/e2e/scenarios/multi_agent_test.go:582 @ 07/03/25 17:10:29.175&#xA;&#xA;There were additional failures detected after the initial failure. These are visible in the timeline&#xA;</failure>
              <system-err>&gt; Enter [BeforeEach] Multi-Agent Collaboration E2E Tests - /Users/seancorkum/projects/devops-mcp/test/e2e/scenarios/multi_agent_test.go:28 @ 07/03/25 17:10:29.06&#xA;&lt; Exit [BeforeEach] Multi-Agent Collaboration E2E Tests - /Users/seancorkum/projects/devops-mcp/test/e2e/scenarios/multi_agent_test.go:28 @ 07/03/25 17:10:29.063 (2ms)&#xA;&gt; Enter [It] should coordinate deployment pipeline across agents - /Users/seancorkum/projects/devops-mcp/test/e2e/scenarios/multi_agent_test.go:556 @ 07/03/25 17:10:29.063&#xA;[FAILED] Failure recorded during attempt 1:&#xA;Unexpected error:&#xA;    &lt;*fmt.wrapError | 0xc0002aa320&gt;: &#xA;    failed to connect: failed to WebSocket dial: expected handshake response status code 101 but got 404&#xA;    {&#xA;        msg: &#34;failed to connect: failed to WebSocket dial: expected handshake response status code 101 but got 404&#34;,&#xA;        err: &lt;*fmt.wrapError | 0xc0002aa300&gt;{&#xA;            msg: &#34;failed to WebSocket dial: expected handshake response status code 101 but got 404&#34;,&#xA;            err: &lt;*errors.errorString | 0xc00023e000&gt;{&#xA;                s: &#34;expected handshake response status code 101 but got 404&#34;,&#xA;            },&#xA;        },&#xA;    }&#xA;occurred&#xA;In [It] at: /Users/seancorkum/projects/devops-mcp/test/e2e/scenarios/multi_agent_test.go:582 @ 07/03/25 17:10:29.104&#xA;&lt; Exit [It] should coordinate deployment pipeline across agents - /Users/seancorkum/projects/devops-mcp/test/e2e/scenarios/multi_agent_test.go:556 @ 07/03/25 17:10:29.104 (41ms)&#xA;&gt; Enter [AfterEach] Multi-Agent Collaboration E2E Tests - /Users/seancorkum/projects/devops-mcp/test/e2e/scenarios/multi_agent_test.go:38 @ 07/03/25 17:10:29.105&#xA;&lt; Exit [AfterEach] Multi-Agent Collaboration E2E Tests - /Users/seancorkum/projects/devops-mcp/test/e2e/scenarios/multi_agent_test.go:38 @ 07/03/25 17:10:29.107 (2ms)&#xA;&#xA;Attempt #1 Failed.  Retrying â†º @ 07/03/25 17:10:29.107&#xA;&#xA;&gt; Enter [BeforeEach] Multi-Agent Collaboration E2E Tests - /Users/seancorkum/projects/devops-mcp/test/e2e/scenarios/multi_agent_test.go:28 @ 07/03/25 17:10:29.107&#xA;&lt; Exit [BeforeEach] Multi-Agent Collaboration E2E Tests - /Users/seancorkum/projects/devops-mcp/test/e2e/scenarios/multi_agent_test.go:28 @ 07/03/25 17:10:29.109 (3ms)&#xA;&gt; Enter [It] should coordinate deployment pipeline across agents - /Users/seancorkum/projects/devops-mcp/test/e2e/scenarios/multi_agent_test.go:556 @ 07/03/25 17:10:29.11&#xA;[FAILED] Unexpected error:&#xA;    &lt;*fmt.wrapError | 0xc00007e320&gt;: &#xA;    failed to connect: failed to WebSocket dial: expected handshake response status code 101 but got 404&#xA;    {&#xA;        msg: &#34;failed to connect: failed to WebSocket dial: expected handshake response status code 101 but got 404&#34;,&#xA;        err: &lt;*fmt.wrapError | 0xc00007e260&gt;{&#xA;            msg: &#34;failed to WebSocket dial: expected handshake response status code 101 but got 404&#34;,&#xA;            err: &lt;*errors.errorString | 0xc00027e010&gt;{&#xA;                s: &#34;expected handshake response status code 101 but got 404&#34;,&#xA;            },&#xA;        },&#xA;    }&#xA;occurred&#xA;In [It] at: /Users/seancorkum/projects/devops-mcp/test/e2e/scenarios/multi_agent_test.go:582 @ 07/03/25 17:10:29.175&#xA;&lt; Exit [It] should coordinate deployment pipeline across agents - /Users/seancorkum/projects/devops-mcp/test/e2e/scenarios/multi_agent_test.go:556 @ 07/03/25 17:10:29.175 (65ms)&#xA;&gt; Enter [AfterEach] Multi-Agent Collaboration E2E Tests - /Users/seancorkum/projects/devops-mcp/test/e2e/scenarios/multi_agent_test.go:38 @ 07/03/25 17:10:29.175&#xA;&lt; Exit [AfterEach] Multi-Agent Collaboration E2E Tests - /Users/seancorkum/projects/devops-mcp/test/e2e/scenarios/multi_agent_test.go:38 @ 07/03/25 17:10:29.178 (3ms)&#xA;</system-err>
          </testcase>
          <testcase name="[It] Performance and Stress E2E Tests Resource Utilization Tests should maintain stable performance under sustained load" classname="Multi-Agent Collaboration E2E Test Suite" status="failed" time="0.0960667">
              <failure message="Unexpected error:&#xA;    &lt;*fmt.wrapError | 0xc0003140a0&gt;: &#xA;    failed to connect: failed to WebSocket dial: expected handshake response status code 101 but got 404&#xA;    {&#xA;        msg: &#34;failed to connect: failed to WebSocket dial: expected handshake response status code 101 but got 404&#34;,&#xA;        err: &lt;*fmt.wrapError | 0xc000314080&gt;{&#xA;            msg: &#34;failed to WebSocket dial: expected handshake response status code 101 but got 404&#34;,&#xA;            err: &lt;*errors.errorString | 0xc00028e010&gt;{&#xA;                s: &#34;expected handshake response status code 101 but got 404&#34;,&#xA;            },&#xA;        },&#xA;    }&#xA;occurred" type="failed">[FAILED] Unexpected error:&#xA;    &lt;*fmt.wrapError | 0xc0003140a0&gt;: &#xA;    failed to connect: failed to WebSocket dial: expected handshake response status code 101 but got 404&#xA;    {&#xA;        msg: &#34;failed to connect: failed to WebSocket dial: expected handshake response status code 101 but got 404&#34;,&#xA;        err: &lt;*fmt.wrapError | 0xc000314080&gt;{&#xA;            msg: &#34;failed to WebSocket dial: expected handshake response status code 101 but got 404&#34;,&#xA;            err: &lt;*errors.errorString | 0xc00028e010&gt;{&#xA;                s: &#34;expected handshake response status code 101 but got 404&#34;,&#xA;            },&#xA;        },&#xA;    }&#xA;occurred&#xA;In [It] at: /Users/seancorkum/projects/devops-mcp/test/e2e/scenarios/performance_test.go:523 @ 07/03/25 17:10:29.274&#xA;&#xA;There were additional failures detected after the initial failure. These are visible in the timeline&#xA;</failure>
              <system-err>&gt; Enter [BeforeEach] Performance and Stress E2E Tests - /Users/seancorkum/projects/devops-mcp/test/e2e/scenarios/performance_test.go:31 @ 07/03/25 17:10:29.181&#xA;&lt; Exit [BeforeEach] Performance and Stress E2E Tests - /Users/seancorkum/projects/devops-mcp/test/e2e/scenarios/performance_test.go:31 @ 07/03/25 17:10:29.185 (4ms)&#xA;&gt; Enter [It] should maintain stable performance under sustained load - /Users/seancorkum/projects/devops-mcp/test/e2e/scenarios/performance_test.go:496 @ 07/03/25 17:10:29.185&#xA;[FAILED] Failure recorded during attempt 1:&#xA;Unexpected error:&#xA;    &lt;*fmt.wrapError | 0xc0002aa280&gt;: &#xA;    failed to connect: failed to WebSocket dial: expected handshake response status code 101 but got 404&#xA;    {&#xA;        msg: &#34;failed to connect: failed to WebSocket dial: expected handshake response status code 101 but got 404&#34;,&#xA;        err: &lt;*fmt.wrapError | 0xc0002aa260&gt;{&#xA;            msg: &#34;failed to WebSocket dial: expected handshake response status code 101 but got 404&#34;,&#xA;            err: &lt;*errors.errorString | 0xc000312010&gt;{&#xA;                s: &#34;expected handshake response status code 101 but got 404&#34;,&#xA;            },&#xA;        },&#xA;    }&#xA;occurred&#xA;In [It] at: /Users/seancorkum/projects/devops-mcp/test/e2e/scenarios/performance_test.go:523 @ 07/03/25 17:10:29.227&#xA;&lt; Exit [It] should maintain stable performance under sustained load - /Users/seancorkum/projects/devops-mcp/test/e2e/scenarios/performance_test.go:496 @ 07/03/25 17:10:29.227 (41ms)&#xA;&gt; Enter [AfterEach] Performance and Stress E2E Tests - /Users/seancorkum/projects/devops-mcp/test/e2e/scenarios/performance_test.go:41 @ 07/03/25 17:10:29.227&#xA;&lt; Exit [AfterEach] Performance and Stress E2E Tests - /Users/seancorkum/projects/devops-mcp/test/e2e/scenarios/performance_test.go:41 @ 07/03/25 17:10:29.229 (2ms)&#xA;&#xA;Attempt #1 Failed.  Retrying â†º @ 07/03/25 17:10:29.229&#xA;&#xA;&gt; Enter [BeforeEach] Performance and Stress E2E Tests - /Users/seancorkum/projects/devops-mcp/test/e2e/scenarios/performance_test.go:31 @ 07/03/25 17:10:29.229&#xA;&lt; Exit [BeforeEach] Performance and Stress E2E Tests - /Users/seancorkum/projects/devops-mcp/test/e2e/scenarios/performance_test.go:31 @ 07/03/25 17:10:29.233 (3ms)&#xA;&gt; Enter [It] should maintain stable performance under sustained load - /Users/seancorkum/projects/devops-mcp/test/e2e/scenarios/performance_test.go:496 @ 07/03/25 17:10:29.233&#xA;[FAILED] Unexpected error:&#xA;    &lt;*fmt.wrapError | 0xc0003140a0&gt;: &#xA;    failed to connect: failed to WebSocket dial: expected handshake response status code 101 but got 404&#xA;    {&#xA;        msg: &#34;failed to connect: failed to WebSocket dial: expected handshake response status code 101 but got 404&#34;,&#xA;        err: &lt;*fmt.wrapError | 0xc000314080&gt;{&#xA;            msg: &#34;failed to WebSocket dial: expected handshake response status code 101 but got 404&#34;,&#xA;            err: &lt;*errors.errorString | 0xc00028e010&gt;{&#xA;                s: &#34;expected handshake response status code 101 but got 404&#34;,&#xA;            },&#xA;        },&#xA;    }&#xA;occurred&#xA;In [It] at: /Users/seancorkum/projects/devops-mcp/test/e2e/scenarios/performance_test.go:523 @ 07/03/25 17:10:29.274&#xA;&lt; Exit [It] should maintain stable performance under sustained load - /Users/seancorkum/projects/devops-mcp/test/e2e/scenarios/performance_test.go:496 @ 07/03/25 17:10:29.274 (41ms)&#xA;&gt; Enter [AfterEach] Performance and Stress E2E Tests - /Users/seancorkum/projects/devops-mcp/test/e2e/scenarios/performance_test.go:41 @ 07/03/25 17:10:29.274&#xA;&lt; Exit [AfterEach] Performance and Stress E2E Tests - /Users/seancorkum/projects/devops-mcp/test/e2e/scenarios/performance_test.go:41 @ 07/03/25 17:10:29.277 (2ms)&#xA;</system-err>
          </testcase>
          <testcase name="[It] Single Agent E2E Tests Basic Agent Lifecycle should handle reconnection" classname="Multi-Agent Collaboration E2E Test Suite" status="failed" time="0.116087704">
              <failure message="Unexpected error:&#xA;    &lt;*fmt.wrapError | 0xc0002aa2a0&gt;: &#xA;    failed to connect: failed to WebSocket dial: expected handshake response status code 101 but got 404&#xA;    {&#xA;        msg: &#34;failed to connect: failed to WebSocket dial: expected handshake response status code 101 but got 404&#34;,&#xA;        err: &lt;*fmt.wrapError | 0xc0002aa280&gt;{&#xA;            msg: &#34;failed to WebSocket dial: expected handshake response status code 101 but got 404&#34;,&#xA;            err: &lt;*errors.errorString | 0xc000518210&gt;{&#xA;                s: &#34;expected handshake response status code 101 but got 404&#34;,&#xA;            },&#xA;        },&#xA;    }&#xA;occurred" type="failed">[FAILED] Unexpected error:&#xA;    &lt;*fmt.wrapError | 0xc0002aa2a0&gt;: &#xA;    failed to connect: failed to WebSocket dial: expected handshake response status code 101 but got 404&#xA;    {&#xA;        msg: &#34;failed to connect: failed to WebSocket dial: expected handshake response status code 101 but got 404&#34;,&#xA;        err: &lt;*fmt.wrapError | 0xc0002aa280&gt;{&#xA;            msg: &#34;failed to WebSocket dial: expected handshake response status code 101 but got 404&#34;,&#xA;            err: &lt;*errors.errorString | 0xc000518210&gt;{&#xA;                s: &#34;expected handshake response status code 101 but got 404&#34;,&#xA;            },&#xA;        },&#xA;    }&#xA;occurred&#xA;In [It] at: /Users/seancorkum/projects/devops-mcp/test/e2e/scenarios/single_agent_test.go:129 @ 07/03/25 17:10:29.391&#xA;&#xA;There were additional failures detected after the initial failure. These are visible in the timeline&#xA;</failure>
              <system-err>&gt; Enter [BeforeEach] Single Agent E2E Tests - /Users/seancorkum/projects/devops-mcp/test/e2e/scenarios/single_agent_test.go:30 @ 07/03/25 17:10:29.277&#xA;&lt; Exit [BeforeEach] Single Agent E2E Tests - /Users/seancorkum/projects/devops-mcp/test/e2e/scenarios/single_agent_test.go:30 @ 07/03/25 17:10:29.28 (3ms)&#xA;&gt; Enter [It] should handle reconnection - /Users/seancorkum/projects/devops-mcp/test/e2e/scenarios/single_agent_test.go:107 @ 07/03/25 17:10:29.28&#xA;[FAILED] Failure recorded during attempt 1:&#xA;Unexpected error:&#xA;    &lt;*fmt.wrapError | 0xc0002aa2a0&gt;: &#xA;    failed to connect: failed to WebSocket dial: expected handshake response status code 101 but got 404&#xA;    {&#xA;        msg: &#34;failed to connect: failed to WebSocket dial: expected handshake response status code 101 but got 404&#34;,&#xA;        err: &lt;*fmt.wrapError | 0xc0002aa280&gt;{&#xA;            msg: &#34;failed to WebSocket dial: expected handshake response status code 101 but got 404&#34;,&#xA;            err: &lt;*errors.errorString | 0xc000214000&gt;{&#xA;                s: &#34;expected handshake response status code 101 but got 404&#34;,&#xA;            },&#xA;        },&#xA;    }&#xA;occurred&#xA;In [It] at: /Users/seancorkum/projects/devops-mcp/test/e2e/scenarios/single_agent_test.go:129 @ 07/03/25 17:10:29.32&#xA;&lt; Exit [It] should handle reconnection - /Users/seancorkum/projects/devops-mcp/test/e2e/scenarios/single_agent_test.go:107 @ 07/03/25 17:10:29.32 (40ms)&#xA;&gt; Enter [AfterEach] Single Agent E2E Tests - /Users/seancorkum/projects/devops-mcp/test/e2e/scenarios/single_agent_test.go:40 @ 07/03/25 17:10:29.321&#xA;&lt; Exit [AfterEach] Single Agent E2E Tests - /Users/seancorkum/projects/devops-mcp/test/e2e/scenarios/single_agent_test.go:40 @ 07/03/25 17:10:29.322 (2ms)&#xA;&#xA;Attempt #1 Failed.  Retrying â†º @ 07/03/25 17:10:29.322&#xA;&#xA;&gt; Enter [BeforeEach] Single Agent E2E Tests - /Users/seancorkum/projects/devops-mcp/test/e2e/scenarios/single_agent_test.go:30 @ 07/03/25 17:10:29.322&#xA;&lt; Exit [BeforeEach] Single Agent E2E Tests - /Users/seancorkum/projects/devops-mcp/test/e2e/scenarios/single_agent_test.go:30 @ 07/03/25 17:10:29.325 (2ms)&#xA;&gt; Enter [It] should handle reconnection - /Users/seancorkum/projects/devops-mcp/test/e2e/scenarios/single_agent_test.go:107 @ 07/03/25 17:10:29.325&#xA;[FAILED] Unexpected error:&#xA;    &lt;*fmt.wrapError | 0xc0002aa2a0&gt;: &#xA;    failed to connect: failed to WebSocket dial: expected handshake response status code 101 but got 404&#xA;    {&#xA;        msg: &#34;failed to connect: failed to WebSocket dial: expected handshake response status code 101 but got 404&#34;,&#xA;        err: &lt;*fmt.wrapError | 0xc0002aa280&gt;{&#xA;            msg: &#34;failed to WebSocket dial: expected handshake response status code 101 but got 404&#34;,&#xA;            err: &lt;*errors.errorString | 0xc000518210&gt;{&#xA;                s: &#34;expected handshake response status code 101 but got 404&#34;,&#xA;            },&#xA;        },&#xA;    }&#xA;occurred&#xA;In [It] at: /Users/seancorkum/projects/devops-mcp/test/e2e/scenarios/single_agent_test.go:129 @ 07/03/25 17:10:29.391&#xA;&lt; Exit [It] should handle reconnection - /Users/seancorkum/projects/devops-mcp/test/e2e/scenarios/single_agent_test.go:107 @ 07/03/25 17:10:29.391 (66ms)&#xA;&gt; Enter [AfterEach] Single Agent E2E Tests - /Users/seancorkum/projects/devops-mcp/test/e2e/scenarios/single_agent_test.go:40 @ 07/03/25 17:10:29.391&#xA;&lt; Exit [AfterEach] Single Agent E2E Tests - /Users/seancorkum/projects/devops-mcp/test/e2e/scenarios/single_agent_test.go:40 @ 07/03/25 17:10:29.393 (2ms)&#xA;</system-err>
          </testcase>
          <testcase name="[It] Single Agent E2E Tests Context Management should create and retrieve context" classname="Multi-Agent Collaboration E2E Test Suite" status="failed" time="0.085910036">
              <failure message="Unexpected error:&#xA;    &lt;*fmt.wrapError | 0xc00007e420&gt;: &#xA;    failed to connect: failed to WebSocket dial: expected handshake response status code 101 but got 404&#xA;    {&#xA;        msg: &#34;failed to connect: failed to WebSocket dial: expected handshake response status code 101 but got 404&#34;,&#xA;        err: &lt;*fmt.wrapError | 0xc00007e400&gt;{&#xA;            msg: &#34;failed to WebSocket dial: expected handshake response status code 101 but got 404&#34;,&#xA;            err: &lt;*errors.errorString | 0xc00028e010&gt;{&#xA;                s: &#34;expected handshake response status code 101 but got 404&#34;,&#xA;            },&#xA;        },&#xA;    }&#xA;occurred" type="failed">[FAILED] Unexpected error:&#xA;    &lt;*fmt.wrapError | 0xc00007e420&gt;: &#xA;    failed to connect: failed to WebSocket dial: expected handshake response status code 101 but got 404&#xA;    {&#xA;        msg: &#34;failed to connect: failed to WebSocket dial: expected handshake response status code 101 but got 404&#34;,&#xA;        err: &lt;*fmt.wrapError | 0xc00007e400&gt;{&#xA;            msg: &#34;failed to WebSocket dial: expected handshake response status code 101 but got 404&#34;,&#xA;            err: &lt;*errors.errorString | 0xc00028e010&gt;{&#xA;                s: &#34;expected handshake response status code 101 but got 404&#34;,&#xA;            },&#xA;        },&#xA;    }&#xA;occurred&#xA;In [It] at: /Users/seancorkum/projects/devops-mcp/test/e2e/scenarios/single_agent_test.go:285 @ 07/03/25 17:10:29.478&#xA;&#xA;There were additional failures detected after the initial failure. These are visible in the timeline&#xA;</failure>
              <system-err>&gt; Enter [BeforeEach] Single Agent E2E Tests - /Users/seancorkum/projects/devops-mcp/test/e2e/scenarios/single_agent_test.go:30 @ 07/03/25 17:10:29.394&#xA;&lt; Exit [BeforeEach] Single Agent E2E Tests - /Users/seancorkum/projects/devops-mcp/test/e2e/scenarios/single_agent_test.go:30 @ 07/03/25 17:10:29.397 (2ms)&#xA;&gt; Enter [It] should create and retrieve context - /Users/seancorkum/projects/devops-mcp/test/e2e/scenarios/single_agent_test.go:265 @ 07/03/25 17:10:29.397&#xA;[FAILED] Failure recorded during attempt 1:&#xA;Unexpected error:&#xA;    &lt;*fmt.wrapError | 0xc00007e420&gt;: &#xA;    failed to connect: failed to WebSocket dial: expected handshake response status code 101 but got 404&#xA;    {&#xA;        msg: &#34;failed to connect: failed to WebSocket dial: expected handshake response status code 101 but got 404&#34;,&#xA;        err: &lt;*fmt.wrapError | 0xc00007e400&gt;{&#xA;            msg: &#34;failed to WebSocket dial: expected handshake response status code 101 but got 404&#34;,&#xA;            err: &lt;*errors.errorString | 0xc000518000&gt;{&#xA;                s: &#34;expected handshake response status code 101 but got 404&#34;,&#xA;            },&#xA;        },&#xA;    }&#xA;occurred&#xA;In [It] at: /Users/seancorkum/projects/devops-mcp/test/e2e/scenarios/single_agent_test.go:285 @ 07/03/25 17:10:29.438&#xA;&lt; Exit [It] should create and retrieve context - /Users/seancorkum/projects/devops-mcp/test/e2e/scenarios/single_agent_test.go:265 @ 07/03/25 17:10:29.438 (41ms)&#xA;&gt; Enter [AfterEach] Single Agent E2E Tests - /Users/seancorkum/projects/devops-mcp/test/e2e/scenarios/single_agent_test.go:40 @ 07/03/25 17:10:29.438&#xA;&lt; Exit [AfterEach] Single Agent E2E Tests - /Users/seancorkum/projects/devops-mcp/test/e2e/scenarios/single_agent_test.go:40 @ 07/03/25 17:10:29.44 (2ms)&#xA;&#xA;Attempt #1 Failed.  Retrying â†º @ 07/03/25 17:10:29.44&#xA;&#xA;&gt; Enter [BeforeEach] Single Agent E2E Tests - /Users/seancorkum/projects/devops-mcp/test/e2e/scenarios/single_agent_test.go:30 @ 07/03/25 17:10:29.441&#xA;&lt; Exit [BeforeEach] Single Agent E2E Tests - /Users/seancorkum/projects/devops-mcp/test/e2e/scenarios/single_agent_test.go:30 @ 07/03/25 17:10:29.443 (2ms)&#xA;&gt; Enter [It] should create and retrieve context - /Users/seancorkum/projects/devops-mcp/test/e2e/scenarios/single_agent_test.go:265 @ 07/03/25 17:10:29.443&#xA;[FAILED] Unexpected error:&#xA;    &lt;*fmt.wrapError | 0xc00007e420&gt;: &#xA;    failed to connect: failed to WebSocket dial: expected handshake response status code 101 but got 404&#xA;    {&#xA;        msg: &#34;failed to connect: failed to WebSocket dial: expected handshake response status code 101 but got 404&#34;,&#xA;        err: &lt;*fmt.wrapError | 0xc00007e400&gt;{&#xA;            msg: &#34;failed to WebSocket dial: expected handshake response status code 101 but got 404&#34;,&#xA;            err: &lt;*errors.errorString | 0xc00028e010&gt;{&#xA;                s: &#34;expected handshake response status code 101 but got 404&#34;,&#xA;            },&#xA;        },&#xA;    }&#xA;occurred&#xA;In [It] at: /Users/seancorkum/projects/devops-mcp/test/e2e/scenarios/single_agent_test.go:285 @ 07/03/25 17:10:29.478&#xA;&lt; Exit [It] should create and retrieve context - /Users/seancorkum/projects/devops-mcp/test/e2e/scenarios/single_agent_test.go:265 @ 07/03/25 17:10:29.478 (35ms)&#xA;&gt; Enter [AfterEach] Single Agent E2E Tests - /Users/seancorkum/projects/devops-mcp/test/e2e/scenarios/single_agent_test.go:40 @ 07/03/25 17:10:29.478&#xA;&lt; Exit [AfterEach] Single Agent E2E Tests - /Users/seancorkum/projects/devops-mcp/test/e2e/scenarios/single_agent_test.go:40 @ 07/03/25 17:10:29.48 (2ms)&#xA;</system-err>
          </testcase>
          <testcase name="[It] Single Agent E2E Tests Error Handling should handle authentication errors" classname="Multi-Agent Collaboration E2E Test Suite" status="passed" time="0.006354048">
              <system-out>ï¿½[32mâœ“ï¿½[0m auth_error_handling (10.914Âµs)&#xA;</system-out>
              <system-err>&gt; Enter [BeforeEach] Single Agent E2E Tests - /Users/seancorkum/projects/devops-mcp/test/e2e/scenarios/single_agent_test.go:30 @ 07/03/25 17:10:29.481&#xA;&lt; Exit [BeforeEach] Single Agent E2E Tests - /Users/seancorkum/projects/devops-mcp/test/e2e/scenarios/single_agent_test.go:30 @ 07/03/25 17:10:29.483 (3ms)&#xA;&gt; Enter [It] should handle authentication errors - /Users/seancorkum/projects/devops-mcp/test/e2e/scenarios/single_agent_test.go:398 @ 07/03/25 17:10:29.483&#xA;&lt; Exit [It] should handle authentication errors - /Users/seancorkum/projects/devops-mcp/test/e2e/scenarios/single_agent_test.go:398 @ 07/03/25 17:10:29.483 (0s)&#xA;&gt; Enter [AfterEach] Single Agent E2E Tests - /Users/seancorkum/projects/devops-mcp/test/e2e/scenarios/single_agent_test.go:40 @ 07/03/25 17:10:29.484&#xA;&lt; Exit [AfterEach] Single Agent E2E Tests - /Users/seancorkum/projects/devops-mcp/test/e2e/scenarios/single_agent_test.go:40 @ 07/03/25 17:10:29.487 (3ms)&#xA;</system-err>
          </testcase>
          <testcase name="[It] Single Agent E2E Tests Error Handling should handle timeout scenarios" classname="Multi-Agent Collaboration E2E Test Suite" status="failed" time="0.084007653">
              <failure message="Unexpected error:&#xA;    &lt;*fmt.wrapError | 0xc0003140e0&gt;: &#xA;    failed to connect: failed to WebSocket dial: expected handshake response status code 101 but got 404&#xA;    {&#xA;        msg: &#34;failed to connect: failed to WebSocket dial: expected handshake response status code 101 but got 404&#34;,&#xA;        err: &lt;*fmt.wrapError | 0xc0003140c0&gt;{&#xA;            msg: &#34;failed to WebSocket dial: expected handshake response status code 101 but got 404&#34;,&#xA;            err: &lt;*errors.errorString | 0xc000312010&gt;{&#xA;                s: &#34;expected handshake response status code 101 but got 404&#34;,&#xA;            },&#xA;        },&#xA;    }&#xA;occurred" type="failed">[FAILED] Unexpected error:&#xA;    &lt;*fmt.wrapError | 0xc0003140e0&gt;: &#xA;    failed to connect: failed to WebSocket dial: expected handshake response status code 101 but got 404&#xA;    {&#xA;        msg: &#34;failed to connect: failed to WebSocket dial: expected handshake response status code 101 but got 404&#34;,&#xA;        err: &lt;*fmt.wrapError | 0xc0003140c0&gt;{&#xA;            msg: &#34;failed to WebSocket dial: expected handshake response status code 101 but got 404&#34;,&#xA;            err: &lt;*errors.errorString | 0xc000312010&gt;{&#xA;                s: &#34;expected handshake response status code 101 but got 404&#34;,&#xA;            },&#xA;        },&#xA;    }&#xA;occurred&#xA;In [It] at: /Users/seancorkum/projects/devops-mcp/test/e2e/scenarios/single_agent_test.go:488 @ 07/03/25 17:10:29.569&#xA;&#xA;There were additional failures detected after the initial failure. These are visible in the timeline&#xA;</failure>
              <system-err>&gt; Enter [BeforeEach] Single Agent E2E Tests - /Users/seancorkum/projects/devops-mcp/test/e2e/scenarios/single_agent_test.go:30 @ 07/03/25 17:10:29.488&#xA;&lt; Exit [BeforeEach] Single Agent E2E Tests - /Users/seancorkum/projects/devops-mcp/test/e2e/scenarios/single_agent_test.go:30 @ 07/03/25 17:10:29.49 (2ms)&#xA;&gt; Enter [It] should handle timeout scenarios - /Users/seancorkum/projects/devops-mcp/test/e2e/scenarios/single_agent_test.go:468 @ 07/03/25 17:10:29.49&#xA;[FAILED] Failure recorded during attempt 1:&#xA;Unexpected error:&#xA;    &lt;*fmt.wrapError | 0xc0002aa340&gt;: &#xA;    failed to connect: failed to WebSocket dial: expected handshake response status code 101 but got 404&#xA;    {&#xA;        msg: &#34;failed to connect: failed to WebSocket dial: expected handshake response status code 101 but got 404&#34;,&#xA;        err: &lt;*fmt.wrapError | 0xc0002aa320&gt;{&#xA;            msg: &#34;failed to WebSocket dial: expected handshake response status code 101 but got 404&#34;,&#xA;            err: &lt;*errors.errorString | 0xc000604060&gt;{&#xA;                s: &#34;expected handshake response status code 101 but got 404&#34;,&#xA;            },&#xA;        },&#xA;    }&#xA;occurred&#xA;In [It] at: /Users/seancorkum/projects/devops-mcp/test/e2e/scenarios/single_agent_test.go:488 @ 07/03/25 17:10:29.528&#xA;&lt; Exit [It] should handle timeout scenarios - /Users/seancorkum/projects/devops-mcp/test/e2e/scenarios/single_agent_test.go:468 @ 07/03/25 17:10:29.528 (38ms)&#xA;&gt; Enter [AfterEach] Single Agent E2E Tests - /Users/seancorkum/projects/devops-mcp/test/e2e/scenarios/single_agent_test.go:40 @ 07/03/25 17:10:29.528&#xA;&lt; Exit [AfterEach] Single Agent E2E Tests - /Users/seancorkum/projects/devops-mcp/test/e2e/scenarios/single_agent_test.go:40 @ 07/03/25 17:10:29.53 (2ms)&#xA;&#xA;Attempt #1 Failed.  Retrying â†º @ 07/03/25 17:10:29.53&#xA;&#xA;&gt; Enter [BeforeEach] Single Agent E2E Tests - /Users/seancorkum/projects/devops-mcp/test/e2e/scenarios/single_agent_test.go:30 @ 07/03/25 17:10:29.531&#xA;&lt; Exit [BeforeEach] Single Agent E2E Tests - /Users/seancorkum/projects/devops-mcp/test/e2e/scenarios/single_agent_test.go:30 @ 07/03/25 17:10:29.533 (3ms)&#xA;&gt; Enter [It] should handle timeout scenarios - /Users/seancorkum/projects/devops-mcp/test/e2e/scenarios/single_agent_test.go:468 @ 07/03/25 17:10:29.533&#xA;[FAILED] Unexpected error:&#xA;    &lt;*fmt.wrapError | 0xc0003140e0&gt;: &#xA;    failed to connect: failed to WebSocket dial: expected handshake response status code 101 but got 404&#xA;    {&#xA;        msg: &#34;failed to connect: failed to WebSocket dial: expected handshake response status code 101 but got 404&#34;,&#xA;        err: &lt;*fmt.wrapError | 0xc0003140c0&gt;{&#xA;            msg: &#34;failed to WebSocket dial: expected handshake response status code 101 but got 404&#34;,&#xA;            err: &lt;*errors.errorString | 0xc000312010&gt;{&#xA;                s: &#34;expected handshake response status code 101 but got 404&#34;,&#xA;            },&#xA;        },&#xA;    }&#xA;occurred&#xA;In [It] at: /Users/seancorkum/projects/devops-mcp/test/e2e/scenarios/single_agent_test.go:488 @ 07/03/25 17:10:29.569&#xA;&lt; Exit [It] should handle timeout scenarios - /Users/seancorkum/projects/devops-mcp/test/e2e/scenarios/single_agent_test.go:468 @ 07/03/25 17:10:29.569 (36ms)&#xA;&gt; Enter [AfterEach] Single Agent E2E Tests - /Users/seancorkum/projects/devops-mcp/test/e2e/scenarios/single_agent_test.go:40 @ 07/03/25 17:10:29.57&#xA;&lt; Exit [AfterEach] Single Agent E2E Tests - /Users/seancorkum/projects/devops-mcp/test/e2e/scenarios/single_agent_test.go:40 @ 07/03/25 17:10:29.572 (2ms)&#xA;</system-err>
          </testcase>
          <testcase name="[It] Multi-Agent Collaboration E2E Tests Basic Multi-Agent Setup should connect multiple agents simultaneously" classname="Multi-Agent Collaboration E2E Test Suite" status="failed" time="0.322206039">
              <failure message="Expected&#xA;    &lt;int&gt;: 3&#xA;to equal&#xA;    &lt;int&gt;: 0" type="failed">[FAILED] Expected&#xA;    &lt;int&gt;: 3&#xA;to equal&#xA;    &lt;int&gt;: 0&#xA;In [It] at: /Users/seancorkum/projects/devops-mcp/test/e2e/scenarios/multi_agent_test.go:114 @ 07/03/25 17:10:29.121&#xA;&#xA;There were additional failures detected after the initial failure. These are visible in the timeline&#xA;</failure>
              <system-out>[17:10:29] [ERROR] multi-agent: Connection error: failed to connect: failed to WebSocket dial: expected handshake response status code 101 but got 404&#xA;[17:10:29] [ERROR] multi-agent: Connection error: failed to connect: failed to WebSocket dial: expected handshake response status code 101 but got 404&#xA;[17:10:29] [ERROR] multi-agent: Connection error: failed to connect: failed to WebSocket dial: expected handshake response status code 101 but got 404&#xA;[17:10:29] [ERROR] multi-agent: Connection error: failed to connect: failed to WebSocket dial: expected handshake response status code 101 but got 404&#xA;[17:10:29] [ERROR] multi-agent: Connection error: failed to connect: failed to WebSocket dial: expected handshake response status code 101 but got 404&#xA;[17:10:29] [ERROR] multi-agent: Connection error: failed to connect: failed to WebSocket dial: expected handshake response status code 101 but got 404&#xA;</system-out>
              <system-err>&gt; Enter [BeforeEach] Multi-Agent Collaboration E2E Tests - /Users/seancorkum/projects/devops-mcp/test/e2e/scenarios/multi_agent_test.go:28 @ 07/03/25 17:10:28.801&#xA;&lt; Exit [BeforeEach] Multi-Agent Collaboration E2E Tests - /Users/seancorkum/projects/devops-mcp/test/e2e/scenarios/multi_agent_test.go:28 @ 07/03/25 17:10:28.805 (4ms)&#xA;&gt; Enter [It] should connect multiple agents simultaneously - /Users/seancorkum/projects/devops-mcp/test/e2e/scenarios/multi_agent_test.go:45 @ 07/03/25 17:10:28.806&#xA;[FAILED] Failure recorded during attempt 1:&#xA;Expected&#xA;    &lt;int&gt;: 3&#xA;to equal&#xA;    &lt;int&gt;: 0&#xA;In [It] at: /Users/seancorkum/projects/devops-mcp/test/e2e/scenarios/multi_agent_test.go:114 @ 07/03/25 17:10:29.03&#xA;&lt; Exit [It] should connect multiple agents simultaneously - /Users/seancorkum/projects/devops-mcp/test/e2e/scenarios/multi_agent_test.go:45 @ 07/03/25 17:10:29.03 (224ms)&#xA;&gt; Enter [AfterEach] Multi-Agent Collaboration E2E Tests - /Users/seancorkum/projects/devops-mcp/test/e2e/scenarios/multi_agent_test.go:38 @ 07/03/25 17:10:29.03&#xA;&lt; Exit [AfterEach] Multi-Agent Collaboration E2E Tests - /Users/seancorkum/projects/devops-mcp/test/e2e/scenarios/multi_agent_test.go:38 @ 07/03/25 17:10:29.032 (2ms)&#xA;&#xA;Attempt #1 Failed.  Retrying â†º @ 07/03/25 17:10:29.032&#xA;&#xA;&gt; Enter [BeforeEach] Multi-Agent Collaboration E2E Tests - /Users/seancorkum/projects/devops-mcp/test/e2e/scenarios/multi_agent_test.go:28 @ 07/03/25 17:10:29.032&#xA;&lt; Exit [BeforeEach] Multi-Agent Collaboration E2E Tests - /Users/seancorkum/projects/devops-mcp/test/e2e/scenarios/multi_agent_test.go:28 @ 07/03/25 17:10:29.035 (3ms)&#xA;&gt; Enter [It] should connect multiple agents simultaneously - /Users/seancorkum/projects/devops-mcp/test/e2e/scenarios/multi_agent_test.go:45 @ 07/03/25 17:10:29.035&#xA;[FAILED] Expected&#xA;    &lt;int&gt;: 3&#xA;to equal&#xA;    &lt;int&gt;: 0&#xA;In [It] at: /Users/seancorkum/projects/devops-mcp/test/e2e/scenarios/multi_agent_test.go:114 @ 07/03/25 17:10:29.121&#xA;&lt; Exit [It] should connect multiple agents simultaneously - /Users/seancorkum/projects/devops-mcp/test/e2e/scenarios/multi_agent_test.go:45 @ 07/03/25 17:10:29.121 (86ms)&#xA;&gt; Enter [AfterEach] Multi-Agent Collaboration E2E Tests - /Users/seancorkum/projects/devops-mcp/test/e2e/scenarios/multi_agent_test.go:38 @ 07/03/25 17:10:29.121&#xA;&lt; Exit [AfterEach] Multi-Agent Collaboration E2E Tests - /Users/seancorkum/projects/devops-mcp/test/e2e/scenarios/multi_agent_test.go:38 @ 07/03/25 17:10:29.123 (2ms)&#xA;</system-err>
          </testcase>
          <testcase name="[It] Performance and Stress E2E Tests Message Throughput Tests should handle large message payloads" classname="Multi-Agent Collaboration E2E Test Suite" status="failed" time="0.147883712">
              <failure message="Unexpected error:&#xA;    &lt;*fmt.wrapError | 0xc00007e420&gt;: &#xA;    failed to connect: failed to WebSocket dial: expected handshake response status code 101 but got 404&#xA;    {&#xA;        msg: &#34;failed to connect: failed to WebSocket dial: expected handshake response status code 101 but got 404&#34;,&#xA;        err: &lt;*fmt.wrapError | 0xc00007e400&gt;{&#xA;            msg: &#34;failed to WebSocket dial: expected handshake response status code 101 but got 404&#34;,&#xA;            err: &lt;*errors.errorString | 0xc000038010&gt;{&#xA;                s: &#34;expected handshake response status code 101 but got 404&#34;,&#xA;            },&#xA;        },&#xA;    }&#xA;occurred" type="failed">[FAILED] Unexpected error:&#xA;    &lt;*fmt.wrapError | 0xc00007e420&gt;: &#xA;    failed to connect: failed to WebSocket dial: expected handshake response status code 101 but got 404&#xA;    {&#xA;        msg: &#34;failed to connect: failed to WebSocket dial: expected handshake response status code 101 but got 404&#34;,&#xA;        err: &lt;*fmt.wrapError | 0xc00007e400&gt;{&#xA;            msg: &#34;failed to WebSocket dial: expected handshake response status code 101 but got 404&#34;,&#xA;            err: &lt;*errors.errorString | 0xc000038010&gt;{&#xA;                s: &#34;expected handshake response status code 101 but got 404&#34;,&#xA;            },&#xA;        },&#xA;    }&#xA;occurred&#xA;In [It] at: /Users/seancorkum/projects/devops-mcp/test/e2e/scenarios/performance_test.go:428 @ 07/03/25 17:10:29.27&#xA;&#xA;There were additional failures detected after the initial failure. These are visible in the timeline&#xA;</failure>
              <system-err>&gt; Enter [BeforeEach] Performance and Stress E2E Tests - /Users/seancorkum/projects/devops-mcp/test/e2e/scenarios/performance_test.go:31 @ 07/03/25 17:10:29.124&#xA;&lt; Exit [BeforeEach] Performance and Stress E2E Tests - /Users/seancorkum/projects/devops-mcp/test/e2e/scenarios/performance_test.go:31 @ 07/03/25 17:10:29.131 (7ms)&#xA;&gt; Enter [It] should handle large message payloads - /Users/seancorkum/projects/devops-mcp/test/e2e/scenarios/performance_test.go:407 @ 07/03/25 17:10:29.174&#xA;[FAILED] Failure recorded during attempt 1:&#xA;Unexpected error:&#xA;    &lt;*fmt.wrapError | 0xc0002763a0&gt;: &#xA;    failed to connect: failed to WebSocket dial: expected handshake response status code 101 but got 404&#xA;    {&#xA;        msg: &#34;failed to connect: failed to WebSocket dial: expected handshake response status code 101 but got 404&#34;,&#xA;        err: &lt;*fmt.wrapError | 0xc000276340&gt;{&#xA;            msg: &#34;failed to WebSocket dial: expected handshake response status code 101 but got 404&#34;,&#xA;            err: &lt;*errors.errorString | 0xc0001901b0&gt;{&#xA;                s: &#34;expected handshake response status code 101 but got 404&#34;,&#xA;            },&#xA;        },&#xA;    }&#xA;occurred&#xA;In [It] at: /Users/seancorkum/projects/devops-mcp/test/e2e/scenarios/performance_test.go:428 @ 07/03/25 17:10:29.218&#xA;&lt; Exit [It] should handle large message payloads - /Users/seancorkum/projects/devops-mcp/test/e2e/scenarios/performance_test.go:407 @ 07/03/25 17:10:29.218 (44ms)&#xA;&gt; Enter [AfterEach] Performance and Stress E2E Tests - /Users/seancorkum/projects/devops-mcp/test/e2e/scenarios/performance_test.go:41 @ 07/03/25 17:10:29.218&#xA;&lt; Exit [AfterEach] Performance and Stress E2E Tests - /Users/seancorkum/projects/devops-mcp/test/e2e/scenarios/performance_test.go:41 @ 07/03/25 17:10:29.22 (2ms)&#xA;&#xA;Attempt #1 Failed.  Retrying â†º @ 07/03/25 17:10:29.22&#xA;&#xA;&gt; Enter [BeforeEach] Performance and Stress E2E Tests - /Users/seancorkum/projects/devops-mcp/test/e2e/scenarios/performance_test.go:31 @ 07/03/25 17:10:29.221&#xA;&lt; Exit [BeforeEach] Performance and Stress E2E Tests - /Users/seancorkum/projects/devops-mcp/test/e2e/scenarios/performance_test.go:31 @ 07/03/25 17:10:29.224 (3ms)&#xA;&gt; Enter [It] should handle large message payloads - /Users/seancorkum/projects/devops-mcp/test/e2e/scenarios/performance_test.go:407 @ 07/03/25 17:10:29.224&#xA;[FAILED] Unexpected error:&#xA;    &lt;*fmt.wrapError | 0xc00007e420&gt;: &#xA;    failed to connect: failed to WebSocket dial: expected handshake response status code 101 but got 404&#xA;    {&#xA;        msg: &#34;failed to connect: failed to WebSocket dial: expected handshake response status code 101 but got 404&#34;,&#xA;        err: &lt;*fmt.wrapError | 0xc00007e400&gt;{&#xA;            msg: &#34;failed to WebSocket dial: expected handshake response status code 101 but got 404&#34;,&#xA;            err: &lt;*errors.errorString | 0xc000038010&gt;{&#xA;                s: &#34;expected handshake response status code 101 but got 404&#34;,&#xA;            },&#xA;        },&#xA;    }&#xA;occurred&#xA;In [It] at: /Users/seancorkum/projects/devops-mcp/test/e2e/scenarios/performance_test.go:428 @ 07/03/25 17:10:29.27&#xA;&lt; Exit [It] should handle large message payloads - /Users/seancorkum/projects/devops-mcp/test/e2e/scenarios/performance_test.go:407 @ 07/03/25 17:10:29.27 (45ms)&#xA;&gt; Enter [AfterEach] Performance and Stress E2E Tests - /Users/seancorkum/projects/devops-mcp/test/e2e/scenarios/performance_test.go:41 @ 07/03/25 17:10:29.27&#xA;&lt; Exit [AfterEach] Performance and Stress E2E Tests - /Users/seancorkum/projects/devops-mcp/test/e2e/scenarios/performance_test.go:41 @ 07/03/25 17:10:29.272 (2ms)&#xA;</system-err>
          </testcase>
          <testcase name="[It] Single Agent E2E Tests Basic Agent Lifecycle should complete full agent lifecycle" classname="Multi-Agent Collaboration E2E Test Suite" status="failed" time="0.116571172">
              <failure message="Unexpected error:&#xA;    &lt;*fmt.wrapError | 0xc00007e4a0&gt;: &#xA;    failed to connect: failed to WebSocket dial: expected handshake response status code 101 but got 404&#xA;    {&#xA;        msg: &#34;failed to connect: failed to WebSocket dial: expected handshake response status code 101 but got 404&#34;,&#xA;        err: &lt;*fmt.wrapError | 0xc00007e440&gt;{&#xA;            msg: &#34;failed to WebSocket dial: expected handshake response status code 101 but got 404&#34;,&#xA;            err: &lt;*errors.errorString | 0xc00012c000&gt;{&#xA;                s: &#34;expected handshake response status code 101 but got 404&#34;,&#xA;            },&#xA;        },&#xA;    }&#xA;occurred" type="failed">[FAILED] Unexpected error:&#xA;    &lt;*fmt.wrapError | 0xc00007e4a0&gt;: &#xA;    failed to connect: failed to WebSocket dial: expected handshake response status code 101 but got 404&#xA;    {&#xA;        msg: &#34;failed to connect: failed to WebSocket dial: expected handshake response status code 101 but got 404&#34;,&#xA;        err: &lt;*fmt.wrapError | 0xc00007e440&gt;{&#xA;            msg: &#34;failed to WebSocket dial: expected handshake response status code 101 but got 404&#34;,&#xA;            err: &lt;*errors.errorString | 0xc00012c000&gt;{&#xA;                s: &#34;expected handshake response status code 101 but got 404&#34;,&#xA;            },&#xA;        },&#xA;    }&#xA;occurred&#xA;In [It] at: /Users/seancorkum/projects/devops-mcp/test/e2e/scenarios/single_agent_test.go:73 @ 07/03/25 17:10:29.386&#xA;&#xA;There were additional failures detected after the initial failure. These are visible in the timeline&#xA;</failure>
              <system-out>[17:10:29] [INFO] single-agent: Connecting agent 5109063d-1eed-4e25-86e4-f3eecac1b255&#xA;[17:10:29] [INFO] single-agent: Connecting agent 6372f2c7-5bbf-4f5d-b499-4f50b4b3565b&#xA;</system-out>
              <system-err>&gt; Enter [BeforeEach] Single Agent E2E Tests - /Users/seancorkum/projects/devops-mcp/test/e2e/scenarios/single_agent_test.go:30 @ 07/03/25 17:10:29.273&#xA;&lt; Exit [BeforeEach] Single Agent E2E Tests - /Users/seancorkum/projects/devops-mcp/test/e2e/scenarios/single_agent_test.go:30 @ 07/03/25 17:10:29.275 (3ms)&#xA;&gt; Enter [It] should complete full agent lifecycle - /Users/seancorkum/projects/devops-mcp/test/e2e/scenarios/single_agent_test.go:47 @ 07/03/25 17:10:29.276&#xA;[FAILED] Failure recorded during attempt 1:&#xA;Unexpected error:&#xA;    &lt;*fmt.wrapError | 0xc000276520&gt;: &#xA;    failed to connect: failed to WebSocket dial: expected handshake response status code 101 but got 404&#xA;    {&#xA;        msg: &#34;failed to connect: failed to WebSocket dial: expected handshake response status code 101 but got 404&#34;,&#xA;        err: &lt;*fmt.wrapError | 0xc0002764a0&gt;{&#xA;            msg: &#34;failed to WebSocket dial: expected handshake response status code 101 but got 404&#34;,&#xA;            err: &lt;*errors.errorString | 0xc000214900&gt;{&#xA;                s: &#34;expected handshake response status code 101 but got 404&#34;,&#xA;            },&#xA;        },&#xA;    }&#xA;occurred&#xA;In [It] at: /Users/seancorkum/projects/devops-mcp/test/e2e/scenarios/single_agent_test.go:73 @ 07/03/25 17:10:29.316&#xA;&lt; Exit [It] should complete full agent lifecycle - /Users/seancorkum/projects/devops-mcp/test/e2e/scenarios/single_agent_test.go:47 @ 07/03/25 17:10:29.316 (40ms)&#xA;&gt; Enter [AfterEach] Single Agent E2E Tests - /Users/seancorkum/projects/devops-mcp/test/e2e/scenarios/single_agent_test.go:40 @ 07/03/25 17:10:29.316&#xA;&lt; Exit [AfterEach] Single Agent E2E Tests - /Users/seancorkum/projects/devops-mcp/test/e2e/scenarios/single_agent_test.go:40 @ 07/03/25 17:10:29.318 (2ms)&#xA;&#xA;Attempt #1 Failed.  Retrying â†º @ 07/03/25 17:10:29.318&#xA;&#xA;&gt; Enter [BeforeEach] Single Agent E2E Tests - /Users/seancorkum/projects/devops-mcp/test/e2e/scenarios/single_agent_test.go:30 @ 07/03/25 17:10:29.319&#xA;&lt; Exit [BeforeEach] Single Agent E2E Tests - /Users/seancorkum/projects/devops-mcp/test/e2e/scenarios/single_agent_test.go:30 @ 07/03/25 17:10:29.321 (3ms)&#xA;&gt; Enter [It] should complete full agent lifecycle - /Users/seancorkum/projects/devops-mcp/test/e2e/scenarios/single_agent_test.go:47 @ 07/03/25 17:10:29.321&#xA;[FAILED] Unexpected error:&#xA;    &lt;*fmt.wrapError | 0xc00007e4a0&gt;: &#xA;    failed to connect: failed to WebSocket dial: expected handshake response status code 101 but got 404&#xA;    {&#xA;        msg: &#34;failed to connect: failed to WebSocket dial: expected handshake response status code 101 but got 404&#34;,&#xA;        err: &lt;*fmt.wrapError | 0xc00007e440&gt;{&#xA;            msg: &#34;failed to WebSocket dial: expected handshake response status code 101 but got 404&#34;,&#xA;            err: &lt;*errors.errorString | 0xc00012c000&gt;{&#xA;                s: &#34;expected handshake response status code 101 but got 404&#34;,&#xA;            },&#xA;        },&#xA;    }&#xA;occurred&#xA;In [It] at: /Users/seancorkum/projects/devops-mcp/test/e2e/scenarios/single_agent_test.go:73 @ 07/03/25 17:10:29.386&#xA;&lt; Exit [It] should complete full agent lifecycle - /Users/seancorkum/projects/devops-mcp/test/e2e/scenarios/single_agent_test.go:47 @ 07/03/25 17:10:29.386 (64ms)&#xA;&gt; Enter [AfterEach] Single Agent E2E Tests - /Users/seancorkum/projects/devops-mcp/test/e2e/scenarios/single_agent_test.go:40 @ 07/03/25 17:10:29.386&#xA;&lt; Exit [AfterEach] Single Agent E2E Tests - /Users/seancorkum/projects/devops-mcp/test/e2e/scenarios/single_agent_test.go:40 @ 07/03/25 17:10:29.389 (3ms)&#xA;</system-err>
          </testcase>
          <testcase name="[It] Single Agent E2E Tests Tool Discovery and Execution should execute GitHub tool" classname="Multi-Agent Collaboration E2E Test Suite" status="failed" time="0.095246178">
              <failure message="Unexpected error:&#xA;    &lt;*fmt.wrapError | 0xc00007e420&gt;: &#xA;    failed to connect: failed to WebSocket dial: expected handshake response status code 101 but got 404&#xA;    {&#xA;        msg: &#34;failed to connect: failed to WebSocket dial: expected handshake response status code 101 but got 404&#34;,&#xA;        err: &lt;*fmt.wrapError | 0xc00007e400&gt;{&#xA;            msg: &#34;failed to WebSocket dial: expected handshake response status code 101 but got 404&#34;,&#xA;            err: &lt;*errors.errorString | 0xc0002a4000&gt;{&#xA;                s: &#34;expected handshake response status code 101 but got 404&#34;,&#xA;            },&#xA;        },&#xA;    }&#xA;occurred" type="failed">[FAILED] Unexpected error:&#xA;    &lt;*fmt.wrapError | 0xc00007e420&gt;: &#xA;    failed to connect: failed to WebSocket dial: expected handshake response status code 101 but got 404&#xA;    {&#xA;        msg: &#34;failed to connect: failed to WebSocket dial: expected handshake response status code 101 but got 404&#34;,&#xA;        err: &lt;*fmt.wrapError | 0xc00007e400&gt;{&#xA;            msg: &#34;failed to WebSocket dial: expected handshake response status code 101 but got 404&#34;,&#xA;            err: &lt;*errors.errorString | 0xc0002a4000&gt;{&#xA;                s: &#34;expected handshake response status code 101 but got 404&#34;,&#xA;            },&#xA;        },&#xA;    }&#xA;occurred&#xA;In [It] at: /Users/seancorkum/projects/devops-mcp/test/e2e/scenarios/single_agent_test.go:234 @ 07/03/25 17:10:29.483&#xA;&#xA;There were additional failures detected after the initial failure. These are visible in the timeline&#xA;</failure>
              <system-err>&gt; Enter [BeforeEach] Single Agent E2E Tests - /Users/seancorkum/projects/devops-mcp/test/e2e/scenarios/single_agent_test.go:30 @ 07/03/25 17:10:29.39&#xA;&lt; Exit [BeforeEach] Single Agent E2E Tests - /Users/seancorkum/projects/devops-mcp/test/e2e/scenarios/single_agent_test.go:30 @ 07/03/25 17:10:29.393 (3ms)&#xA;&gt; Enter [It] should execute GitHub tool - /Users/seancorkum/projects/devops-mcp/test/e2e/scenarios/single_agent_test.go:215 @ 07/03/25 17:10:29.393&#xA;[FAILED] Failure recorded during attempt 1:&#xA;Unexpected error:&#xA;    &lt;*fmt.wrapError | 0xc0002760e0&gt;: &#xA;    failed to connect: failed to WebSocket dial: expected handshake response status code 101 but got 404&#xA;    {&#xA;        msg: &#34;failed to connect: failed to WebSocket dial: expected handshake response status code 101 but got 404&#34;,&#xA;        err: &lt;*fmt.wrapError | 0xc0002760c0&gt;{&#xA;            msg: &#34;failed to WebSocket dial: expected handshake response status code 101 but got 404&#34;,&#xA;            err: &lt;*errors.errorString | 0xc000202000&gt;{&#xA;                s: &#34;expected handshake response status code 101 but got 404&#34;,&#xA;            },&#xA;        },&#xA;    }&#xA;occurred&#xA;In [It] at: /Users/seancorkum/projects/devops-mcp/test/e2e/scenarios/single_agent_test.go:234 @ 07/03/25 17:10:29.436&#xA;&lt; Exit [It] should execute GitHub tool - /Users/seancorkum/projects/devops-mcp/test/e2e/scenarios/single_agent_test.go:215 @ 07/03/25 17:10:29.436 (43ms)&#xA;&gt; Enter [AfterEach] Single Agent E2E Tests - /Users/seancorkum/projects/devops-mcp/test/e2e/scenarios/single_agent_test.go:40 @ 07/03/25 17:10:29.436&#xA;&lt; Exit [AfterEach] Single Agent E2E Tests - /Users/seancorkum/projects/devops-mcp/test/e2e/scenarios/single_agent_test.go:40 @ 07/03/25 17:10:29.439 (3ms)&#xA;&#xA;Attempt #1 Failed.  Retrying â†º @ 07/03/25 17:10:29.439&#xA;&#xA;&gt; Enter [BeforeEach] Single Agent E2E Tests - /Users/seancorkum/projects/devops-mcp/test/e2e/scenarios/single_agent_test.go:30 @ 07/03/25 17:10:29.439&#xA;&lt; Exit [BeforeEach] Single Agent E2E Tests - /Users/seancorkum/projects/devops-mcp/test/e2e/scenarios/single_agent_test.go:30 @ 07/03/25 17:10:29.442 (3ms)&#xA;&gt; Enter [It] should execute GitHub tool - /Users/seancorkum/projects/devops-mcp/test/e2e/scenarios/single_agent_test.go:215 @ 07/03/25 17:10:29.442&#xA;[FAILED] Unexpected error:&#xA;    &lt;*fmt.wrapError | 0xc00007e420&gt;: &#xA;    failed to connect: failed to WebSocket dial: expected handshake response status code 101 but got 404&#xA;    {&#xA;        msg: &#34;failed to connect: failed to WebSocket dial: expected handshake response status code 101 but got 404&#34;,&#xA;        err: &lt;*fmt.wrapError | 0xc00007e400&gt;{&#xA;            msg: &#34;failed to WebSocket dial: expected handshake response status code 101 but got 404&#34;,&#xA;            err: &lt;*errors.errorString | 0xc0002a4000&gt;{&#xA;                s: &#34;expected handshake response status code 101 but got 404&#34;,&#xA;            },&#xA;        },&#xA;    }&#xA;occurred&#xA;In [It] at: /Users/seancorkum/projects/devops-mcp/test/e2e/scenarios/single_agent_test.go:234 @ 07/03/25 17:10:29.483&#xA;&lt; Exit [It] should execute GitHub tool - /Users/seancorkum/projects/devops-mcp/test/e2e/scenarios/single_agent_test.go:215 @ 07/03/25 17:10:29.483 (41ms)&#xA;&gt; Enter [AfterEach] Single Agent E2E Tests - /Users/seancorkum/projects/devops-mcp/test/e2e/scenarios/single_agent_test.go:40 @ 07/03/25 17:10:29.483&#xA;&lt; Exit [AfterEach] Single Agent E2E Tests - /Users/seancorkum/projects/devops-mcp/test/e2e/scenarios/single_agent_test.go:40 @ 07/03/25 17:10:29.485 (2ms)&#xA;</system-err>
          </testcase>
          <testcase name="[It] Single Agent E2E Tests Error Handling should handle invalid method calls" classname="Multi-Agent Collaboration E2E Test Suite" status="failed" time="0.090806826">
              <failure message="Unexpected error:&#xA;    &lt;*fmt.wrapError | 0xc0002a0120&gt;: &#xA;    failed to connect: failed to WebSocket dial: expected handshake response status code 101 but got 404&#xA;    {&#xA;        msg: &#34;failed to connect: failed to WebSocket dial: expected handshake response status code 101 but got 404&#34;,&#xA;        err: &lt;*fmt.wrapError | 0xc0002a0100&gt;{&#xA;            msg: &#34;failed to WebSocket dial: expected handshake response status code 101 but got 404&#34;,&#xA;            err: &lt;*errors.errorString | 0xc0002ba000&gt;{&#xA;                s: &#34;expected handshake response status code 101 but got 404&#34;,&#xA;            },&#xA;        },&#xA;    }&#xA;occurred" type="failed">[FAILED] Unexpected error:&#xA;    &lt;*fmt.wrapError | 0xc0002a0120&gt;: &#xA;    failed to connect: failed to WebSocket dial: expected handshake response status code 101 but got 404&#xA;    {&#xA;        msg: &#34;failed to connect: failed to WebSocket dial: expected handshake response status code 101 but got 404&#34;,&#xA;        err: &lt;*fmt.wrapError | 0xc0002a0100&gt;{&#xA;            msg: &#34;failed to WebSocket dial: expected handshake response status code 101 but got 404&#34;,&#xA;            err: &lt;*errors.errorString | 0xc0002ba000&gt;{&#xA;                s: &#34;expected handshake response status code 101 but got 404&#34;,&#xA;            },&#xA;        },&#xA;    }&#xA;occurred&#xA;In [It] at: /Users/seancorkum/projects/devops-mcp/test/e2e/scenarios/single_agent_test.go:448 @ 07/03/25 17:10:29.575&#xA;&#xA;There were additional failures detected after the initial failure. These are visible in the timeline&#xA;</failure>
              <system-err>&gt; Enter [BeforeEach] Single Agent E2E Tests - /Users/seancorkum/projects/devops-mcp/test/e2e/scenarios/single_agent_test.go:30 @ 07/03/25 17:10:29.486&#xA;&lt; Exit [BeforeEach] Single Agent E2E Tests - /Users/seancorkum/projects/devops-mcp/test/e2e/scenarios/single_agent_test.go:30 @ 07/03/25 17:10:29.489 (3ms)&#xA;&gt; Enter [It] should handle invalid method calls - /Users/seancorkum/projects/devops-mcp/test/e2e/scenarios/single_agent_test.go:428 @ 07/03/25 17:10:29.489&#xA;[FAILED] Failure recorded during attempt 1:&#xA;Unexpected error:&#xA;    &lt;*fmt.wrapError | 0xc0002a0140&gt;: &#xA;    failed to connect: failed to WebSocket dial: expected handshake response status code 101 but got 404&#xA;    {&#xA;        msg: &#34;failed to connect: failed to WebSocket dial: expected handshake response status code 101 but got 404&#34;,&#xA;        err: &lt;*fmt.wrapError | 0xc0002a0120&gt;{&#xA;            msg: &#34;failed to WebSocket dial: expected handshake response status code 101 but got 404&#34;,&#xA;            err: &lt;*errors.errorString | 0xc000190000&gt;{&#xA;                s: &#34;expected handshake response status code 101 but got 404&#34;,&#xA;            },&#xA;        },&#xA;    }&#xA;occurred&#xA;In [It] at: /Users/seancorkum/projects/devops-mcp/test/e2e/scenarios/single_agent_test.go:448 @ 07/03/25 17:10:29.53&#xA;&lt; Exit [It] should handle invalid method calls - /Users/seancorkum/projects/devops-mcp/test/e2e/scenarios/single_agent_test.go:428 @ 07/03/25 17:10:29.53 (41ms)&#xA;&gt; Enter [AfterEach] Single Agent E2E Tests - /Users/seancorkum/projects/devops-mcp/test/e2e/scenarios/single_agent_test.go:40 @ 07/03/25 17:10:29.53&#xA;&lt; Exit [AfterEach] Single Agent E2E Tests - /Users/seancorkum/projects/devops-mcp/test/e2e/scenarios/single_agent_test.go:40 @ 07/03/25 17:10:29.533 (2ms)&#xA;&#xA;Attempt #1 Failed.  Retrying â†º @ 07/03/25 17:10:29.533&#xA;&#xA;&gt; Enter [BeforeEach] Single Agent E2E Tests - /Users/seancorkum/projects/devops-mcp/test/e2e/scenarios/single_agent_test.go:30 @ 07/03/25 17:10:29.533&#xA;&lt; Exit [BeforeEach] Single Agent E2E Tests - /Users/seancorkum/projects/devops-mcp/test/e2e/scenarios/single_agent_test.go:30 @ 07/03/25 17:10:29.535 (2ms)&#xA;&gt; Enter [It] should handle invalid method calls - /Users/seancorkum/projects/devops-mcp/test/e2e/scenarios/single_agent_test.go:428 @ 07/03/25 17:10:29.535&#xA;[FAILED] Unexpected error:&#xA;    &lt;*fmt.wrapError | 0xc0002a0120&gt;: &#xA;    failed to connect: failed to WebSocket dial: expected handshake response status code 101 but got 404&#xA;    {&#xA;        msg: &#34;failed to connect: failed to WebSocket dial: expected handshake response status code 101 but got 404&#34;,&#xA;        err: &lt;*fmt.wrapError | 0xc0002a0100&gt;{&#xA;            msg: &#34;failed to WebSocket dial: expected handshake response status code 101 but got 404&#34;,&#xA;            err: &lt;*errors.errorString | 0xc0002ba000&gt;{&#xA;                s: &#34;expected handshake response status code 101 but got 404&#34;,&#xA;            },&#xA;        },&#xA;    }&#xA;occurred&#xA;In [It] at: /Users/seancorkum/projects/devops-mcp/test/e2e/scenarios/single_agent_test.go:448 @ 07/03/25 17:10:29.575&#xA;&lt; Exit [It] should handle invalid method calls - /Users/seancorkum/projects/devops-mcp/test/e2e/scenarios/single_agent_test.go:428 @ 07/03/25 17:10:29.575 (40ms)&#xA;&gt; Enter [AfterEach] Single Agent E2E Tests - /Users/seancorkum/projects/devops-mcp/test/e2e/scenarios/single_agent_test.go:40 @ 07/03/25 17:10:29.575&#xA;&lt; Exit [AfterEach] Single Agent E2E Tests - /Users/seancorkum/projects/devops-mcp/test/e2e/scenarios/single_agent_test.go:40 @ 07/03/25 17:10:29.577 (2ms)&#xA;</system-err>
          </testcase>
          <testcase name="[It] Multi-Agent Collaboration E2E Tests Consensus Mechanism should reach consensus among multiple agents" classname="Multi-Agent Collaboration E2E Test Suite" status="failed" time="0.274130429">
              <failure message="Unexpected error:&#xA;    &lt;*fmt.wrapError | 0xc0003060c0&gt;: &#xA;    failed to connect: failed to WebSocket dial: expected handshake response status code 101 but got 404&#xA;    {&#xA;        msg: &#34;failed to connect: failed to WebSocket dial: expected handshake response status code 101 but got 404&#34;,&#xA;        err: &lt;*fmt.wrapError | 0xc0003060a0&gt;{&#xA;            msg: &#34;failed to WebSocket dial: expected handshake response status code 101 but got 404&#34;,&#xA;            err: &lt;*errors.errorString | 0xc000556010&gt;{&#xA;                s: &#34;expected handshake response status code 101 but got 404&#34;,&#xA;            },&#xA;        },&#xA;    }&#xA;occurred" type="failed">[FAILED] Unexpected error:&#xA;    &lt;*fmt.wrapError | 0xc0003060c0&gt;: &#xA;    failed to connect: failed to WebSocket dial: expected handshake response status code 101 but got 404&#xA;    {&#xA;        msg: &#34;failed to connect: failed to WebSocket dial: expected handshake response status code 101 but got 404&#34;,&#xA;        err: &lt;*fmt.wrapError | 0xc0003060a0&gt;{&#xA;            msg: &#34;failed to WebSocket dial: expected handshake response status code 101 but got 404&#34;,&#xA;            err: &lt;*errors.errorString | 0xc000556010&gt;{&#xA;                s: &#34;expected handshake response status code 101 but got 404&#34;,&#xA;            },&#xA;        },&#xA;    }&#xA;occurred&#xA;In [It] at: /Users/seancorkum/projects/devops-mcp/test/e2e/scenarios/multi_agent_test.go:379 @ 07/03/25 17:10:29.073&#xA;&#xA;There were additional failures detected after the initial failure. These are visible in the timeline&#xA;</failure>
              <system-err>&gt; Enter [BeforeEach] Multi-Agent Collaboration E2E Tests - /Users/seancorkum/projects/devops-mcp/test/e2e/scenarios/multi_agent_test.go:28 @ 07/03/25 17:10:28.802&#xA;&lt; Exit [BeforeEach] Multi-Agent Collaboration E2E Tests - /Users/seancorkum/projects/devops-mcp/test/e2e/scenarios/multi_agent_test.go:28 @ 07/03/25 17:10:28.806 (4ms)&#xA;&gt; Enter [It] should reach consensus among multiple agents - /Users/seancorkum/projects/devops-mcp/test/e2e/scenarios/multi_agent_test.go:355 @ 07/03/25 17:10:28.806&#xA;[FAILED] Failure recorded during attempt 1:&#xA;Unexpected error:&#xA;    &lt;*fmt.wrapError | 0xc00007e320&gt;: &#xA;    failed to connect: failed to WebSocket dial: expected handshake response status code 101 but got 404&#xA;    {&#xA;        msg: &#34;failed to connect: failed to WebSocket dial: expected handshake response status code 101 but got 404&#34;,&#xA;        err: &lt;*fmt.wrapError | 0xc00007e280&gt;{&#xA;            msg: &#34;failed to WebSocket dial: expected handshake response status code 101 but got 404&#34;,&#xA;            err: &lt;*errors.errorString | 0xc00015a000&gt;{&#xA;                s: &#34;expected handshake response status code 101 but got 404&#34;,&#xA;            },&#xA;        },&#xA;    }&#xA;occurred&#xA;In [It] at: /Users/seancorkum/projects/devops-mcp/test/e2e/scenarios/multi_agent_test.go:379 @ 07/03/25 17:10:29.02&#xA;&lt; Exit [It] should reach consensus among multiple agents - /Users/seancorkum/projects/devops-mcp/test/e2e/scenarios/multi_agent_test.go:355 @ 07/03/25 17:10:29.02 (214ms)&#xA;&gt; Enter [AfterEach] Multi-Agent Collaboration E2E Tests - /Users/seancorkum/projects/devops-mcp/test/e2e/scenarios/multi_agent_test.go:38 @ 07/03/25 17:10:29.021&#xA;&lt; Exit [AfterEach] Multi-Agent Collaboration E2E Tests - /Users/seancorkum/projects/devops-mcp/test/e2e/scenarios/multi_agent_test.go:38 @ 07/03/25 17:10:29.023 (3ms)&#xA;&#xA;Attempt #1 Failed.  Retrying â†º @ 07/03/25 17:10:29.023&#xA;&#xA;&gt; Enter [BeforeEach] Multi-Agent Collaboration E2E Tests - /Users/seancorkum/projects/devops-mcp/test/e2e/scenarios/multi_agent_test.go:28 @ 07/03/25 17:10:29.023&#xA;&lt; Exit [BeforeEach] Multi-Agent Collaboration E2E Tests - /Users/seancorkum/projects/devops-mcp/test/e2e/scenarios/multi_agent_test.go:28 @ 07/03/25 17:10:29.027 (4ms)&#xA;&gt; Enter [It] should reach consensus among multiple agents - /Users/seancorkum/projects/devops-mcp/test/e2e/scenarios/multi_agent_test.go:355 @ 07/03/25 17:10:29.028&#xA;[FAILED] Unexpected error:&#xA;    &lt;*fmt.wrapError | 0xc0003060c0&gt;: &#xA;    failed to connect: failed to WebSocket dial: expected handshake response status code 101 but got 404&#xA;    {&#xA;        msg: &#34;failed to connect: failed to WebSocket dial: expected handshake response status code 101 but got 404&#34;,&#xA;        err: &lt;*fmt.wrapError | 0xc0003060a0&gt;{&#xA;            msg: &#34;failed to WebSocket dial: expected handshake response status code 101 but got 404&#34;,&#xA;            err: &lt;*errors.errorString | 0xc000556010&gt;{&#xA;                s: &#34;expected handshake response status code 101 but got 404&#34;,&#xA;            },&#xA;        },&#xA;    }&#xA;occurred&#xA;In [It] at: /Users/seancorkum/projects/devops-mcp/test/e2e/scenarios/multi_agent_test.go:379 @ 07/03/25 17:10:29.073&#xA;&lt; Exit [It] should reach consensus among multiple agents - /Users/seancorkum/projects/devops-mcp/test/e2e/scenarios/multi_agent_test.go:355 @ 07/03/25 17:10:29.073 (46ms)&#xA;&gt; Enter [AfterEach] Multi-Agent Collaboration E2E Tests - /Users/seancorkum/projects/devops-mcp/test/e2e/scenarios/multi_agent_test.go:38 @ 07/03/25 17:10:29.073&#xA;&lt; Exit [AfterEach] Multi-Agent Collaboration E2E Tests - /Users/seancorkum/projects/devops-mcp/test/e2e/scenarios/multi_agent_test.go:38 @ 07/03/25 17:10:29.075 (2ms)&#xA;</system-err>
          </testcase>
          <testcase name="[It] Performance and Stress E2E Tests Agent Swarm Tests should handle 50 concurrent agents" classname="Multi-Agent Collaboration E2E Test Suite" status="failed" time="0.6596016">
              <failure message="Expected&#xA;    &lt;int32&gt;: 0&#xA;to be &gt;=&#xA;    &lt;int32&gt;: 47" type="failed">[FAILED] Expected&#xA;    &lt;int32&gt;: 0&#xA;to be &gt;=&#xA;    &lt;int32&gt;: 47&#xA;In [It] at: /Users/seancorkum/projects/devops-mcp/test/e2e/scenarios/performance_test.go:158 @ 07/03/25 17:10:29.734&#xA;&#xA;There were additional failures detected after the initial failure. These are visible in the timeline&#xA;</failure>
              <system-out>[17:10:29] [ERROR] performance: Agent 3 connection failed: failed to connect: failed to WebSocket dial: expected handshake response status code 101 but got 404&#xA;[17:10:29] [ERROR] performance: Agent 1 connection failed: failed to connect: failed to WebSocket dial: expected handshake response status code 101 but got 404&#xA;[17:10:29] [ERROR] performance: Agent 5 connection failed: failed to connect: failed to WebSocket dial: expected handshake response status code 101 but got 404&#xA;[17:10:29] [ERROR] performance: Agent 14 connection failed: failed to connect: failed to WebSocket dial: expected handshake response status code 101 but got 404&#xA;[17:10:29] [ERROR] performance: Agent 49 connection failed: failed to connect: failed to WebSocket dial: expected handshake response status code 101 but got 404&#xA;[17:10:29] [ERROR] performance: Agent 2 connection failed: failed to connect: failed to WebSocket dial: expected handshake response status code 101 but got 404&#xA;[17:10:29] [ERROR] performance: Agent 35 connection failed: failed to connect: failed to WebSocket dial: expected handshake response status code 101 but got 404&#xA;[17:10:29] [ERROR] performance: Agent 6 connection failed: failed to connect: failed to WebSocket dial: expected handshake response status code 101 but got 404&#xA;[17:10:29] [ERROR] performance: Agent 8 connection failed: failed to connect: failed to WebSocket dial: expected handshake response status code 101 but got 404&#xA;[17:10:29] [ERROR] performance: Agent 0 connection failed: failed to connect: failed to WebSocket dial: expected handshake response status code 101 but got 404&#xA;[17:10:29] [ERROR] performance: Agent 10 connection failed: failed to connect: failed to WebSocket dial: expected handshake response status code 101 but got 404&#xA;[17:10:29] [ERROR] performance: Agent 20 connection failed: failed to connect: failed to WebSocket dial: expected handshake response status code 101 but got 404&#xA;[17:10:29] [ERROR] performance: Agent 40 connection failed: failed to connect: failed to WebSocket dial: expected handshake response status code 101 but got 404&#xA;[17:10:29] [ERROR] performance: Agent 33 connection failed: failed to connect: failed to WebSocket dial: expected handshake response status code 101 but got 404&#xA;[17:10:29] [ERROR] performance: Agent 31 connection failed: failed to connect: failed to WebSocket dial: expected handshake response status code 101 but got 404&#xA;[17:10:29] [ERROR] performance: Agent 19 connection failed: failed to connect: failed to WebSocket dial: expected handshake response status code 101 but got 404&#xA;[17:10:29] [ERROR] performance: Agent 12 connection failed: failed to connect: failed to WebSocket dial: expected handshake response status code 101 but got 404&#xA;[17:10:29] [ERROR] performance: Agent 44 connection failed: failed to connect: failed to WebSocket dial: expected handshake response status code 101 but got 404&#xA;[17:10:29] [ERROR] performance: Agent 11 connection failed: failed to connect: failed to WebSocket dial: expected handshake response status code 101 but got 404&#xA;[17:10:29] [ERROR] performance: Agent 38 connection failed: failed to connect: failed to WebSocket dial: expected handshake response status code 101 but got 404&#xA;[17:10:29] [ERROR] performance: Agent 45 connection failed: failed to connect: failed to WebSocket dial: expected handshake response status code 101 but got 404&#xA;[17:10:29] [ERROR] performance: Agent 26 connection failed: failed to connect: failed to WebSocket dial: expected handshake response status code 101 but got 404&#xA;[17:10:29] [ERROR] performance: Agent 48 connection failed: failed to connect: failed to WebSocket dial: expected handshake response status code 101 but got 404&#xA;[17:10:29] [ERROR] performance: Agent 21 connection failed: failed to connect: failed to WebSocket dial: expected handshake response status code 101 but got 404&#xA;[17:10:29] [ERROR] performance: Agent 22 connection failed: failed to connect: failed to WebSocket dial: expected handshake response status code 101 but got 404&#xA;[17:10:29] [ERROR] performance: Agent 27 connection failed: failed to connect: failed to WebSocket dial: expected handshake response status code 101 but got 404&#xA;[17:10:29] [ERROR] performance: Agent 13 connection failed: failed to connect: failed to WebSocket dial: expected handshake response status code 101 but got 404&#xA;[17:10:29] [ERROR] performance: Agent 15 connection failed: failed to connect: failed to WebSocket dial: expected handshake response status code 101 but got 404&#xA;[17:10:29] [ERROR] performance: Agent 9 connection failed: failed to connect: failed to WebSocket dial: expected handshake response status code 101 but got 404&#xA;[17:10:29] [ERROR] performance: Agent 23 connection failed: failed to connect: failed to WebSocket dial: expected handshake response status code 101 but got 404&#xA;[17:10:29] [ERROR] performance: Agent 24 connection failed: failed to connect: failed to WebSocket dial: expected handshake response status code 101 but got 404&#xA;[17:10:29] [ERROR] performance: Agent 32 connection failed: failed to connect: failed to WebSocket dial: expected handshake response status code 101 but got 404&#xA;[17:10:29] [ERROR] performance: Agent 4 connection failed: failed to connect: failed to WebSocket dial: expected handshake response status code 101 but got 404&#xA;[17:10:29] [ERROR] performance: Agent 43 connection failed: failed to connect: failed to WebSocket dial: expected handshake response status code 101 but got 404&#xA;[17:10:29] [ERROR] performance: Agent 37 connection failed: failed to connect: failed to WebSocket dial: expected handshake response status code 101 but got 404&#xA;[17:10:29] [ERROR] performance: Agent 29 connection failed: failed to connect: failed to WebSocket dial: expected handshake response status code 101 but got 404&#xA;[17:10:29] [ERROR] performance: Agent 16 connection failed: failed to connect: failed to WebSocket dial: expected handshake response status code 101 but got 404&#xA;[17:10:29] [ERROR] performance: Agent 42 connection failed: failed to connect: failed to WebSocket dial: expected handshake response status code 101 but got 404&#xA;[17:10:29] [ERROR] performance: Agent 39 connection failed: failed to connect: failed to WebSocket dial: expected handshake response status code 101 but got 404&#xA;[17:10:29] [ERROR] performance: Agent 34 connection failed: failed to connect: failed to WebSocket dial: expected handshake response status code 101 but got 404&#xA;[17:10:29] [ERROR] performance: Agent 47 connection failed: failed to connect: failed to WebSocket dial: expected handshake response status code 101 but got 404&#xA;[17:10:29] [ERROR] performance: Agent 30 connection failed: failed to connect: failed to WebSocket dial: expected handshake response status code 101 but got 404&#xA;[17:10:29] [ERROR] performance: Agent 25 connection failed: failed to connect: failed to WebSocket dial: expected handshake response status code 101 but got 404&#xA;[17:10:29] [ERROR] performance: Agent 7 connection failed: failed to connect: failed to WebSocket dial: expected handshake response status code 101 but got 404&#xA;[17:10:29] [ERROR] performance: Agent 41 connection failed: failed to connect: failed to WebSocket dial: expected handshake response status code 101 but got 404&#xA;[17:10:29] [ERROR] performance: Agent 46 connection failed: failed to connect: failed to WebSocket dial: expected handshake response status code 101 but got 404&#xA;[17:10:29] [ERROR] performance: Agent 28 connection failed: failed to connect: failed to WebSocket dial: expected handshake response status code 101 but got 404&#xA;[17:10:29] [ERROR] performance: Agent 18 connection failed: failed to connect: failed to WebSocket dial: expected handshake response status code 101 but got 404&#xA;[17:10:29] [ERROR] performance: Agent 36 connection failed: failed to connect: failed to WebSocket dial: expected handshake response status code 101 but got 404&#xA;[17:10:29] [ERROR] performance: Agent 17 connection failed: failed to connect: failed to WebSocket dial: expected handshake response status code 101 but got 404&#xA;[17:10:29] [INFO] performance: Agent Swarm Results:&#xA;[17:10:29] [INFO] performance:   Agents connected: 0/50&#xA;[17:10:29] [INFO] performance:   Connection time: 421.662446ms&#xA;[17:10:29] [INFO] performance:   Total messages: 0&#xA;[17:10:29] [INFO] performance:   Avg latency: 0s&#xA;[17:10:29] [INFO] performance:   P50 latency: 0s&#xA;[17:10:29] [INFO] performance:   P95 latency: 0s&#xA;[17:10:29] [INFO] performance:   P99 latency: 0s&#xA;[17:10:29] [ERROR] performance: Agent 0 connection failed: failed to connect: failed to WebSocket dial: expected handshake response status code 101 but got 404&#xA;[17:10:29] [ERROR] performance: Agent 49 connection failed: failed to connect: failed to WebSocket dial: expected handshake response status code 101 but got 404&#xA;[17:10:29] [ERROR] performance: Agent 24 connection failed: failed to connect: failed to WebSocket dial: expected handshake response status code 101 but got 404&#xA;[17:10:29] [ERROR] performance: Agent 12 connection failed: failed to connect: failed to WebSocket dial: expected handshake response status code 101 but got 404&#xA;[17:10:29] [ERROR] performance: Agent 25 connection failed: failed to connect: failed to WebSocket dial: expected handshake response status code 101 but got 404&#xA;[17:10:29] [ERROR] performance: Agent 7 connection failed: failed to connect: failed to WebSocket dial: expected handshake response status code 101 but got 404&#xA;[17:10:29] [ERROR] performance: Agent 15 connection failed: failed to connect: failed to WebSocket dial: expected handshake response status code 101 but got 404&#xA;[17:10:29] [ERROR] performance: Agent 9 connection failed: failed to connect: failed to WebSocket dial: expected handshake response status code 101 but got 404&#xA;[17:10:29] [ERROR] performance: Agent 14 connection failed: failed to connect: failed to WebSocket dial: expected handshake response status code 101 but got 404&#xA;[17:10:29] [ERROR] performance: Agent 4 connection failed: failed to connect: failed to WebSocket dial: expected handshake response status code 101 but got 404&#xA;[17:10:29] [ERROR] performance: Agent 10 connection failed: failed to connect: failed to WebSocket dial: expected handshake response status code 101 but got 404&#xA;[17:10:29] [ERROR] performance: Agent 46 connection failed: failed to connect: failed to WebSocket dial: expected handshake response status code 101 but got 404&#xA;[17:10:29] [ERROR] performance: Agent 28 connection failed: failed to connect: failed to WebSocket dial: expected handshake response status code 101 but got 404&#xA;[17:10:29] [ERROR] performance: Agent 3 connection failed: failed to connect: failed to WebSocket dial: expected handshake response status code 101 but got 404&#xA;[17:10:29] [ERROR] performance: Agent 35 connection failed: failed to connect: failed to WebSocket dial: expected handshake response status code 101 but got 404&#xA;[17:10:29] [ERROR] performance: Agent 17 connection failed: failed to connect: failed to WebSocket dial: expected handshake response status code 101 but got 404&#xA;[17:10:29] [ERROR] performance: Agent 20 connection failed: failed to connect: failed to WebSocket dial: expected handshake response status code 101 but got 404&#xA;[17:10:29] [ERROR] performance: Agent 16 connection failed: failed to connect: failed to WebSocket dial: expected handshake response status code 101 but got 404&#xA;[17:10:29] [ERROR] performance: Agent 8 connection failed: failed to connect: failed to WebSocket dial: expected handshake response status code 101 but got 404&#xA;[17:10:29] [ERROR] performance: Agent 37 connection failed: failed to connect: failed to WebSocket dial: expected handshake response status code 101 but got 404&#xA;[17:10:29] [ERROR] performance: Agent 30 connection failed: failed to connect: failed to WebSocket dial: expected handshake response status code 101 but got 404&#xA;[17:10:29] [ERROR] performance: Agent 44 connection failed: failed to connect: failed to WebSocket dial: expected handshake response status code 101 but got 404&#xA;[17:10:29] [ERROR] performance: Agent 43 connection failed: failed to connect: failed to WebSocket dial: expected handshake response status code 101 but got 404&#xA;[17:10:29] [ERROR] performance: Agent 18 connection failed: failed to connect: failed to WebSocket dial: expected handshake response status code 101 but got 404&#xA;[17:10:29] [ERROR] performance: Agent 2 connection failed: failed to connect: failed to WebSocket dial: expected handshake response status code 101 but got 404&#xA;[17:10:29] [ERROR] performance: Agent 26 connection failed: failed to connect: failed to WebSocket dial: expected handshake response status code 101 but got 404&#xA;[17:10:29] [ERROR] performance: Agent 39 connection failed: failed to connect: failed to WebSocket dial: expected handshake response status code 101 but got 404&#xA;[17:10:29] [ERROR] performance: Agent 13 connection failed: failed to connect: failed to WebSocket dial: expected handshake response status code 101 but got 404&#xA;[17:10:29] [ERROR] performance: Agent 38 connection failed: failed to connect: failed to WebSocket dial: expected handshake response status code 101 but got 404&#xA;[17:10:29] [ERROR] performance: Agent 11 connection failed: failed to connect: failed to WebSocket dial: expected handshake response status code 101 but got 404&#xA;[17:10:29] [ERROR] performance: Agent 48 connection failed: failed to connect: failed to WebSocket dial: expected handshake response status code 101 but got 404&#xA;[17:10:29] [ERROR] performance: Agent 6 connection failed: failed to connect: failed to WebSocket dial: expected handshake response status code 101 but got 404&#xA;[17:10:29] [ERROR] performance: Agent 5 connection failed: failed to connect: failed to WebSocket dial: expected handshake response status code 101 but got 404&#xA;[17:10:29] [ERROR] performance: Agent 27 connection failed: failed to connect: failed to WebSocket dial: expected handshake response status code 101 but got 404&#xA;[17:10:29] [ERROR] performance: Agent 41 connection failed: failed to connect: failed to WebSocket dial: expected handshake response status code 101 but got 404&#xA;[17:10:29] [ERROR] performance: Agent 40 connection failed: failed to connect: failed to WebSocket dial: expected handshake response status code 101 but got 404&#xA;[17:10:29] [ERROR] performance: Agent 21 connection failed: failed to connect: failed to WebSocket dial: expected handshake response status code 101 but got 404&#xA;[17:10:29] [ERROR] performance: Agent 19 connection failed: failed to connect: failed to WebSocket dial: expected handshake response status code 101 but got 404&#xA;[17:10:29] [ERROR] performance: Agent 23 connection failed: failed to connect: failed to WebSocket dial: expected handshake response status code 101 but got 404&#xA;[17:10:29] [ERROR] performance: Agent 45 connection failed: failed to connect: failed to WebSocket dial: expected handshake response status code 101 but got 404&#xA;[17:10:29] [ERROR] performance: Agent 36 connection failed: failed to connect: failed to WebSocket dial: expected handshake response status code 101 but got 404&#xA;[17:10:29] [ERROR] performance: Agent 34 connection failed: failed to connect: failed to WebSocket dial: expected handshake response status code 101 but got 404&#xA;[17:10:29] [ERROR] performance: Agent 33 connection failed: failed to connect: failed to WebSocket dial: expected handshake response status code 101 but got 404&#xA;[17:10:29] [ERROR] performance: Agent 47 connection failed: failed to connect: failed to WebSocket dial: expected handshake response status code 101 but got 404&#xA;[17:10:29] [ERROR] performance: Agent 29 connection failed: failed to connect: failed to WebSocket dial: expected handshake response status code 101 but got 404&#xA;[17:10:29] [ERROR] performance: Agent 22 connection failed: failed to connect: failed to WebSocket dial: expected handshake response status code 101 but got 404&#xA;[17:10:29] [ERROR] performance: Agent 1 connection failed: failed to connect: failed to WebSocket dial: expected handshake response status code 101 but got 404&#xA;[17:10:29] [ERROR] performance: Agent 32 connection failed: failed to connect: failed to WebSocket dial: expected handshake response status code 101 but got 404&#xA;[17:10:29] [ERROR] performance: Agent 42 connection failed: failed to connect: failed to WebSocket dial: expected handshake response status code 101 but got 404&#xA;[17:10:29] [ERROR] performance: Agent 31 connection failed: failed to connect: failed to WebSocket dial: expected handshake response status code 101 but got 404&#xA;[17:10:29] [INFO] performance: Agent Swarm Results:&#xA;[17:10:29] [INFO] performance:   Agents connected: 0/50&#xA;[17:10:29] [INFO] performance:   Connection time: 227.13624ms&#xA;[17:10:29] [INFO] performance:   Total messages: 0&#xA;[17:10:29] [INFO] performance:   Avg latency: 0s&#xA;[17:10:29] [INFO] performance:   P50 latency: 0s&#xA;[17:10:29] [INFO] performance:   P95 latency: 0s&#xA;[17:10:29] [INFO] performance:   P99 latency: 0s&#xA;</system-out>
              <system-err>&gt; Enter [BeforeEach] Performance and Stress E2E Tests - /Users/seancorkum/projects/devops-mcp/test/e2e/scenarios/performance_test.go:31 @ 07/03/25 17:10:29.076&#xA;&lt; Exit [BeforeEach] Performance and Stress E2E Tests - /Users/seancorkum/projects/devops-mcp/test/e2e/scenarios/performance_test.go:31 @ 07/03/25 17:10:29.079 (3ms)&#xA;&gt; Enter [It] should handle 50 concurrent agents - /Users/seancorkum/projects/devops-mcp/test/e2e/scenarios/performance_test.go:48 @ 07/03/25 17:10:29.079&#xA;[FAILED] Failure recorded during attempt 1:&#xA;Expected&#xA;    &lt;int32&gt;: 0&#xA;to be &gt;=&#xA;    &lt;int32&gt;: 47&#xA;In [It] at: /Users/seancorkum/projects/devops-mcp/test/e2e/scenarios/performance_test.go:158 @ 07/03/25 17:10:29.501&#xA;&lt; Exit [It] should handle 50 concurrent agents - /Users/seancorkum/projects/devops-mcp/test/e2e/scenarios/performance_test.go:48 @ 07/03/25 17:10:29.501 (422ms)&#xA;&gt; Enter [AfterEach] Performance and Stress E2E Tests - /Users/seancorkum/projects/devops-mcp/test/e2e/scenarios/performance_test.go:41 @ 07/03/25 17:10:29.501&#xA;&lt; Exit [AfterEach] Performance and Stress E2E Tests - /Users/seancorkum/projects/devops-mcp/test/e2e/scenarios/performance_test.go:41 @ 07/03/25 17:10:29.503 (2ms)&#xA;&#xA;Attempt #1 Failed.  Retrying â†º @ 07/03/25 17:10:29.503&#xA;&#xA;&gt; Enter [BeforeEach] Performance and Stress E2E Tests - /Users/seancorkum/projects/devops-mcp/test/e2e/scenarios/performance_test.go:31 @ 07/03/25 17:10:29.503&#xA;&lt; Exit [BeforeEach] Performance and Stress E2E Tests - /Users/seancorkum/projects/devops-mcp/test/e2e/scenarios/performance_test.go:31 @ 07/03/25 17:10:29.506 (3ms)&#xA;&gt; Enter [It] should handle 50 concurrent agents - /Users/seancorkum/projects/devops-mcp/test/e2e/scenarios/performance_test.go:48 @ 07/03/25 17:10:29.506&#xA;[FAILED] Expected&#xA;    &lt;int32&gt;: 0&#xA;to be &gt;=&#xA;    &lt;int32&gt;: 47&#xA;In [It] at: /Users/seancorkum/projects/devops-mcp/test/e2e/scenarios/performance_test.go:158 @ 07/03/25 17:10:29.734&#xA;&lt; Exit [It] should handle 50 concurrent agents - /Users/seancorkum/projects/devops-mcp/test/e2e/scenarios/performance_test.go:48 @ 07/03/25 17:10:29.734 (227ms)&#xA;&gt; Enter [AfterEach] Performance and Stress E2E Tests - /Users/seancorkum/projects/devops-mcp/test/e2e/scenarios/performance_test.go:41 @ 07/03/25 17:10:29.734&#xA;&lt; Exit [AfterEach] Performance and Stress E2E Tests - /Users/seancorkum/projects/devops-mcp/test/e2e/scenarios/performance_test.go:41 @ 07/03/25 17:10:29.736 (2ms)&#xA;</system-err>
          </testcase>
      </testsuite>
  </testsuites>