<?xml version="1.0" encoding="UTF-8"?>
  <testsuites tests="21" disabled="0" errors="0" failures="20" time="61.211098">
      <testsuite name="DevOps MCP E2E Test Suite" package="/Users/seancorkum/projects/devops-mcp/test/e2e" tests="0" disabled="0" skipped="0" errors="0" failures="0" time="0.003552" timestamp="2025-07-05T16:52:44">
          <properties>
              <property name="SuiteSucceeded" value="true"></property>
              <property name="SuiteHasProgrammaticFocus" value="false"></property>
              <property name="SpecialSuiteFailureReason" value=""></property>
              <property name="SuiteLabels" value="[]"></property>
              <property name="RandomSeed" value="1751752362"></property>
              <property name="RandomizeAllSpecs" value="false"></property>
              <property name="LabelFilter" value=""></property>
              <property name="FocusStrings" value=""></property>
              <property name="SkipStrings" value=""></property>
              <property name="FocusFiles" value=""></property>
              <property name="SkipFiles" value=""></property>
              <property name="FailOnPending" value="false"></property>
              <property name="FailOnEmpty" value="false"></property>
              <property name="FailFast" value="false"></property>
              <property name="FlakeAttempts" value="2"></property>
              <property name="DryRun" value="false"></property>
              <property name="ParallelTotal" value="5"></property>
              <property name="OutputInterceptorMode" value=""></property>
          </properties>
      </testsuite>
      <testsuite name="Multi-Agent Collaboration E2E Test Suite" package="/Users/seancorkum/projects/devops-mcp/test/e2e/scenarios" tests="21" disabled="0" skipped="0" errors="0" failures="20" time="61.207546" timestamp="2025-07-05T16:52:45">
          <properties>
              <property name="SuiteSucceeded" value="false"></property>
              <property name="SuiteHasProgrammaticFocus" value="false"></property>
              <property name="SpecialSuiteFailureReason" value=""></property>
              <property name="SuiteLabels" value="[]"></property>
              <property name="RandomSeed" value="1751752362"></property>
              <property name="RandomizeAllSpecs" value="false"></property>
              <property name="LabelFilter" value=""></property>
              <property name="FocusStrings" value=""></property>
              <property name="SkipStrings" value=""></property>
              <property name="FocusFiles" value=""></property>
              <property name="SkipFiles" value=""></property>
              <property name="FailOnPending" value="false"></property>
              <property name="FailOnEmpty" value="false"></property>
              <property name="FailFast" value="false"></property>
              <property name="FlakeAttempts" value="2"></property>
              <property name="DryRun" value="false"></property>
              <property name="ParallelTotal" value="5"></property>
              <property name="OutputInterceptorMode" value=""></property>
          </properties>
          <testcase name="[It] Performance and Stress E2E Tests Resource Utilization Tests should maintain stable performance under sustained load" classname="Multi-Agent Collaboration E2E Test Suite" status="failed" time="0.283085775">
              <failure message="Unexpected error:&#xA;    &lt;*fmt.wrapError | 0xc000136960&gt;: &#xA;    failed to connect: failed to WebSocket dial: expected handshake response status code 101 but got 426&#xA;    {&#xA;        msg: &#34;failed to connect: failed to WebSocket dial: expected handshake response status code 101 but got 426&#34;,&#xA;        err: &lt;*fmt.wrapError | 0xc000136940&gt;{&#xA;            msg: &#34;failed to WebSocket dial: expected handshake response status code 101 but got 426&#34;,&#xA;            err: &lt;*errors.errorString | 0xc000122bc0&gt;{&#xA;                s: &#34;expected handshake response status code 101 but got 426&#34;,&#xA;            },&#xA;        },&#xA;    }&#xA;occurred" type="failed">[FAILED] Unexpected error:&#xA;    &lt;*fmt.wrapError | 0xc000136960&gt;: &#xA;    failed to connect: failed to WebSocket dial: expected handshake response status code 101 but got 426&#xA;    {&#xA;        msg: &#34;failed to connect: failed to WebSocket dial: expected handshake response status code 101 but got 426&#34;,&#xA;        err: &lt;*fmt.wrapError | 0xc000136940&gt;{&#xA;            msg: &#34;failed to WebSocket dial: expected handshake response status code 101 but got 426&#34;,&#xA;            err: &lt;*errors.errorString | 0xc000122bc0&gt;{&#xA;                s: &#34;expected handshake response status code 101 but got 426&#34;,&#xA;            },&#xA;        },&#xA;    }&#xA;occurred&#xA;In [It] at: /Users/seancorkum/projects/devops-mcp/test/e2e/scenarios/performance_test.go:523 @ 07/05/25 16:52:46.069&#xA;&#xA;There were additional failures detected after the initial failure. These are visible in the timeline&#xA;</failure>
              <system-err>&gt; Enter [BeforeEach] Performance and Stress E2E Tests - /Users/seancorkum/projects/devops-mcp/test/e2e/scenarios/performance_test.go:31 @ 07/05/25 16:52:45.789&#xA;&lt; Exit [BeforeEach] Performance and Stress E2E Tests - /Users/seancorkum/projects/devops-mcp/test/e2e/scenarios/performance_test.go:31 @ 07/05/25 16:52:45.789 (0s)&#xA;&gt; Enter [It] should maintain stable performance under sustained load - /Users/seancorkum/projects/devops-mcp/test/e2e/scenarios/performance_test.go:496 @ 07/05/25 16:52:45.79&#xA;[FAILED] Failure recorded during attempt 1:&#xA;Unexpected error:&#xA;    &lt;*fmt.wrapError | 0xc0001361e0&gt;: &#xA;    failed to connect: failed to WebSocket dial: expected handshake response status code 101 but got 426&#xA;    {&#xA;        msg: &#34;failed to connect: failed to WebSocket dial: expected handshake response status code 101 but got 426&#34;,&#xA;        err: &lt;*fmt.wrapError | 0xc0001361c0&gt;{&#xA;            msg: &#34;failed to WebSocket dial: expected handshake response status code 101 but got 426&#34;,&#xA;            err: &lt;*errors.errorString | 0xc0001221e0&gt;{&#xA;                s: &#34;expected handshake response status code 101 but got 426&#34;,&#xA;            },&#xA;        },&#xA;    }&#xA;occurred&#xA;In [It] at: /Users/seancorkum/projects/devops-mcp/test/e2e/scenarios/performance_test.go:523 @ 07/05/25 16:52:46.016&#xA;&lt; Exit [It] should maintain stable performance under sustained load - /Users/seancorkum/projects/devops-mcp/test/e2e/scenarios/performance_test.go:496 @ 07/05/25 16:52:46.016 (227ms)&#xA;&gt; Enter [AfterEach] Performance and Stress E2E Tests - /Users/seancorkum/projects/devops-mcp/test/e2e/scenarios/performance_test.go:41 @ 07/05/25 16:52:46.016&#xA;&lt; Exit [AfterEach] Performance and Stress E2E Tests - /Users/seancorkum/projects/devops-mcp/test/e2e/scenarios/performance_test.go:41 @ 07/05/25 16:52:46.018 (1ms)&#xA;&#xA;Attempt #1 Failed.  Retrying â†º @ 07/05/25 16:52:46.018&#xA;&#xA;&gt; Enter [BeforeEach] Performance and Stress E2E Tests - /Users/seancorkum/projects/devops-mcp/test/e2e/scenarios/performance_test.go:31 @ 07/05/25 16:52:46.018&#xA;&lt; Exit [BeforeEach] Performance and Stress E2E Tests - /Users/seancorkum/projects/devops-mcp/test/e2e/scenarios/performance_test.go:31 @ 07/05/25 16:52:46.018 (0s)&#xA;&gt; Enter [It] should maintain stable performance under sustained load - /Users/seancorkum/projects/devops-mcp/test/e2e/scenarios/performance_test.go:496 @ 07/05/25 16:52:46.019&#xA;[FAILED] Unexpected error:&#xA;    &lt;*fmt.wrapError | 0xc000136960&gt;: &#xA;    failed to connect: failed to WebSocket dial: expected handshake response status code 101 but got 426&#xA;    {&#xA;        msg: &#34;failed to connect: failed to WebSocket dial: expected handshake response status code 101 but got 426&#34;,&#xA;        err: &lt;*fmt.wrapError | 0xc000136940&gt;{&#xA;            msg: &#34;failed to WebSocket dial: expected handshake response status code 101 but got 426&#34;,&#xA;            err: &lt;*errors.errorString | 0xc000122bc0&gt;{&#xA;                s: &#34;expected handshake response status code 101 but got 426&#34;,&#xA;            },&#xA;        },&#xA;    }&#xA;occurred&#xA;In [It] at: /Users/seancorkum/projects/devops-mcp/test/e2e/scenarios/performance_test.go:523 @ 07/05/25 16:52:46.069&#xA;&lt; Exit [It] should maintain stable performance under sustained load - /Users/seancorkum/projects/devops-mcp/test/e2e/scenarios/performance_test.go:496 @ 07/05/25 16:52:46.069 (50ms)&#xA;&gt; Enter [AfterEach] Performance and Stress E2E Tests - /Users/seancorkum/projects/devops-mcp/test/e2e/scenarios/performance_test.go:41 @ 07/05/25 16:52:46.069&#xA;&lt; Exit [AfterEach] Performance and Stress E2E Tests - /Users/seancorkum/projects/devops-mcp/test/e2e/scenarios/performance_test.go:41 @ 07/05/25 16:52:46.072 (3ms)&#xA;</system-err>
          </testcase>
          <testcase name="[It] Multi-Agent Collaboration E2E Tests Basic Multi-Agent Setup should connect multiple agents simultaneously" classname="Multi-Agent Collaboration E2E Test Suite" status="failed" time="0.279760329">
              <failure message="Expected&#xA;    &lt;int&gt;: 3&#xA;to equal&#xA;    &lt;int&gt;: 0" type="failed">[FAILED] Expected&#xA;    &lt;int&gt;: 3&#xA;to equal&#xA;    &lt;int&gt;: 0&#xA;In [It] at: /Users/seancorkum/projects/devops-mcp/test/e2e/scenarios/multi_agent_test.go:116 @ 07/05/25 16:52:46.348&#xA;&#xA;There were additional failures detected after the initial failure. These are visible in the timeline&#xA;</failure>
              <system-out>[16:52:46] [ERROR] multi-agent: Connection error: failed to connect: failed to WebSocket dial: expected handshake response status code 101 but got 426&#xA;[16:52:46] [ERROR] multi-agent: Connection error: failed to connect: failed to WebSocket dial: expected handshake response status code 101 but got 426&#xA;[16:52:46] [ERROR] multi-agent: Connection error: failed to connect: failed to WebSocket dial: expected handshake response status code 101 but got 426&#xA;[16:52:46] [ERROR] multi-agent: Connection error: failed to connect: failed to WebSocket dial: expected handshake response status code 101 but got 426&#xA;[16:52:46] [ERROR] multi-agent: Connection error: failed to connect: failed to WebSocket dial: expected handshake response status code 101 but got 426&#xA;[16:52:46] [ERROR] multi-agent: Connection error: failed to connect: failed to WebSocket dial: expected handshake response status code 101 but got 429&#xA;</system-out>
              <system-err>&gt; Enter [BeforeEach] Multi-Agent Collaboration E2E Tests - /Users/seancorkum/projects/devops-mcp/test/e2e/scenarios/multi_agent_test.go:28 @ 07/05/25 16:52:46.073&#xA;&lt; Exit [BeforeEach] Multi-Agent Collaboration E2E Tests - /Users/seancorkum/projects/devops-mcp/test/e2e/scenarios/multi_agent_test.go:28 @ 07/05/25 16:52:46.077 (4ms)&#xA;&gt; Enter [It] should connect multiple agents simultaneously - /Users/seancorkum/projects/devops-mcp/test/e2e/scenarios/multi_agent_test.go:45 @ 07/05/25 16:52:46.077&#xA;[FAILED] Failure recorded during attempt 1:&#xA;Expected&#xA;    &lt;int&gt;: 3&#xA;to equal&#xA;    &lt;int&gt;: 0&#xA;In [It] at: /Users/seancorkum/projects/devops-mcp/test/e2e/scenarios/multi_agent_test.go:116 @ 07/05/25 16:52:46.238&#xA;&lt; Exit [It] should connect multiple agents simultaneously - /Users/seancorkum/projects/devops-mcp/test/e2e/scenarios/multi_agent_test.go:45 @ 07/05/25 16:52:46.238 (161ms)&#xA;&gt; Enter [AfterEach] Multi-Agent Collaboration E2E Tests - /Users/seancorkum/projects/devops-mcp/test/e2e/scenarios/multi_agent_test.go:38 @ 07/05/25 16:52:46.239&#xA;&lt; Exit [AfterEach] Multi-Agent Collaboration E2E Tests - /Users/seancorkum/projects/devops-mcp/test/e2e/scenarios/multi_agent_test.go:38 @ 07/05/25 16:52:46.241 (2ms)&#xA;&#xA;Attempt #1 Failed.  Retrying â†º @ 07/05/25 16:52:46.241&#xA;&#xA;&gt; Enter [BeforeEach] Multi-Agent Collaboration E2E Tests - /Users/seancorkum/projects/devops-mcp/test/e2e/scenarios/multi_agent_test.go:28 @ 07/05/25 16:52:46.241&#xA;&lt; Exit [BeforeEach] Multi-Agent Collaboration E2E Tests - /Users/seancorkum/projects/devops-mcp/test/e2e/scenarios/multi_agent_test.go:28 @ 07/05/25 16:52:46.245 (4ms)&#xA;&gt; Enter [It] should connect multiple agents simultaneously - /Users/seancorkum/projects/devops-mcp/test/e2e/scenarios/multi_agent_test.go:45 @ 07/05/25 16:52:46.245&#xA;[FAILED] Expected&#xA;    &lt;int&gt;: 3&#xA;to equal&#xA;    &lt;int&gt;: 0&#xA;In [It] at: /Users/seancorkum/projects/devops-mcp/test/e2e/scenarios/multi_agent_test.go:116 @ 07/05/25 16:52:46.348&#xA;&lt; Exit [It] should connect multiple agents simultaneously - /Users/seancorkum/projects/devops-mcp/test/e2e/scenarios/multi_agent_test.go:45 @ 07/05/25 16:52:46.348 (103ms)&#xA;&gt; Enter [AfterEach] Multi-Agent Collaboration E2E Tests - /Users/seancorkum/projects/devops-mcp/test/e2e/scenarios/multi_agent_test.go:38 @ 07/05/25 16:52:46.348&#xA;&lt; Exit [AfterEach] Multi-Agent Collaboration E2E Tests - /Users/seancorkum/projects/devops-mcp/test/e2e/scenarios/multi_agent_test.go:38 @ 07/05/25 16:52:46.352 (4ms)&#xA;</system-err>
          </testcase>
          <testcase name="[It] Single Agent E2E Tests Basic Agent Lifecycle should complete full agent lifecycle" classname="Multi-Agent Collaboration E2E Test Suite" status="failed" time="0.103449774">
              <failure message="Unexpected error:&#xA;    &lt;*fmt.wrapError | 0xc00032a240&gt;: &#xA;    failed to connect: failed to WebSocket dial: expected handshake response status code 101 but got 429&#xA;    {&#xA;        msg: &#34;failed to connect: failed to WebSocket dial: expected handshake response status code 101 but got 429&#34;,&#xA;        err: &lt;*fmt.wrapError | 0xc00032a220&gt;{&#xA;            msg: &#34;failed to WebSocket dial: expected handshake response status code 101 but got 429&#34;,&#xA;            err: &lt;*errors.errorString | 0xc00029c000&gt;{&#xA;                s: &#34;expected handshake response status code 101 but got 429&#34;,&#xA;            },&#xA;        },&#xA;    }&#xA;occurred" type="failed">[FAILED] Unexpected error:&#xA;    &lt;*fmt.wrapError | 0xc00032a240&gt;: &#xA;    failed to connect: failed to WebSocket dial: expected handshake response status code 101 but got 429&#xA;    {&#xA;        msg: &#34;failed to connect: failed to WebSocket dial: expected handshake response status code 101 but got 429&#34;,&#xA;        err: &lt;*fmt.wrapError | 0xc00032a220&gt;{&#xA;            msg: &#34;failed to WebSocket dial: expected handshake response status code 101 but got 429&#34;,&#xA;            err: &lt;*errors.errorString | 0xc00029c000&gt;{&#xA;                s: &#34;expected handshake response status code 101 but got 429&#34;,&#xA;            },&#xA;        },&#xA;    }&#xA;occurred&#xA;In [It] at: /Users/seancorkum/projects/devops-mcp/test/e2e/scenarios/single_agent_test.go:73 @ 07/05/25 16:52:46.454&#xA;&#xA;There were additional failures detected after the initial failure. These are visible in the timeline&#xA;</failure>
              <system-out>[16:52:46] [INFO] single-agent: Connecting agent a469a4ef-c04a-4412-baf9-d3737f2e110e&#xA;[16:52:46] [INFO] single-agent: Connecting agent 8a50073b-669e-4404-9661-52add78c7624&#xA;</system-out>
              <system-err>&gt; Enter [BeforeEach] Single Agent E2E Tests - /Users/seancorkum/projects/devops-mcp/test/e2e/scenarios/single_agent_test.go:30 @ 07/05/25 16:52:46.354&#xA;&lt; Exit [BeforeEach] Single Agent E2E Tests - /Users/seancorkum/projects/devops-mcp/test/e2e/scenarios/single_agent_test.go:30 @ 07/05/25 16:52:46.357 (3ms)&#xA;&gt; Enter [It] should complete full agent lifecycle - /Users/seancorkum/projects/devops-mcp/test/e2e/scenarios/single_agent_test.go:47 @ 07/05/25 16:52:46.358&#xA;[FAILED] Failure recorded during attempt 1:&#xA;Unexpected error:&#xA;    &lt;*fmt.wrapError | 0xc00007c4c0&gt;: &#xA;    failed to connect: failed to WebSocket dial: expected handshake response status code 101 but got 429&#xA;    {&#xA;        msg: &#34;failed to connect: failed to WebSocket dial: expected handshake response status code 101 but got 429&#34;,&#xA;        err: &lt;*fmt.wrapError | 0xc00007c4a0&gt;{&#xA;            msg: &#34;failed to WebSocket dial: expected handshake response status code 101 but got 429&#34;,&#xA;            err: &lt;*errors.errorString | 0xc000194000&gt;{&#xA;                s: &#34;expected handshake response status code 101 but got 429&#34;,&#xA;            },&#xA;        },&#xA;    }&#xA;occurred&#xA;In [It] at: /Users/seancorkum/projects/devops-mcp/test/e2e/scenarios/single_agent_test.go:73 @ 07/05/25 16:52:46.4&#xA;&lt; Exit [It] should complete full agent lifecycle - /Users/seancorkum/projects/devops-mcp/test/e2e/scenarios/single_agent_test.go:47 @ 07/05/25 16:52:46.4 (43ms)&#xA;&gt; Enter [AfterEach] Single Agent E2E Tests - /Users/seancorkum/projects/devops-mcp/test/e2e/scenarios/single_agent_test.go:40 @ 07/05/25 16:52:46.4&#xA;&lt; Exit [AfterEach] Single Agent E2E Tests - /Users/seancorkum/projects/devops-mcp/test/e2e/scenarios/single_agent_test.go:40 @ 07/05/25 16:52:46.403 (3ms)&#xA;&#xA;Attempt #1 Failed.  Retrying â†º @ 07/05/25 16:52:46.403&#xA;&#xA;&gt; Enter [BeforeEach] Single Agent E2E Tests - /Users/seancorkum/projects/devops-mcp/test/e2e/scenarios/single_agent_test.go:30 @ 07/05/25 16:52:46.403&#xA;&lt; Exit [BeforeEach] Single Agent E2E Tests - /Users/seancorkum/projects/devops-mcp/test/e2e/scenarios/single_agent_test.go:30 @ 07/05/25 16:52:46.407 (3ms)&#xA;&gt; Enter [It] should complete full agent lifecycle - /Users/seancorkum/projects/devops-mcp/test/e2e/scenarios/single_agent_test.go:47 @ 07/05/25 16:52:46.407&#xA;[FAILED] Unexpected error:&#xA;    &lt;*fmt.wrapError | 0xc00032a240&gt;: &#xA;    failed to connect: failed to WebSocket dial: expected handshake response status code 101 but got 429&#xA;    {&#xA;        msg: &#34;failed to connect: failed to WebSocket dial: expected handshake response status code 101 but got 429&#34;,&#xA;        err: &lt;*fmt.wrapError | 0xc00032a220&gt;{&#xA;            msg: &#34;failed to WebSocket dial: expected handshake response status code 101 but got 429&#34;,&#xA;            err: &lt;*errors.errorString | 0xc00029c000&gt;{&#xA;                s: &#34;expected handshake response status code 101 but got 429&#34;,&#xA;            },&#xA;        },&#xA;    }&#xA;occurred&#xA;In [It] at: /Users/seancorkum/projects/devops-mcp/test/e2e/scenarios/single_agent_test.go:73 @ 07/05/25 16:52:46.454&#xA;&lt; Exit [It] should complete full agent lifecycle - /Users/seancorkum/projects/devops-mcp/test/e2e/scenarios/single_agent_test.go:47 @ 07/05/25 16:52:46.454 (47ms)&#xA;&gt; Enter [AfterEach] Single Agent E2E Tests - /Users/seancorkum/projects/devops-mcp/test/e2e/scenarios/single_agent_test.go:40 @ 07/05/25 16:52:46.454&#xA;&lt; Exit [AfterEach] Single Agent E2E Tests - /Users/seancorkum/projects/devops-mcp/test/e2e/scenarios/single_agent_test.go:40 @ 07/05/25 16:52:46.457 (2ms)&#xA;</system-err>
          </testcase>
          <testcase name="[It] Single Agent E2E Tests Context Management should create and retrieve context" classname="Multi-Agent Collaboration E2E Test Suite" status="failed" time="0.102492415">
              <failure message="Unexpected error:&#xA;    &lt;*fmt.wrapError | 0xc00032a220&gt;: &#xA;    failed to connect: failed to WebSocket dial: expected handshake response status code 101 but got 429&#xA;    {&#xA;        msg: &#34;failed to connect: failed to WebSocket dial: expected handshake response status code 101 but got 429&#34;,&#xA;        err: &lt;*fmt.wrapError | 0xc00032a200&gt;{&#xA;            msg: &#34;failed to WebSocket dial: expected handshake response status code 101 but got 429&#34;,&#xA;            err: &lt;*errors.errorString | 0xc00022e000&gt;{&#xA;                s: &#34;expected handshake response status code 101 but got 429&#34;,&#xA;            },&#xA;        },&#xA;    }&#xA;occurred" type="failed">[FAILED] Unexpected error:&#xA;    &lt;*fmt.wrapError | 0xc00032a220&gt;: &#xA;    failed to connect: failed to WebSocket dial: expected handshake response status code 101 but got 429&#xA;    {&#xA;        msg: &#34;failed to connect: failed to WebSocket dial: expected handshake response status code 101 but got 429&#34;,&#xA;        err: &lt;*fmt.wrapError | 0xc00032a200&gt;{&#xA;            msg: &#34;failed to WebSocket dial: expected handshake response status code 101 but got 429&#34;,&#xA;            err: &lt;*errors.errorString | 0xc00022e000&gt;{&#xA;                s: &#34;expected handshake response status code 101 but got 429&#34;,&#xA;            },&#xA;        },&#xA;    }&#xA;occurred&#xA;In [It] at: /Users/seancorkum/projects/devops-mcp/test/e2e/scenarios/single_agent_test.go:285 @ 07/05/25 16:52:46.557&#xA;&#xA;There were additional failures detected after the initial failure. These are visible in the timeline&#xA;</failure>
              <system-err>&gt; Enter [BeforeEach] Single Agent E2E Tests - /Users/seancorkum/projects/devops-mcp/test/e2e/scenarios/single_agent_test.go:30 @ 07/05/25 16:52:46.458&#xA;&lt; Exit [BeforeEach] Single Agent E2E Tests - /Users/seancorkum/projects/devops-mcp/test/e2e/scenarios/single_agent_test.go:30 @ 07/05/25 16:52:46.462 (3ms)&#xA;&gt; Enter [It] should create and retrieve context - /Users/seancorkum/projects/devops-mcp/test/e2e/scenarios/single_agent_test.go:265 @ 07/05/25 16:52:46.462&#xA;[FAILED] Failure recorded during attempt 1:&#xA;Unexpected error:&#xA;    &lt;*fmt.wrapError | 0xc00007c4a0&gt;: &#xA;    failed to connect: failed to WebSocket dial: expected handshake response status code 101 but got 429&#xA;    {&#xA;        msg: &#34;failed to connect: failed to WebSocket dial: expected handshake response status code 101 but got 429&#34;,&#xA;        err: &lt;*fmt.wrapError | 0xc00007c460&gt;{&#xA;            msg: &#34;failed to WebSocket dial: expected handshake response status code 101 but got 429&#34;,&#xA;            err: &lt;*errors.errorString | 0xc0002222b0&gt;{&#xA;                s: &#34;expected handshake response status code 101 but got 429&#34;,&#xA;            },&#xA;        },&#xA;    }&#xA;occurred&#xA;In [It] at: /Users/seancorkum/projects/devops-mcp/test/e2e/scenarios/single_agent_test.go:285 @ 07/05/25 16:52:46.506&#xA;&lt; Exit [It] should create and retrieve context - /Users/seancorkum/projects/devops-mcp/test/e2e/scenarios/single_agent_test.go:265 @ 07/05/25 16:52:46.506 (44ms)&#xA;&gt; Enter [AfterEach] Single Agent E2E Tests - /Users/seancorkum/projects/devops-mcp/test/e2e/scenarios/single_agent_test.go:40 @ 07/05/25 16:52:46.506&#xA;&lt; Exit [AfterEach] Single Agent E2E Tests - /Users/seancorkum/projects/devops-mcp/test/e2e/scenarios/single_agent_test.go:40 @ 07/05/25 16:52:46.509 (3ms)&#xA;&#xA;Attempt #1 Failed.  Retrying â†º @ 07/05/25 16:52:46.509&#xA;&#xA;&gt; Enter [BeforeEach] Single Agent E2E Tests - /Users/seancorkum/projects/devops-mcp/test/e2e/scenarios/single_agent_test.go:30 @ 07/05/25 16:52:46.509&#xA;&lt; Exit [BeforeEach] Single Agent E2E Tests - /Users/seancorkum/projects/devops-mcp/test/e2e/scenarios/single_agent_test.go:30 @ 07/05/25 16:52:46.512 (3ms)&#xA;&gt; Enter [It] should create and retrieve context - /Users/seancorkum/projects/devops-mcp/test/e2e/scenarios/single_agent_test.go:265 @ 07/05/25 16:52:46.512&#xA;[FAILED] Unexpected error:&#xA;    &lt;*fmt.wrapError | 0xc00032a220&gt;: &#xA;    failed to connect: failed to WebSocket dial: expected handshake response status code 101 but got 429&#xA;    {&#xA;        msg: &#34;failed to connect: failed to WebSocket dial: expected handshake response status code 101 but got 429&#34;,&#xA;        err: &lt;*fmt.wrapError | 0xc00032a200&gt;{&#xA;            msg: &#34;failed to WebSocket dial: expected handshake response status code 101 but got 429&#34;,&#xA;            err: &lt;*errors.errorString | 0xc00022e000&gt;{&#xA;                s: &#34;expected handshake response status code 101 but got 429&#34;,&#xA;            },&#xA;        },&#xA;    }&#xA;occurred&#xA;In [It] at: /Users/seancorkum/projects/devops-mcp/test/e2e/scenarios/single_agent_test.go:285 @ 07/05/25 16:52:46.557&#xA;&lt; Exit [It] should create and retrieve context - /Users/seancorkum/projects/devops-mcp/test/e2e/scenarios/single_agent_test.go:265 @ 07/05/25 16:52:46.557 (45ms)&#xA;&gt; Enter [AfterEach] Single Agent E2E Tests - /Users/seancorkum/projects/devops-mcp/test/e2e/scenarios/single_agent_test.go:40 @ 07/05/25 16:52:46.557&#xA;&lt; Exit [AfterEach] Single Agent E2E Tests - /Users/seancorkum/projects/devops-mcp/test/e2e/scenarios/single_agent_test.go:40 @ 07/05/25 16:52:46.561 (3ms)&#xA;</system-err>
          </testcase>
          <testcase name="[It] Performance and Stress E2E Tests Message Throughput Tests should handle high message throughput" classname="Multi-Agent Collaboration E2E Test Suite" status="failed" time="0.281098045">
              <failure message="Unexpected error:&#xA;    &lt;*fmt.wrapError | 0xc0001974e0&gt;: &#xA;    failed to connect: failed to WebSocket dial: expected handshake response status code 101 but got 426&#xA;    {&#xA;        msg: &#34;failed to connect: failed to WebSocket dial: expected handshake response status code 101 but got 426&#34;,&#xA;        err: &lt;*fmt.wrapError | 0xc0001974c0&gt;{&#xA;            msg: &#34;failed to WebSocket dial: expected handshake response status code 101 but got 426&#34;,&#xA;            err: &lt;*errors.errorString | 0xc00029e180&gt;{&#xA;                s: &#34;expected handshake response status code 101 but got 426&#34;,&#xA;            },&#xA;        },&#xA;    }&#xA;occurred" type="failed">[FAILED] Unexpected error:&#xA;    &lt;*fmt.wrapError | 0xc0001974e0&gt;: &#xA;    failed to connect: failed to WebSocket dial: expected handshake response status code 101 but got 426&#xA;    {&#xA;        msg: &#34;failed to connect: failed to WebSocket dial: expected handshake response status code 101 but got 426&#34;,&#xA;        err: &lt;*fmt.wrapError | 0xc0001974c0&gt;{&#xA;            msg: &#34;failed to WebSocket dial: expected handshake response status code 101 but got 426&#34;,&#xA;            err: &lt;*errors.errorString | 0xc00029e180&gt;{&#xA;                s: &#34;expected handshake response status code 101 but got 426&#34;,&#xA;            },&#xA;        },&#xA;    }&#xA;occurred&#xA;In [It] at: /Users/seancorkum/projects/devops-mcp/test/e2e/scenarios/performance_test.go:311 @ 07/05/25 16:52:46.067&#xA;&#xA;There were additional failures detected after the initial failure. These are visible in the timeline&#xA;</failure>
              <system-err>&gt; Enter [BeforeEach] Performance and Stress E2E Tests - /Users/seancorkum/projects/devops-mcp/test/e2e/scenarios/performance_test.go:31 @ 07/05/25 16:52:45.789&#xA;&lt; Exit [BeforeEach] Performance and Stress E2E Tests - /Users/seancorkum/projects/devops-mcp/test/e2e/scenarios/performance_test.go:31 @ 07/05/25 16:52:45.789 (0s)&#xA;&gt; Enter [It] should handle high message throughput - /Users/seancorkum/projects/devops-mcp/test/e2e/scenarios/performance_test.go:289 @ 07/05/25 16:52:45.789&#xA;[FAILED] Failure recorded during attempt 1:&#xA;Unexpected error:&#xA;    &lt;*fmt.wrapError | 0xc000328bc0&gt;: &#xA;    failed to connect: failed to WebSocket dial: expected handshake response status code 101 but got 426&#xA;    {&#xA;        msg: &#34;failed to connect: failed to WebSocket dial: expected handshake response status code 101 but got 426&#34;,&#xA;        err: &lt;*fmt.wrapError | 0xc000328ba0&gt;{&#xA;            msg: &#34;failed to WebSocket dial: expected handshake response status code 101 but got 426&#34;,&#xA;            err: &lt;*errors.errorString | 0xc0003023f0&gt;{&#xA;                s: &#34;expected handshake response status code 101 but got 426&#34;,&#xA;            },&#xA;        },&#xA;    }&#xA;occurred&#xA;In [It] at: /Users/seancorkum/projects/devops-mcp/test/e2e/scenarios/performance_test.go:311 @ 07/05/25 16:52:46.016&#xA;&lt; Exit [It] should handle high message throughput - /Users/seancorkum/projects/devops-mcp/test/e2e/scenarios/performance_test.go:289 @ 07/05/25 16:52:46.016 (227ms)&#xA;&gt; Enter [AfterEach] Performance and Stress E2E Tests - /Users/seancorkum/projects/devops-mcp/test/e2e/scenarios/performance_test.go:41 @ 07/05/25 16:52:46.016&#xA;&lt; Exit [AfterEach] Performance and Stress E2E Tests - /Users/seancorkum/projects/devops-mcp/test/e2e/scenarios/performance_test.go:41 @ 07/05/25 16:52:46.018 (2ms)&#xA;&#xA;Attempt #1 Failed.  Retrying â†º @ 07/05/25 16:52:46.018&#xA;&#xA;&gt; Enter [BeforeEach] Performance and Stress E2E Tests - /Users/seancorkum/projects/devops-mcp/test/e2e/scenarios/performance_test.go:31 @ 07/05/25 16:52:46.018&#xA;&lt; Exit [BeforeEach] Performance and Stress E2E Tests - /Users/seancorkum/projects/devops-mcp/test/e2e/scenarios/performance_test.go:31 @ 07/05/25 16:52:46.018 (0s)&#xA;&gt; Enter [It] should handle high message throughput - /Users/seancorkum/projects/devops-mcp/test/e2e/scenarios/performance_test.go:289 @ 07/05/25 16:52:46.019&#xA;[FAILED] Unexpected error:&#xA;    &lt;*fmt.wrapError | 0xc0001974e0&gt;: &#xA;    failed to connect: failed to WebSocket dial: expected handshake response status code 101 but got 426&#xA;    {&#xA;        msg: &#34;failed to connect: failed to WebSocket dial: expected handshake response status code 101 but got 426&#34;,&#xA;        err: &lt;*fmt.wrapError | 0xc0001974c0&gt;{&#xA;            msg: &#34;failed to WebSocket dial: expected handshake response status code 101 but got 426&#34;,&#xA;            err: &lt;*errors.errorString | 0xc00029e180&gt;{&#xA;                s: &#34;expected handshake response status code 101 but got 426&#34;,&#xA;            },&#xA;        },&#xA;    }&#xA;occurred&#xA;In [It] at: /Users/seancorkum/projects/devops-mcp/test/e2e/scenarios/performance_test.go:311 @ 07/05/25 16:52:46.067&#xA;&lt; Exit [It] should handle high message throughput - /Users/seancorkum/projects/devops-mcp/test/e2e/scenarios/performance_test.go:289 @ 07/05/25 16:52:46.067 (49ms)&#xA;&gt; Enter [AfterEach] Performance and Stress E2E Tests - /Users/seancorkum/projects/devops-mcp/test/e2e/scenarios/performance_test.go:41 @ 07/05/25 16:52:46.067&#xA;&lt; Exit [AfterEach] Performance and Stress E2E Tests - /Users/seancorkum/projects/devops-mcp/test/e2e/scenarios/performance_test.go:41 @ 07/05/25 16:52:46.07 (2ms)&#xA;</system-err>
          </testcase>
          <testcase name="[It] Performance and Stress E2E Tests Binary Protocol Performance should demonstrate binary protocol efficiency" classname="Multi-Agent Collaboration E2E Test Suite" status="failed" time="0.100787262">
              <failure message="Unexpected error:&#xA;    &lt;*fmt.wrapError | 0xc000329880&gt;: &#xA;    failed to connect: failed to WebSocket dial: expected handshake response status code 101 but got 426&#xA;    {&#xA;        msg: &#34;failed to connect: failed to WebSocket dial: expected handshake response status code 101 but got 426&#34;,&#xA;        err: &lt;*fmt.wrapError | 0xc000329860&gt;{&#xA;            msg: &#34;failed to WebSocket dial: expected handshake response status code 101 but got 426&#34;,&#xA;            err: &lt;*errors.errorString | 0xc000303590&gt;{&#xA;                s: &#34;expected handshake response status code 101 but got 426&#34;,&#xA;            },&#xA;        },&#xA;    }&#xA;occurred" type="failed">[FAILED] Unexpected error:&#xA;    &lt;*fmt.wrapError | 0xc000329880&gt;: &#xA;    failed to connect: failed to WebSocket dial: expected handshake response status code 101 but got 426&#xA;    {&#xA;        msg: &#34;failed to connect: failed to WebSocket dial: expected handshake response status code 101 but got 426&#34;,&#xA;        err: &lt;*fmt.wrapError | 0xc000329860&gt;{&#xA;            msg: &#34;failed to WebSocket dial: expected handshake response status code 101 but got 426&#34;,&#xA;            err: &lt;*errors.errorString | 0xc000303590&gt;{&#xA;                s: &#34;expected handshake response status code 101 but got 426&#34;,&#xA;            },&#xA;        },&#xA;    }&#xA;occurred&#xA;In [It] at: /Users/seancorkum/projects/devops-mcp/test/e2e/scenarios/performance_test.go:650 @ 07/05/25 16:52:46.17&#xA;&#xA;There were additional failures detected after the initial failure. These are visible in the timeline&#xA;</failure>
              <system-err>&gt; Enter [BeforeEach] Performance and Stress E2E Tests - /Users/seancorkum/projects/devops-mcp/test/e2e/scenarios/performance_test.go:31 @ 07/05/25 16:52:46.071&#xA;&lt; Exit [BeforeEach] Performance and Stress E2E Tests - /Users/seancorkum/projects/devops-mcp/test/e2e/scenarios/performance_test.go:31 @ 07/05/25 16:52:46.071 (0s)&#xA;&gt; Enter [It] should demonstrate binary protocol efficiency - /Users/seancorkum/projects/devops-mcp/test/e2e/scenarios/performance_test.go:620 @ 07/05/25 16:52:46.071&#xA;[FAILED] Failure recorded during attempt 1:&#xA;Unexpected error:&#xA;    &lt;*fmt.wrapError | 0xc0003292e0&gt;: &#xA;    failed to connect: failed to WebSocket dial: expected handshake response status code 101 but got 426&#xA;    {&#xA;        msg: &#34;failed to connect: failed to WebSocket dial: expected handshake response status code 101 but got 426&#34;,&#xA;        err: &lt;*fmt.wrapError | 0xc0003292c0&gt;{&#xA;            msg: &#34;failed to WebSocket dial: expected handshake response status code 101 but got 426&#34;,&#xA;            err: &lt;*errors.errorString | 0xc000302d90&gt;{&#xA;                s: &#34;expected handshake response status code 101 but got 426&#34;,&#xA;            },&#xA;        },&#xA;    }&#xA;occurred&#xA;In [It] at: /Users/seancorkum/projects/devops-mcp/test/e2e/scenarios/performance_test.go:650 @ 07/05/25 16:52:46.123&#xA;&lt; Exit [It] should demonstrate binary protocol efficiency - /Users/seancorkum/projects/devops-mcp/test/e2e/scenarios/performance_test.go:620 @ 07/05/25 16:52:46.123 (51ms)&#xA;&gt; Enter [AfterEach] Performance and Stress E2E Tests - /Users/seancorkum/projects/devops-mcp/test/e2e/scenarios/performance_test.go:41 @ 07/05/25 16:52:46.123&#xA;&lt; Exit [AfterEach] Performance and Stress E2E Tests - /Users/seancorkum/projects/devops-mcp/test/e2e/scenarios/performance_test.go:41 @ 07/05/25 16:52:46.125 (2ms)&#xA;&#xA;Attempt #1 Failed.  Retrying â†º @ 07/05/25 16:52:46.125&#xA;&#xA;&gt; Enter [BeforeEach] Performance and Stress E2E Tests - /Users/seancorkum/projects/devops-mcp/test/e2e/scenarios/performance_test.go:31 @ 07/05/25 16:52:46.125&#xA;&lt; Exit [BeforeEach] Performance and Stress E2E Tests - /Users/seancorkum/projects/devops-mcp/test/e2e/scenarios/performance_test.go:31 @ 07/05/25 16:52:46.125 (0s)&#xA;&gt; Enter [It] should demonstrate binary protocol efficiency - /Users/seancorkum/projects/devops-mcp/test/e2e/scenarios/performance_test.go:620 @ 07/05/25 16:52:46.125&#xA;[FAILED] Unexpected error:&#xA;    &lt;*fmt.wrapError | 0xc000329880&gt;: &#xA;    failed to connect: failed to WebSocket dial: expected handshake response status code 101 but got 426&#xA;    {&#xA;        msg: &#34;failed to connect: failed to WebSocket dial: expected handshake response status code 101 but got 426&#34;,&#xA;        err: &lt;*fmt.wrapError | 0xc000329860&gt;{&#xA;            msg: &#34;failed to WebSocket dial: expected handshake response status code 101 but got 426&#34;,&#xA;            err: &lt;*errors.errorString | 0xc000303590&gt;{&#xA;                s: &#34;expected handshake response status code 101 but got 426&#34;,&#xA;            },&#xA;        },&#xA;    }&#xA;occurred&#xA;In [It] at: /Users/seancorkum/projects/devops-mcp/test/e2e/scenarios/performance_test.go:650 @ 07/05/25 16:52:46.17&#xA;&lt; Exit [It] should demonstrate binary protocol efficiency - /Users/seancorkum/projects/devops-mcp/test/e2e/scenarios/performance_test.go:620 @ 07/05/25 16:52:46.17 (44ms)&#xA;&gt; Enter [AfterEach] Performance and Stress E2E Tests - /Users/seancorkum/projects/devops-mcp/test/e2e/scenarios/performance_test.go:41 @ 07/05/25 16:52:46.17&#xA;&lt; Exit [AfterEach] Performance and Stress E2E Tests - /Users/seancorkum/projects/devops-mcp/test/e2e/scenarios/performance_test.go:41 @ 07/05/25 16:52:46.172 (2ms)&#xA;</system-err>
          </testcase>
          <testcase name="[It] Multi-Agent Collaboration E2E Tests Parallel Task Execution should execute tasks in parallel across multiple agents" classname="Multi-Agent Collaboration E2E Test Suite" status="failed" time="0.114606485">
              <failure message="Unexpected error:&#xA;    &lt;*fmt.wrapError | 0xc00007e040&gt;: &#xA;    failed to connect: failed to WebSocket dial: expected handshake response status code 101 but got 426&#xA;    {&#xA;        msg: &#34;failed to connect: failed to WebSocket dial: expected handshake response status code 101 but got 426&#34;,&#xA;        err: &lt;*fmt.wrapError | 0xc00007e020&gt;{&#xA;            msg: &#34;failed to WebSocket dial: expected handshake response status code 101 but got 426&#34;,&#xA;            err: &lt;*errors.errorString | 0xc00010a000&gt;{&#xA;                s: &#34;expected handshake response status code 101 but got 426&#34;,&#xA;            },&#xA;        },&#xA;    }&#xA;occurred" type="failed">[FAILED] Unexpected error:&#xA;    &lt;*fmt.wrapError | 0xc00007e040&gt;: &#xA;    failed to connect: failed to WebSocket dial: expected handshake response status code 101 but got 426&#xA;    {&#xA;        msg: &#34;failed to connect: failed to WebSocket dial: expected handshake response status code 101 but got 426&#34;,&#xA;        err: &lt;*fmt.wrapError | 0xc00007e020&gt;{&#xA;            msg: &#34;failed to WebSocket dial: expected handshake response status code 101 but got 426&#34;,&#xA;            err: &lt;*errors.errorString | 0xc00010a000&gt;{&#xA;                s: &#34;expected handshake response status code 101 but got 426&#34;,&#xA;            },&#xA;        },&#xA;    }&#xA;occurred&#xA;In [It] at: /Users/seancorkum/projects/devops-mcp/test/e2e/scenarios/multi_agent_test.go:284 @ 07/05/25 16:52:46.285&#xA;&#xA;There were additional failures detected after the initial failure. These are visible in the timeline&#xA;</failure>
              <system-err>&gt; Enter [BeforeEach] Multi-Agent Collaboration E2E Tests - /Users/seancorkum/projects/devops-mcp/test/e2e/scenarios/multi_agent_test.go:28 @ 07/05/25 16:52:46.173&#xA;&lt; Exit [BeforeEach] Multi-Agent Collaboration E2E Tests - /Users/seancorkum/projects/devops-mcp/test/e2e/scenarios/multi_agent_test.go:28 @ 07/05/25 16:52:46.176 (4ms)&#xA;&gt; Enter [It] should execute tasks in parallel across multiple agents - /Users/seancorkum/projects/devops-mcp/test/e2e/scenarios/multi_agent_test.go:258 @ 07/05/25 16:52:46.177&#xA;[FAILED] Failure recorded during attempt 1:&#xA;Unexpected error:&#xA;    &lt;*fmt.wrapError | 0xc000196300&gt;: &#xA;    failed to connect: failed to WebSocket dial: expected handshake response status code 101 but got 426&#xA;    {&#xA;        msg: &#34;failed to connect: failed to WebSocket dial: expected handshake response status code 101 but got 426&#34;,&#xA;        err: &lt;*fmt.wrapError | 0xc000196260&gt;{&#xA;            msg: &#34;failed to WebSocket dial: expected handshake response status code 101 but got 426&#34;,&#xA;            err: &lt;*errors.errorString | 0xc0000ac010&gt;{&#xA;                s: &#34;expected handshake response status code 101 but got 426&#34;,&#xA;            },&#xA;        },&#xA;    }&#xA;occurred&#xA;In [It] at: /Users/seancorkum/projects/devops-mcp/test/e2e/scenarios/multi_agent_test.go:284 @ 07/05/25 16:52:46.23&#xA;&lt; Exit [It] should execute tasks in parallel across multiple agents - /Users/seancorkum/projects/devops-mcp/test/e2e/scenarios/multi_agent_test.go:258 @ 07/05/25 16:52:46.23 (54ms)&#xA;&gt; Enter [AfterEach] Multi-Agent Collaboration E2E Tests - /Users/seancorkum/projects/devops-mcp/test/e2e/scenarios/multi_agent_test.go:38 @ 07/05/25 16:52:46.23&#xA;&lt; Exit [AfterEach] Multi-Agent Collaboration E2E Tests - /Users/seancorkum/projects/devops-mcp/test/e2e/scenarios/multi_agent_test.go:38 @ 07/05/25 16:52:46.233 (2ms)&#xA;&#xA;Attempt #1 Failed.  Retrying â†º @ 07/05/25 16:52:46.233&#xA;&#xA;&gt; Enter [BeforeEach] Multi-Agent Collaboration E2E Tests - /Users/seancorkum/projects/devops-mcp/test/e2e/scenarios/multi_agent_test.go:28 @ 07/05/25 16:52:46.233&#xA;&lt; Exit [BeforeEach] Multi-Agent Collaboration E2E Tests - /Users/seancorkum/projects/devops-mcp/test/e2e/scenarios/multi_agent_test.go:28 @ 07/05/25 16:52:46.236 (3ms)&#xA;&gt; Enter [It] should execute tasks in parallel across multiple agents - /Users/seancorkum/projects/devops-mcp/test/e2e/scenarios/multi_agent_test.go:258 @ 07/05/25 16:52:46.236&#xA;[FAILED] Unexpected error:&#xA;    &lt;*fmt.wrapError | 0xc00007e040&gt;: &#xA;    failed to connect: failed to WebSocket dial: expected handshake response status code 101 but got 426&#xA;    {&#xA;        msg: &#34;failed to connect: failed to WebSocket dial: expected handshake response status code 101 but got 426&#34;,&#xA;        err: &lt;*fmt.wrapError | 0xc00007e020&gt;{&#xA;            msg: &#34;failed to WebSocket dial: expected handshake response status code 101 but got 426&#34;,&#xA;            err: &lt;*errors.errorString | 0xc00010a000&gt;{&#xA;                s: &#34;expected handshake response status code 101 but got 426&#34;,&#xA;            },&#xA;        },&#xA;    }&#xA;occurred&#xA;In [It] at: /Users/seancorkum/projects/devops-mcp/test/e2e/scenarios/multi_agent_test.go:284 @ 07/05/25 16:52:46.285&#xA;&lt; Exit [It] should execute tasks in parallel across multiple agents - /Users/seancorkum/projects/devops-mcp/test/e2e/scenarios/multi_agent_test.go:258 @ 07/05/25 16:52:46.285 (48ms)&#xA;&gt; Enter [AfterEach] Multi-Agent Collaboration E2E Tests - /Users/seancorkum/projects/devops-mcp/test/e2e/scenarios/multi_agent_test.go:38 @ 07/05/25 16:52:46.285&#xA;&lt; Exit [AfterEach] Multi-Agent Collaboration E2E Tests - /Users/seancorkum/projects/devops-mcp/test/e2e/scenarios/multi_agent_test.go:38 @ 07/05/25 16:52:46.287 (2ms)&#xA;</system-err>
          </testcase>
          <testcase name="[It] Multi-Agent Collaboration E2E Tests MapReduce Pattern should execute MapReduce workflow across agents" classname="Multi-Agent Collaboration E2E Test Suite" status="failed" time="0.108514005">
              <failure message="Unexpected error:&#xA;    &lt;*fmt.wrapError | 0xc0001963e0&gt;: &#xA;    failed to connect: failed to WebSocket dial: expected handshake response status code 101 but got 429&#xA;    {&#xA;        msg: &#34;failed to connect: failed to WebSocket dial: expected handshake response status code 101 but got 429&#34;,&#xA;        err: &lt;*fmt.wrapError | 0xc0001963c0&gt;{&#xA;            msg: &#34;failed to WebSocket dial: expected handshake response status code 101 but got 429&#34;,&#xA;            err: &lt;*errors.errorString | 0xc000360030&gt;{&#xA;                s: &#34;expected handshake response status code 101 but got 429&#34;,&#xA;            },&#xA;        },&#xA;    }&#xA;occurred" type="failed">[FAILED] Unexpected error:&#xA;    &lt;*fmt.wrapError | 0xc0001963e0&gt;: &#xA;    failed to connect: failed to WebSocket dial: expected handshake response status code 101 but got 429&#xA;    {&#xA;        msg: &#34;failed to connect: failed to WebSocket dial: expected handshake response status code 101 but got 429&#34;,&#xA;        err: &lt;*fmt.wrapError | 0xc0001963c0&gt;{&#xA;            msg: &#34;failed to WebSocket dial: expected handshake response status code 101 but got 429&#34;,&#xA;            err: &lt;*errors.errorString | 0xc000360030&gt;{&#xA;                s: &#34;expected handshake response status code 101 but got 429&#34;,&#xA;            },&#xA;        },&#xA;    }&#xA;occurred&#xA;In [It] at: /Users/seancorkum/projects/devops-mcp/test/e2e/scenarios/multi_agent_test.go:482 @ 07/05/25 16:52:46.394&#xA;&#xA;There were additional failures detected after the initial failure. These are visible in the timeline&#xA;</failure>
              <system-err>&gt; Enter [BeforeEach] Multi-Agent Collaboration E2E Tests - /Users/seancorkum/projects/devops-mcp/test/e2e/scenarios/multi_agent_test.go:28 @ 07/05/25 16:52:46.288&#xA;&lt; Exit [BeforeEach] Multi-Agent Collaboration E2E Tests - /Users/seancorkum/projects/devops-mcp/test/e2e/scenarios/multi_agent_test.go:28 @ 07/05/25 16:52:46.291 (3ms)&#xA;&gt; Enter [It] should execute MapReduce workflow across agents - /Users/seancorkum/projects/devops-mcp/test/e2e/scenarios/multi_agent_test.go:456 @ 07/05/25 16:52:46.291&#xA;[FAILED] Failure recorded during attempt 1:&#xA;Unexpected error:&#xA;    &lt;*fmt.wrapError | 0xc00007e080&gt;: &#xA;    failed to connect: failed to WebSocket dial: expected handshake response status code 101 but got 429&#xA;    {&#xA;        msg: &#34;failed to connect: failed to WebSocket dial: expected handshake response status code 101 but got 429&#34;,&#xA;        err: &lt;*fmt.wrapError | 0xc00007e060&gt;{&#xA;            msg: &#34;failed to WebSocket dial: expected handshake response status code 101 but got 429&#34;,&#xA;            err: &lt;*errors.errorString | 0xc000036010&gt;{&#xA;                s: &#34;expected handshake response status code 101 but got 429&#34;,&#xA;            },&#xA;        },&#xA;    }&#xA;occurred&#xA;In [It] at: /Users/seancorkum/projects/devops-mcp/test/e2e/scenarios/multi_agent_test.go:482 @ 07/05/25 16:52:46.347&#xA;&lt; Exit [It] should execute MapReduce workflow across agents - /Users/seancorkum/projects/devops-mcp/test/e2e/scenarios/multi_agent_test.go:456 @ 07/05/25 16:52:46.347 (55ms)&#xA;&gt; Enter [AfterEach] Multi-Agent Collaboration E2E Tests - /Users/seancorkum/projects/devops-mcp/test/e2e/scenarios/multi_agent_test.go:38 @ 07/05/25 16:52:46.347&#xA;&lt; Exit [AfterEach] Multi-Agent Collaboration E2E Tests - /Users/seancorkum/projects/devops-mcp/test/e2e/scenarios/multi_agent_test.go:38 @ 07/05/25 16:52:46.35 (3ms)&#xA;&#xA;Attempt #1 Failed.  Retrying â†º @ 07/05/25 16:52:46.35&#xA;&#xA;&gt; Enter [BeforeEach] Multi-Agent Collaboration E2E Tests - /Users/seancorkum/projects/devops-mcp/test/e2e/scenarios/multi_agent_test.go:28 @ 07/05/25 16:52:46.35&#xA;&lt; Exit [BeforeEach] Multi-Agent Collaboration E2E Tests - /Users/seancorkum/projects/devops-mcp/test/e2e/scenarios/multi_agent_test.go:28 @ 07/05/25 16:52:46.353 (3ms)&#xA;&gt; Enter [It] should execute MapReduce workflow across agents - /Users/seancorkum/projects/devops-mcp/test/e2e/scenarios/multi_agent_test.go:456 @ 07/05/25 16:52:46.354&#xA;[FAILED] Unexpected error:&#xA;    &lt;*fmt.wrapError | 0xc0001963e0&gt;: &#xA;    failed to connect: failed to WebSocket dial: expected handshake response status code 101 but got 429&#xA;    {&#xA;        msg: &#34;failed to connect: failed to WebSocket dial: expected handshake response status code 101 but got 429&#34;,&#xA;        err: &lt;*fmt.wrapError | 0xc0001963c0&gt;{&#xA;            msg: &#34;failed to WebSocket dial: expected handshake response status code 101 but got 429&#34;,&#xA;            err: &lt;*errors.errorString | 0xc000360030&gt;{&#xA;                s: &#34;expected handshake response status code 101 but got 429&#34;,&#xA;            },&#xA;        },&#xA;    }&#xA;occurred&#xA;In [It] at: /Users/seancorkum/projects/devops-mcp/test/e2e/scenarios/multi_agent_test.go:482 @ 07/05/25 16:52:46.394&#xA;&lt; Exit [It] should execute MapReduce workflow across agents - /Users/seancorkum/projects/devops-mcp/test/e2e/scenarios/multi_agent_test.go:456 @ 07/05/25 16:52:46.394 (40ms)&#xA;&gt; Enter [AfterEach] Multi-Agent Collaboration E2E Tests - /Users/seancorkum/projects/devops-mcp/test/e2e/scenarios/multi_agent_test.go:38 @ 07/05/25 16:52:46.394&#xA;&lt; Exit [AfterEach] Multi-Agent Collaboration E2E Tests - /Users/seancorkum/projects/devops-mcp/test/e2e/scenarios/multi_agent_test.go:38 @ 07/05/25 16:52:46.397 (2ms)&#xA;</system-err>
          </testcase>
          <testcase name="[It] Single Agent E2E Tests Tool Discovery and Execution should discover available tools" classname="Multi-Agent Collaboration E2E Test Suite" status="failed" time="0.098770843">
              <failure message="Unexpected error:&#xA;    &lt;*fmt.wrapError | 0xc0000ba020&gt;: &#xA;    failed to connect: failed to WebSocket dial: expected handshake response status code 101 but got 426&#xA;    {&#xA;        msg: &#34;failed to connect: failed to WebSocket dial: expected handshake response status code 101 but got 426&#34;,&#xA;        err: &lt;*fmt.wrapError | 0xc0000ba000&gt;{&#xA;            msg: &#34;failed to WebSocket dial: expected handshake response status code 101 but got 426&#34;,&#xA;            err: &lt;*errors.errorString | 0xc000360000&gt;{&#xA;                s: &#34;expected handshake response status code 101 but got 426&#34;,&#xA;            },&#xA;        },&#xA;    }&#xA;occurred" type="failed">[FAILED] Unexpected error:&#xA;    &lt;*fmt.wrapError | 0xc0000ba020&gt;: &#xA;    failed to connect: failed to WebSocket dial: expected handshake response status code 101 but got 426&#xA;    {&#xA;        msg: &#34;failed to connect: failed to WebSocket dial: expected handshake response status code 101 but got 426&#34;,&#xA;        err: &lt;*fmt.wrapError | 0xc0000ba000&gt;{&#xA;            msg: &#34;failed to WebSocket dial: expected handshake response status code 101 but got 426&#34;,&#xA;            err: &lt;*errors.errorString | 0xc000360000&gt;{&#xA;                s: &#34;expected handshake response status code 101 but got 426&#34;,&#xA;            },&#xA;        },&#xA;    }&#xA;occurred&#xA;In [It] at: /Users/seancorkum/projects/devops-mcp/test/e2e/scenarios/single_agent_test.go:183 @ 07/05/25 16:52:46.494&#xA;&#xA;There were additional failures detected after the initial failure. These are visible in the timeline&#xA;</failure>
              <system-err>&gt; Enter [BeforeEach] Single Agent E2E Tests - /Users/seancorkum/projects/devops-mcp/test/e2e/scenarios/single_agent_test.go:30 @ 07/05/25 16:52:46.398&#xA;&lt; Exit [BeforeEach] Single Agent E2E Tests - /Users/seancorkum/projects/devops-mcp/test/e2e/scenarios/single_agent_test.go:30 @ 07/05/25 16:52:46.401 (3ms)&#xA;&gt; Enter [It] should discover available tools - /Users/seancorkum/projects/devops-mcp/test/e2e/scenarios/single_agent_test.go:163 @ 07/05/25 16:52:46.401&#xA;[FAILED] Failure recorded during attempt 1:&#xA;Unexpected error:&#xA;    &lt;*fmt.wrapError | 0xc00007e1a0&gt;: &#xA;    failed to connect: failed to WebSocket dial: expected handshake response status code 101 but got 426&#xA;    {&#xA;        msg: &#34;failed to connect: failed to WebSocket dial: expected handshake response status code 101 but got 426&#34;,&#xA;        err: &lt;*fmt.wrapError | 0xc00007e180&gt;{&#xA;            msg: &#34;failed to WebSocket dial: expected handshake response status code 101 but got 426&#34;,&#xA;            err: &lt;*errors.errorString | 0xc00029f920&gt;{&#xA;                s: &#34;expected handshake response status code 101 but got 426&#34;,&#xA;            },&#xA;        },&#xA;    }&#xA;occurred&#xA;In [It] at: /Users/seancorkum/projects/devops-mcp/test/e2e/scenarios/single_agent_test.go:183 @ 07/05/25 16:52:46.445&#xA;&lt; Exit [It] should discover available tools - /Users/seancorkum/projects/devops-mcp/test/e2e/scenarios/single_agent_test.go:163 @ 07/05/25 16:52:46.445 (44ms)&#xA;&gt; Enter [AfterEach] Single Agent E2E Tests - /Users/seancorkum/projects/devops-mcp/test/e2e/scenarios/single_agent_test.go:40 @ 07/05/25 16:52:46.445&#xA;&lt; Exit [AfterEach] Single Agent E2E Tests - /Users/seancorkum/projects/devops-mcp/test/e2e/scenarios/single_agent_test.go:40 @ 07/05/25 16:52:46.447 (2ms)&#xA;&#xA;Attempt #1 Failed.  Retrying â†º @ 07/05/25 16:52:46.448&#xA;&#xA;&gt; Enter [BeforeEach] Single Agent E2E Tests - /Users/seancorkum/projects/devops-mcp/test/e2e/scenarios/single_agent_test.go:30 @ 07/05/25 16:52:46.448&#xA;&lt; Exit [BeforeEach] Single Agent E2E Tests - /Users/seancorkum/projects/devops-mcp/test/e2e/scenarios/single_agent_test.go:30 @ 07/05/25 16:52:46.451 (3ms)&#xA;&gt; Enter [It] should discover available tools - /Users/seancorkum/projects/devops-mcp/test/e2e/scenarios/single_agent_test.go:163 @ 07/05/25 16:52:46.451&#xA;[FAILED] Unexpected error:&#xA;    &lt;*fmt.wrapError | 0xc0000ba020&gt;: &#xA;    failed to connect: failed to WebSocket dial: expected handshake response status code 101 but got 426&#xA;    {&#xA;        msg: &#34;failed to connect: failed to WebSocket dial: expected handshake response status code 101 but got 426&#34;,&#xA;        err: &lt;*fmt.wrapError | 0xc0000ba000&gt;{&#xA;            msg: &#34;failed to WebSocket dial: expected handshake response status code 101 but got 426&#34;,&#xA;            err: &lt;*errors.errorString | 0xc000360000&gt;{&#xA;                s: &#34;expected handshake response status code 101 but got 426&#34;,&#xA;            },&#xA;        },&#xA;    }&#xA;occurred&#xA;In [It] at: /Users/seancorkum/projects/devops-mcp/test/e2e/scenarios/single_agent_test.go:183 @ 07/05/25 16:52:46.494&#xA;&lt; Exit [It] should discover available tools - /Users/seancorkum/projects/devops-mcp/test/e2e/scenarios/single_agent_test.go:163 @ 07/05/25 16:52:46.494 (42ms)&#xA;&gt; Enter [AfterEach] Single Agent E2E Tests - /Users/seancorkum/projects/devops-mcp/test/e2e/scenarios/single_agent_test.go:40 @ 07/05/25 16:52:46.494&#xA;&lt; Exit [AfterEach] Single Agent E2E Tests - /Users/seancorkum/projects/devops-mcp/test/e2e/scenarios/single_agent_test.go:40 @ 07/05/25 16:52:46.496 (2ms)&#xA;</system-err>
          </testcase>
          <testcase name="[It] Single Agent E2E Tests Error Handling should handle authentication errors" classname="Multi-Agent Collaboration E2E Test Suite" status="passed" time="0.092288503">
              <system-out>ï¿½[32mâœ“ï¿½[0m auth_error_handling (85.632044ms)&#xA;</system-out>
              <system-err>&gt; Enter [BeforeEach] Single Agent E2E Tests - /Users/seancorkum/projects/devops-mcp/test/e2e/scenarios/single_agent_test.go:30 @ 07/05/25 16:52:46.497&#xA;&lt; Exit [BeforeEach] Single Agent E2E Tests - /Users/seancorkum/projects/devops-mcp/test/e2e/scenarios/single_agent_test.go:30 @ 07/05/25 16:52:46.501 (3ms)&#xA;&gt; Enter [It] should handle authentication errors - /Users/seancorkum/projects/devops-mcp/test/e2e/scenarios/single_agent_test.go:398 @ 07/05/25 16:52:46.501&#xA;&lt; Exit [It] should handle authentication errors - /Users/seancorkum/projects/devops-mcp/test/e2e/scenarios/single_agent_test.go:398 @ 07/05/25 16:52:46.587 (86ms)&#xA;&gt; Enter [AfterEach] Single Agent E2E Tests - /Users/seancorkum/projects/devops-mcp/test/e2e/scenarios/single_agent_test.go:40 @ 07/05/25 16:52:46.587&#xA;&lt; Exit [AfterEach] Single Agent E2E Tests - /Users/seancorkum/projects/devops-mcp/test/e2e/scenarios/single_agent_test.go:40 @ 07/05/25 16:52:46.589 (2ms)&#xA;</system-err>
          </testcase>
          <testcase name="[It] Performance and Stress E2E Tests Message Throughput Tests should handle large message payloads" classname="Multi-Agent Collaboration E2E Test Suite" status="failed" time="0.293983266">
              <failure message="Unexpected error:&#xA;    &lt;*fmt.wrapError | 0xc00007d7e0&gt;: &#xA;    failed to connect: failed to WebSocket dial: expected handshake response status code 101 but got 426&#xA;    {&#xA;        msg: &#34;failed to connect: failed to WebSocket dial: expected handshake response status code 101 but got 426&#34;,&#xA;        err: &lt;*fmt.wrapError | 0xc00007d7c0&gt;{&#xA;            msg: &#34;failed to WebSocket dial: expected handshake response status code 101 but got 426&#34;,&#xA;            err: &lt;*errors.errorString | 0xc00029d2f0&gt;{&#xA;                s: &#34;expected handshake response status code 101 but got 426&#34;,&#xA;            },&#xA;        },&#xA;    }&#xA;occurred" type="failed">[FAILED] Unexpected error:&#xA;    &lt;*fmt.wrapError | 0xc00007d7e0&gt;: &#xA;    failed to connect: failed to WebSocket dial: expected handshake response status code 101 but got 426&#xA;    {&#xA;        msg: &#34;failed to connect: failed to WebSocket dial: expected handshake response status code 101 but got 426&#34;,&#xA;        err: &lt;*fmt.wrapError | 0xc00007d7c0&gt;{&#xA;            msg: &#34;failed to WebSocket dial: expected handshake response status code 101 but got 426&#34;,&#xA;            err: &lt;*errors.errorString | 0xc00029d2f0&gt;{&#xA;                s: &#34;expected handshake response status code 101 but got 426&#34;,&#xA;            },&#xA;        },&#xA;    }&#xA;occurred&#xA;In [It] at: /Users/seancorkum/projects/devops-mcp/test/e2e/scenarios/performance_test.go:428 @ 07/05/25 16:52:46.081&#xA;&#xA;There were additional failures detected after the initial failure. These are visible in the timeline&#xA;</failure>
              <system-err>&gt; Enter [BeforeEach] Performance and Stress E2E Tests - /Users/seancorkum/projects/devops-mcp/test/e2e/scenarios/performance_test.go:31 @ 07/05/25 16:52:45.789&#xA;&lt; Exit [BeforeEach] Performance and Stress E2E Tests - /Users/seancorkum/projects/devops-mcp/test/e2e/scenarios/performance_test.go:31 @ 07/05/25 16:52:45.789 (0s)&#xA;&gt; Enter [It] should handle large message payloads - /Users/seancorkum/projects/devops-mcp/test/e2e/scenarios/performance_test.go:407 @ 07/05/25 16:52:45.789&#xA;[FAILED] Failure recorded during attempt 1:&#xA;Unexpected error:&#xA;    &lt;*fmt.wrapError | 0xc0002b6f20&gt;: &#xA;    failed to connect: failed to WebSocket dial: expected handshake response status code 101 but got 426&#xA;    {&#xA;        msg: &#34;failed to connect: failed to WebSocket dial: expected handshake response status code 101 but got 426&#34;,&#xA;        err: &lt;*fmt.wrapError | 0xc0002b6f00&gt;{&#xA;            msg: &#34;failed to WebSocket dial: expected handshake response status code 101 but got 426&#34;,&#xA;            err: &lt;*errors.errorString | 0xc000212220&gt;{&#xA;                s: &#34;expected handshake response status code 101 but got 426&#34;,&#xA;            },&#xA;        },&#xA;    }&#xA;occurred&#xA;In [It] at: /Users/seancorkum/projects/devops-mcp/test/e2e/scenarios/performance_test.go:428 @ 07/05/25 16:52:46.033&#xA;&lt; Exit [It] should handle large message payloads - /Users/seancorkum/projects/devops-mcp/test/e2e/scenarios/performance_test.go:407 @ 07/05/25 16:52:46.033 (243ms)&#xA;&gt; Enter [AfterEach] Performance and Stress E2E Tests - /Users/seancorkum/projects/devops-mcp/test/e2e/scenarios/performance_test.go:41 @ 07/05/25 16:52:46.033&#xA;&lt; Exit [AfterEach] Performance and Stress E2E Tests - /Users/seancorkum/projects/devops-mcp/test/e2e/scenarios/performance_test.go:41 @ 07/05/25 16:52:46.036 (3ms)&#xA;&#xA;Attempt #1 Failed.  Retrying â†º @ 07/05/25 16:52:46.036&#xA;&#xA;&gt; Enter [BeforeEach] Performance and Stress E2E Tests - /Users/seancorkum/projects/devops-mcp/test/e2e/scenarios/performance_test.go:31 @ 07/05/25 16:52:46.036&#xA;&lt; Exit [BeforeEach] Performance and Stress E2E Tests - /Users/seancorkum/projects/devops-mcp/test/e2e/scenarios/performance_test.go:31 @ 07/05/25 16:52:46.036 (0s)&#xA;&gt; Enter [It] should handle large message payloads - /Users/seancorkum/projects/devops-mcp/test/e2e/scenarios/performance_test.go:407 @ 07/05/25 16:52:46.036&#xA;[FAILED] Unexpected error:&#xA;    &lt;*fmt.wrapError | 0xc00007d7e0&gt;: &#xA;    failed to connect: failed to WebSocket dial: expected handshake response status code 101 but got 426&#xA;    {&#xA;        msg: &#34;failed to connect: failed to WebSocket dial: expected handshake response status code 101 but got 426&#34;,&#xA;        err: &lt;*fmt.wrapError | 0xc00007d7c0&gt;{&#xA;            msg: &#34;failed to WebSocket dial: expected handshake response status code 101 but got 426&#34;,&#xA;            err: &lt;*errors.errorString | 0xc00029d2f0&gt;{&#xA;                s: &#34;expected handshake response status code 101 but got 426&#34;,&#xA;            },&#xA;        },&#xA;    }&#xA;occurred&#xA;In [It] at: /Users/seancorkum/projects/devops-mcp/test/e2e/scenarios/performance_test.go:428 @ 07/05/25 16:52:46.081&#xA;&lt; Exit [It] should handle large message payloads - /Users/seancorkum/projects/devops-mcp/test/e2e/scenarios/performance_test.go:407 @ 07/05/25 16:52:46.081 (45ms)&#xA;&gt; Enter [AfterEach] Performance and Stress E2E Tests - /Users/seancorkum/projects/devops-mcp/test/e2e/scenarios/performance_test.go:41 @ 07/05/25 16:52:46.081&#xA;&lt; Exit [AfterEach] Performance and Stress E2E Tests - /Users/seancorkum/projects/devops-mcp/test/e2e/scenarios/performance_test.go:41 @ 07/05/25 16:52:46.083 (2ms)&#xA;</system-err>
          </testcase>
          <testcase name="[It] Multi-Agent Collaboration E2E Tests Code Review Workflow should coordinate code review between multiple agents" classname="Multi-Agent Collaboration E2E Test Suite" status="failed" time="0.106785988">
              <failure message="Unexpected error:&#xA;    &lt;*fmt.wrapError | 0xc0002b6220&gt;: &#xA;    failed to connect: failed to WebSocket dial: expected handshake response status code 101 but got 426&#xA;    {&#xA;        msg: &#34;failed to connect: failed to WebSocket dial: expected handshake response status code 101 but got 426&#34;,&#xA;        err: &lt;*fmt.wrapError | 0xc0002b6200&gt;{&#xA;            msg: &#34;failed to WebSocket dial: expected handshake response status code 101 but got 426&#34;,&#xA;            err: &lt;*errors.errorString | 0xc00030e000&gt;{&#xA;                s: &#34;expected handshake response status code 101 but got 426&#34;,&#xA;            },&#xA;        },&#xA;    }&#xA;occurred" type="failed">[FAILED] Unexpected error:&#xA;    &lt;*fmt.wrapError | 0xc0002b6220&gt;: &#xA;    failed to connect: failed to WebSocket dial: expected handshake response status code 101 but got 426&#xA;    {&#xA;        msg: &#34;failed to connect: failed to WebSocket dial: expected handshake response status code 101 but got 426&#34;,&#xA;        err: &lt;*fmt.wrapError | 0xc0002b6200&gt;{&#xA;            msg: &#34;failed to WebSocket dial: expected handshake response status code 101 but got 426&#34;,&#xA;            err: &lt;*errors.errorString | 0xc00030e000&gt;{&#xA;                s: &#34;expected handshake response status code 101 but got 426&#34;,&#xA;            },&#xA;        },&#xA;    }&#xA;occurred&#xA;In [It] at: /Users/seancorkum/projects/devops-mcp/test/e2e/scenarios/multi_agent_test.go:149 @ 07/05/25 16:52:46.188&#xA;&#xA;There were additional failures detected after the initial failure. These are visible in the timeline&#xA;</failure>
              <system-err>&gt; Enter [BeforeEach] Multi-Agent Collaboration E2E Tests - /Users/seancorkum/projects/devops-mcp/test/e2e/scenarios/multi_agent_test.go:28 @ 07/05/25 16:52:46.084&#xA;&lt; Exit [BeforeEach] Multi-Agent Collaboration E2E Tests - /Users/seancorkum/projects/devops-mcp/test/e2e/scenarios/multi_agent_test.go:28 @ 07/05/25 16:52:46.088 (4ms)&#xA;&gt; Enter [It] should coordinate code review between multiple agents - /Users/seancorkum/projects/devops-mcp/test/e2e/scenarios/multi_agent_test.go:128 @ 07/05/25 16:52:46.088&#xA;[FAILED] Failure recorded during attempt 1:&#xA;Unexpected error:&#xA;    &lt;*fmt.wrapError | 0xc0002b6220&gt;: &#xA;    failed to connect: failed to WebSocket dial: expected handshake response status code 101 but got 426&#xA;    {&#xA;        msg: &#34;failed to connect: failed to WebSocket dial: expected handshake response status code 101 but got 426&#34;,&#xA;        err: &lt;*fmt.wrapError | 0xc0002b6200&gt;{&#xA;            msg: &#34;failed to WebSocket dial: expected handshake response status code 101 but got 426&#34;,&#xA;            err: &lt;*errors.errorString | 0xc0001a2800&gt;{&#xA;                s: &#34;expected handshake response status code 101 but got 426&#34;,&#xA;            },&#xA;        },&#xA;    }&#xA;occurred&#xA;In [It] at: /Users/seancorkum/projects/devops-mcp/test/e2e/scenarios/multi_agent_test.go:149 @ 07/05/25 16:52:46.138&#xA;&lt; Exit [It] should coordinate code review between multiple agents - /Users/seancorkum/projects/devops-mcp/test/e2e/scenarios/multi_agent_test.go:128 @ 07/05/25 16:52:46.138 (49ms)&#xA;&gt; Enter [AfterEach] Multi-Agent Collaboration E2E Tests - /Users/seancorkum/projects/devops-mcp/test/e2e/scenarios/multi_agent_test.go:38 @ 07/05/25 16:52:46.138&#xA;&lt; Exit [AfterEach] Multi-Agent Collaboration E2E Tests - /Users/seancorkum/projects/devops-mcp/test/e2e/scenarios/multi_agent_test.go:38 @ 07/05/25 16:52:46.14 (2ms)&#xA;&#xA;Attempt #1 Failed.  Retrying â†º @ 07/05/25 16:52:46.14&#xA;&#xA;&gt; Enter [BeforeEach] Multi-Agent Collaboration E2E Tests - /Users/seancorkum/projects/devops-mcp/test/e2e/scenarios/multi_agent_test.go:28 @ 07/05/25 16:52:46.141&#xA;&lt; Exit [BeforeEach] Multi-Agent Collaboration E2E Tests - /Users/seancorkum/projects/devops-mcp/test/e2e/scenarios/multi_agent_test.go:28 @ 07/05/25 16:52:46.144 (3ms)&#xA;&gt; Enter [It] should coordinate code review between multiple agents - /Users/seancorkum/projects/devops-mcp/test/e2e/scenarios/multi_agent_test.go:128 @ 07/05/25 16:52:46.144&#xA;[FAILED] Unexpected error:&#xA;    &lt;*fmt.wrapError | 0xc0002b6220&gt;: &#xA;    failed to connect: failed to WebSocket dial: expected handshake response status code 101 but got 426&#xA;    {&#xA;        msg: &#34;failed to connect: failed to WebSocket dial: expected handshake response status code 101 but got 426&#34;,&#xA;        err: &lt;*fmt.wrapError | 0xc0002b6200&gt;{&#xA;            msg: &#34;failed to WebSocket dial: expected handshake response status code 101 but got 426&#34;,&#xA;            err: &lt;*errors.errorString | 0xc00030e000&gt;{&#xA;                s: &#34;expected handshake response status code 101 but got 426&#34;,&#xA;            },&#xA;        },&#xA;    }&#xA;occurred&#xA;In [It] at: /Users/seancorkum/projects/devops-mcp/test/e2e/scenarios/multi_agent_test.go:149 @ 07/05/25 16:52:46.188&#xA;&lt; Exit [It] should coordinate code review between multiple agents - /Users/seancorkum/projects/devops-mcp/test/e2e/scenarios/multi_agent_test.go:128 @ 07/05/25 16:52:46.188 (44ms)&#xA;&gt; Enter [AfterEach] Multi-Agent Collaboration E2E Tests - /Users/seancorkum/projects/devops-mcp/test/e2e/scenarios/multi_agent_test.go:38 @ 07/05/25 16:52:46.188&#xA;&lt; Exit [AfterEach] Multi-Agent Collaboration E2E Tests - /Users/seancorkum/projects/devops-mcp/test/e2e/scenarios/multi_agent_test.go:38 @ 07/05/25 16:52:46.19 (2ms)&#xA;</system-err>
          </testcase>
          <testcase name="[It] Multi-Agent Collaboration E2E Tests Consensus Mechanism should reach consensus among multiple agents" classname="Multi-Agent Collaboration E2E Test Suite" status="failed" time="0.113959257">
              <failure message="Unexpected error:&#xA;    &lt;*fmt.wrapError | 0xc0002b61a0&gt;: &#xA;    failed to connect: failed to WebSocket dial: expected handshake response status code 101 but got 429&#xA;    {&#xA;        msg: &#34;failed to connect: failed to WebSocket dial: expected handshake response status code 101 but got 429&#34;,&#xA;        err: &lt;*fmt.wrapError | 0xc0002b6020&gt;{&#xA;            msg: &#34;failed to WebSocket dial: expected handshake response status code 101 but got 429&#34;,&#xA;            err: &lt;*errors.errorString | 0xc00018e670&gt;{&#xA;                s: &#34;expected handshake response status code 101 but got 429&#34;,&#xA;            },&#xA;        },&#xA;    }&#xA;occurred" type="failed">[FAILED] Unexpected error:&#xA;    &lt;*fmt.wrapError | 0xc0002b61a0&gt;: &#xA;    failed to connect: failed to WebSocket dial: expected handshake response status code 101 but got 429&#xA;    {&#xA;        msg: &#34;failed to connect: failed to WebSocket dial: expected handshake response status code 101 but got 429&#34;,&#xA;        err: &lt;*fmt.wrapError | 0xc0002b6020&gt;{&#xA;            msg: &#34;failed to WebSocket dial: expected handshake response status code 101 but got 429&#34;,&#xA;            err: &lt;*errors.errorString | 0xc00018e670&gt;{&#xA;                s: &#34;expected handshake response status code 101 but got 429&#34;,&#xA;            },&#xA;        },&#xA;    }&#xA;occurred&#xA;In [It] at: /Users/seancorkum/projects/devops-mcp/test/e2e/scenarios/multi_agent_test.go:387 @ 07/05/25 16:52:46.303&#xA;&#xA;There were additional failures detected after the initial failure. These are visible in the timeline&#xA;</failure>
              <system-err>&gt; Enter [BeforeEach] Multi-Agent Collaboration E2E Tests - /Users/seancorkum/projects/devops-mcp/test/e2e/scenarios/multi_agent_test.go:28 @ 07/05/25 16:52:46.192&#xA;&lt; Exit [BeforeEach] Multi-Agent Collaboration E2E Tests - /Users/seancorkum/projects/devops-mcp/test/e2e/scenarios/multi_agent_test.go:28 @ 07/05/25 16:52:46.194 (3ms)&#xA;&gt; Enter [It] should reach consensus among multiple agents - /Users/seancorkum/projects/devops-mcp/test/e2e/scenarios/multi_agent_test.go:361 @ 07/05/25 16:52:46.195&#xA;[FAILED] Failure recorded during attempt 1:&#xA;Unexpected error:&#xA;    &lt;*fmt.wrapError | 0xc0002b6200&gt;: &#xA;    failed to connect: failed to WebSocket dial: expected handshake response status code 101 but got 426&#xA;    {&#xA;        msg: &#34;failed to connect: failed to WebSocket dial: expected handshake response status code 101 but got 426&#34;,&#xA;        err: &lt;*fmt.wrapError | 0xc0002b61e0&gt;{&#xA;            msg: &#34;failed to WebSocket dial: expected handshake response status code 101 but got 426&#34;,&#xA;            err: &lt;*errors.errorString | 0xc0002fe000&gt;{&#xA;                s: &#34;expected handshake response status code 101 but got 426&#34;,&#xA;            },&#xA;        },&#xA;    }&#xA;occurred&#xA;In [It] at: /Users/seancorkum/projects/devops-mcp/test/e2e/scenarios/multi_agent_test.go:387 @ 07/05/25 16:52:46.251&#xA;&lt; Exit [It] should reach consensus among multiple agents - /Users/seancorkum/projects/devops-mcp/test/e2e/scenarios/multi_agent_test.go:361 @ 07/05/25 16:52:46.251 (56ms)&#xA;&gt; Enter [AfterEach] Multi-Agent Collaboration E2E Tests - /Users/seancorkum/projects/devops-mcp/test/e2e/scenarios/multi_agent_test.go:38 @ 07/05/25 16:52:46.251&#xA;&lt; Exit [AfterEach] Multi-Agent Collaboration E2E Tests - /Users/seancorkum/projects/devops-mcp/test/e2e/scenarios/multi_agent_test.go:38 @ 07/05/25 16:52:46.253 (2ms)&#xA;&#xA;Attempt #1 Failed.  Retrying â†º @ 07/05/25 16:52:46.253&#xA;&#xA;&gt; Enter [BeforeEach] Multi-Agent Collaboration E2E Tests - /Users/seancorkum/projects/devops-mcp/test/e2e/scenarios/multi_agent_test.go:28 @ 07/05/25 16:52:46.253&#xA;&lt; Exit [BeforeEach] Multi-Agent Collaboration E2E Tests - /Users/seancorkum/projects/devops-mcp/test/e2e/scenarios/multi_agent_test.go:28 @ 07/05/25 16:52:46.256 (2ms)&#xA;&gt; Enter [It] should reach consensus among multiple agents - /Users/seancorkum/projects/devops-mcp/test/e2e/scenarios/multi_agent_test.go:361 @ 07/05/25 16:52:46.256&#xA;[FAILED] Unexpected error:&#xA;    &lt;*fmt.wrapError | 0xc0002b61a0&gt;: &#xA;    failed to connect: failed to WebSocket dial: expected handshake response status code 101 but got 429&#xA;    {&#xA;        msg: &#34;failed to connect: failed to WebSocket dial: expected handshake response status code 101 but got 429&#34;,&#xA;        err: &lt;*fmt.wrapError | 0xc0002b6020&gt;{&#xA;            msg: &#34;failed to WebSocket dial: expected handshake response status code 101 but got 429&#34;,&#xA;            err: &lt;*errors.errorString | 0xc00018e670&gt;{&#xA;                s: &#34;expected handshake response status code 101 but got 429&#34;,&#xA;            },&#xA;        },&#xA;    }&#xA;occurred&#xA;In [It] at: /Users/seancorkum/projects/devops-mcp/test/e2e/scenarios/multi_agent_test.go:387 @ 07/05/25 16:52:46.303&#xA;&lt; Exit [It] should reach consensus among multiple agents - /Users/seancorkum/projects/devops-mcp/test/e2e/scenarios/multi_agent_test.go:361 @ 07/05/25 16:52:46.303 (47ms)&#xA;&gt; Enter [AfterEach] Multi-Agent Collaboration E2E Tests - /Users/seancorkum/projects/devops-mcp/test/e2e/scenarios/multi_agent_test.go:38 @ 07/05/25 16:52:46.303&#xA;&lt; Exit [AfterEach] Multi-Agent Collaboration E2E Tests - /Users/seancorkum/projects/devops-mcp/test/e2e/scenarios/multi_agent_test.go:38 @ 07/05/25 16:52:46.305 (2ms)&#xA;</system-err>
          </testcase>
          <testcase name="[It] Multi-Agent Collaboration E2E Tests Agent Coordination should coordinate deployment pipeline across agents" classname="Multi-Agent Collaboration E2E Test Suite" status="failed" time="0.106823149">
              <failure message="Unexpected error:&#xA;    &lt;*fmt.wrapError | 0xc0002b6200&gt;: &#xA;    failed to connect: failed to WebSocket dial: expected handshake response status code 101 but got 429&#xA;    {&#xA;        msg: &#34;failed to connect: failed to WebSocket dial: expected handshake response status code 101 but got 429&#34;,&#xA;        err: &lt;*fmt.wrapError | 0xc0002b61e0&gt;{&#xA;            msg: &#34;failed to WebSocket dial: expected handshake response status code 101 but got 429&#34;,&#xA;            err: &lt;*errors.errorString | 0xc0002fc030&gt;{&#xA;                s: &#34;expected handshake response status code 101 but got 429&#34;,&#xA;            },&#xA;        },&#xA;    }&#xA;occurred" type="failed">[FAILED] Unexpected error:&#xA;    &lt;*fmt.wrapError | 0xc0002b6200&gt;: &#xA;    failed to connect: failed to WebSocket dial: expected handshake response status code 101 but got 429&#xA;    {&#xA;        msg: &#34;failed to connect: failed to WebSocket dial: expected handshake response status code 101 but got 429&#34;,&#xA;        err: &lt;*fmt.wrapError | 0xc0002b61e0&gt;{&#xA;            msg: &#34;failed to WebSocket dial: expected handshake response status code 101 but got 429&#34;,&#xA;            err: &lt;*errors.errorString | 0xc0002fc030&gt;{&#xA;                s: &#34;expected handshake response status code 101 but got 429&#34;,&#xA;            },&#xA;        },&#xA;    }&#xA;occurred&#xA;In [It] at: /Users/seancorkum/projects/devops-mcp/test/e2e/scenarios/multi_agent_test.go:594 @ 07/05/25 16:52:46.409&#xA;&#xA;There were additional failures detected after the initial failure. These are visible in the timeline&#xA;</failure>
              <system-err>&gt; Enter [BeforeEach] Multi-Agent Collaboration E2E Tests - /Users/seancorkum/projects/devops-mcp/test/e2e/scenarios/multi_agent_test.go:28 @ 07/05/25 16:52:46.306&#xA;&lt; Exit [BeforeEach] Multi-Agent Collaboration E2E Tests - /Users/seancorkum/projects/devops-mcp/test/e2e/scenarios/multi_agent_test.go:28 @ 07/05/25 16:52:46.309 (3ms)&#xA;&gt; Enter [It] should coordinate deployment pipeline across agents - /Users/seancorkum/projects/devops-mcp/test/e2e/scenarios/multi_agent_test.go:566 @ 07/05/25 16:52:46.309&#xA;[FAILED] Failure recorded during attempt 1:&#xA;Unexpected error:&#xA;    &lt;*fmt.wrapError | 0xc0002b6200&gt;: &#xA;    failed to connect: failed to WebSocket dial: expected handshake response status code 101 but got 426&#xA;    {&#xA;        msg: &#34;failed to connect: failed to WebSocket dial: expected handshake response status code 101 but got 426&#34;,&#xA;        err: &lt;*fmt.wrapError | 0xc0002b61e0&gt;{&#xA;            msg: &#34;failed to WebSocket dial: expected handshake response status code 101 but got 426&#34;,&#xA;            err: &lt;*errors.errorString | 0xc000212000&gt;{&#xA;                s: &#34;expected handshake response status code 101 but got 426&#34;,&#xA;            },&#xA;        },&#xA;    }&#xA;occurred&#xA;In [It] at: /Users/seancorkum/projects/devops-mcp/test/e2e/scenarios/multi_agent_test.go:594 @ 07/05/25 16:52:46.356&#xA;&lt; Exit [It] should coordinate deployment pipeline across agents - /Users/seancorkum/projects/devops-mcp/test/e2e/scenarios/multi_agent_test.go:566 @ 07/05/25 16:52:46.356 (47ms)&#xA;&gt; Enter [AfterEach] Multi-Agent Collaboration E2E Tests - /Users/seancorkum/projects/devops-mcp/test/e2e/scenarios/multi_agent_test.go:38 @ 07/05/25 16:52:46.357&#xA;&lt; Exit [AfterEach] Multi-Agent Collaboration E2E Tests - /Users/seancorkum/projects/devops-mcp/test/e2e/scenarios/multi_agent_test.go:38 @ 07/05/25 16:52:46.359 (2ms)&#xA;&#xA;Attempt #1 Failed.  Retrying â†º @ 07/05/25 16:52:46.359&#xA;&#xA;&gt; Enter [BeforeEach] Multi-Agent Collaboration E2E Tests - /Users/seancorkum/projects/devops-mcp/test/e2e/scenarios/multi_agent_test.go:28 @ 07/05/25 16:52:46.36&#xA;&lt; Exit [BeforeEach] Multi-Agent Collaboration E2E Tests - /Users/seancorkum/projects/devops-mcp/test/e2e/scenarios/multi_agent_test.go:28 @ 07/05/25 16:52:46.363 (3ms)&#xA;&gt; Enter [It] should coordinate deployment pipeline across agents - /Users/seancorkum/projects/devops-mcp/test/e2e/scenarios/multi_agent_test.go:566 @ 07/05/25 16:52:46.363&#xA;[FAILED] Unexpected error:&#xA;    &lt;*fmt.wrapError | 0xc0002b6200&gt;: &#xA;    failed to connect: failed to WebSocket dial: expected handshake response status code 101 but got 429&#xA;    {&#xA;        msg: &#34;failed to connect: failed to WebSocket dial: expected handshake response status code 101 but got 429&#34;,&#xA;        err: &lt;*fmt.wrapError | 0xc0002b61e0&gt;{&#xA;            msg: &#34;failed to WebSocket dial: expected handshake response status code 101 but got 429&#34;,&#xA;            err: &lt;*errors.errorString | 0xc0002fc030&gt;{&#xA;                s: &#34;expected handshake response status code 101 but got 429&#34;,&#xA;            },&#xA;        },&#xA;    }&#xA;occurred&#xA;In [It] at: /Users/seancorkum/projects/devops-mcp/test/e2e/scenarios/multi_agent_test.go:594 @ 07/05/25 16:52:46.409&#xA;&lt; Exit [It] should coordinate deployment pipeline across agents - /Users/seancorkum/projects/devops-mcp/test/e2e/scenarios/multi_agent_test.go:566 @ 07/05/25 16:52:46.409 (46ms)&#xA;&gt; Enter [AfterEach] Multi-Agent Collaboration E2E Tests - /Users/seancorkum/projects/devops-mcp/test/e2e/scenarios/multi_agent_test.go:38 @ 07/05/25 16:52:46.409&#xA;&lt; Exit [AfterEach] Multi-Agent Collaboration E2E Tests - /Users/seancorkum/projects/devops-mcp/test/e2e/scenarios/multi_agent_test.go:38 @ 07/05/25 16:52:46.413 (4ms)&#xA;</system-err>
          </testcase>
          <testcase name="[It] Single Agent E2E Tests Tool Discovery and Execution should execute GitHub tool" classname="Multi-Agent Collaboration E2E Test Suite" status="failed" time="0.104959562">
              <failure message="Unexpected error:&#xA;    &lt;*fmt.wrapError | 0xc00007c420&gt;: &#xA;    failed to connect: failed to WebSocket dial: expected handshake response status code 101 but got 429&#xA;    {&#xA;        msg: &#34;failed to connect: failed to WebSocket dial: expected handshake response status code 101 but got 429&#34;,&#xA;        err: &lt;*fmt.wrapError | 0xc00007c400&gt;{&#xA;            msg: &#34;failed to WebSocket dial: expected handshake response status code 101 but got 429&#34;,&#xA;            err: &lt;*errors.errorString | 0xc000200000&gt;{&#xA;                s: &#34;expected handshake response status code 101 but got 429&#34;,&#xA;            },&#xA;        },&#xA;    }&#xA;occurred" type="failed">[FAILED] Unexpected error:&#xA;    &lt;*fmt.wrapError | 0xc00007c420&gt;: &#xA;    failed to connect: failed to WebSocket dial: expected handshake response status code 101 but got 429&#xA;    {&#xA;        msg: &#34;failed to connect: failed to WebSocket dial: expected handshake response status code 101 but got 429&#34;,&#xA;        err: &lt;*fmt.wrapError | 0xc00007c400&gt;{&#xA;            msg: &#34;failed to WebSocket dial: expected handshake response status code 101 but got 429&#34;,&#xA;            err: &lt;*errors.errorString | 0xc000200000&gt;{&#xA;                s: &#34;expected handshake response status code 101 but got 429&#34;,&#xA;            },&#xA;        },&#xA;    }&#xA;occurred&#xA;In [It] at: /Users/seancorkum/projects/devops-mcp/test/e2e/scenarios/single_agent_test.go:234 @ 07/05/25 16:52:46.516&#xA;&#xA;There were additional failures detected after the initial failure. These are visible in the timeline&#xA;</failure>
              <system-err>&gt; Enter [BeforeEach] Single Agent E2E Tests - /Users/seancorkum/projects/devops-mcp/test/e2e/scenarios/single_agent_test.go:30 @ 07/05/25 16:52:46.414&#xA;&lt; Exit [BeforeEach] Single Agent E2E Tests - /Users/seancorkum/projects/devops-mcp/test/e2e/scenarios/single_agent_test.go:30 @ 07/05/25 16:52:46.417 (3ms)&#xA;&gt; Enter [It] should execute GitHub tool - /Users/seancorkum/projects/devops-mcp/test/e2e/scenarios/single_agent_test.go:215 @ 07/05/25 16:52:46.417&#xA;[FAILED] Failure recorded during attempt 1:&#xA;Unexpected error:&#xA;    &lt;*fmt.wrapError | 0xc00007c440&gt;: &#xA;    failed to connect: failed to WebSocket dial: expected handshake response status code 101 but got 429&#xA;    {&#xA;        msg: &#34;failed to connect: failed to WebSocket dial: expected handshake response status code 101 but got 429&#34;,&#xA;        err: &lt;*fmt.wrapError | 0xc00007c420&gt;{&#xA;            msg: &#34;failed to WebSocket dial: expected handshake response status code 101 but got 429&#34;,&#xA;            err: &lt;*errors.errorString | 0xc0002fc000&gt;{&#xA;                s: &#34;expected handshake response status code 101 but got 429&#34;,&#xA;            },&#xA;        },&#xA;    }&#xA;occurred&#xA;In [It] at: /Users/seancorkum/projects/devops-mcp/test/e2e/scenarios/single_agent_test.go:234 @ 07/05/25 16:52:46.461&#xA;&lt; Exit [It] should execute GitHub tool - /Users/seancorkum/projects/devops-mcp/test/e2e/scenarios/single_agent_test.go:215 @ 07/05/25 16:52:46.461 (43ms)&#xA;&gt; Enter [AfterEach] Single Agent E2E Tests - /Users/seancorkum/projects/devops-mcp/test/e2e/scenarios/single_agent_test.go:40 @ 07/05/25 16:52:46.461&#xA;&lt; Exit [AfterEach] Single Agent E2E Tests - /Users/seancorkum/projects/devops-mcp/test/e2e/scenarios/single_agent_test.go:40 @ 07/05/25 16:52:46.463 (2ms)&#xA;&#xA;Attempt #1 Failed.  Retrying â†º @ 07/05/25 16:52:46.463&#xA;&#xA;&gt; Enter [BeforeEach] Single Agent E2E Tests - /Users/seancorkum/projects/devops-mcp/test/e2e/scenarios/single_agent_test.go:30 @ 07/05/25 16:52:46.463&#xA;&lt; Exit [BeforeEach] Single Agent E2E Tests - /Users/seancorkum/projects/devops-mcp/test/e2e/scenarios/single_agent_test.go:30 @ 07/05/25 16:52:46.466 (3ms)&#xA;&gt; Enter [It] should execute GitHub tool - /Users/seancorkum/projects/devops-mcp/test/e2e/scenarios/single_agent_test.go:215 @ 07/05/25 16:52:46.466&#xA;[FAILED] Unexpected error:&#xA;    &lt;*fmt.wrapError | 0xc00007c420&gt;: &#xA;    failed to connect: failed to WebSocket dial: expected handshake response status code 101 but got 429&#xA;    {&#xA;        msg: &#34;failed to connect: failed to WebSocket dial: expected handshake response status code 101 but got 429&#34;,&#xA;        err: &lt;*fmt.wrapError | 0xc00007c400&gt;{&#xA;            msg: &#34;failed to WebSocket dial: expected handshake response status code 101 but got 429&#34;,&#xA;            err: &lt;*errors.errorString | 0xc000200000&gt;{&#xA;                s: &#34;expected handshake response status code 101 but got 429&#34;,&#xA;            },&#xA;        },&#xA;    }&#xA;occurred&#xA;In [It] at: /Users/seancorkum/projects/devops-mcp/test/e2e/scenarios/single_agent_test.go:234 @ 07/05/25 16:52:46.516&#xA;&lt; Exit [It] should execute GitHub tool - /Users/seancorkum/projects/devops-mcp/test/e2e/scenarios/single_agent_test.go:215 @ 07/05/25 16:52:46.516 (49ms)&#xA;&gt; Enter [AfterEach] Single Agent E2E Tests - /Users/seancorkum/projects/devops-mcp/test/e2e/scenarios/single_agent_test.go:40 @ 07/05/25 16:52:46.516&#xA;&lt; Exit [AfterEach] Single Agent E2E Tests - /Users/seancorkum/projects/devops-mcp/test/e2e/scenarios/single_agent_test.go:40 @ 07/05/25 16:52:46.519 (3ms)&#xA;</system-err>
          </testcase>
          <testcase name="[It] Single Agent E2E Tests Error Handling should handle invalid method calls" classname="Multi-Agent Collaboration E2E Test Suite" status="failed" time="0.102160572">
              <failure message="Unexpected error:&#xA;    &lt;*fmt.wrapError | 0xc0002b6220&gt;: &#xA;    failed to connect: failed to WebSocket dial: expected handshake response status code 101 but got 429&#xA;    {&#xA;        msg: &#34;failed to connect: failed to WebSocket dial: expected handshake response status code 101 but got 429&#34;,&#xA;        err: &lt;*fmt.wrapError | 0xc0002b6200&gt;{&#xA;            msg: &#34;failed to WebSocket dial: expected handshake response status code 101 but got 429&#34;,&#xA;            err: &lt;*errors.errorString | 0xc000414010&gt;{&#xA;                s: &#34;expected handshake response status code 101 but got 429&#34;,&#xA;            },&#xA;        },&#xA;    }&#xA;occurred" type="failed">[FAILED] Unexpected error:&#xA;    &lt;*fmt.wrapError | 0xc0002b6220&gt;: &#xA;    failed to connect: failed to WebSocket dial: expected handshake response status code 101 but got 429&#xA;    {&#xA;        msg: &#34;failed to connect: failed to WebSocket dial: expected handshake response status code 101 but got 429&#34;,&#xA;        err: &lt;*fmt.wrapError | 0xc0002b6200&gt;{&#xA;            msg: &#34;failed to WebSocket dial: expected handshake response status code 101 but got 429&#34;,&#xA;            err: &lt;*errors.errorString | 0xc000414010&gt;{&#xA;                s: &#34;expected handshake response status code 101 but got 429&#34;,&#xA;            },&#xA;        },&#xA;    }&#xA;occurred&#xA;In [It] at: /Users/seancorkum/projects/devops-mcp/test/e2e/scenarios/single_agent_test.go:448 @ 07/05/25 16:52:46.619&#xA;&#xA;There were additional failures detected after the initial failure. These are visible in the timeline&#xA;</failure>
              <system-err>&gt; Enter [BeforeEach] Single Agent E2E Tests - /Users/seancorkum/projects/devops-mcp/test/e2e/scenarios/single_agent_test.go:30 @ 07/05/25 16:52:46.52&#xA;&lt; Exit [BeforeEach] Single Agent E2E Tests - /Users/seancorkum/projects/devops-mcp/test/e2e/scenarios/single_agent_test.go:30 @ 07/05/25 16:52:46.522 (3ms)&#xA;&gt; Enter [It] should handle invalid method calls - /Users/seancorkum/projects/devops-mcp/test/e2e/scenarios/single_agent_test.go:428 @ 07/05/25 16:52:46.523&#xA;[FAILED] Failure recorded during attempt 1:&#xA;Unexpected error:&#xA;    &lt;*fmt.wrapError | 0xc00007c420&gt;: &#xA;    failed to connect: failed to WebSocket dial: expected handshake response status code 101 but got 429&#xA;    {&#xA;        msg: &#34;failed to connect: failed to WebSocket dial: expected handshake response status code 101 but got 429&#34;,&#xA;        err: &lt;*fmt.wrapError | 0xc00007c400&gt;{&#xA;            msg: &#34;failed to WebSocket dial: expected handshake response status code 101 but got 429&#34;,&#xA;            err: &lt;*errors.errorString | 0xc00029c010&gt;{&#xA;                s: &#34;expected handshake response status code 101 but got 429&#34;,&#xA;            },&#xA;        },&#xA;    }&#xA;occurred&#xA;In [It] at: /Users/seancorkum/projects/devops-mcp/test/e2e/scenarios/single_agent_test.go:448 @ 07/05/25 16:52:46.57&#xA;&lt; Exit [It] should handle invalid method calls - /Users/seancorkum/projects/devops-mcp/test/e2e/scenarios/single_agent_test.go:428 @ 07/05/25 16:52:46.57 (47ms)&#xA;&gt; Enter [AfterEach] Single Agent E2E Tests - /Users/seancorkum/projects/devops-mcp/test/e2e/scenarios/single_agent_test.go:40 @ 07/05/25 16:52:46.57&#xA;&lt; Exit [AfterEach] Single Agent E2E Tests - /Users/seancorkum/projects/devops-mcp/test/e2e/scenarios/single_agent_test.go:40 @ 07/05/25 16:52:46.572 (2ms)&#xA;&#xA;Attempt #1 Failed.  Retrying â†º @ 07/05/25 16:52:46.572&#xA;&#xA;&gt; Enter [BeforeEach] Single Agent E2E Tests - /Users/seancorkum/projects/devops-mcp/test/e2e/scenarios/single_agent_test.go:30 @ 07/05/25 16:52:46.573&#xA;&lt; Exit [BeforeEach] Single Agent E2E Tests - /Users/seancorkum/projects/devops-mcp/test/e2e/scenarios/single_agent_test.go:30 @ 07/05/25 16:52:46.575 (3ms)&#xA;&gt; Enter [It] should handle invalid method calls - /Users/seancorkum/projects/devops-mcp/test/e2e/scenarios/single_agent_test.go:428 @ 07/05/25 16:52:46.576&#xA;[FAILED] Unexpected error:&#xA;    &lt;*fmt.wrapError | 0xc0002b6220&gt;: &#xA;    failed to connect: failed to WebSocket dial: expected handshake response status code 101 but got 429&#xA;    {&#xA;        msg: &#34;failed to connect: failed to WebSocket dial: expected handshake response status code 101 but got 429&#34;,&#xA;        err: &lt;*fmt.wrapError | 0xc0002b6200&gt;{&#xA;            msg: &#34;failed to WebSocket dial: expected handshake response status code 101 but got 429&#34;,&#xA;            err: &lt;*errors.errorString | 0xc000414010&gt;{&#xA;                s: &#34;expected handshake response status code 101 but got 429&#34;,&#xA;            },&#xA;        },&#xA;    }&#xA;occurred&#xA;In [It] at: /Users/seancorkum/projects/devops-mcp/test/e2e/scenarios/single_agent_test.go:448 @ 07/05/25 16:52:46.619&#xA;&lt; Exit [It] should handle invalid method calls - /Users/seancorkum/projects/devops-mcp/test/e2e/scenarios/single_agent_test.go:428 @ 07/05/25 16:52:46.619 (44ms)&#xA;&gt; Enter [AfterEach] Single Agent E2E Tests - /Users/seancorkum/projects/devops-mcp/test/e2e/scenarios/single_agent_test.go:40 @ 07/05/25 16:52:46.62&#xA;&lt; Exit [AfterEach] Single Agent E2E Tests - /Users/seancorkum/projects/devops-mcp/test/e2e/scenarios/single_agent_test.go:40 @ 07/05/25 16:52:46.622 (2ms)&#xA;</system-err>
          </testcase>
          <testcase name="[It] Performance and Stress E2E Tests Agent Swarm Tests should handle 50 concurrent agents" classname="Multi-Agent Collaboration E2E Test Suite" status="failed" time="0.565560816">
              <failure message="Expected&#xA;    &lt;int32&gt;: 0&#xA;to be &gt;=&#xA;    &lt;int32&gt;: 47" type="failed">[FAILED] Expected&#xA;    &lt;int32&gt;: 0&#xA;to be &gt;=&#xA;    &lt;int32&gt;: 47&#xA;In [It] at: /Users/seancorkum/projects/devops-mcp/test/e2e/scenarios/performance_test.go:158 @ 07/05/25 16:52:46.349&#xA;&#xA;There were additional failures detected after the initial failure. These are visible in the timeline&#xA;</failure>
              <system-out>[16:52:45] [ERROR] performance: Agent 41 connection failed: failed to connect: failed to WebSocket dial: expected handshake response status code 101 but got 426&#xA;[16:52:45] [ERROR] performance: Agent 12 connection failed: failed to connect: failed to WebSocket dial: expected handshake response status code 101 but got 426&#xA;[16:52:45] [ERROR] performance: Agent 1 connection failed: failed to connect: failed to WebSocket dial: expected handshake response status code 101 but got 426&#xA;[16:52:46] [ERROR] performance: Agent 23 connection failed: failed to connect: failed to WebSocket dial: expected handshake response status code 101 but got 426&#xA;[16:52:46] [ERROR] performance: Agent 8 connection failed: failed to connect: failed to WebSocket dial: expected handshake response status code 101 but got 426&#xA;[16:52:46] [ERROR] performance: Agent 0 connection failed: failed to connect: failed to WebSocket dial: expected handshake response status code 101 but got 426&#xA;[16:52:46] [ERROR] performance: Agent 40 connection failed: failed to connect: failed to WebSocket dial: expected handshake response status code 101 but got 426&#xA;[16:52:46] [ERROR] performance: Agent 10 connection failed: failed to connect: failed to WebSocket dial: expected handshake response status code 101 but got 426&#xA;[16:52:46] [ERROR] performance: Agent 24 connection failed: failed to connect: failed to WebSocket dial: expected handshake response status code 101 but got 426&#xA;[16:52:46] [ERROR] performance: Agent 15 connection failed: failed to connect: failed to WebSocket dial: expected handshake response status code 101 but got 426&#xA;[16:52:46] [ERROR] performance: Agent 36 connection failed: failed to connect: failed to WebSocket dial: expected handshake response status code 101 but got 426&#xA;[16:52:46] [ERROR] performance: Agent 43 connection failed: failed to connect: failed to WebSocket dial: expected handshake response status code 101 but got 426&#xA;[16:52:46] [ERROR] performance: Agent 13 connection failed: failed to connect: failed to WebSocket dial: expected handshake response status code 101 but got 426&#xA;[16:52:46] [ERROR] performance: Agent 16 connection failed: failed to connect: failed to WebSocket dial: expected handshake response status code 101 but got 426&#xA;[16:52:46] [ERROR] performance: Agent 20 connection failed: failed to connect: failed to WebSocket dial: expected handshake response status code 101 but got 426&#xA;[16:52:46] [ERROR] performance: Agent 7 connection failed: failed to connect: failed to WebSocket dial: expected handshake response status code 101 but got 426&#xA;[16:52:46] [ERROR] performance: Agent 47 connection failed: failed to connect: failed to WebSocket dial: expected handshake response status code 101 but got 426&#xA;[16:52:46] [ERROR] performance: Agent 3 connection failed: failed to connect: failed to WebSocket dial: expected handshake response status code 101 but got 426&#xA;[16:52:46] [ERROR] performance: Agent 32 connection failed: failed to connect: failed to WebSocket dial: expected handshake response status code 101 but got 426&#xA;[16:52:46] [ERROR] performance: Agent 39 connection failed: failed to connect: failed to WebSocket dial: expected handshake response status code 101 but got 426&#xA;[16:52:46] [ERROR] performance: Agent 31 connection failed: failed to connect: failed to WebSocket dial: expected handshake response status code 101 but got 426&#xA;[16:52:46] [ERROR] performance: Agent 6 connection failed: failed to connect: failed to WebSocket dial: expected handshake response status code 101 but got 426&#xA;[16:52:46] [ERROR] performance: Agent 49 connection failed: failed to connect: failed to WebSocket dial: expected handshake response status code 101 but got 426&#xA;[16:52:46] [ERROR] performance: Agent 2 connection failed: failed to connect: failed to WebSocket dial: expected handshake response status code 101 but got 426&#xA;[16:52:46] [ERROR] performance: Agent 26 connection failed: failed to connect: failed to WebSocket dial: expected handshake response status code 101 but got 426&#xA;[16:52:46] [ERROR] performance: Agent 9 connection failed: failed to connect: failed to WebSocket dial: expected handshake response status code 101 but got 426&#xA;[16:52:46] [ERROR] performance: Agent 42 connection failed: failed to connect: failed to WebSocket dial: expected handshake response status code 101 but got 426&#xA;[16:52:46] [ERROR] performance: Agent 14 connection failed: failed to connect: failed to WebSocket dial: expected handshake response status code 101 but got 426&#xA;[16:52:46] [ERROR] performance: Agent 27 connection failed: failed to connect: failed to WebSocket dial: expected handshake response status code 101 but got 426&#xA;[16:52:46] [ERROR] performance: Agent 44 connection failed: failed to connect: failed to WebSocket dial: expected handshake response status code 101 but got 426&#xA;[16:52:46] [ERROR] performance: Agent 48 connection failed: failed to connect: failed to WebSocket dial: expected handshake response status code 101 but got 426&#xA;[16:52:46] [ERROR] performance: Agent 46 connection failed: failed to connect: failed to WebSocket dial: expected handshake response status code 101 but got 426&#xA;[16:52:46] [ERROR] performance: Agent 28 connection failed: failed to connect: failed to WebSocket dial: expected handshake response status code 101 but got 426&#xA;[16:52:46] [ERROR] performance: Agent 38 connection failed: failed to connect: failed to WebSocket dial: expected handshake response status code 101 but got 426&#xA;[16:52:46] [ERROR] performance: Agent 45 connection failed: failed to connect: failed to WebSocket dial: expected handshake response status code 101 but got 426&#xA;[16:52:46] [ERROR] performance: Agent 5 connection failed: failed to connect: failed to WebSocket dial: expected handshake response status code 101 but got 426&#xA;[16:52:46] [ERROR] performance: Agent 37 connection failed: failed to connect: failed to WebSocket dial: expected handshake response status code 101 but got 426&#xA;[16:52:46] [ERROR] performance: Agent 22 connection failed: failed to connect: failed to WebSocket dial: expected handshake response status code 101 but got 426&#xA;[16:52:46] [ERROR] performance: Agent 35 connection failed: failed to connect: failed to WebSocket dial: expected handshake response status code 101 but got 426&#xA;[16:52:46] [ERROR] performance: Agent 34 connection failed: failed to connect: failed to WebSocket dial: expected handshake response status code 101 but got 426&#xA;[16:52:46] [ERROR] performance: Agent 30 connection failed: failed to connect: failed to WebSocket dial: expected handshake response status code 101 but got 426&#xA;[16:52:46] [ERROR] performance: Agent 29 connection failed: failed to connect: failed to WebSocket dial: expected handshake response status code 101 but got 426&#xA;[16:52:46] [ERROR] performance: Agent 17 connection failed: failed to connect: failed to WebSocket dial: expected handshake response status code 101 but got 426&#xA;[16:52:46] [ERROR] performance: Agent 33 connection failed: failed to connect: failed to WebSocket dial: expected handshake response status code 101 but got 426&#xA;[16:52:46] [ERROR] performance: Agent 4 connection failed: failed to connect: failed to WebSocket dial: expected handshake response status code 101 but got 426&#xA;[16:52:46] [ERROR] performance: Agent 25 connection failed: failed to connect: failed to WebSocket dial: expected handshake response status code 101 but got 426&#xA;[16:52:46] [ERROR] performance: Agent 11 connection failed: failed to connect: failed to WebSocket dial: expected handshake response status code 101 but got 426&#xA;[16:52:46] [ERROR] performance: Agent 19 connection failed: failed to connect: failed to WebSocket dial: expected handshake response status code 101 but got 426&#xA;[16:52:46] [ERROR] performance: Agent 18 connection failed: failed to connect: failed to WebSocket dial: expected handshake response status code 101 but got 426&#xA;[16:52:46] [ERROR] performance: Agent 21 connection failed: failed to connect: failed to WebSocket dial: expected handshake response status code 101 but got 426&#xA;[16:52:46] [INFO] performance: Agent Swarm Results:&#xA;[16:52:46] [INFO] performance:   Agents connected: 0/50&#xA;[16:52:46] [INFO] performance:   Connection time: 295.043039ms&#xA;[16:52:46] [INFO] performance:   Total messages: 0&#xA;[16:52:46] [INFO] performance:   Avg latency: 0s&#xA;[16:52:46] [INFO] performance:   P50 latency: 0s&#xA;[16:52:46] [INFO] performance:   P95 latency: 0s&#xA;[16:52:46] [INFO] performance:   P99 latency: 0s&#xA;[16:52:46] [ERROR] performance: Agent 37 connection failed: failed to connect: failed to WebSocket dial: expected handshake response status code 101 but got 426&#xA;[16:52:46] [ERROR] performance: Agent 0 connection failed: failed to connect: failed to WebSocket dial: expected handshake response status code 101 but got 426&#xA;[16:52:46] [ERROR] performance: Agent 9 connection failed: failed to connect: failed to WebSocket dial: expected handshake response status code 101 but got 426&#xA;[16:52:46] [ERROR] performance: Agent 22 connection failed: failed to connect: failed to WebSocket dial: expected handshake response status code 101 but got 426&#xA;[16:52:46] [ERROR] performance: Agent 26 connection failed: failed to connect: failed to WebSocket dial: expected handshake response status code 101 but got 426&#xA;[16:52:46] [ERROR] performance: Agent 1 connection failed: failed to connect: failed to WebSocket dial: expected handshake response status code 101 but got 426&#xA;[16:52:46] [ERROR] performance: Agent 10 connection failed: failed to connect: failed to WebSocket dial: expected handshake response status code 101 but got 426&#xA;[16:52:46] [ERROR] performance: Agent 36 connection failed: failed to connect: failed to WebSocket dial: expected handshake response status code 101 but got 426&#xA;[16:52:46] [ERROR] performance: Agent 32 connection failed: failed to connect: failed to WebSocket dial: expected handshake response status code 101 but got 426&#xA;[16:52:46] [ERROR] performance: Agent 20 connection failed: failed to connect: failed to WebSocket dial: expected handshake response status code 101 but got 426&#xA;[16:52:46] [ERROR] performance: Agent 23 connection failed: failed to connect: failed to WebSocket dial: expected handshake response status code 101 but got 426&#xA;[16:52:46] [ERROR] performance: Agent 40 connection failed: failed to connect: failed to WebSocket dial: expected handshake response status code 101 but got 426&#xA;[16:52:46] [ERROR] performance: Agent 18 connection failed: failed to connect: failed to WebSocket dial: expected handshake response status code 101 but got 426&#xA;[16:52:46] [ERROR] performance: Agent 35 connection failed: failed to connect: failed to WebSocket dial: expected handshake response status code 101 but got 426&#xA;[16:52:46] [ERROR] performance: Agent 24 connection failed: failed to connect: failed to WebSocket dial: expected handshake response status code 101 but got 426&#xA;[16:52:46] [ERROR] performance: Agent 7 connection failed: failed to connect: failed to WebSocket dial: expected handshake response status code 101 but got 426&#xA;[16:52:46] [ERROR] performance: Agent 38 connection failed: failed to connect: failed to WebSocket dial: expected handshake response status code 101 but got 426&#xA;[16:52:46] [ERROR] performance: Agent 47 connection failed: failed to connect: failed to WebSocket dial: expected handshake response status code 101 but got 426&#xA;[16:52:46] [ERROR] performance: Agent 25 connection failed: failed to connect: failed to WebSocket dial: expected handshake response status code 101 but got 426&#xA;[16:52:46] [ERROR] performance: Agent 3 connection failed: failed to connect: failed to WebSocket dial: expected handshake response status code 101 but got 426&#xA;[16:52:46] [ERROR] performance: Agent 43 connection failed: failed to connect: failed to WebSocket dial: expected handshake response status code 101 but got 426&#xA;[16:52:46] [ERROR] performance: Agent 44 connection failed: failed to connect: failed to WebSocket dial: expected handshake response status code 101 but got 426&#xA;[16:52:46] [ERROR] performance: Agent 39 connection failed: failed to connect: failed to WebSocket dial: expected handshake response status code 101 but got 426&#xA;[16:52:46] [ERROR] performance: Agent 41 connection failed: failed to connect: failed to WebSocket dial: expected handshake response status code 101 but got 426&#xA;[16:52:46] [ERROR] performance: Agent 17 connection failed: failed to connect: failed to WebSocket dial: expected handshake response status code 101 but got 426&#xA;[16:52:46] [ERROR] performance: Agent 46 connection failed: failed to connect: failed to WebSocket dial: expected handshake response status code 101 but got 426&#xA;[16:52:46] [ERROR] performance: Agent 12 connection failed: failed to connect: failed to WebSocket dial: expected handshake response status code 101 but got 426&#xA;[16:52:46] [ERROR] performance: Agent 33 connection failed: failed to connect: failed to WebSocket dial: expected handshake response status code 101 but got 429&#xA;[16:52:46] [ERROR] performance: Agent 13 connection failed: failed to connect: failed to WebSocket dial: expected handshake response status code 101 but got 429&#xA;[16:52:46] [ERROR] performance: Agent 34 connection failed: failed to connect: failed to WebSocket dial: expected handshake response status code 101 but got 429&#xA;[16:52:46] [ERROR] performance: Agent 11 connection failed: failed to connect: failed to WebSocket dial: expected handshake response status code 101 but got 429&#xA;[16:52:46] [ERROR] performance: Agent 42 connection failed: failed to connect: failed to WebSocket dial: expected handshake response status code 101 but got 429&#xA;[16:52:46] [ERROR] performance: Agent 27 connection failed: failed to connect: failed to WebSocket dial: expected handshake response status code 101 but got 429&#xA;[16:52:46] [ERROR] performance: Agent 49 connection failed: failed to connect: failed to WebSocket dial: expected handshake response status code 101 but got 429&#xA;[16:52:46] [ERROR] performance: Agent 45 connection failed: failed to connect: failed to WebSocket dial: expected handshake response status code 101 but got 429&#xA;[16:52:46] [ERROR] performance: Agent 19 connection failed: failed to connect: failed to WebSocket dial: expected handshake response status code 101 but got 429&#xA;[16:52:46] [ERROR] performance: Agent 48 connection failed: failed to connect: failed to WebSocket dial: expected handshake response status code 101 but got 429&#xA;[16:52:46] [ERROR] performance: Agent 16 connection failed: failed to connect: failed to WebSocket dial: expected handshake response status code 101 but got 429&#xA;[16:52:46] [ERROR] performance: Agent 29 connection failed: failed to connect: failed to WebSocket dial: expected handshake response status code 101 but got 429&#xA;[16:52:46] [ERROR] performance: Agent 21 connection failed: failed to connect: failed to WebSocket dial: expected handshake response status code 101 but got 429&#xA;[16:52:46] [ERROR] performance: Agent 6 connection failed: failed to connect: failed to WebSocket dial: expected handshake response status code 101 but got 429&#xA;[16:52:46] [ERROR] performance: Agent 5 connection failed: failed to connect: failed to WebSocket dial: expected handshake response status code 101 but got 429&#xA;[16:52:46] [ERROR] performance: Agent 14 connection failed: failed to connect: failed to WebSocket dial: expected handshake response status code 101 but got 429&#xA;[16:52:46] [ERROR] performance: Agent 4 connection failed: failed to connect: failed to WebSocket dial: expected handshake response status code 101 but got 429&#xA;[16:52:46] [ERROR] performance: Agent 8 connection failed: failed to connect: failed to WebSocket dial: expected handshake response status code 101 but got 429&#xA;[16:52:46] [ERROR] performance: Agent 31 connection failed: failed to connect: failed to WebSocket dial: expected handshake response status code 101 but got 429&#xA;[16:52:46] [ERROR] performance: Agent 30 connection failed: failed to connect: failed to WebSocket dial: expected handshake response status code 101 but got 429&#xA;[16:52:46] [ERROR] performance: Agent 15 connection failed: failed to connect: failed to WebSocket dial: expected handshake response status code 101 but got 429&#xA;[16:52:46] [ERROR] performance: Agent 2 connection failed: failed to connect: failed to WebSocket dial: expected handshake response status code 101 but got 429&#xA;[16:52:46] [ERROR] performance: Agent 28 connection failed: failed to connect: failed to WebSocket dial: expected handshake response status code 101 but got 429&#xA;[16:52:46] [INFO] performance: Agent Swarm Results:&#xA;[16:52:46] [INFO] performance:   Agents connected: 0/50&#xA;[16:52:46] [INFO] performance:   Connection time: 261.723064ms&#xA;[16:52:46] [INFO] performance:   Total messages: 0&#xA;[16:52:46] [INFO] performance:   Avg latency: 0s&#xA;[16:52:46] [INFO] performance:   P50 latency: 0s&#xA;[16:52:46] [INFO] performance:   P95 latency: 0s&#xA;[16:52:46] [INFO] performance:   P99 latency: 0s&#xA;</system-out>
              <system-err>&gt; Enter [BeforeEach] Performance and Stress E2E Tests - /Users/seancorkum/projects/devops-mcp/test/e2e/scenarios/performance_test.go:31 @ 07/05/25 16:52:45.789&#xA;&lt; Exit [BeforeEach] Performance and Stress E2E Tests - /Users/seancorkum/projects/devops-mcp/test/e2e/scenarios/performance_test.go:31 @ 07/05/25 16:52:45.789 (0s)&#xA;&gt; Enter [It] should handle 50 concurrent agents - /Users/seancorkum/projects/devops-mcp/test/e2e/scenarios/performance_test.go:48 @ 07/05/25 16:52:45.789&#xA;[FAILED] Failure recorded during attempt 1:&#xA;Expected&#xA;    &lt;int32&gt;: 0&#xA;to be &gt;=&#xA;    &lt;int32&gt;: 47&#xA;In [It] at: /Users/seancorkum/projects/devops-mcp/test/e2e/scenarios/performance_test.go:158 @ 07/05/25 16:52:46.085&#xA;&lt; Exit [It] should handle 50 concurrent agents - /Users/seancorkum/projects/devops-mcp/test/e2e/scenarios/performance_test.go:48 @ 07/05/25 16:52:46.085 (295ms)&#xA;&gt; Enter [AfterEach] Performance and Stress E2E Tests - /Users/seancorkum/projects/devops-mcp/test/e2e/scenarios/performance_test.go:41 @ 07/05/25 16:52:46.085&#xA;&lt; Exit [AfterEach] Performance and Stress E2E Tests - /Users/seancorkum/projects/devops-mcp/test/e2e/scenarios/performance_test.go:41 @ 07/05/25 16:52:46.087 (2ms)&#xA;&#xA;Attempt #1 Failed.  Retrying â†º @ 07/05/25 16:52:46.087&#xA;&#xA;&gt; Enter [BeforeEach] Performance and Stress E2E Tests - /Users/seancorkum/projects/devops-mcp/test/e2e/scenarios/performance_test.go:31 @ 07/05/25 16:52:46.087&#xA;&lt; Exit [BeforeEach] Performance and Stress E2E Tests - /Users/seancorkum/projects/devops-mcp/test/e2e/scenarios/performance_test.go:31 @ 07/05/25 16:52:46.087 (0s)&#xA;&gt; Enter [It] should handle 50 concurrent agents - /Users/seancorkum/projects/devops-mcp/test/e2e/scenarios/performance_test.go:48 @ 07/05/25 16:52:46.087&#xA;[FAILED] Expected&#xA;    &lt;int32&gt;: 0&#xA;to be &gt;=&#xA;    &lt;int32&gt;: 47&#xA;In [It] at: /Users/seancorkum/projects/devops-mcp/test/e2e/scenarios/performance_test.go:158 @ 07/05/25 16:52:46.349&#xA;&lt; Exit [It] should handle 50 concurrent agents - /Users/seancorkum/projects/devops-mcp/test/e2e/scenarios/performance_test.go:48 @ 07/05/25 16:52:46.349 (262ms)&#xA;&gt; Enter [AfterEach] Performance and Stress E2E Tests - /Users/seancorkum/projects/devops-mcp/test/e2e/scenarios/performance_test.go:41 @ 07/05/25 16:52:46.349&#xA;&lt; Exit [AfterEach] Performance and Stress E2E Tests - /Users/seancorkum/projects/devops-mcp/test/e2e/scenarios/performance_test.go:41 @ 07/05/25 16:52:46.354 (5ms)&#xA;</system-err>
          </testcase>
          <testcase name="[It] Single Agent E2E Tests Basic Agent Lifecycle should handle reconnection" classname="Multi-Agent Collaboration E2E Test Suite" status="failed" time="0.103777775">
              <failure message="Unexpected error:&#xA;    &lt;*fmt.wrapError | 0xc00007c420&gt;: &#xA;    failed to connect: failed to WebSocket dial: expected handshake response status code 101 but got 429&#xA;    {&#xA;        msg: &#34;failed to connect: failed to WebSocket dial: expected handshake response status code 101 but got 429&#34;,&#xA;        err: &lt;*fmt.wrapError | 0xc00007c400&gt;{&#xA;            msg: &#34;failed to WebSocket dial: expected handshake response status code 101 but got 429&#34;,&#xA;            err: &lt;*errors.errorString | 0xc000316000&gt;{&#xA;                s: &#34;expected handshake response status code 101 but got 429&#34;,&#xA;            },&#xA;        },&#xA;    }&#xA;occurred" type="failed">[FAILED] Unexpected error:&#xA;    &lt;*fmt.wrapError | 0xc00007c420&gt;: &#xA;    failed to connect: failed to WebSocket dial: expected handshake response status code 101 but got 429&#xA;    {&#xA;        msg: &#34;failed to connect: failed to WebSocket dial: expected handshake response status code 101 but got 429&#34;,&#xA;        err: &lt;*fmt.wrapError | 0xc00007c400&gt;{&#xA;            msg: &#34;failed to WebSocket dial: expected handshake response status code 101 but got 429&#34;,&#xA;            err: &lt;*errors.errorString | 0xc000316000&gt;{&#xA;                s: &#34;expected handshake response status code 101 but got 429&#34;,&#xA;            },&#xA;        },&#xA;    }&#xA;occurred&#xA;In [It] at: /Users/seancorkum/projects/devops-mcp/test/e2e/scenarios/single_agent_test.go:129 @ 07/05/25 16:52:46.458&#xA;&#xA;There were additional failures detected after the initial failure. These are visible in the timeline&#xA;</failure>
              <system-err>&gt; Enter [BeforeEach] Single Agent E2E Tests - /Users/seancorkum/projects/devops-mcp/test/e2e/scenarios/single_agent_test.go:30 @ 07/05/25 16:52:46.357&#xA;&lt; Exit [BeforeEach] Single Agent E2E Tests - /Users/seancorkum/projects/devops-mcp/test/e2e/scenarios/single_agent_test.go:30 @ 07/05/25 16:52:46.362 (5ms)&#xA;&gt; Enter [It] should handle reconnection - /Users/seancorkum/projects/devops-mcp/test/e2e/scenarios/single_agent_test.go:107 @ 07/05/25 16:52:46.362&#xA;[FAILED] Failure recorded during attempt 1:&#xA;Unexpected error:&#xA;    &lt;*fmt.wrapError | 0xc00007c420&gt;: &#xA;    failed to connect: failed to WebSocket dial: expected handshake response status code 101 but got 429&#xA;    {&#xA;        msg: &#34;failed to connect: failed to WebSocket dial: expected handshake response status code 101 but got 429&#34;,&#xA;        err: &lt;*fmt.wrapError | 0xc00007c400&gt;{&#xA;            msg: &#34;failed to WebSocket dial: expected handshake response status code 101 but got 429&#34;,&#xA;            err: &lt;*errors.errorString | 0xc0000ac930&gt;{&#xA;                s: &#34;expected handshake response status code 101 but got 429&#34;,&#xA;            },&#xA;        },&#xA;    }&#xA;occurred&#xA;In [It] at: /Users/seancorkum/projects/devops-mcp/test/e2e/scenarios/single_agent_test.go:129 @ 07/05/25 16:52:46.407&#xA;&lt; Exit [It] should handle reconnection - /Users/seancorkum/projects/devops-mcp/test/e2e/scenarios/single_agent_test.go:107 @ 07/05/25 16:52:46.407 (45ms)&#xA;&gt; Enter [AfterEach] Single Agent E2E Tests - /Users/seancorkum/projects/devops-mcp/test/e2e/scenarios/single_agent_test.go:40 @ 07/05/25 16:52:46.408&#xA;&lt; Exit [AfterEach] Single Agent E2E Tests - /Users/seancorkum/projects/devops-mcp/test/e2e/scenarios/single_agent_test.go:40 @ 07/05/25 16:52:46.41 (2ms)&#xA;&#xA;Attempt #1 Failed.  Retrying â†º @ 07/05/25 16:52:46.41&#xA;&#xA;&gt; Enter [BeforeEach] Single Agent E2E Tests - /Users/seancorkum/projects/devops-mcp/test/e2e/scenarios/single_agent_test.go:30 @ 07/05/25 16:52:46.411&#xA;&lt; Exit [BeforeEach] Single Agent E2E Tests - /Users/seancorkum/projects/devops-mcp/test/e2e/scenarios/single_agent_test.go:30 @ 07/05/25 16:52:46.414 (3ms)&#xA;&gt; Enter [It] should handle reconnection - /Users/seancorkum/projects/devops-mcp/test/e2e/scenarios/single_agent_test.go:107 @ 07/05/25 16:52:46.414&#xA;[FAILED] Unexpected error:&#xA;    &lt;*fmt.wrapError | 0xc00007c420&gt;: &#xA;    failed to connect: failed to WebSocket dial: expected handshake response status code 101 but got 429&#xA;    {&#xA;        msg: &#34;failed to connect: failed to WebSocket dial: expected handshake response status code 101 but got 429&#34;,&#xA;        err: &lt;*fmt.wrapError | 0xc00007c400&gt;{&#xA;            msg: &#34;failed to WebSocket dial: expected handshake response status code 101 but got 429&#34;,&#xA;            err: &lt;*errors.errorString | 0xc000316000&gt;{&#xA;                s: &#34;expected handshake response status code 101 but got 429&#34;,&#xA;            },&#xA;        },&#xA;    }&#xA;occurred&#xA;In [It] at: /Users/seancorkum/projects/devops-mcp/test/e2e/scenarios/single_agent_test.go:129 @ 07/05/25 16:52:46.458&#xA;&lt; Exit [It] should handle reconnection - /Users/seancorkum/projects/devops-mcp/test/e2e/scenarios/single_agent_test.go:107 @ 07/05/25 16:52:46.458 (44ms)&#xA;&gt; Enter [AfterEach] Single Agent E2E Tests - /Users/seancorkum/projects/devops-mcp/test/e2e/scenarios/single_agent_test.go:40 @ 07/05/25 16:52:46.459&#xA;&lt; Exit [AfterEach] Single Agent E2E Tests - /Users/seancorkum/projects/devops-mcp/test/e2e/scenarios/single_agent_test.go:40 @ 07/05/25 16:52:46.461 (2ms)&#xA;</system-err>
          </testcase>
          <testcase name="[It] Single Agent E2E Tests Session Management should manage sessions correctly" classname="Multi-Agent Collaboration E2E Test Suite" status="failed" time="0.09842723">
              <failure message="Unexpected error:&#xA;    &lt;*fmt.wrapError | 0xc00007c320&gt;: &#xA;    failed to connect: failed to WebSocket dial: expected handshake response status code 101 but got 429&#xA;    {&#xA;        msg: &#34;failed to connect: failed to WebSocket dial: expected handshake response status code 101 but got 429&#34;,&#xA;        err: &lt;*fmt.wrapError | 0xc00007c280&gt;{&#xA;            msg: &#34;failed to WebSocket dial: expected handshake response status code 101 but got 429&#34;,&#xA;            err: &lt;*errors.errorString | 0xc000334000&gt;{&#xA;                s: &#34;expected handshake response status code 101 but got 429&#34;,&#xA;            },&#xA;        },&#xA;    }&#xA;occurred" type="failed">[FAILED] Unexpected error:&#xA;    &lt;*fmt.wrapError | 0xc00007c320&gt;: &#xA;    failed to connect: failed to WebSocket dial: expected handshake response status code 101 but got 429&#xA;    {&#xA;        msg: &#34;failed to connect: failed to WebSocket dial: expected handshake response status code 101 but got 429&#34;,&#xA;        err: &lt;*fmt.wrapError | 0xc00007c280&gt;{&#xA;            msg: &#34;failed to WebSocket dial: expected handshake response status code 101 but got 429&#34;,&#xA;            err: &lt;*errors.errorString | 0xc000334000&gt;{&#xA;                s: &#34;expected handshake response status code 101 but got 429&#34;,&#xA;            },&#xA;        },&#xA;    }&#xA;occurred&#xA;In [It] at: /Users/seancorkum/projects/devops-mcp/test/e2e/scenarios/single_agent_test.go:347 @ 07/05/25 16:52:46.557&#xA;&#xA;There were additional failures detected after the initial failure. These are visible in the timeline&#xA;</failure>
              <system-err>&gt; Enter [BeforeEach] Single Agent E2E Tests - /Users/seancorkum/projects/devops-mcp/test/e2e/scenarios/single_agent_test.go:30 @ 07/05/25 16:52:46.462&#xA;&lt; Exit [BeforeEach] Single Agent E2E Tests - /Users/seancorkum/projects/devops-mcp/test/e2e/scenarios/single_agent_test.go:30 @ 07/05/25 16:52:46.465 (3ms)&#xA;&gt; Enter [It] should manage sessions correctly - /Users/seancorkum/projects/devops-mcp/test/e2e/scenarios/single_agent_test.go:327 @ 07/05/25 16:52:46.466&#xA;[FAILED] Failure recorded during attempt 1:&#xA;Unexpected error:&#xA;    &lt;*fmt.wrapError | 0xc00032c100&gt;: &#xA;    failed to connect: failed to WebSocket dial: expected handshake response status code 101 but got 429&#xA;    {&#xA;        msg: &#34;failed to connect: failed to WebSocket dial: expected handshake response status code 101 but got 429&#34;,&#xA;        err: &lt;*fmt.wrapError | 0xc00032c0e0&gt;{&#xA;            msg: &#34;failed to WebSocket dial: expected handshake response status code 101 but got 429&#34;,&#xA;            err: &lt;*errors.errorString | 0xc0006a2000&gt;{&#xA;                s: &#34;expected handshake response status code 101 but got 429&#34;,&#xA;            },&#xA;        },&#xA;    }&#xA;occurred&#xA;In [It] at: /Users/seancorkum/projects/devops-mcp/test/e2e/scenarios/single_agent_test.go:347 @ 07/05/25 16:52:46.507&#xA;&lt; Exit [It] should manage sessions correctly - /Users/seancorkum/projects/devops-mcp/test/e2e/scenarios/single_agent_test.go:327 @ 07/05/25 16:52:46.507 (41ms)&#xA;&gt; Enter [AfterEach] Single Agent E2E Tests - /Users/seancorkum/projects/devops-mcp/test/e2e/scenarios/single_agent_test.go:40 @ 07/05/25 16:52:46.507&#xA;&lt; Exit [AfterEach] Single Agent E2E Tests - /Users/seancorkum/projects/devops-mcp/test/e2e/scenarios/single_agent_test.go:40 @ 07/05/25 16:52:46.51 (3ms)&#xA;&#xA;Attempt #1 Failed.  Retrying â†º @ 07/05/25 16:52:46.51&#xA;&#xA;&gt; Enter [BeforeEach] Single Agent E2E Tests - /Users/seancorkum/projects/devops-mcp/test/e2e/scenarios/single_agent_test.go:30 @ 07/05/25 16:52:46.511&#xA;&lt; Exit [BeforeEach] Single Agent E2E Tests - /Users/seancorkum/projects/devops-mcp/test/e2e/scenarios/single_agent_test.go:30 @ 07/05/25 16:52:46.513 (3ms)&#xA;&gt; Enter [It] should manage sessions correctly - /Users/seancorkum/projects/devops-mcp/test/e2e/scenarios/single_agent_test.go:327 @ 07/05/25 16:52:46.513&#xA;[FAILED] Unexpected error:&#xA;    &lt;*fmt.wrapError | 0xc00007c320&gt;: &#xA;    failed to connect: failed to WebSocket dial: expected handshake response status code 101 but got 429&#xA;    {&#xA;        msg: &#34;failed to connect: failed to WebSocket dial: expected handshake response status code 101 but got 429&#34;,&#xA;        err: &lt;*fmt.wrapError | 0xc00007c280&gt;{&#xA;            msg: &#34;failed to WebSocket dial: expected handshake response status code 101 but got 429&#34;,&#xA;            err: &lt;*errors.errorString | 0xc000334000&gt;{&#xA;                s: &#34;expected handshake response status code 101 but got 429&#34;,&#xA;            },&#xA;        },&#xA;    }&#xA;occurred&#xA;In [It] at: /Users/seancorkum/projects/devops-mcp/test/e2e/scenarios/single_agent_test.go:347 @ 07/05/25 16:52:46.557&#xA;&lt; Exit [It] should manage sessions correctly - /Users/seancorkum/projects/devops-mcp/test/e2e/scenarios/single_agent_test.go:327 @ 07/05/25 16:52:46.557 (44ms)&#xA;&gt; Enter [AfterEach] Single Agent E2E Tests - /Users/seancorkum/projects/devops-mcp/test/e2e/scenarios/single_agent_test.go:40 @ 07/05/25 16:52:46.557&#xA;&lt; Exit [AfterEach] Single Agent E2E Tests - /Users/seancorkum/projects/devops-mcp/test/e2e/scenarios/single_agent_test.go:40 @ 07/05/25 16:52:46.56 (3ms)&#xA;</system-err>
          </testcase>
          <testcase name="[It] Single Agent E2E Tests Error Handling should handle timeout scenarios" classname="Multi-Agent Collaboration E2E Test Suite" status="failed" time="0.095993045">
              <failure message="Unexpected error:&#xA;    &lt;*fmt.wrapError | 0xc00032c0e0&gt;: &#xA;    failed to connect: failed to WebSocket dial: expected handshake response status code 101 but got 426&#xA;    {&#xA;        msg: &#34;failed to connect: failed to WebSocket dial: expected handshake response status code 101 but got 426&#34;,&#xA;        err: &lt;*fmt.wrapError | 0xc00032c0c0&gt;{&#xA;            msg: &#34;failed to WebSocket dial: expected handshake response status code 101 but got 426&#34;,&#xA;            err: &lt;*errors.errorString | 0xc000492000&gt;{&#xA;                s: &#34;expected handshake response status code 101 but got 426&#34;,&#xA;            },&#xA;        },&#xA;    }&#xA;occurred" type="failed">[FAILED] Unexpected error:&#xA;    &lt;*fmt.wrapError | 0xc00032c0e0&gt;: &#xA;    failed to connect: failed to WebSocket dial: expected handshake response status code 101 but got 426&#xA;    {&#xA;        msg: &#34;failed to connect: failed to WebSocket dial: expected handshake response status code 101 but got 426&#34;,&#xA;        err: &lt;*fmt.wrapError | 0xc00032c0c0&gt;{&#xA;            msg: &#34;failed to WebSocket dial: expected handshake response status code 101 but got 426&#34;,&#xA;            err: &lt;*errors.errorString | 0xc000492000&gt;{&#xA;                s: &#34;expected handshake response status code 101 but got 426&#34;,&#xA;            },&#xA;        },&#xA;    }&#xA;occurred&#xA;In [It] at: /Users/seancorkum/projects/devops-mcp/test/e2e/scenarios/single_agent_test.go:488 @ 07/05/25 16:52:46.655&#xA;&#xA;There were additional failures detected after the initial failure. These are visible in the timeline&#xA;</failure>
              <system-err>&gt; Enter [BeforeEach] Single Agent E2E Tests - /Users/seancorkum/projects/devops-mcp/test/e2e/scenarios/single_agent_test.go:30 @ 07/05/25 16:52:46.561&#xA;&lt; Exit [BeforeEach] Single Agent E2E Tests - /Users/seancorkum/projects/devops-mcp/test/e2e/scenarios/single_agent_test.go:30 @ 07/05/25 16:52:46.565 (3ms)&#xA;&gt; Enter [It] should handle timeout scenarios - /Users/seancorkum/projects/devops-mcp/test/e2e/scenarios/single_agent_test.go:468 @ 07/05/25 16:52:46.565&#xA;[FAILED] Failure recorded during attempt 1:&#xA;Unexpected error:&#xA;    &lt;*fmt.wrapError | 0xc00032c100&gt;: &#xA;    failed to connect: failed to WebSocket dial: expected handshake response status code 101 but got 426&#xA;    {&#xA;        msg: &#34;failed to connect: failed to WebSocket dial: expected handshake response status code 101 but got 426&#34;,&#xA;        err: &lt;*fmt.wrapError | 0xc00032c0c0&gt;{&#xA;            msg: &#34;failed to WebSocket dial: expected handshake response status code 101 but got 426&#34;,&#xA;            err: &lt;*errors.errorString | 0xc000036010&gt;{&#xA;                s: &#34;expected handshake response status code 101 but got 426&#34;,&#xA;            },&#xA;        },&#xA;    }&#xA;occurred&#xA;In [It] at: /Users/seancorkum/projects/devops-mcp/test/e2e/scenarios/single_agent_test.go:488 @ 07/05/25 16:52:46.606&#xA;&lt; Exit [It] should handle timeout scenarios - /Users/seancorkum/projects/devops-mcp/test/e2e/scenarios/single_agent_test.go:468 @ 07/05/25 16:52:46.606 (42ms)&#xA;&gt; Enter [AfterEach] Single Agent E2E Tests - /Users/seancorkum/projects/devops-mcp/test/e2e/scenarios/single_agent_test.go:40 @ 07/05/25 16:52:46.607&#xA;&lt; Exit [AfterEach] Single Agent E2E Tests - /Users/seancorkum/projects/devops-mcp/test/e2e/scenarios/single_agent_test.go:40 @ 07/05/25 16:52:46.609 (3ms)&#xA;&#xA;Attempt #1 Failed.  Retrying â†º @ 07/05/25 16:52:46.609&#xA;&#xA;&gt; Enter [BeforeEach] Single Agent E2E Tests - /Users/seancorkum/projects/devops-mcp/test/e2e/scenarios/single_agent_test.go:30 @ 07/05/25 16:52:46.61&#xA;&lt; Exit [BeforeEach] Single Agent E2E Tests - /Users/seancorkum/projects/devops-mcp/test/e2e/scenarios/single_agent_test.go:30 @ 07/05/25 16:52:46.613 (3ms)&#xA;&gt; Enter [It] should handle timeout scenarios - /Users/seancorkum/projects/devops-mcp/test/e2e/scenarios/single_agent_test.go:468 @ 07/05/25 16:52:46.613&#xA;[FAILED] Unexpected error:&#xA;    &lt;*fmt.wrapError | 0xc00032c0e0&gt;: &#xA;    failed to connect: failed to WebSocket dial: expected handshake response status code 101 but got 426&#xA;    {&#xA;        msg: &#34;failed to connect: failed to WebSocket dial: expected handshake response status code 101 but got 426&#34;,&#xA;        err: &lt;*fmt.wrapError | 0xc00032c0c0&gt;{&#xA;            msg: &#34;failed to WebSocket dial: expected handshake response status code 101 but got 426&#34;,&#xA;            err: &lt;*errors.errorString | 0xc000492000&gt;{&#xA;                s: &#34;expected handshake response status code 101 but got 426&#34;,&#xA;            },&#xA;        },&#xA;    }&#xA;occurred&#xA;In [It] at: /Users/seancorkum/projects/devops-mcp/test/e2e/scenarios/single_agent_test.go:488 @ 07/05/25 16:52:46.655&#xA;&lt; Exit [It] should handle timeout scenarios - /Users/seancorkum/projects/devops-mcp/test/e2e/scenarios/single_agent_test.go:468 @ 07/05/25 16:52:46.655 (41ms)&#xA;&gt; Enter [AfterEach] Single Agent E2E Tests - /Users/seancorkum/projects/devops-mcp/test/e2e/scenarios/single_agent_test.go:40 @ 07/05/25 16:52:46.655&#xA;&lt; Exit [AfterEach] Single Agent E2E Tests - /Users/seancorkum/projects/devops-mcp/test/e2e/scenarios/single_agent_test.go:40 @ 07/05/25 16:52:46.657 (3ms)&#xA;</system-err>
          </testcase>
          <testcase name="[It] Performance and Stress E2E Tests Agent Swarm Tests should handle agent churn" classname="Multi-Agent Collaboration E2E Test Suite" status="failed" time="61.202247967">
              <failure message="Expected&#xA;    &lt;int64&gt;: 0&#xA;to be &gt;&#xA;    &lt;int&gt;: 20" type="failed">[FAILED] Expected&#xA;    &lt;int64&gt;: 0&#xA;to be &gt;&#xA;    &lt;int&gt;: 20&#xA;In [It] at: /Users/seancorkum/projects/devops-mcp/test/e2e/scenarios/performance_test.go:275 @ 07/05/25 16:53:46.99&#xA;&#xA;There were additional failures detected after the initial failure. These are visible in the timeline&#xA;</failure>
              <system-out>[16:53:16] [INFO] performance: Agent Churn Results:&#xA;[16:53:16] [INFO] performance:   Total connections: 0&#xA;[16:53:16] [INFO] performance:   Total disconnections: 0&#xA;[16:53:16] [INFO] performance:   Total errors: 290&#xA;[16:53:16] [INFO] performance:   Error rate: 100.00%&#xA;[16:53:46] [INFO] performance: Agent Churn Results:&#xA;[16:53:46] [INFO] performance:   Total connections: 0&#xA;[16:53:46] [INFO] performance:   Total disconnections: 0&#xA;[16:53:46] [INFO] performance:   Total errors: 290&#xA;[16:53:46] [INFO] performance:   Error rate: 100.00%&#xA;</system-out>
              <system-err>&gt; Enter [BeforeEach] Performance and Stress E2E Tests - /Users/seancorkum/projects/devops-mcp/test/e2e/scenarios/performance_test.go:31 @ 07/05/25 16:52:45.789&#xA;&lt; Exit [BeforeEach] Performance and Stress E2E Tests - /Users/seancorkum/projects/devops-mcp/test/e2e/scenarios/performance_test.go:31 @ 07/05/25 16:52:45.789 (0s)&#xA;&gt; Enter [It] should handle agent churn - /Users/seancorkum/projects/devops-mcp/test/e2e/scenarios/performance_test.go:179 @ 07/05/25 16:52:45.789&#xA;[FAILED] Failure recorded during attempt 1:&#xA;Expected&#xA;    &lt;int64&gt;: 0&#xA;to be &gt;&#xA;    &lt;int&gt;: 20&#xA;In [It] at: /Users/seancorkum/projects/devops-mcp/test/e2e/scenarios/performance_test.go:275 @ 07/05/25 16:53:16.492&#xA;&lt; Exit [It] should handle agent churn - /Users/seancorkum/projects/devops-mcp/test/e2e/scenarios/performance_test.go:179 @ 07/05/25 16:53:16.492 (30.702s)&#xA;&gt; Enter [AfterEach] Performance and Stress E2E Tests - /Users/seancorkum/projects/devops-mcp/test/e2e/scenarios/performance_test.go:41 @ 07/05/25 16:53:16.493&#xA;&lt; Exit [AfterEach] Performance and Stress E2E Tests - /Users/seancorkum/projects/devops-mcp/test/e2e/scenarios/performance_test.go:41 @ 07/05/25 16:53:16.495 (3ms)&#xA;&#xA;Attempt #1 Failed.  Retrying â†º @ 07/05/25 16:53:16.496&#xA;&#xA;&gt; Enter [BeforeEach] Performance and Stress E2E Tests - /Users/seancorkum/projects/devops-mcp/test/e2e/scenarios/performance_test.go:31 @ 07/05/25 16:53:16.496&#xA;&lt; Exit [BeforeEach] Performance and Stress E2E Tests - /Users/seancorkum/projects/devops-mcp/test/e2e/scenarios/performance_test.go:31 @ 07/05/25 16:53:16.496 (0s)&#xA;&gt; Enter [It] should handle agent churn - /Users/seancorkum/projects/devops-mcp/test/e2e/scenarios/performance_test.go:179 @ 07/05/25 16:53:16.496&#xA;[FAILED] Expected&#xA;    &lt;int64&gt;: 0&#xA;to be &gt;&#xA;    &lt;int&gt;: 20&#xA;In [It] at: /Users/seancorkum/projects/devops-mcp/test/e2e/scenarios/performance_test.go:275 @ 07/05/25 16:53:46.99&#xA;&lt; Exit [It] should handle agent churn - /Users/seancorkum/projects/devops-mcp/test/e2e/scenarios/performance_test.go:179 @ 07/05/25 16:53:46.99 (30.494s)&#xA;&gt; Enter [AfterEach] Performance and Stress E2E Tests - /Users/seancorkum/projects/devops-mcp/test/e2e/scenarios/performance_test.go:41 @ 07/05/25 16:53:46.99&#xA;&lt; Exit [AfterEach] Performance and Stress E2E Tests - /Users/seancorkum/projects/devops-mcp/test/e2e/scenarios/performance_test.go:41 @ 07/05/25 16:53:46.992 (1ms)&#xA;</system-err>
          </testcase>
      </testsuite>
  </testsuites>