<?xml version="1.0" encoding="UTF-8"?>
  <testsuites tests="21" disabled="0" errors="0" failures="20" time="61.331421">
      <testsuite name="DevOps MCP E2E Test Suite" package="/Users/seancorkum/projects/devops-mcp/test/e2e" tests="0" disabled="0" skipped="0" errors="0" failures="0" time="0.002516" timestamp="2025-07-03T17:25:00">
          <properties>
              <property name="SuiteSucceeded" value="true"></property>
              <property name="SuiteHasProgrammaticFocus" value="false"></property>
              <property name="SpecialSuiteFailureReason" value=""></property>
              <property name="SuiteLabels" value="[]"></property>
              <property name="RandomSeed" value="1751581498"></property>
              <property name="RandomizeAllSpecs" value="false"></property>
              <property name="LabelFilter" value=""></property>
              <property name="FocusStrings" value=""></property>
              <property name="SkipStrings" value=""></property>
              <property name="FocusFiles" value=""></property>
              <property name="SkipFiles" value=""></property>
              <property name="FailOnPending" value="false"></property>
              <property name="FailOnEmpty" value="false"></property>
              <property name="FailFast" value="false"></property>
              <property name="FlakeAttempts" value="2"></property>
              <property name="DryRun" value="false"></property>
              <property name="ParallelTotal" value="5"></property>
              <property name="OutputInterceptorMode" value=""></property>
          </properties>
      </testsuite>
      <testsuite name="Multi-Agent Collaboration E2E Test Suite" package="/Users/seancorkum/projects/devops-mcp/test/e2e/scenarios" tests="21" disabled="0" skipped="0" errors="0" failures="20" time="61.328905" timestamp="2025-07-03T17:25:01">
          <properties>
              <property name="SuiteSucceeded" value="false"></property>
              <property name="SuiteHasProgrammaticFocus" value="false"></property>
              <property name="SpecialSuiteFailureReason" value=""></property>
              <property name="SuiteLabels" value="[]"></property>
              <property name="RandomSeed" value="1751581498"></property>
              <property name="RandomizeAllSpecs" value="false"></property>
              <property name="LabelFilter" value=""></property>
              <property name="FocusStrings" value=""></property>
              <property name="SkipStrings" value=""></property>
              <property name="FocusFiles" value=""></property>
              <property name="SkipFiles" value=""></property>
              <property name="FailOnPending" value="false"></property>
              <property name="FailOnEmpty" value="false"></property>
              <property name="FailFast" value="false"></property>
              <property name="FlakeAttempts" value="2"></property>
              <property name="DryRun" value="false"></property>
              <property name="ParallelTotal" value="5"></property>
              <property name="OutputInterceptorMode" value=""></property>
          </properties>
          <testcase name="[It] Performance and Stress E2E Tests Message Throughput Tests should handle high message throughput" classname="Multi-Agent Collaboration E2E Test Suite" status="failed" time="0.402121743">
              <failure message="Unexpected error:&#xA;    &lt;*fmt.wrapError | 0xc0000ce220&gt;: &#xA;    failed to connect: failed to WebSocket dial: expected handshake response status code 101 but got 404&#xA;    {&#xA;        msg: &#34;failed to connect: failed to WebSocket dial: expected handshake response status code 101 but got 404&#34;,&#xA;        err: &lt;*fmt.wrapError | 0xc0000ce200&gt;{&#xA;            msg: &#34;failed to WebSocket dial: expected handshake response status code 101 but got 404&#34;,&#xA;            err: &lt;*errors.errorString | 0xc000436050&gt;{&#xA;                s: &#34;expected handshake response status code 101 but got 404&#34;,&#xA;            },&#xA;        },&#xA;    }&#xA;occurred" type="failed">[FAILED] Unexpected error:&#xA;    &lt;*fmt.wrapError | 0xc0000ce220&gt;: &#xA;    failed to connect: failed to WebSocket dial: expected handshake response status code 101 but got 404&#xA;    {&#xA;        msg: &#34;failed to connect: failed to WebSocket dial: expected handshake response status code 101 but got 404&#34;,&#xA;        err: &lt;*fmt.wrapError | 0xc0000ce200&gt;{&#xA;            msg: &#34;failed to WebSocket dial: expected handshake response status code 101 but got 404&#34;,&#xA;            err: &lt;*errors.errorString | 0xc000436050&gt;{&#xA;                s: &#34;expected handshake response status code 101 but got 404&#34;,&#xA;            },&#xA;        },&#xA;    }&#xA;occurred&#xA;In [It] at: /Users/seancorkum/projects/devops-mcp/test/e2e/scenarios/performance_test.go:311 @ 07/03/25 17:25:02.249&#xA;&#xA;There were additional failures detected after the initial failure. These are visible in the timeline&#xA;</failure>
              <system-err>&gt; Enter [BeforeEach] Performance and Stress E2E Tests - /Users/seancorkum/projects/devops-mcp/test/e2e/scenarios/performance_test.go:31 @ 07/03/25 17:25:01.851&#xA;&lt; Exit [BeforeEach] Performance and Stress E2E Tests - /Users/seancorkum/projects/devops-mcp/test/e2e/scenarios/performance_test.go:31 @ 07/03/25 17:25:01.856 (5ms)&#xA;&gt; Enter [It] should handle high message throughput - /Users/seancorkum/projects/devops-mcp/test/e2e/scenarios/performance_test.go:289 @ 07/03/25 17:25:01.856&#xA;[FAILED] Failure recorded during attempt 1:&#xA;Unexpected error:&#xA;    &lt;*fmt.wrapError | 0xc000194580&gt;: &#xA;    failed to connect: failed to WebSocket dial: expected handshake response status code 101 but got 404&#xA;    {&#xA;        msg: &#34;failed to connect: failed to WebSocket dial: expected handshake response status code 101 but got 404&#34;,&#xA;        err: &lt;*fmt.wrapError | 0xc000194540&gt;{&#xA;            msg: &#34;failed to WebSocket dial: expected handshake response status code 101 but got 404&#34;,&#xA;            err: &lt;*errors.errorString | 0xc0003d5a40&gt;{&#xA;                s: &#34;expected handshake response status code 101 but got 404&#34;,&#xA;            },&#xA;        },&#xA;    }&#xA;occurred&#xA;In [It] at: /Users/seancorkum/projects/devops-mcp/test/e2e/scenarios/performance_test.go:311 @ 07/03/25 17:25:02.199&#xA;&lt; Exit [It] should handle high message throughput - /Users/seancorkum/projects/devops-mcp/test/e2e/scenarios/performance_test.go:289 @ 07/03/25 17:25:02.199 (343ms)&#xA;&gt; Enter [AfterEach] Performance and Stress E2E Tests - /Users/seancorkum/projects/devops-mcp/test/e2e/scenarios/performance_test.go:41 @ 07/03/25 17:25:02.199&#xA;&lt; Exit [AfterEach] Performance and Stress E2E Tests - /Users/seancorkum/projects/devops-mcp/test/e2e/scenarios/performance_test.go:41 @ 07/03/25 17:25:02.202 (3ms)&#xA;&#xA;Attempt #1 Failed.  Retrying â†º @ 07/03/25 17:25:02.202&#xA;&#xA;&gt; Enter [BeforeEach] Performance and Stress E2E Tests - /Users/seancorkum/projects/devops-mcp/test/e2e/scenarios/performance_test.go:31 @ 07/03/25 17:25:02.202&#xA;&lt; Exit [BeforeEach] Performance and Stress E2E Tests - /Users/seancorkum/projects/devops-mcp/test/e2e/scenarios/performance_test.go:31 @ 07/03/25 17:25:02.206 (3ms)&#xA;&gt; Enter [It] should handle high message throughput - /Users/seancorkum/projects/devops-mcp/test/e2e/scenarios/performance_test.go:289 @ 07/03/25 17:25:02.206&#xA;[FAILED] Unexpected error:&#xA;    &lt;*fmt.wrapError | 0xc0000ce220&gt;: &#xA;    failed to connect: failed to WebSocket dial: expected handshake response status code 101 but got 404&#xA;    {&#xA;        msg: &#34;failed to connect: failed to WebSocket dial: expected handshake response status code 101 but got 404&#34;,&#xA;        err: &lt;*fmt.wrapError | 0xc0000ce200&gt;{&#xA;            msg: &#34;failed to WebSocket dial: expected handshake response status code 101 but got 404&#34;,&#xA;            err: &lt;*errors.errorString | 0xc000436050&gt;{&#xA;                s: &#34;expected handshake response status code 101 but got 404&#34;,&#xA;            },&#xA;        },&#xA;    }&#xA;occurred&#xA;In [It] at: /Users/seancorkum/projects/devops-mcp/test/e2e/scenarios/performance_test.go:311 @ 07/03/25 17:25:02.249&#xA;&lt; Exit [It] should handle high message throughput - /Users/seancorkum/projects/devops-mcp/test/e2e/scenarios/performance_test.go:289 @ 07/03/25 17:25:02.249 (43ms)&#xA;&gt; Enter [AfterEach] Performance and Stress E2E Tests - /Users/seancorkum/projects/devops-mcp/test/e2e/scenarios/performance_test.go:41 @ 07/03/25 17:25:02.249&#xA;&lt; Exit [AfterEach] Performance and Stress E2E Tests - /Users/seancorkum/projects/devops-mcp/test/e2e/scenarios/performance_test.go:41 @ 07/03/25 17:25:02.253 (4ms)&#xA;</system-err>
          </testcase>
          <testcase name="[It] Single Agent E2E Tests Basic Agent Lifecycle should complete full agent lifecycle" classname="Multi-Agent Collaboration E2E Test Suite" status="failed" time="0.102708825">
              <failure message="Unexpected error:&#xA;    &lt;*fmt.wrapError | 0xc000194240&gt;: &#xA;    failed to connect: failed to WebSocket dial: expected handshake response status code 101 but got 404&#xA;    {&#xA;        msg: &#34;failed to connect: failed to WebSocket dial: expected handshake response status code 101 but got 404&#34;,&#xA;        err: &lt;*fmt.wrapError | 0xc000194040&gt;{&#xA;            msg: &#34;failed to WebSocket dial: expected handshake response status code 101 but got 404&#34;,&#xA;            err: &lt;*errors.errorString | 0xc000437150&gt;{&#xA;                s: &#34;expected handshake response status code 101 but got 404&#34;,&#xA;            },&#xA;        },&#xA;    }&#xA;occurred" type="failed">[FAILED] Unexpected error:&#xA;    &lt;*fmt.wrapError | 0xc000194240&gt;: &#xA;    failed to connect: failed to WebSocket dial: expected handshake response status code 101 but got 404&#xA;    {&#xA;        msg: &#34;failed to connect: failed to WebSocket dial: expected handshake response status code 101 but got 404&#34;,&#xA;        err: &lt;*fmt.wrapError | 0xc000194040&gt;{&#xA;            msg: &#34;failed to WebSocket dial: expected handshake response status code 101 but got 404&#34;,&#xA;            err: &lt;*errors.errorString | 0xc000437150&gt;{&#xA;                s: &#34;expected handshake response status code 101 but got 404&#34;,&#xA;            },&#xA;        },&#xA;    }&#xA;occurred&#xA;In [It] at: /Users/seancorkum/projects/devops-mcp/test/e2e/scenarios/single_agent_test.go:73 @ 07/03/25 17:25:02.354&#xA;&#xA;There were additional failures detected after the initial failure. These are visible in the timeline&#xA;</failure>
              <system-out>[17:25:02] [INFO] single-agent: Connecting agent 56d7551b-cba2-43a7-aac2-6182b06dfae2&#xA;[17:25:02] [INFO] single-agent: Connecting agent 885430d8-fc9c-4f99-af42-867a57367eee&#xA;</system-out>
              <system-err>&gt; Enter [BeforeEach] Single Agent E2E Tests - /Users/seancorkum/projects/devops-mcp/test/e2e/scenarios/single_agent_test.go:30 @ 07/03/25 17:25:02.254&#xA;&lt; Exit [BeforeEach] Single Agent E2E Tests - /Users/seancorkum/projects/devops-mcp/test/e2e/scenarios/single_agent_test.go:30 @ 07/03/25 17:25:02.258 (4ms)&#xA;&gt; Enter [It] should complete full agent lifecycle - /Users/seancorkum/projects/devops-mcp/test/e2e/scenarios/single_agent_test.go:47 @ 07/03/25 17:25:02.258&#xA;[FAILED] Failure recorded during attempt 1:&#xA;Unexpected error:&#xA;    &lt;*fmt.wrapError | 0xc000194400&gt;: &#xA;    failed to connect: failed to WebSocket dial: expected handshake response status code 101 but got 404&#xA;    {&#xA;        msg: &#34;failed to connect: failed to WebSocket dial: expected handshake response status code 101 but got 404&#34;,&#xA;        err: &lt;*fmt.wrapError | 0xc0001943c0&gt;{&#xA;            msg: &#34;failed to WebSocket dial: expected handshake response status code 101 but got 404&#34;,&#xA;            err: &lt;*errors.errorString | 0xc000216000&gt;{&#xA;                s: &#34;expected handshake response status code 101 but got 404&#34;,&#xA;            },&#xA;        },&#xA;    }&#xA;occurred&#xA;In [It] at: /Users/seancorkum/projects/devops-mcp/test/e2e/scenarios/single_agent_test.go:73 @ 07/03/25 17:25:02.304&#xA;&lt; Exit [It] should complete full agent lifecycle - /Users/seancorkum/projects/devops-mcp/test/e2e/scenarios/single_agent_test.go:47 @ 07/03/25 17:25:02.304 (46ms)&#xA;&gt; Enter [AfterEach] Single Agent E2E Tests - /Users/seancorkum/projects/devops-mcp/test/e2e/scenarios/single_agent_test.go:40 @ 07/03/25 17:25:02.304&#xA;&lt; Exit [AfterEach] Single Agent E2E Tests - /Users/seancorkum/projects/devops-mcp/test/e2e/scenarios/single_agent_test.go:40 @ 07/03/25 17:25:02.307 (2ms)&#xA;&#xA;Attempt #1 Failed.  Retrying â†º @ 07/03/25 17:25:02.307&#xA;&#xA;&gt; Enter [BeforeEach] Single Agent E2E Tests - /Users/seancorkum/projects/devops-mcp/test/e2e/scenarios/single_agent_test.go:30 @ 07/03/25 17:25:02.307&#xA;&lt; Exit [BeforeEach] Single Agent E2E Tests - /Users/seancorkum/projects/devops-mcp/test/e2e/scenarios/single_agent_test.go:30 @ 07/03/25 17:25:02.31 (3ms)&#xA;&gt; Enter [It] should complete full agent lifecycle - /Users/seancorkum/projects/devops-mcp/test/e2e/scenarios/single_agent_test.go:47 @ 07/03/25 17:25:02.31&#xA;[FAILED] Unexpected error:&#xA;    &lt;*fmt.wrapError | 0xc000194240&gt;: &#xA;    failed to connect: failed to WebSocket dial: expected handshake response status code 101 but got 404&#xA;    {&#xA;        msg: &#34;failed to connect: failed to WebSocket dial: expected handshake response status code 101 but got 404&#34;,&#xA;        err: &lt;*fmt.wrapError | 0xc000194040&gt;{&#xA;            msg: &#34;failed to WebSocket dial: expected handshake response status code 101 but got 404&#34;,&#xA;            err: &lt;*errors.errorString | 0xc000437150&gt;{&#xA;                s: &#34;expected handshake response status code 101 but got 404&#34;,&#xA;            },&#xA;        },&#xA;    }&#xA;occurred&#xA;In [It] at: /Users/seancorkum/projects/devops-mcp/test/e2e/scenarios/single_agent_test.go:73 @ 07/03/25 17:25:02.354&#xA;&lt; Exit [It] should complete full agent lifecycle - /Users/seancorkum/projects/devops-mcp/test/e2e/scenarios/single_agent_test.go:47 @ 07/03/25 17:25:02.354 (44ms)&#xA;&gt; Enter [AfterEach] Single Agent E2E Tests - /Users/seancorkum/projects/devops-mcp/test/e2e/scenarios/single_agent_test.go:40 @ 07/03/25 17:25:02.354&#xA;&lt; Exit [AfterEach] Single Agent E2E Tests - /Users/seancorkum/projects/devops-mcp/test/e2e/scenarios/single_agent_test.go:40 @ 07/03/25 17:25:02.357 (2ms)&#xA;</system-err>
          </testcase>
          <testcase name="[It] Single Agent E2E Tests Tool Discovery and Execution should execute GitHub tool" classname="Multi-Agent Collaboration E2E Test Suite" status="failed" time="0.119064674">
              <failure message="Unexpected error:&#xA;    &lt;*fmt.wrapError | 0xc000194420&gt;: &#xA;    failed to connect: failed to WebSocket dial: expected handshake response status code 101 but got 404&#xA;    {&#xA;        msg: &#34;failed to connect: failed to WebSocket dial: expected handshake response status code 101 but got 404&#34;,&#xA;        err: &lt;*fmt.wrapError | 0xc000194400&gt;{&#xA;            msg: &#34;failed to WebSocket dial: expected handshake response status code 101 but got 404&#34;,&#xA;            err: &lt;*errors.errorString | 0xc0002d0000&gt;{&#xA;                s: &#34;expected handshake response status code 101 but got 404&#34;,&#xA;            },&#xA;        },&#xA;    }&#xA;occurred" type="failed">[FAILED] Unexpected error:&#xA;    &lt;*fmt.wrapError | 0xc000194420&gt;: &#xA;    failed to connect: failed to WebSocket dial: expected handshake response status code 101 but got 404&#xA;    {&#xA;        msg: &#34;failed to connect: failed to WebSocket dial: expected handshake response status code 101 but got 404&#34;,&#xA;        err: &lt;*fmt.wrapError | 0xc000194400&gt;{&#xA;            msg: &#34;failed to WebSocket dial: expected handshake response status code 101 but got 404&#34;,&#xA;            err: &lt;*errors.errorString | 0xc0002d0000&gt;{&#xA;                s: &#34;expected handshake response status code 101 but got 404&#34;,&#xA;            },&#xA;        },&#xA;    }&#xA;occurred&#xA;In [It] at: /Users/seancorkum/projects/devops-mcp/test/e2e/scenarios/single_agent_test.go:234 @ 07/03/25 17:25:02.474&#xA;&#xA;There were additional failures detected after the initial failure. These are visible in the timeline&#xA;</failure>
              <system-err>&gt; Enter [BeforeEach] Single Agent E2E Tests - /Users/seancorkum/projects/devops-mcp/test/e2e/scenarios/single_agent_test.go:30 @ 07/03/25 17:25:02.358&#xA;&lt; Exit [BeforeEach] Single Agent E2E Tests - /Users/seancorkum/projects/devops-mcp/test/e2e/scenarios/single_agent_test.go:30 @ 07/03/25 17:25:02.361 (4ms)&#xA;&gt; Enter [It] should execute GitHub tool - /Users/seancorkum/projects/devops-mcp/test/e2e/scenarios/single_agent_test.go:215 @ 07/03/25 17:25:02.362&#xA;[FAILED] Failure recorded during attempt 1:&#xA;Unexpected error:&#xA;    &lt;*fmt.wrapError | 0xc0003d00e0&gt;: &#xA;    failed to connect: failed to WebSocket dial: expected handshake response status code 101 but got 404&#xA;    {&#xA;        msg: &#34;failed to connect: failed to WebSocket dial: expected handshake response status code 101 but got 404&#34;,&#xA;        err: &lt;*fmt.wrapError | 0xc0003d00c0&gt;{&#xA;            msg: &#34;failed to WebSocket dial: expected handshake response status code 101 but got 404&#34;,&#xA;            err: &lt;*errors.errorString | 0xc000192450&gt;{&#xA;                s: &#34;expected handshake response status code 101 but got 404&#34;,&#xA;            },&#xA;        },&#xA;    }&#xA;occurred&#xA;In [It] at: /Users/seancorkum/projects/devops-mcp/test/e2e/scenarios/single_agent_test.go:234 @ 07/03/25 17:25:02.423&#xA;&lt; Exit [It] should execute GitHub tool - /Users/seancorkum/projects/devops-mcp/test/e2e/scenarios/single_agent_test.go:215 @ 07/03/25 17:25:02.423 (61ms)&#xA;&gt; Enter [AfterEach] Single Agent E2E Tests - /Users/seancorkum/projects/devops-mcp/test/e2e/scenarios/single_agent_test.go:40 @ 07/03/25 17:25:02.423&#xA;&lt; Exit [AfterEach] Single Agent E2E Tests - /Users/seancorkum/projects/devops-mcp/test/e2e/scenarios/single_agent_test.go:40 @ 07/03/25 17:25:02.425 (2ms)&#xA;&#xA;Attempt #1 Failed.  Retrying â†º @ 07/03/25 17:25:02.425&#xA;&#xA;&gt; Enter [BeforeEach] Single Agent E2E Tests - /Users/seancorkum/projects/devops-mcp/test/e2e/scenarios/single_agent_test.go:30 @ 07/03/25 17:25:02.425&#xA;&lt; Exit [BeforeEach] Single Agent E2E Tests - /Users/seancorkum/projects/devops-mcp/test/e2e/scenarios/single_agent_test.go:30 @ 07/03/25 17:25:02.428 (3ms)&#xA;&gt; Enter [It] should execute GitHub tool - /Users/seancorkum/projects/devops-mcp/test/e2e/scenarios/single_agent_test.go:215 @ 07/03/25 17:25:02.429&#xA;[FAILED] Unexpected error:&#xA;    &lt;*fmt.wrapError | 0xc000194420&gt;: &#xA;    failed to connect: failed to WebSocket dial: expected handshake response status code 101 but got 404&#xA;    {&#xA;        msg: &#34;failed to connect: failed to WebSocket dial: expected handshake response status code 101 but got 404&#34;,&#xA;        err: &lt;*fmt.wrapError | 0xc000194400&gt;{&#xA;            msg: &#34;failed to WebSocket dial: expected handshake response status code 101 but got 404&#34;,&#xA;            err: &lt;*errors.errorString | 0xc0002d0000&gt;{&#xA;                s: &#34;expected handshake response status code 101 but got 404&#34;,&#xA;            },&#xA;        },&#xA;    }&#xA;occurred&#xA;In [It] at: /Users/seancorkum/projects/devops-mcp/test/e2e/scenarios/single_agent_test.go:234 @ 07/03/25 17:25:02.474&#xA;&lt; Exit [It] should execute GitHub tool - /Users/seancorkum/projects/devops-mcp/test/e2e/scenarios/single_agent_test.go:215 @ 07/03/25 17:25:02.474 (46ms)&#xA;&gt; Enter [AfterEach] Single Agent E2E Tests - /Users/seancorkum/projects/devops-mcp/test/e2e/scenarios/single_agent_test.go:40 @ 07/03/25 17:25:02.475&#xA;&lt; Exit [AfterEach] Single Agent E2E Tests - /Users/seancorkum/projects/devops-mcp/test/e2e/scenarios/single_agent_test.go:40 @ 07/03/25 17:25:02.477 (2ms)&#xA;</system-err>
          </testcase>
          <testcase name="[It] Single Agent E2E Tests Session Management should manage sessions correctly" classname="Multi-Agent Collaboration E2E Test Suite" status="failed" time="0.106058257">
              <failure message="Unexpected error:&#xA;    &lt;*fmt.wrapError | 0xc000194440&gt;: &#xA;    failed to connect: failed to WebSocket dial: expected handshake response status code 101 but got 404&#xA;    {&#xA;        msg: &#34;failed to connect: failed to WebSocket dial: expected handshake response status code 101 but got 404&#34;,&#xA;        err: &lt;*fmt.wrapError | 0xc000194420&gt;{&#xA;            msg: &#34;failed to WebSocket dial: expected handshake response status code 101 but got 404&#34;,&#xA;            err: &lt;*errors.errorString | 0xc0002a2000&gt;{&#xA;                s: &#34;expected handshake response status code 101 but got 404&#34;,&#xA;            },&#xA;        },&#xA;    }&#xA;occurred" type="failed">[FAILED] Unexpected error:&#xA;    &lt;*fmt.wrapError | 0xc000194440&gt;: &#xA;    failed to connect: failed to WebSocket dial: expected handshake response status code 101 but got 404&#xA;    {&#xA;        msg: &#34;failed to connect: failed to WebSocket dial: expected handshake response status code 101 but got 404&#34;,&#xA;        err: &lt;*fmt.wrapError | 0xc000194420&gt;{&#xA;            msg: &#34;failed to WebSocket dial: expected handshake response status code 101 but got 404&#34;,&#xA;            err: &lt;*errors.errorString | 0xc0002a2000&gt;{&#xA;                s: &#34;expected handshake response status code 101 but got 404&#34;,&#xA;            },&#xA;        },&#xA;    }&#xA;occurred&#xA;In [It] at: /Users/seancorkum/projects/devops-mcp/test/e2e/scenarios/single_agent_test.go:347 @ 07/03/25 17:25:02.58&#xA;&#xA;There were additional failures detected after the initial failure. These are visible in the timeline&#xA;</failure>
              <system-err>&gt; Enter [BeforeEach] Single Agent E2E Tests - /Users/seancorkum/projects/devops-mcp/test/e2e/scenarios/single_agent_test.go:30 @ 07/03/25 17:25:02.478&#xA;&lt; Exit [BeforeEach] Single Agent E2E Tests - /Users/seancorkum/projects/devops-mcp/test/e2e/scenarios/single_agent_test.go:30 @ 07/03/25 17:25:02.48 (2ms)&#xA;&gt; Enter [It] should manage sessions correctly - /Users/seancorkum/projects/devops-mcp/test/e2e/scenarios/single_agent_test.go:327 @ 07/03/25 17:25:02.48&#xA;[FAILED] Failure recorded during attempt 1:&#xA;Unexpected error:&#xA;    &lt;*fmt.wrapError | 0xc0003d00c0&gt;: &#xA;    failed to connect: failed to WebSocket dial: expected handshake response status code 101 but got 404&#xA;    {&#xA;        msg: &#34;failed to connect: failed to WebSocket dial: expected handshake response status code 101 but got 404&#34;,&#xA;        err: &lt;*fmt.wrapError | 0xc0003d00a0&gt;{&#xA;            msg: &#34;failed to WebSocket dial: expected handshake response status code 101 but got 404&#34;,&#xA;            err: &lt;*errors.errorString | 0xc000160000&gt;{&#xA;                s: &#34;expected handshake response status code 101 but got 404&#34;,&#xA;            },&#xA;        },&#xA;    }&#xA;occurred&#xA;In [It] at: /Users/seancorkum/projects/devops-mcp/test/e2e/scenarios/single_agent_test.go:347 @ 07/03/25 17:25:02.53&#xA;&lt; Exit [It] should manage sessions correctly - /Users/seancorkum/projects/devops-mcp/test/e2e/scenarios/single_agent_test.go:327 @ 07/03/25 17:25:02.53 (50ms)&#xA;&gt; Enter [AfterEach] Single Agent E2E Tests - /Users/seancorkum/projects/devops-mcp/test/e2e/scenarios/single_agent_test.go:40 @ 07/03/25 17:25:02.53&#xA;&lt; Exit [AfterEach] Single Agent E2E Tests - /Users/seancorkum/projects/devops-mcp/test/e2e/scenarios/single_agent_test.go:40 @ 07/03/25 17:25:02.532 (2ms)&#xA;&#xA;Attempt #1 Failed.  Retrying â†º @ 07/03/25 17:25:02.532&#xA;&#xA;&gt; Enter [BeforeEach] Single Agent E2E Tests - /Users/seancorkum/projects/devops-mcp/test/e2e/scenarios/single_agent_test.go:30 @ 07/03/25 17:25:02.533&#xA;&lt; Exit [BeforeEach] Single Agent E2E Tests - /Users/seancorkum/projects/devops-mcp/test/e2e/scenarios/single_agent_test.go:30 @ 07/03/25 17:25:02.535 (3ms)&#xA;&gt; Enter [It] should manage sessions correctly - /Users/seancorkum/projects/devops-mcp/test/e2e/scenarios/single_agent_test.go:327 @ 07/03/25 17:25:02.536&#xA;[FAILED] Unexpected error:&#xA;    &lt;*fmt.wrapError | 0xc000194440&gt;: &#xA;    failed to connect: failed to WebSocket dial: expected handshake response status code 101 but got 404&#xA;    {&#xA;        msg: &#34;failed to connect: failed to WebSocket dial: expected handshake response status code 101 but got 404&#34;,&#xA;        err: &lt;*fmt.wrapError | 0xc000194420&gt;{&#xA;            msg: &#34;failed to WebSocket dial: expected handshake response status code 101 but got 404&#34;,&#xA;            err: &lt;*errors.errorString | 0xc0002a2000&gt;{&#xA;                s: &#34;expected handshake response status code 101 but got 404&#34;,&#xA;            },&#xA;        },&#xA;    }&#xA;occurred&#xA;In [It] at: /Users/seancorkum/projects/devops-mcp/test/e2e/scenarios/single_agent_test.go:347 @ 07/03/25 17:25:02.58&#xA;&lt; Exit [It] should manage sessions correctly - /Users/seancorkum/projects/devops-mcp/test/e2e/scenarios/single_agent_test.go:327 @ 07/03/25 17:25:02.58 (44ms)&#xA;&gt; Enter [AfterEach] Single Agent E2E Tests - /Users/seancorkum/projects/devops-mcp/test/e2e/scenarios/single_agent_test.go:40 @ 07/03/25 17:25:02.58&#xA;&lt; Exit [AfterEach] Single Agent E2E Tests - /Users/seancorkum/projects/devops-mcp/test/e2e/scenarios/single_agent_test.go:40 @ 07/03/25 17:25:02.584 (3ms)&#xA;</system-err>
          </testcase>
          <testcase name="[It] Multi-Agent Collaboration E2E Tests Code Review Workflow should coordinate code review between multiple agents" classname="Multi-Agent Collaboration E2E Test Suite" status="failed" time="0.131337919">
              <failure message="Unexpected error:&#xA;    &lt;*fmt.wrapError | 0xc000194400&gt;: &#xA;    failed to connect: failed to WebSocket dial: expected handshake response status code 101 but got 404&#xA;    {&#xA;        msg: &#34;failed to connect: failed to WebSocket dial: expected handshake response status code 101 but got 404&#34;,&#xA;        err: &lt;*fmt.wrapError | 0xc0001943c0&gt;{&#xA;            msg: &#34;failed to WebSocket dial: expected handshake response status code 101 but got 404&#34;,&#xA;            err: &lt;*errors.errorString | 0xc000038010&gt;{&#xA;                s: &#34;expected handshake response status code 101 but got 404&#34;,&#xA;            },&#xA;        },&#xA;    }&#xA;occurred" type="failed">[FAILED] Unexpected error:&#xA;    &lt;*fmt.wrapError | 0xc000194400&gt;: &#xA;    failed to connect: failed to WebSocket dial: expected handshake response status code 101 but got 404&#xA;    {&#xA;        msg: &#34;failed to connect: failed to WebSocket dial: expected handshake response status code 101 but got 404&#34;,&#xA;        err: &lt;*fmt.wrapError | 0xc0001943c0&gt;{&#xA;            msg: &#34;failed to WebSocket dial: expected handshake response status code 101 but got 404&#34;,&#xA;            err: &lt;*errors.errorString | 0xc000038010&gt;{&#xA;                s: &#34;expected handshake response status code 101 but got 404&#34;,&#xA;            },&#xA;        },&#xA;    }&#xA;occurred&#xA;In [It] at: /Users/seancorkum/projects/devops-mcp/test/e2e/scenarios/multi_agent_test.go:145 @ 07/03/25 17:25:02.712&#xA;&#xA;There were additional failures detected after the initial failure. These are visible in the timeline&#xA;</failure>
              <system-err>&gt; Enter [BeforeEach] Multi-Agent Collaboration E2E Tests - /Users/seancorkum/projects/devops-mcp/test/e2e/scenarios/multi_agent_test.go:28 @ 07/03/25 17:25:02.585&#xA;&lt; Exit [BeforeEach] Multi-Agent Collaboration E2E Tests - /Users/seancorkum/projects/devops-mcp/test/e2e/scenarios/multi_agent_test.go:28 @ 07/03/25 17:25:02.588 (3ms)&#xA;&gt; Enter [It] should coordinate code review between multiple agents - /Users/seancorkum/projects/devops-mcp/test/e2e/scenarios/multi_agent_test.go:126 @ 07/03/25 17:25:02.588&#xA;[FAILED] Failure recorded during attempt 1:&#xA;Unexpected error:&#xA;    &lt;*fmt.wrapError | 0xc000194400&gt;: &#xA;    failed to connect: failed to WebSocket dial: expected handshake response status code 101 but got 404&#xA;    {&#xA;        msg: &#34;failed to connect: failed to WebSocket dial: expected handshake response status code 101 but got 404&#34;,&#xA;        err: &lt;*fmt.wrapError | 0xc0001943c0&gt;{&#xA;            msg: &#34;failed to WebSocket dial: expected handshake response status code 101 but got 404&#34;,&#xA;            err: &lt;*errors.errorString | 0xc000160000&gt;{&#xA;                s: &#34;expected handshake response status code 101 but got 404&#34;,&#xA;            },&#xA;        },&#xA;    }&#xA;occurred&#xA;In [It] at: /Users/seancorkum/projects/devops-mcp/test/e2e/scenarios/multi_agent_test.go:145 @ 07/03/25 17:25:02.656&#xA;&lt; Exit [It] should coordinate code review between multiple agents - /Users/seancorkum/projects/devops-mcp/test/e2e/scenarios/multi_agent_test.go:126 @ 07/03/25 17:25:02.656 (68ms)&#xA;&gt; Enter [AfterEach] Multi-Agent Collaboration E2E Tests - /Users/seancorkum/projects/devops-mcp/test/e2e/scenarios/multi_agent_test.go:38 @ 07/03/25 17:25:02.657&#xA;&lt; Exit [AfterEach] Multi-Agent Collaboration E2E Tests - /Users/seancorkum/projects/devops-mcp/test/e2e/scenarios/multi_agent_test.go:38 @ 07/03/25 17:25:02.66 (3ms)&#xA;&#xA;Attempt #1 Failed.  Retrying â†º @ 07/03/25 17:25:02.66&#xA;&#xA;&gt; Enter [BeforeEach] Multi-Agent Collaboration E2E Tests - /Users/seancorkum/projects/devops-mcp/test/e2e/scenarios/multi_agent_test.go:28 @ 07/03/25 17:25:02.66&#xA;&lt; Exit [BeforeEach] Multi-Agent Collaboration E2E Tests - /Users/seancorkum/projects/devops-mcp/test/e2e/scenarios/multi_agent_test.go:28 @ 07/03/25 17:25:02.664 (4ms)&#xA;&gt; Enter [It] should coordinate code review between multiple agents - /Users/seancorkum/projects/devops-mcp/test/e2e/scenarios/multi_agent_test.go:126 @ 07/03/25 17:25:02.664&#xA;[FAILED] Unexpected error:&#xA;    &lt;*fmt.wrapError | 0xc000194400&gt;: &#xA;    failed to connect: failed to WebSocket dial: expected handshake response status code 101 but got 404&#xA;    {&#xA;        msg: &#34;failed to connect: failed to WebSocket dial: expected handshake response status code 101 but got 404&#34;,&#xA;        err: &lt;*fmt.wrapError | 0xc0001943c0&gt;{&#xA;            msg: &#34;failed to WebSocket dial: expected handshake response status code 101 but got 404&#34;,&#xA;            err: &lt;*errors.errorString | 0xc000038010&gt;{&#xA;                s: &#34;expected handshake response status code 101 but got 404&#34;,&#xA;            },&#xA;        },&#xA;    }&#xA;occurred&#xA;In [It] at: /Users/seancorkum/projects/devops-mcp/test/e2e/scenarios/multi_agent_test.go:145 @ 07/03/25 17:25:02.712&#xA;&lt; Exit [It] should coordinate code review between multiple agents - /Users/seancorkum/projects/devops-mcp/test/e2e/scenarios/multi_agent_test.go:126 @ 07/03/25 17:25:02.712 (48ms)&#xA;&gt; Enter [AfterEach] Multi-Agent Collaboration E2E Tests - /Users/seancorkum/projects/devops-mcp/test/e2e/scenarios/multi_agent_test.go:38 @ 07/03/25 17:25:02.713&#xA;&lt; Exit [AfterEach] Multi-Agent Collaboration E2E Tests - /Users/seancorkum/projects/devops-mcp/test/e2e/scenarios/multi_agent_test.go:38 @ 07/03/25 17:25:02.716 (3ms)&#xA;</system-err>
          </testcase>
          <testcase name="[It] Multi-Agent Collaboration E2E Tests MapReduce Pattern should execute MapReduce workflow across agents" classname="Multi-Agent Collaboration E2E Test Suite" status="failed" time="0.103165789">
              <failure message="Unexpected error:&#xA;    &lt;*fmt.wrapError | 0xc000194240&gt;: &#xA;    failed to connect: failed to WebSocket dial: expected handshake response status code 101 but got 404&#xA;    {&#xA;        msg: &#34;failed to connect: failed to WebSocket dial: expected handshake response status code 101 but got 404&#34;,&#xA;        err: &lt;*fmt.wrapError | 0xc000194040&gt;{&#xA;            msg: &#34;failed to WebSocket dial: expected handshake response status code 101 but got 404&#34;,&#xA;            err: &lt;*errors.errorString | 0xc0000ac3e0&gt;{&#xA;                s: &#34;expected handshake response status code 101 but got 404&#34;,&#xA;            },&#xA;        },&#xA;    }&#xA;occurred" type="failed">[FAILED] Unexpected error:&#xA;    &lt;*fmt.wrapError | 0xc000194240&gt;: &#xA;    failed to connect: failed to WebSocket dial: expected handshake response status code 101 but got 404&#xA;    {&#xA;        msg: &#34;failed to connect: failed to WebSocket dial: expected handshake response status code 101 but got 404&#34;,&#xA;        err: &lt;*fmt.wrapError | 0xc000194040&gt;{&#xA;            msg: &#34;failed to WebSocket dial: expected handshake response status code 101 but got 404&#34;,&#xA;            err: &lt;*errors.errorString | 0xc0000ac3e0&gt;{&#xA;                s: &#34;expected handshake response status code 101 but got 404&#34;,&#xA;            },&#xA;        },&#xA;    }&#xA;occurred&#xA;In [It] at: /Users/seancorkum/projects/devops-mcp/test/e2e/scenarios/multi_agent_test.go:472 @ 07/03/25 17:25:02.817&#xA;&#xA;There were additional failures detected after the initial failure. These are visible in the timeline&#xA;</failure>
              <system-err>&gt; Enter [BeforeEach] Multi-Agent Collaboration E2E Tests - /Users/seancorkum/projects/devops-mcp/test/e2e/scenarios/multi_agent_test.go:28 @ 07/03/25 17:25:02.717&#xA;&lt; Exit [BeforeEach] Multi-Agent Collaboration E2E Tests - /Users/seancorkum/projects/devops-mcp/test/e2e/scenarios/multi_agent_test.go:28 @ 07/03/25 17:25:02.72 (3ms)&#xA;&gt; Enter [It] should execute MapReduce workflow across agents - /Users/seancorkum/projects/devops-mcp/test/e2e/scenarios/multi_agent_test.go:448 @ 07/03/25 17:25:02.72&#xA;[FAILED] Failure recorded during attempt 1:&#xA;Unexpected error:&#xA;    &lt;*fmt.wrapError | 0xc000194400&gt;: &#xA;    failed to connect: failed to WebSocket dial: expected handshake response status code 101 but got 404&#xA;    {&#xA;        msg: &#34;failed to connect: failed to WebSocket dial: expected handshake response status code 101 but got 404&#34;,&#xA;        err: &lt;*fmt.wrapError | 0xc0001943c0&gt;{&#xA;            msg: &#34;failed to WebSocket dial: expected handshake response status code 101 but got 404&#34;,&#xA;            err: &lt;*errors.errorString | 0xc00012a010&gt;{&#xA;                s: &#34;expected handshake response status code 101 but got 404&#34;,&#xA;            },&#xA;        },&#xA;    }&#xA;occurred&#xA;In [It] at: /Users/seancorkum/projects/devops-mcp/test/e2e/scenarios/multi_agent_test.go:472 @ 07/03/25 17:25:02.764&#xA;&lt; Exit [It] should execute MapReduce workflow across agents - /Users/seancorkum/projects/devops-mcp/test/e2e/scenarios/multi_agent_test.go:448 @ 07/03/25 17:25:02.764 (44ms)&#xA;&gt; Enter [AfterEach] Multi-Agent Collaboration E2E Tests - /Users/seancorkum/projects/devops-mcp/test/e2e/scenarios/multi_agent_test.go:38 @ 07/03/25 17:25:02.765&#xA;&lt; Exit [AfterEach] Multi-Agent Collaboration E2E Tests - /Users/seancorkum/projects/devops-mcp/test/e2e/scenarios/multi_agent_test.go:38 @ 07/03/25 17:25:02.767 (2ms)&#xA;&#xA;Attempt #1 Failed.  Retrying â†º @ 07/03/25 17:25:02.767&#xA;&#xA;&gt; Enter [BeforeEach] Multi-Agent Collaboration E2E Tests - /Users/seancorkum/projects/devops-mcp/test/e2e/scenarios/multi_agent_test.go:28 @ 07/03/25 17:25:02.767&#xA;&lt; Exit [BeforeEach] Multi-Agent Collaboration E2E Tests - /Users/seancorkum/projects/devops-mcp/test/e2e/scenarios/multi_agent_test.go:28 @ 07/03/25 17:25:02.771 (4ms)&#xA;&gt; Enter [It] should execute MapReduce workflow across agents - /Users/seancorkum/projects/devops-mcp/test/e2e/scenarios/multi_agent_test.go:448 @ 07/03/25 17:25:02.771&#xA;[FAILED] Unexpected error:&#xA;    &lt;*fmt.wrapError | 0xc000194240&gt;: &#xA;    failed to connect: failed to WebSocket dial: expected handshake response status code 101 but got 404&#xA;    {&#xA;        msg: &#34;failed to connect: failed to WebSocket dial: expected handshake response status code 101 but got 404&#34;,&#xA;        err: &lt;*fmt.wrapError | 0xc000194040&gt;{&#xA;            msg: &#34;failed to WebSocket dial: expected handshake response status code 101 but got 404&#34;,&#xA;            err: &lt;*errors.errorString | 0xc0000ac3e0&gt;{&#xA;                s: &#34;expected handshake response status code 101 but got 404&#34;,&#xA;            },&#xA;        },&#xA;    }&#xA;occurred&#xA;In [It] at: /Users/seancorkum/projects/devops-mcp/test/e2e/scenarios/multi_agent_test.go:472 @ 07/03/25 17:25:02.817&#xA;&lt; Exit [It] should execute MapReduce workflow across agents - /Users/seancorkum/projects/devops-mcp/test/e2e/scenarios/multi_agent_test.go:448 @ 07/03/25 17:25:02.817 (45ms)&#xA;&gt; Enter [AfterEach] Multi-Agent Collaboration E2E Tests - /Users/seancorkum/projects/devops-mcp/test/e2e/scenarios/multi_agent_test.go:38 @ 07/03/25 17:25:02.817&#xA;&lt; Exit [AfterEach] Multi-Agent Collaboration E2E Tests - /Users/seancorkum/projects/devops-mcp/test/e2e/scenarios/multi_agent_test.go:38 @ 07/03/25 17:25:02.82 (3ms)&#xA;</system-err>
          </testcase>
          <testcase name="[It] Performance and Stress E2E Tests Agent Swarm Tests should handle 50 concurrent agents" classname="Multi-Agent Collaboration E2E Test Suite" status="failed" time="0.64284163">
              <failure message="Expected&#xA;    &lt;int32&gt;: 0&#xA;to be &gt;=&#xA;    &lt;int32&gt;: 47" type="failed">[FAILED] Expected&#xA;    &lt;int32&gt;: 0&#xA;to be &gt;=&#xA;    &lt;int32&gt;: 47&#xA;In [It] at: /Users/seancorkum/projects/devops-mcp/test/e2e/scenarios/performance_test.go:158 @ 07/03/25 17:25:02.49&#xA;&#xA;There were additional failures detected after the initial failure. These are visible in the timeline&#xA;</failure>
              <system-out>[17:25:02] [ERROR] performance: Agent 12 connection failed: failed to connect: failed to WebSocket dial: expected handshake response status code 101 but got 404&#xA;[17:25:02] [ERROR] performance: Agent 37 connection failed: failed to connect: failed to WebSocket dial: expected handshake response status code 101 but got 404&#xA;[17:25:02] [ERROR] performance: Agent 9 connection failed: failed to connect: failed to WebSocket dial: expected handshake response status code 101 but got 404&#xA;[17:25:02] [ERROR] performance: Agent 40 connection failed: failed to connect: failed to WebSocket dial: expected handshake response status code 101 but got 404&#xA;[17:25:02] [ERROR] performance: Agent 17 connection failed: failed to connect: failed to WebSocket dial: expected handshake response status code 101 but got 404&#xA;[17:25:02] [ERROR] performance: Agent 20 connection failed: failed to connect: failed to WebSocket dial: expected handshake response status code 101 but got 404&#xA;[17:25:02] [ERROR] performance: Agent 49 connection failed: failed to connect: failed to WebSocket dial: expected handshake response status code 101 but got 404&#xA;[17:25:02] [ERROR] performance: Agent 15 connection failed: failed to connect: failed to WebSocket dial: expected handshake response status code 101 but got 404&#xA;[17:25:02] [ERROR] performance: Agent 22 connection failed: failed to connect: failed to WebSocket dial: expected handshake response status code 101 but got 404&#xA;[17:25:02] [ERROR] performance: Agent 43 connection failed: failed to connect: failed to WebSocket dial: expected handshake response status code 101 but got 404&#xA;[17:25:02] [ERROR] performance: Agent 48 connection failed: failed to connect: failed to WebSocket dial: expected handshake response status code 101 but got 404&#xA;[17:25:02] [ERROR] performance: Agent 32 connection failed: failed to connect: failed to WebSocket dial: expected handshake response status code 101 but got 404&#xA;[17:25:02] [ERROR] performance: Agent 30 connection failed: failed to connect: failed to WebSocket dial: expected handshake response status code 101 but got 404&#xA;[17:25:02] [ERROR] performance: Agent 14 connection failed: failed to connect: failed to WebSocket dial: expected handshake response status code 101 but got 404&#xA;[17:25:02] [ERROR] performance: Agent 1 connection failed: failed to connect: failed to WebSocket dial: expected handshake response status code 101 but got 404&#xA;[17:25:02] [ERROR] performance: Agent 28 connection failed: failed to connect: failed to WebSocket dial: expected handshake response status code 101 but got 404&#xA;[17:25:02] [ERROR] performance: Agent 10 connection failed: failed to connect: failed to WebSocket dial: expected handshake response status code 101 but got 404&#xA;[17:25:02] [ERROR] performance: Agent 35 connection failed: failed to connect: failed to WebSocket dial: expected handshake response status code 101 but got 404&#xA;[17:25:02] [ERROR] performance: Agent 24 connection failed: failed to connect: failed to WebSocket dial: expected handshake response status code 101 but got 404&#xA;[17:25:02] [ERROR] performance: Agent 5 connection failed: failed to connect: failed to WebSocket dial: expected handshake response status code 101 but got 404&#xA;[17:25:02] [ERROR] performance: Agent 3 connection failed: failed to connect: failed to WebSocket dial: expected handshake response status code 101 but got 404&#xA;[17:25:02] [ERROR] performance: Agent 13 connection failed: failed to connect: failed to WebSocket dial: expected handshake response status code 101 but got 404&#xA;[17:25:02] [ERROR] performance: Agent 21 connection failed: failed to connect: failed to WebSocket dial: expected handshake response status code 101 but got 404&#xA;[17:25:02] [ERROR] performance: Agent 6 connection failed: failed to connect: failed to WebSocket dial: expected handshake response status code 101 but got 404&#xA;[17:25:02] [ERROR] performance: Agent 46 connection failed: failed to connect: failed to WebSocket dial: expected handshake response status code 101 but got 404&#xA;[17:25:02] [ERROR] performance: Agent 31 connection failed: failed to connect: failed to WebSocket dial: expected handshake response status code 101 but got 404&#xA;[17:25:02] [ERROR] performance: Agent 33 connection failed: failed to connect: failed to WebSocket dial: expected handshake response status code 101 but got 404&#xA;[17:25:02] [ERROR] performance: Agent 34 connection failed: failed to connect: failed to WebSocket dial: expected handshake response status code 101 but got 404&#xA;[17:25:02] [ERROR] performance: Agent 8 connection failed: failed to connect: failed to WebSocket dial: expected handshake response status code 101 but got 404&#xA;[17:25:02] [ERROR] performance: Agent 2 connection failed: failed to connect: failed to WebSocket dial: expected handshake response status code 101 but got 404&#xA;[17:25:02] [ERROR] performance: Agent 18 connection failed: failed to connect: failed to WebSocket dial: expected handshake response status code 101 but got 404&#xA;[17:25:02] [ERROR] performance: Agent 41 connection failed: failed to connect: failed to WebSocket dial: expected handshake response status code 101 but got 404&#xA;[17:25:02] [ERROR] performance: Agent 36 connection failed: failed to connect: failed to WebSocket dial: expected handshake response status code 101 but got 404&#xA;[17:25:02] [ERROR] performance: Agent 16 connection failed: failed to connect: failed to WebSocket dial: expected handshake response status code 101 but got 404&#xA;[17:25:02] [ERROR] performance: Agent 26 connection failed: failed to connect: failed to WebSocket dial: expected handshake response status code 101 but got 404&#xA;[17:25:02] [ERROR] performance: Agent 42 connection failed: failed to connect: failed to WebSocket dial: expected handshake response status code 101 but got 404&#xA;[17:25:02] [ERROR] performance: Agent 38 connection failed: failed to connect: failed to WebSocket dial: expected handshake response status code 101 but got 404&#xA;[17:25:02] [ERROR] performance: Agent 47 connection failed: failed to connect: failed to WebSocket dial: expected handshake response status code 101 but got 404&#xA;[17:25:02] [ERROR] performance: Agent 27 connection failed: failed to connect: failed to WebSocket dial: expected handshake response status code 101 but got 404&#xA;[17:25:02] [ERROR] performance: Agent 23 connection failed: failed to connect: failed to WebSocket dial: expected handshake response status code 101 but got 404&#xA;[17:25:02] [ERROR] performance: Agent 25 connection failed: failed to connect: failed to WebSocket dial: expected handshake response status code 101 but got 404&#xA;[17:25:02] [ERROR] performance: Agent 29 connection failed: failed to connect: failed to WebSocket dial: expected handshake response status code 101 but got 404&#xA;[17:25:02] [ERROR] performance: Agent 39 connection failed: failed to connect: failed to WebSocket dial: expected handshake response status code 101 but got 404&#xA;[17:25:02] [ERROR] performance: Agent 45 connection failed: failed to connect: failed to WebSocket dial: expected handshake response status code 101 but got 404&#xA;[17:25:02] [ERROR] performance: Agent 19 connection failed: failed to connect: failed to WebSocket dial: expected handshake response status code 101 but got 404&#xA;[17:25:02] [ERROR] performance: Agent 4 connection failed: failed to connect: failed to WebSocket dial: expected handshake response status code 101 but got 404&#xA;[17:25:02] [ERROR] performance: Agent 0 connection failed: failed to connect: failed to WebSocket dial: expected handshake response status code 101 but got 404&#xA;[17:25:02] [ERROR] performance: Agent 7 connection failed: failed to connect: failed to WebSocket dial: expected handshake response status code 101 but got 404&#xA;[17:25:02] [ERROR] performance: Agent 11 connection failed: failed to connect: failed to WebSocket dial: expected handshake response status code 101 but got 404&#xA;[17:25:02] [ERROR] performance: Agent 44 connection failed: failed to connect: failed to WebSocket dial: expected handshake response status code 101 but got 404&#xA;[17:25:02] [INFO] performance: Agent Swarm Results:&#xA;[17:25:02] [INFO] performance:   Agents connected: 0/50&#xA;[17:25:02] [INFO] performance:   Connection time: 390.710937ms&#xA;[17:25:02] [INFO] performance:   Total messages: 0&#xA;[17:25:02] [INFO] performance:   Avg latency: 0s&#xA;[17:25:02] [INFO] performance:   P50 latency: 0s&#xA;[17:25:02] [INFO] performance:   P95 latency: 0s&#xA;[17:25:02] [INFO] performance:   P99 latency: 0s&#xA;[17:25:02] [ERROR] performance: Agent 5 connection failed: failed to connect: failed to WebSocket dial: expected handshake response status code 101 but got 404&#xA;[17:25:02] [ERROR] performance: Agent 49 connection failed: failed to connect: failed to WebSocket dial: expected handshake response status code 101 but got 404&#xA;[17:25:02] [ERROR] performance: Agent 9 connection failed: failed to connect: failed to WebSocket dial: expected handshake response status code 101 but got 404&#xA;[17:25:02] [ERROR] performance: Agent 8 connection failed: failed to connect: failed to WebSocket dial: expected handshake response status code 101 but got 404&#xA;[17:25:02] [ERROR] performance: Agent 6 connection failed: failed to connect: failed to WebSocket dial: expected handshake response status code 101 but got 404&#xA;[17:25:02] [ERROR] performance: Agent 7 connection failed: failed to connect: failed to WebSocket dial: expected handshake response status code 101 but got 404&#xA;[17:25:02] [ERROR] performance: Agent 30 connection failed: failed to connect: failed to WebSocket dial: expected handshake response status code 101 but got 404&#xA;[17:25:02] [ERROR] performance: Agent 43 connection failed: failed to connect: failed to WebSocket dial: expected handshake response status code 101 but got 404&#xA;[17:25:02] [ERROR] performance: Agent 11 connection failed: failed to connect: failed to WebSocket dial: expected handshake response status code 101 but got 404&#xA;[17:25:02] [ERROR] performance: Agent 0 connection failed: failed to connect: failed to WebSocket dial: expected handshake response status code 101 but got 404&#xA;[17:25:02] [ERROR] performance: Agent 13 connection failed: failed to connect: failed to WebSocket dial: expected handshake response status code 101 but got 404&#xA;[17:25:02] [ERROR] performance: Agent 2 connection failed: failed to connect: failed to WebSocket dial: expected handshake response status code 101 but got 404&#xA;[17:25:02] [ERROR] performance: Agent 19 connection failed: failed to connect: failed to WebSocket dial: expected handshake response status code 101 but got 404&#xA;[17:25:02] [ERROR] performance: Agent 45 connection failed: failed to connect: failed to WebSocket dial: expected handshake response status code 101 but got 404&#xA;[17:25:02] [ERROR] performance: Agent 17 connection failed: failed to connect: failed to WebSocket dial: expected handshake response status code 101 but got 404&#xA;[17:25:02] [ERROR] performance: Agent 41 connection failed: failed to connect: failed to WebSocket dial: expected handshake response status code 101 but got 404&#xA;[17:25:02] [ERROR] performance: Agent 33 connection failed: failed to connect: failed to WebSocket dial: expected handshake response status code 101 but got 404&#xA;[17:25:02] [ERROR] performance: Agent 4 connection failed: failed to connect: failed to WebSocket dial: expected handshake response status code 101 but got 404&#xA;[17:25:02] [ERROR] performance: Agent 14 connection failed: failed to connect: failed to WebSocket dial: expected handshake response status code 101 but got 404&#xA;[17:25:02] [ERROR] performance: Agent 26 connection failed: failed to connect: failed to WebSocket dial: expected handshake response status code 101 but got 404&#xA;[17:25:02] [ERROR] performance: Agent 24 connection failed: failed to connect: failed to WebSocket dial: expected handshake response status code 101 but got 404&#xA;[17:25:02] [ERROR] performance: Agent 21 connection failed: failed to connect: failed to WebSocket dial: expected handshake response status code 101 but got 404&#xA;[17:25:02] [ERROR] performance: Agent 36 connection failed: failed to connect: failed to WebSocket dial: expected handshake response status code 101 but got 404&#xA;[17:25:02] [ERROR] performance: Agent 46 connection failed: failed to connect: failed to WebSocket dial: expected handshake response status code 101 but got 404&#xA;[17:25:02] [ERROR] performance: Agent 29 connection failed: failed to connect: failed to WebSocket dial: expected handshake response status code 101 but got 404&#xA;[17:25:02] [ERROR] performance: Agent 22 connection failed: failed to connect: failed to WebSocket dial: expected handshake response status code 101 but got 404&#xA;[17:25:02] [ERROR] performance: Agent 1 connection failed: failed to connect: failed to WebSocket dial: expected handshake response status code 101 but got 404&#xA;[17:25:02] [ERROR] performance: Agent 40 connection failed: failed to connect: failed to WebSocket dial: expected handshake response status code 101 but got 404&#xA;[17:25:02] [ERROR] performance: Agent 3 connection failed: failed to connect: failed to WebSocket dial: expected handshake response status code 101 but got 404&#xA;[17:25:02] [ERROR] performance: Agent 18 connection failed: failed to connect: failed to WebSocket dial: expected handshake response status code 101 but got 404&#xA;[17:25:02] [ERROR] performance: Agent 23 connection failed: failed to connect: failed to WebSocket dial: expected handshake response status code 101 but got 404&#xA;[17:25:02] [ERROR] performance: Agent 35 connection failed: failed to connect: failed to WebSocket dial: expected handshake response status code 101 but got 404&#xA;[17:25:02] [ERROR] performance: Agent 10 connection failed: failed to connect: failed to WebSocket dial: expected handshake response status code 101 but got 404&#xA;[17:25:02] [ERROR] performance: Agent 44 connection failed: failed to connect: failed to WebSocket dial: expected handshake response status code 101 but got 404&#xA;[17:25:02] [ERROR] performance: Agent 32 connection failed: failed to connect: failed to WebSocket dial: expected handshake response status code 101 but got 404&#xA;[17:25:02] [ERROR] performance: Agent 25 connection failed: failed to connect: failed to WebSocket dial: expected handshake response status code 101 but got 404&#xA;[17:25:02] [ERROR] performance: Agent 31 connection failed: failed to connect: failed to WebSocket dial: expected handshake response status code 101 but got 404&#xA;[17:25:02] [ERROR] performance: Agent 20 connection failed: failed to connect: failed to WebSocket dial: expected handshake response status code 101 but got 404&#xA;[17:25:02] [ERROR] performance: Agent 34 connection failed: failed to connect: failed to WebSocket dial: expected handshake response status code 101 but got 404&#xA;[17:25:02] [ERROR] performance: Agent 48 connection failed: failed to connect: failed to WebSocket dial: expected handshake response status code 101 but got 404&#xA;[17:25:02] [ERROR] performance: Agent 27 connection failed: failed to connect: failed to WebSocket dial: expected handshake response status code 101 but got 404&#xA;[17:25:02] [ERROR] performance: Agent 15 connection failed: failed to connect: failed to WebSocket dial: expected handshake response status code 101 but got 404&#xA;[17:25:02] [ERROR] performance: Agent 28 connection failed: failed to connect: failed to WebSocket dial: expected handshake response status code 101 but got 404&#xA;[17:25:02] [ERROR] performance: Agent 16 connection failed: failed to connect: failed to WebSocket dial: expected handshake response status code 101 but got 404&#xA;[17:25:02] [ERROR] performance: Agent 12 connection failed: failed to connect: failed to WebSocket dial: expected handshake response status code 101 but got 404&#xA;[17:25:02] [ERROR] performance: Agent 37 connection failed: failed to connect: failed to WebSocket dial: expected handshake response status code 101 but got 404&#xA;[17:25:02] [ERROR] performance: Agent 39 connection failed: failed to connect: failed to WebSocket dial: expected handshake response status code 101 but got 404&#xA;[17:25:02] [ERROR] performance: Agent 38 connection failed: failed to connect: failed to WebSocket dial: expected handshake response status code 101 but got 404&#xA;[17:25:02] [ERROR] performance: Agent 42 connection failed: failed to connect: failed to WebSocket dial: expected handshake response status code 101 but got 404&#xA;[17:25:02] [ERROR] performance: Agent 47 connection failed: failed to connect: failed to WebSocket dial: expected handshake response status code 101 but got 404&#xA;[17:25:02] [INFO] performance: Agent Swarm Results:&#xA;[17:25:02] [INFO] performance:   Agents connected: 0/50&#xA;[17:25:02] [INFO] performance:   Connection time: 234.408976ms&#xA;[17:25:02] [INFO] performance:   Total messages: 0&#xA;[17:25:02] [INFO] performance:   Avg latency: 0s&#xA;[17:25:02] [INFO] performance:   P50 latency: 0s&#xA;[17:25:02] [INFO] performance:   P95 latency: 0s&#xA;[17:25:02] [INFO] performance:   P99 latency: 0s&#xA;</system-out>
              <system-err>&gt; Enter [BeforeEach] Performance and Stress E2E Tests - /Users/seancorkum/projects/devops-mcp/test/e2e/scenarios/performance_test.go:31 @ 07/03/25 17:25:01.851&#xA;&lt; Exit [BeforeEach] Performance and Stress E2E Tests - /Users/seancorkum/projects/devops-mcp/test/e2e/scenarios/performance_test.go:31 @ 07/03/25 17:25:01.856 (5ms)&#xA;&gt; Enter [It] should handle 50 concurrent agents - /Users/seancorkum/projects/devops-mcp/test/e2e/scenarios/performance_test.go:48 @ 07/03/25 17:25:01.856&#xA;[FAILED] Failure recorded during attempt 1:&#xA;Expected&#xA;    &lt;int32&gt;: 0&#xA;to be &gt;=&#xA;    &lt;int32&gt;: 47&#xA;In [It] at: /Users/seancorkum/projects/devops-mcp/test/e2e/scenarios/performance_test.go:158 @ 07/03/25 17:25:02.247&#xA;&lt; Exit [It] should handle 50 concurrent agents - /Users/seancorkum/projects/devops-mcp/test/e2e/scenarios/performance_test.go:48 @ 07/03/25 17:25:02.247 (391ms)&#xA;&gt; Enter [AfterEach] Performance and Stress E2E Tests - /Users/seancorkum/projects/devops-mcp/test/e2e/scenarios/performance_test.go:41 @ 07/03/25 17:25:02.248&#xA;&lt; Exit [AfterEach] Performance and Stress E2E Tests - /Users/seancorkum/projects/devops-mcp/test/e2e/scenarios/performance_test.go:41 @ 07/03/25 17:25:02.25 (3ms)&#xA;&#xA;Attempt #1 Failed.  Retrying â†º @ 07/03/25 17:25:02.251&#xA;&#xA;&gt; Enter [BeforeEach] Performance and Stress E2E Tests - /Users/seancorkum/projects/devops-mcp/test/e2e/scenarios/performance_test.go:31 @ 07/03/25 17:25:02.251&#xA;&lt; Exit [BeforeEach] Performance and Stress E2E Tests - /Users/seancorkum/projects/devops-mcp/test/e2e/scenarios/performance_test.go:31 @ 07/03/25 17:25:02.255 (5ms)&#xA;&gt; Enter [It] should handle 50 concurrent agents - /Users/seancorkum/projects/devops-mcp/test/e2e/scenarios/performance_test.go:48 @ 07/03/25 17:25:02.256&#xA;[FAILED] Expected&#xA;    &lt;int32&gt;: 0&#xA;to be &gt;=&#xA;    &lt;int32&gt;: 47&#xA;In [It] at: /Users/seancorkum/projects/devops-mcp/test/e2e/scenarios/performance_test.go:158 @ 07/03/25 17:25:02.49&#xA;&lt; Exit [It] should handle 50 concurrent agents - /Users/seancorkum/projects/devops-mcp/test/e2e/scenarios/performance_test.go:48 @ 07/03/25 17:25:02.49 (235ms)&#xA;&gt; Enter [AfterEach] Performance and Stress E2E Tests - /Users/seancorkum/projects/devops-mcp/test/e2e/scenarios/performance_test.go:41 @ 07/03/25 17:25:02.491&#xA;&lt; Exit [AfterEach] Performance and Stress E2E Tests - /Users/seancorkum/projects/devops-mcp/test/e2e/scenarios/performance_test.go:41 @ 07/03/25 17:25:02.493 (3ms)&#xA;</system-err>
          </testcase>
          <testcase name="[It] Single Agent E2E Tests Error Handling should handle timeout scenarios" classname="Multi-Agent Collaboration E2E Test Suite" status="failed" time="0.096808366">
              <failure message="Unexpected error:&#xA;    &lt;*fmt.wrapError | 0xc00040c3c0&gt;: &#xA;    failed to connect: failed to WebSocket dial: expected handshake response status code 101 but got 404&#xA;    {&#xA;        msg: &#34;failed to connect: failed to WebSocket dial: expected handshake response status code 101 but got 404&#34;,&#xA;        err: &lt;*fmt.wrapError | 0xc00040c3a0&gt;{&#xA;            msg: &#34;failed to WebSocket dial: expected handshake response status code 101 but got 404&#34;,&#xA;            err: &lt;*errors.errorString | 0xc000108000&gt;{&#xA;                s: &#34;expected handshake response status code 101 but got 404&#34;,&#xA;            },&#xA;        },&#xA;    }&#xA;occurred" type="failed">[FAILED] Unexpected error:&#xA;    &lt;*fmt.wrapError | 0xc00040c3c0&gt;: &#xA;    failed to connect: failed to WebSocket dial: expected handshake response status code 101 but got 404&#xA;    {&#xA;        msg: &#34;failed to connect: failed to WebSocket dial: expected handshake response status code 101 but got 404&#34;,&#xA;        err: &lt;*fmt.wrapError | 0xc00040c3a0&gt;{&#xA;            msg: &#34;failed to WebSocket dial: expected handshake response status code 101 but got 404&#34;,&#xA;            err: &lt;*errors.errorString | 0xc000108000&gt;{&#xA;                s: &#34;expected handshake response status code 101 but got 404&#34;,&#xA;            },&#xA;        },&#xA;    }&#xA;occurred&#xA;In [It] at: /Users/seancorkum/projects/devops-mcp/test/e2e/scenarios/single_agent_test.go:488 @ 07/03/25 17:25:02.591&#xA;&#xA;There were additional failures detected after the initial failure. These are visible in the timeline&#xA;</failure>
              <system-err>&gt; Enter [BeforeEach] Single Agent E2E Tests - /Users/seancorkum/projects/devops-mcp/test/e2e/scenarios/single_agent_test.go:30 @ 07/03/25 17:25:02.496&#xA;&lt; Exit [BeforeEach] Single Agent E2E Tests - /Users/seancorkum/projects/devops-mcp/test/e2e/scenarios/single_agent_test.go:30 @ 07/03/25 17:25:02.499 (3ms)&#xA;&gt; Enter [It] should handle timeout scenarios - /Users/seancorkum/projects/devops-mcp/test/e2e/scenarios/single_agent_test.go:468 @ 07/03/25 17:25:02.499&#xA;[FAILED] Failure recorded during attempt 1:&#xA;Unexpected error:&#xA;    &lt;*fmt.wrapError | 0xc000262160&gt;: &#xA;    failed to connect: failed to WebSocket dial: expected handshake response status code 101 but got 404&#xA;    {&#xA;        msg: &#34;failed to connect: failed to WebSocket dial: expected handshake response status code 101 but got 404&#34;,&#xA;        err: &lt;*fmt.wrapError | 0xc000262140&gt;{&#xA;            msg: &#34;failed to WebSocket dial: expected handshake response status code 101 but got 404&#34;,&#xA;            err: &lt;*errors.errorString | 0xc000294010&gt;{&#xA;                s: &#34;expected handshake response status code 101 but got 404&#34;,&#xA;            },&#xA;        },&#xA;    }&#xA;occurred&#xA;In [It] at: /Users/seancorkum/projects/devops-mcp/test/e2e/scenarios/single_agent_test.go:488 @ 07/03/25 17:25:02.542&#xA;&lt; Exit [It] should handle timeout scenarios - /Users/seancorkum/projects/devops-mcp/test/e2e/scenarios/single_agent_test.go:468 @ 07/03/25 17:25:02.542 (43ms)&#xA;&gt; Enter [AfterEach] Single Agent E2E Tests - /Users/seancorkum/projects/devops-mcp/test/e2e/scenarios/single_agent_test.go:40 @ 07/03/25 17:25:02.542&#xA;&lt; Exit [AfterEach] Single Agent E2E Tests - /Users/seancorkum/projects/devops-mcp/test/e2e/scenarios/single_agent_test.go:40 @ 07/03/25 17:25:02.544 (2ms)&#xA;&#xA;Attempt #1 Failed.  Retrying â†º @ 07/03/25 17:25:02.544&#xA;&#xA;&gt; Enter [BeforeEach] Single Agent E2E Tests - /Users/seancorkum/projects/devops-mcp/test/e2e/scenarios/single_agent_test.go:30 @ 07/03/25 17:25:02.544&#xA;&lt; Exit [BeforeEach] Single Agent E2E Tests - /Users/seancorkum/projects/devops-mcp/test/e2e/scenarios/single_agent_test.go:30 @ 07/03/25 17:25:02.547 (3ms)&#xA;&gt; Enter [It] should handle timeout scenarios - /Users/seancorkum/projects/devops-mcp/test/e2e/scenarios/single_agent_test.go:468 @ 07/03/25 17:25:02.547&#xA;[FAILED] Unexpected error:&#xA;    &lt;*fmt.wrapError | 0xc00040c3c0&gt;: &#xA;    failed to connect: failed to WebSocket dial: expected handshake response status code 101 but got 404&#xA;    {&#xA;        msg: &#34;failed to connect: failed to WebSocket dial: expected handshake response status code 101 but got 404&#34;,&#xA;        err: &lt;*fmt.wrapError | 0xc00040c3a0&gt;{&#xA;            msg: &#34;failed to WebSocket dial: expected handshake response status code 101 but got 404&#34;,&#xA;            err: &lt;*errors.errorString | 0xc000108000&gt;{&#xA;                s: &#34;expected handshake response status code 101 but got 404&#34;,&#xA;            },&#xA;        },&#xA;    }&#xA;occurred&#xA;In [It] at: /Users/seancorkum/projects/devops-mcp/test/e2e/scenarios/single_agent_test.go:488 @ 07/03/25 17:25:02.591&#xA;&lt; Exit [It] should handle timeout scenarios - /Users/seancorkum/projects/devops-mcp/test/e2e/scenarios/single_agent_test.go:468 @ 07/03/25 17:25:02.591 (44ms)&#xA;&gt; Enter [AfterEach] Single Agent E2E Tests - /Users/seancorkum/projects/devops-mcp/test/e2e/scenarios/single_agent_test.go:40 @ 07/03/25 17:25:02.591&#xA;&lt; Exit [AfterEach] Single Agent E2E Tests - /Users/seancorkum/projects/devops-mcp/test/e2e/scenarios/single_agent_test.go:40 @ 07/03/25 17:25:02.593 (2ms)&#xA;</system-err>
          </testcase>
          <testcase name="[It] Multi-Agent Collaboration E2E Tests Consensus Mechanism should reach consensus among multiple agents" classname="Multi-Agent Collaboration E2E Test Suite" status="failed" time="0.128844296">
              <failure message="Unexpected error:&#xA;    &lt;*fmt.wrapError | 0xc00040c100&gt;: &#xA;    failed to connect: failed to WebSocket dial: expected handshake response status code 101 but got 404&#xA;    {&#xA;        msg: &#34;failed to connect: failed to WebSocket dial: expected handshake response status code 101 but got 404&#34;,&#xA;        err: &lt;*fmt.wrapError | 0xc00040c0e0&gt;{&#xA;            msg: &#34;failed to WebSocket dial: expected handshake response status code 101 but got 404&#34;,&#xA;            err: &lt;*errors.errorString | 0xc0002f0020&gt;{&#xA;                s: &#34;expected handshake response status code 101 but got 404&#34;,&#xA;            },&#xA;        },&#xA;    }&#xA;occurred" type="failed">[FAILED] Unexpected error:&#xA;    &lt;*fmt.wrapError | 0xc00040c100&gt;: &#xA;    failed to connect: failed to WebSocket dial: expected handshake response status code 101 but got 404&#xA;    {&#xA;        msg: &#34;failed to connect: failed to WebSocket dial: expected handshake response status code 101 but got 404&#34;,&#xA;        err: &lt;*fmt.wrapError | 0xc00040c0e0&gt;{&#xA;            msg: &#34;failed to WebSocket dial: expected handshake response status code 101 but got 404&#34;,&#xA;            err: &lt;*errors.errorString | 0xc0002f0020&gt;{&#xA;                s: &#34;expected handshake response status code 101 but got 404&#34;,&#xA;            },&#xA;        },&#xA;    }&#xA;occurred&#xA;In [It] at: /Users/seancorkum/projects/devops-mcp/test/e2e/scenarios/multi_agent_test.go:379 @ 07/03/25 17:25:02.719&#xA;&#xA;There were additional failures detected after the initial failure. These are visible in the timeline&#xA;</failure>
              <system-err>&gt; Enter [BeforeEach] Multi-Agent Collaboration E2E Tests - /Users/seancorkum/projects/devops-mcp/test/e2e/scenarios/multi_agent_test.go:28 @ 07/03/25 17:25:02.594&#xA;&lt; Exit [BeforeEach] Multi-Agent Collaboration E2E Tests - /Users/seancorkum/projects/devops-mcp/test/e2e/scenarios/multi_agent_test.go:28 @ 07/03/25 17:25:02.597 (3ms)&#xA;&gt; Enter [It] should reach consensus among multiple agents - /Users/seancorkum/projects/devops-mcp/test/e2e/scenarios/multi_agent_test.go:355 @ 07/03/25 17:25:02.597&#xA;[FAILED] Failure recorded during attempt 1:&#xA;Unexpected error:&#xA;    &lt;*fmt.wrapError | 0xc0002620a0&gt;: &#xA;    failed to connect: failed to WebSocket dial: expected handshake response status code 101 but got 404&#xA;    {&#xA;        msg: &#34;failed to connect: failed to WebSocket dial: expected handshake response status code 101 but got 404&#34;,&#xA;        err: &lt;*fmt.wrapError | 0xc000262080&gt;{&#xA;            msg: &#34;failed to WebSocket dial: expected handshake response status code 101 but got 404&#34;,&#xA;            err: &lt;*errors.errorString | 0xc00026c000&gt;{&#xA;                s: &#34;expected handshake response status code 101 but got 404&#34;,&#xA;            },&#xA;        },&#xA;    }&#xA;occurred&#xA;In [It] at: /Users/seancorkum/projects/devops-mcp/test/e2e/scenarios/multi_agent_test.go:379 @ 07/03/25 17:25:02.656&#xA;&lt; Exit [It] should reach consensus among multiple agents - /Users/seancorkum/projects/devops-mcp/test/e2e/scenarios/multi_agent_test.go:355 @ 07/03/25 17:25:02.656 (60ms)&#xA;&gt; Enter [AfterEach] Multi-Agent Collaboration E2E Tests - /Users/seancorkum/projects/devops-mcp/test/e2e/scenarios/multi_agent_test.go:38 @ 07/03/25 17:25:02.657&#xA;&lt; Exit [AfterEach] Multi-Agent Collaboration E2E Tests - /Users/seancorkum/projects/devops-mcp/test/e2e/scenarios/multi_agent_test.go:38 @ 07/03/25 17:25:02.659 (3ms)&#xA;&#xA;Attempt #1 Failed.  Retrying â†º @ 07/03/25 17:25:02.659&#xA;&#xA;&gt; Enter [BeforeEach] Multi-Agent Collaboration E2E Tests - /Users/seancorkum/projects/devops-mcp/test/e2e/scenarios/multi_agent_test.go:28 @ 07/03/25 17:25:02.66&#xA;&lt; Exit [BeforeEach] Multi-Agent Collaboration E2E Tests - /Users/seancorkum/projects/devops-mcp/test/e2e/scenarios/multi_agent_test.go:28 @ 07/03/25 17:25:02.664 (4ms)&#xA;&gt; Enter [It] should reach consensus among multiple agents - /Users/seancorkum/projects/devops-mcp/test/e2e/scenarios/multi_agent_test.go:355 @ 07/03/25 17:25:02.664&#xA;[FAILED] Unexpected error:&#xA;    &lt;*fmt.wrapError | 0xc00040c100&gt;: &#xA;    failed to connect: failed to WebSocket dial: expected handshake response status code 101 but got 404&#xA;    {&#xA;        msg: &#34;failed to connect: failed to WebSocket dial: expected handshake response status code 101 but got 404&#34;,&#xA;        err: &lt;*fmt.wrapError | 0xc00040c0e0&gt;{&#xA;            msg: &#34;failed to WebSocket dial: expected handshake response status code 101 but got 404&#34;,&#xA;            err: &lt;*errors.errorString | 0xc0002f0020&gt;{&#xA;                s: &#34;expected handshake response status code 101 but got 404&#34;,&#xA;            },&#xA;        },&#xA;    }&#xA;occurred&#xA;In [It] at: /Users/seancorkum/projects/devops-mcp/test/e2e/scenarios/multi_agent_test.go:379 @ 07/03/25 17:25:02.719&#xA;&lt; Exit [It] should reach consensus among multiple agents - /Users/seancorkum/projects/devops-mcp/test/e2e/scenarios/multi_agent_test.go:355 @ 07/03/25 17:25:02.719 (55ms)&#xA;&gt; Enter [AfterEach] Multi-Agent Collaboration E2E Tests - /Users/seancorkum/projects/devops-mcp/test/e2e/scenarios/multi_agent_test.go:38 @ 07/03/25 17:25:02.719&#xA;&lt; Exit [AfterEach] Multi-Agent Collaboration E2E Tests - /Users/seancorkum/projects/devops-mcp/test/e2e/scenarios/multi_agent_test.go:38 @ 07/03/25 17:25:02.722 (3ms)&#xA;</system-err>
          </testcase>
          <testcase name="[It] Performance and Stress E2E Tests Resource Utilization Tests should maintain stable performance under sustained load" classname="Multi-Agent Collaboration E2E Test Suite" status="failed" time="0.413924979">
              <failure message="Unexpected error:&#xA;    &lt;*fmt.wrapError | 0xc00032e220&gt;: &#xA;    failed to connect: failed to WebSocket dial: expected handshake response status code 101 but got 404&#xA;    {&#xA;        msg: &#34;failed to connect: failed to WebSocket dial: expected handshake response status code 101 but got 404&#34;,&#xA;        err: &lt;*fmt.wrapError | 0xc00032e200&gt;{&#xA;            msg: &#34;failed to WebSocket dial: expected handshake response status code 101 but got 404&#34;,&#xA;            err: &lt;*errors.errorString | 0xc0003a0020&gt;{&#xA;                s: &#34;expected handshake response status code 101 but got 404&#34;,&#xA;            },&#xA;        },&#xA;    }&#xA;occurred" type="failed">[FAILED] Unexpected error:&#xA;    &lt;*fmt.wrapError | 0xc00032e220&gt;: &#xA;    failed to connect: failed to WebSocket dial: expected handshake response status code 101 but got 404&#xA;    {&#xA;        msg: &#34;failed to connect: failed to WebSocket dial: expected handshake response status code 101 but got 404&#34;,&#xA;        err: &lt;*fmt.wrapError | 0xc00032e200&gt;{&#xA;            msg: &#34;failed to WebSocket dial: expected handshake response status code 101 but got 404&#34;,&#xA;            err: &lt;*errors.errorString | 0xc0003a0020&gt;{&#xA;                s: &#34;expected handshake response status code 101 but got 404&#34;,&#xA;            },&#xA;        },&#xA;    }&#xA;occurred&#xA;In [It] at: /Users/seancorkum/projects/devops-mcp/test/e2e/scenarios/performance_test.go:523 @ 07/03/25 17:25:02.262&#xA;&#xA;There were additional failures detected after the initial failure. These are visible in the timeline&#xA;</failure>
              <system-err>&gt; Enter [BeforeEach] Performance and Stress E2E Tests - /Users/seancorkum/projects/devops-mcp/test/e2e/scenarios/performance_test.go:31 @ 07/03/25 17:25:01.851&#xA;&lt; Exit [BeforeEach] Performance and Stress E2E Tests - /Users/seancorkum/projects/devops-mcp/test/e2e/scenarios/performance_test.go:31 @ 07/03/25 17:25:01.856 (5ms)&#xA;&gt; Enter [It] should maintain stable performance under sustained load - /Users/seancorkum/projects/devops-mcp/test/e2e/scenarios/performance_test.go:496 @ 07/03/25 17:25:01.856&#xA;[FAILED] Failure recorded during attempt 1:&#xA;Unexpected error:&#xA;    &lt;*fmt.wrapError | 0xc00032e220&gt;: &#xA;    failed to connect: failed to WebSocket dial: expected handshake response status code 101 but got 404&#xA;    {&#xA;        msg: &#34;failed to connect: failed to WebSocket dial: expected handshake response status code 101 but got 404&#34;,&#xA;        err: &lt;*fmt.wrapError | 0xc00032e200&gt;{&#xA;            msg: &#34;failed to WebSocket dial: expected handshake response status code 101 but got 404&#34;,&#xA;            err: &lt;*errors.errorString | 0xc00018a000&gt;{&#xA;                s: &#34;expected handshake response status code 101 but got 404&#34;,&#xA;            },&#xA;        },&#xA;    }&#xA;occurred&#xA;In [It] at: /Users/seancorkum/projects/devops-mcp/test/e2e/scenarios/performance_test.go:523 @ 07/03/25 17:25:02.21&#xA;&lt; Exit [It] should maintain stable performance under sustained load - /Users/seancorkum/projects/devops-mcp/test/e2e/scenarios/performance_test.go:496 @ 07/03/25 17:25:02.21 (354ms)&#xA;&gt; Enter [AfterEach] Performance and Stress E2E Tests - /Users/seancorkum/projects/devops-mcp/test/e2e/scenarios/performance_test.go:41 @ 07/03/25 17:25:02.21&#xA;&lt; Exit [AfterEach] Performance and Stress E2E Tests - /Users/seancorkum/projects/devops-mcp/test/e2e/scenarios/performance_test.go:41 @ 07/03/25 17:25:02.213 (2ms)&#xA;&#xA;Attempt #1 Failed.  Retrying â†º @ 07/03/25 17:25:02.213&#xA;&#xA;&gt; Enter [BeforeEach] Performance and Stress E2E Tests - /Users/seancorkum/projects/devops-mcp/test/e2e/scenarios/performance_test.go:31 @ 07/03/25 17:25:02.213&#xA;&lt; Exit [BeforeEach] Performance and Stress E2E Tests - /Users/seancorkum/projects/devops-mcp/test/e2e/scenarios/performance_test.go:31 @ 07/03/25 17:25:02.216 (3ms)&#xA;&gt; Enter [It] should maintain stable performance under sustained load - /Users/seancorkum/projects/devops-mcp/test/e2e/scenarios/performance_test.go:496 @ 07/03/25 17:25:02.216&#xA;[FAILED] Unexpected error:&#xA;    &lt;*fmt.wrapError | 0xc00032e220&gt;: &#xA;    failed to connect: failed to WebSocket dial: expected handshake response status code 101 but got 404&#xA;    {&#xA;        msg: &#34;failed to connect: failed to WebSocket dial: expected handshake response status code 101 but got 404&#34;,&#xA;        err: &lt;*fmt.wrapError | 0xc00032e200&gt;{&#xA;            msg: &#34;failed to WebSocket dial: expected handshake response status code 101 but got 404&#34;,&#xA;            err: &lt;*errors.errorString | 0xc0003a0020&gt;{&#xA;                s: &#34;expected handshake response status code 101 but got 404&#34;,&#xA;            },&#xA;        },&#xA;    }&#xA;occurred&#xA;In [It] at: /Users/seancorkum/projects/devops-mcp/test/e2e/scenarios/performance_test.go:523 @ 07/03/25 17:25:02.262&#xA;&lt; Exit [It] should maintain stable performance under sustained load - /Users/seancorkum/projects/devops-mcp/test/e2e/scenarios/performance_test.go:496 @ 07/03/25 17:25:02.262 (46ms)&#xA;&gt; Enter [AfterEach] Performance and Stress E2E Tests - /Users/seancorkum/projects/devops-mcp/test/e2e/scenarios/performance_test.go:41 @ 07/03/25 17:25:02.262&#xA;&lt; Exit [AfterEach] Performance and Stress E2E Tests - /Users/seancorkum/projects/devops-mcp/test/e2e/scenarios/performance_test.go:41 @ 07/03/25 17:25:02.265 (3ms)&#xA;</system-err>
          </testcase>
          <testcase name="[It] Single Agent E2E Tests Basic Agent Lifecycle should handle reconnection" classname="Multi-Agent Collaboration E2E Test Suite" status="failed" time="0.108746746">
              <failure message="Unexpected error:&#xA;    &lt;*fmt.wrapError | 0xc000256140&gt;: &#xA;    failed to connect: failed to WebSocket dial: expected handshake response status code 101 but got 404&#xA;    {&#xA;        msg: &#34;failed to connect: failed to WebSocket dial: expected handshake response status code 101 but got 404&#34;,&#xA;        err: &lt;*fmt.wrapError | 0xc000256120&gt;{&#xA;            msg: &#34;failed to WebSocket dial: expected handshake response status code 101 but got 404&#34;,&#xA;            err: &lt;*errors.errorString | 0xc000210000&gt;{&#xA;                s: &#34;expected handshake response status code 101 but got 404&#34;,&#xA;            },&#xA;        },&#xA;    }&#xA;occurred" type="failed">[FAILED] Unexpected error:&#xA;    &lt;*fmt.wrapError | 0xc000256140&gt;: &#xA;    failed to connect: failed to WebSocket dial: expected handshake response status code 101 but got 404&#xA;    {&#xA;        msg: &#34;failed to connect: failed to WebSocket dial: expected handshake response status code 101 but got 404&#34;,&#xA;        err: &lt;*fmt.wrapError | 0xc000256120&gt;{&#xA;            msg: &#34;failed to WebSocket dial: expected handshake response status code 101 but got 404&#34;,&#xA;            err: &lt;*errors.errorString | 0xc000210000&gt;{&#xA;                s: &#34;expected handshake response status code 101 but got 404&#34;,&#xA;            },&#xA;        },&#xA;    }&#xA;occurred&#xA;In [It] at: /Users/seancorkum/projects/devops-mcp/test/e2e/scenarios/single_agent_test.go:129 @ 07/03/25 17:25:02.372&#xA;&#xA;There were additional failures detected after the initial failure. These are visible in the timeline&#xA;</failure>
              <system-err>&gt; Enter [BeforeEach] Single Agent E2E Tests - /Users/seancorkum/projects/devops-mcp/test/e2e/scenarios/single_agent_test.go:30 @ 07/03/25 17:25:02.266&#xA;&lt; Exit [BeforeEach] Single Agent E2E Tests - /Users/seancorkum/projects/devops-mcp/test/e2e/scenarios/single_agent_test.go:30 @ 07/03/25 17:25:02.271 (5ms)&#xA;&gt; Enter [It] should handle reconnection - /Users/seancorkum/projects/devops-mcp/test/e2e/scenarios/single_agent_test.go:107 @ 07/03/25 17:25:02.272&#xA;[FAILED] Failure recorded during attempt 1:&#xA;Unexpected error:&#xA;    &lt;*fmt.wrapError | 0xc000256140&gt;: &#xA;    failed to connect: failed to WebSocket dial: expected handshake response status code 101 but got 404&#xA;    {&#xA;        msg: &#34;failed to connect: failed to WebSocket dial: expected handshake response status code 101 but got 404&#34;,&#xA;        err: &lt;*fmt.wrapError | 0xc000256120&gt;{&#xA;            msg: &#34;failed to WebSocket dial: expected handshake response status code 101 but got 404&#34;,&#xA;            err: &lt;*errors.errorString | 0xc00041a010&gt;{&#xA;                s: &#34;expected handshake response status code 101 but got 404&#34;,&#xA;            },&#xA;        },&#xA;    }&#xA;occurred&#xA;In [It] at: /Users/seancorkum/projects/devops-mcp/test/e2e/scenarios/single_agent_test.go:129 @ 07/03/25 17:25:02.321&#xA;&lt; Exit [It] should handle reconnection - /Users/seancorkum/projects/devops-mcp/test/e2e/scenarios/single_agent_test.go:107 @ 07/03/25 17:25:02.321 (50ms)&#xA;&gt; Enter [AfterEach] Single Agent E2E Tests - /Users/seancorkum/projects/devops-mcp/test/e2e/scenarios/single_agent_test.go:40 @ 07/03/25 17:25:02.322&#xA;&lt; Exit [AfterEach] Single Agent E2E Tests - /Users/seancorkum/projects/devops-mcp/test/e2e/scenarios/single_agent_test.go:40 @ 07/03/25 17:25:02.324 (3ms)&#xA;&#xA;Attempt #1 Failed.  Retrying â†º @ 07/03/25 17:25:02.324&#xA;&#xA;&gt; Enter [BeforeEach] Single Agent E2E Tests - /Users/seancorkum/projects/devops-mcp/test/e2e/scenarios/single_agent_test.go:30 @ 07/03/25 17:25:02.325&#xA;&lt; Exit [BeforeEach] Single Agent E2E Tests - /Users/seancorkum/projects/devops-mcp/test/e2e/scenarios/single_agent_test.go:30 @ 07/03/25 17:25:02.327 (3ms)&#xA;&gt; Enter [It] should handle reconnection - /Users/seancorkum/projects/devops-mcp/test/e2e/scenarios/single_agent_test.go:107 @ 07/03/25 17:25:02.327&#xA;[FAILED] Unexpected error:&#xA;    &lt;*fmt.wrapError | 0xc000256140&gt;: &#xA;    failed to connect: failed to WebSocket dial: expected handshake response status code 101 but got 404&#xA;    {&#xA;        msg: &#34;failed to connect: failed to WebSocket dial: expected handshake response status code 101 but got 404&#34;,&#xA;        err: &lt;*fmt.wrapError | 0xc000256120&gt;{&#xA;            msg: &#34;failed to WebSocket dial: expected handshake response status code 101 but got 404&#34;,&#xA;            err: &lt;*errors.errorString | 0xc000210000&gt;{&#xA;                s: &#34;expected handshake response status code 101 but got 404&#34;,&#xA;            },&#xA;        },&#xA;    }&#xA;occurred&#xA;In [It] at: /Users/seancorkum/projects/devops-mcp/test/e2e/scenarios/single_agent_test.go:129 @ 07/03/25 17:25:02.372&#xA;&lt; Exit [It] should handle reconnection - /Users/seancorkum/projects/devops-mcp/test/e2e/scenarios/single_agent_test.go:107 @ 07/03/25 17:25:02.372 (45ms)&#xA;&gt; Enter [AfterEach] Single Agent E2E Tests - /Users/seancorkum/projects/devops-mcp/test/e2e/scenarios/single_agent_test.go:40 @ 07/03/25 17:25:02.373&#xA;&lt; Exit [AfterEach] Single Agent E2E Tests - /Users/seancorkum/projects/devops-mcp/test/e2e/scenarios/single_agent_test.go:40 @ 07/03/25 17:25:02.375 (2ms)&#xA;</system-err>
          </testcase>
          <testcase name="[It] Single Agent E2E Tests Context Management should create and retrieve context" classname="Multi-Agent Collaboration E2E Test Suite" status="failed" time="0.112589776">
              <failure message="Unexpected error:&#xA;    &lt;*fmt.wrapError | 0xc000256180&gt;: &#xA;    failed to connect: failed to WebSocket dial: expected handshake response status code 101 but got 404&#xA;    {&#xA;        msg: &#34;failed to connect: failed to WebSocket dial: expected handshake response status code 101 but got 404&#34;,&#xA;        err: &lt;*fmt.wrapError | 0xc000256160&gt;{&#xA;            msg: &#34;failed to WebSocket dial: expected handshake response status code 101 but got 404&#34;,&#xA;            err: &lt;*errors.errorString | 0xc000038010&gt;{&#xA;                s: &#34;expected handshake response status code 101 but got 404&#34;,&#xA;            },&#xA;        },&#xA;    }&#xA;occurred" type="failed">[FAILED] Unexpected error:&#xA;    &lt;*fmt.wrapError | 0xc000256180&gt;: &#xA;    failed to connect: failed to WebSocket dial: expected handshake response status code 101 but got 404&#xA;    {&#xA;        msg: &#34;failed to connect: failed to WebSocket dial: expected handshake response status code 101 but got 404&#34;,&#xA;        err: &lt;*fmt.wrapError | 0xc000256160&gt;{&#xA;            msg: &#34;failed to WebSocket dial: expected handshake response status code 101 but got 404&#34;,&#xA;            err: &lt;*errors.errorString | 0xc000038010&gt;{&#xA;                s: &#34;expected handshake response status code 101 but got 404&#34;,&#xA;            },&#xA;        },&#xA;    }&#xA;occurred&#xA;In [It] at: /Users/seancorkum/projects/devops-mcp/test/e2e/scenarios/single_agent_test.go:285 @ 07/03/25 17:25:02.486&#xA;&#xA;There were additional failures detected after the initial failure. These are visible in the timeline&#xA;</failure>
              <system-err>&gt; Enter [BeforeEach] Single Agent E2E Tests - /Users/seancorkum/projects/devops-mcp/test/e2e/scenarios/single_agent_test.go:30 @ 07/03/25 17:25:02.376&#xA;&lt; Exit [BeforeEach] Single Agent E2E Tests - /Users/seancorkum/projects/devops-mcp/test/e2e/scenarios/single_agent_test.go:30 @ 07/03/25 17:25:02.379 (3ms)&#xA;&gt; Enter [It] should create and retrieve context - /Users/seancorkum/projects/devops-mcp/test/e2e/scenarios/single_agent_test.go:265 @ 07/03/25 17:25:02.38&#xA;[FAILED] Failure recorded during attempt 1:&#xA;Unexpected error:&#xA;    &lt;*fmt.wrapError | 0xc0001004c0&gt;: &#xA;    failed to connect: failed to WebSocket dial: expected handshake response status code 101 but got 404&#xA;    {&#xA;        msg: &#34;failed to connect: failed to WebSocket dial: expected handshake response status code 101 but got 404&#34;,&#xA;        err: &lt;*fmt.wrapError | 0xc0001004a0&gt;{&#xA;            msg: &#34;failed to WebSocket dial: expected handshake response status code 101 but got 404&#34;,&#xA;            err: &lt;*errors.errorString | 0xc000260000&gt;{&#xA;                s: &#34;expected handshake response status code 101 but got 404&#34;,&#xA;            },&#xA;        },&#xA;    }&#xA;occurred&#xA;In [It] at: /Users/seancorkum/projects/devops-mcp/test/e2e/scenarios/single_agent_test.go:285 @ 07/03/25 17:25:02.434&#xA;&lt; Exit [It] should create and retrieve context - /Users/seancorkum/projects/devops-mcp/test/e2e/scenarios/single_agent_test.go:265 @ 07/03/25 17:25:02.434 (55ms)&#xA;&gt; Enter [AfterEach] Single Agent E2E Tests - /Users/seancorkum/projects/devops-mcp/test/e2e/scenarios/single_agent_test.go:40 @ 07/03/25 17:25:02.435&#xA;&lt; Exit [AfterEach] Single Agent E2E Tests - /Users/seancorkum/projects/devops-mcp/test/e2e/scenarios/single_agent_test.go:40 @ 07/03/25 17:25:02.438 (3ms)&#xA;&#xA;Attempt #1 Failed.  Retrying â†º @ 07/03/25 17:25:02.438&#xA;&#xA;&gt; Enter [BeforeEach] Single Agent E2E Tests - /Users/seancorkum/projects/devops-mcp/test/e2e/scenarios/single_agent_test.go:30 @ 07/03/25 17:25:02.438&#xA;&lt; Exit [BeforeEach] Single Agent E2E Tests - /Users/seancorkum/projects/devops-mcp/test/e2e/scenarios/single_agent_test.go:30 @ 07/03/25 17:25:02.441 (3ms)&#xA;&gt; Enter [It] should create and retrieve context - /Users/seancorkum/projects/devops-mcp/test/e2e/scenarios/single_agent_test.go:265 @ 07/03/25 17:25:02.441&#xA;[FAILED] Unexpected error:&#xA;    &lt;*fmt.wrapError | 0xc000256180&gt;: &#xA;    failed to connect: failed to WebSocket dial: expected handshake response status code 101 but got 404&#xA;    {&#xA;        msg: &#34;failed to connect: failed to WebSocket dial: expected handshake response status code 101 but got 404&#34;,&#xA;        err: &lt;*fmt.wrapError | 0xc000256160&gt;{&#xA;            msg: &#34;failed to WebSocket dial: expected handshake response status code 101 but got 404&#34;,&#xA;            err: &lt;*errors.errorString | 0xc000038010&gt;{&#xA;                s: &#34;expected handshake response status code 101 but got 404&#34;,&#xA;            },&#xA;        },&#xA;    }&#xA;occurred&#xA;In [It] at: /Users/seancorkum/projects/devops-mcp/test/e2e/scenarios/single_agent_test.go:285 @ 07/03/25 17:25:02.486&#xA;&lt; Exit [It] should create and retrieve context - /Users/seancorkum/projects/devops-mcp/test/e2e/scenarios/single_agent_test.go:265 @ 07/03/25 17:25:02.486 (45ms)&#xA;&gt; Enter [AfterEach] Single Agent E2E Tests - /Users/seancorkum/projects/devops-mcp/test/e2e/scenarios/single_agent_test.go:40 @ 07/03/25 17:25:02.486&#xA;&lt; Exit [AfterEach] Single Agent E2E Tests - /Users/seancorkum/projects/devops-mcp/test/e2e/scenarios/single_agent_test.go:40 @ 07/03/25 17:25:02.489 (2ms)&#xA;</system-err>
          </testcase>
          <testcase name="[It] Single Agent E2E Tests Error Handling should handle authentication errors" classname="Multi-Agent Collaboration E2E Test Suite" status="passed" time="0.006769695">
              <system-out>ï¿½[32mâœ“ï¿½[0m auth_error_handling (25.621Âµs)&#xA;</system-out>
              <system-err>&gt; Enter [BeforeEach] Single Agent E2E Tests - /Users/seancorkum/projects/devops-mcp/test/e2e/scenarios/single_agent_test.go:30 @ 07/03/25 17:25:02.49&#xA;&lt; Exit [BeforeEach] Single Agent E2E Tests - /Users/seancorkum/projects/devops-mcp/test/e2e/scenarios/single_agent_test.go:30 @ 07/03/25 17:25:02.493 (3ms)&#xA;&gt; Enter [It] should handle authentication errors - /Users/seancorkum/projects/devops-mcp/test/e2e/scenarios/single_agent_test.go:398 @ 07/03/25 17:25:02.493&#xA;&lt; Exit [It] should handle authentication errors - /Users/seancorkum/projects/devops-mcp/test/e2e/scenarios/single_agent_test.go:398 @ 07/03/25 17:25:02.494 (0s)&#xA;&gt; Enter [AfterEach] Single Agent E2E Tests - /Users/seancorkum/projects/devops-mcp/test/e2e/scenarios/single_agent_test.go:40 @ 07/03/25 17:25:02.494&#xA;&lt; Exit [AfterEach] Single Agent E2E Tests - /Users/seancorkum/projects/devops-mcp/test/e2e/scenarios/single_agent_test.go:40 @ 07/03/25 17:25:02.496 (2ms)&#xA;</system-err>
          </testcase>
          <testcase name="[It] Multi-Agent Collaboration E2E Tests Basic Multi-Agent Setup should connect multiple agents simultaneously" classname="Multi-Agent Collaboration E2E Test Suite" status="failed" time="0.271888163">
              <failure message="Expected&#xA;    &lt;int&gt;: 3&#xA;to equal&#xA;    &lt;int&gt;: 0" type="failed">[FAILED] Expected&#xA;    &lt;int&gt;: 3&#xA;to equal&#xA;    &lt;int&gt;: 0&#xA;In [It] at: /Users/seancorkum/projects/devops-mcp/test/e2e/scenarios/multi_agent_test.go:114 @ 07/03/25 17:25:02.766&#xA;&#xA;There were additional failures detected after the initial failure. These are visible in the timeline&#xA;</failure>
              <system-out>[17:25:02] [ERROR] multi-agent: Connection error: failed to connect: failed to WebSocket dial: expected handshake response status code 101 but got 404&#xA;[17:25:02] [ERROR] multi-agent: Connection error: failed to connect: failed to WebSocket dial: expected handshake response status code 101 but got 404&#xA;[17:25:02] [ERROR] multi-agent: Connection error: failed to connect: failed to WebSocket dial: expected handshake response status code 101 but got 404&#xA;[17:25:02] [ERROR] multi-agent: Connection error: failed to connect: failed to WebSocket dial: expected handshake response status code 101 but got 404&#xA;[17:25:02] [ERROR] multi-agent: Connection error: failed to connect: failed to WebSocket dial: expected handshake response status code 101 but got 404&#xA;[17:25:02] [ERROR] multi-agent: Connection error: failed to connect: failed to WebSocket dial: expected handshake response status code 101 but got 404&#xA;</system-out>
              <system-err>&gt; Enter [BeforeEach] Multi-Agent Collaboration E2E Tests - /Users/seancorkum/projects/devops-mcp/test/e2e/scenarios/multi_agent_test.go:28 @ 07/03/25 17:25:02.497&#xA;&lt; Exit [BeforeEach] Multi-Agent Collaboration E2E Tests - /Users/seancorkum/projects/devops-mcp/test/e2e/scenarios/multi_agent_test.go:28 @ 07/03/25 17:25:02.499 (2ms)&#xA;&gt; Enter [It] should connect multiple agents simultaneously - /Users/seancorkum/projects/devops-mcp/test/e2e/scenarios/multi_agent_test.go:45 @ 07/03/25 17:25:02.5&#xA;[FAILED] Failure recorded during attempt 1:&#xA;Expected&#xA;    &lt;int&gt;: 3&#xA;to equal&#xA;    &lt;int&gt;: 0&#xA;In [It] at: /Users/seancorkum/projects/devops-mcp/test/e2e/scenarios/multi_agent_test.go:114 @ 07/03/25 17:25:02.657&#xA;&lt; Exit [It] should connect multiple agents simultaneously - /Users/seancorkum/projects/devops-mcp/test/e2e/scenarios/multi_agent_test.go:45 @ 07/03/25 17:25:02.657 (158ms)&#xA;&gt; Enter [AfterEach] Multi-Agent Collaboration E2E Tests - /Users/seancorkum/projects/devops-mcp/test/e2e/scenarios/multi_agent_test.go:38 @ 07/03/25 17:25:02.657&#xA;&lt; Exit [AfterEach] Multi-Agent Collaboration E2E Tests - /Users/seancorkum/projects/devops-mcp/test/e2e/scenarios/multi_agent_test.go:38 @ 07/03/25 17:25:02.663 (6ms)&#xA;&#xA;Attempt #1 Failed.  Retrying â†º @ 07/03/25 17:25:02.663&#xA;&#xA;&gt; Enter [BeforeEach] Multi-Agent Collaboration E2E Tests - /Users/seancorkum/projects/devops-mcp/test/e2e/scenarios/multi_agent_test.go:28 @ 07/03/25 17:25:02.663&#xA;&lt; Exit [BeforeEach] Multi-Agent Collaboration E2E Tests - /Users/seancorkum/projects/devops-mcp/test/e2e/scenarios/multi_agent_test.go:28 @ 07/03/25 17:25:02.666 (3ms)&#xA;&gt; Enter [It] should connect multiple agents simultaneously - /Users/seancorkum/projects/devops-mcp/test/e2e/scenarios/multi_agent_test.go:45 @ 07/03/25 17:25:02.666&#xA;[FAILED] Expected&#xA;    &lt;int&gt;: 3&#xA;to equal&#xA;    &lt;int&gt;: 0&#xA;In [It] at: /Users/seancorkum/projects/devops-mcp/test/e2e/scenarios/multi_agent_test.go:114 @ 07/03/25 17:25:02.766&#xA;&lt; Exit [It] should connect multiple agents simultaneously - /Users/seancorkum/projects/devops-mcp/test/e2e/scenarios/multi_agent_test.go:45 @ 07/03/25 17:25:02.766 (100ms)&#xA;&gt; Enter [AfterEach] Multi-Agent Collaboration E2E Tests - /Users/seancorkum/projects/devops-mcp/test/e2e/scenarios/multi_agent_test.go:38 @ 07/03/25 17:25:02.766&#xA;&lt; Exit [AfterEach] Multi-Agent Collaboration E2E Tests - /Users/seancorkum/projects/devops-mcp/test/e2e/scenarios/multi_agent_test.go:38 @ 07/03/25 17:25:02.769 (3ms)&#xA;</system-err>
          </testcase>
          <testcase name="[It] Performance and Stress E2E Tests Message Throughput Tests should handle large message payloads" classname="Multi-Agent Collaboration E2E Test Suite" status="failed" time="0.396040266">
              <failure message="Unexpected error:&#xA;    &lt;*fmt.wrapError | 0xc00007e420&gt;: &#xA;    failed to connect: failed to WebSocket dial: expected handshake response status code 101 but got 404&#xA;    {&#xA;        msg: &#34;failed to connect: failed to WebSocket dial: expected handshake response status code 101 but got 404&#34;,&#xA;        err: &lt;*fmt.wrapError | 0xc00007e400&gt;{&#xA;            msg: &#34;failed to WebSocket dial: expected handshake response status code 101 but got 404&#34;,&#xA;            err: &lt;*errors.errorString | 0xc000204000&gt;{&#xA;                s: &#34;expected handshake response status code 101 but got 404&#34;,&#xA;            },&#xA;        },&#xA;    }&#xA;occurred" type="failed">[FAILED] Unexpected error:&#xA;    &lt;*fmt.wrapError | 0xc00007e420&gt;: &#xA;    failed to connect: failed to WebSocket dial: expected handshake response status code 101 but got 404&#xA;    {&#xA;        msg: &#34;failed to connect: failed to WebSocket dial: expected handshake response status code 101 but got 404&#34;,&#xA;        err: &lt;*fmt.wrapError | 0xc00007e400&gt;{&#xA;            msg: &#34;failed to WebSocket dial: expected handshake response status code 101 but got 404&#34;,&#xA;            err: &lt;*errors.errorString | 0xc000204000&gt;{&#xA;                s: &#34;expected handshake response status code 101 but got 404&#34;,&#xA;            },&#xA;        },&#xA;    }&#xA;occurred&#xA;In [It] at: /Users/seancorkum/projects/devops-mcp/test/e2e/scenarios/performance_test.go:428 @ 07/03/25 17:25:02.244&#xA;&#xA;There were additional failures detected after the initial failure. These are visible in the timeline&#xA;</failure>
              <system-err>&gt; Enter [BeforeEach] Performance and Stress E2E Tests - /Users/seancorkum/projects/devops-mcp/test/e2e/scenarios/performance_test.go:31 @ 07/03/25 17:25:01.851&#xA;&lt; Exit [BeforeEach] Performance and Stress E2E Tests - /Users/seancorkum/projects/devops-mcp/test/e2e/scenarios/performance_test.go:31 @ 07/03/25 17:25:01.856 (5ms)&#xA;&gt; Enter [It] should handle large message payloads - /Users/seancorkum/projects/devops-mcp/test/e2e/scenarios/performance_test.go:407 @ 07/03/25 17:25:01.856&#xA;[FAILED] Failure recorded during attempt 1:&#xA;Unexpected error:&#xA;    &lt;*fmt.wrapError | 0xc00029e420&gt;: &#xA;    failed to connect: failed to WebSocket dial: expected handshake response status code 101 but got 404&#xA;    {&#xA;        msg: &#34;failed to connect: failed to WebSocket dial: expected handshake response status code 101 but got 404&#34;,&#xA;        err: &lt;*fmt.wrapError | 0xc00029e400&gt;{&#xA;            msg: &#34;failed to WebSocket dial: expected handshake response status code 101 but got 404&#34;,&#xA;            err: &lt;*errors.errorString | 0xc0000f4500&gt;{&#xA;                s: &#34;expected handshake response status code 101 but got 404&#34;,&#xA;            },&#xA;        },&#xA;    }&#xA;occurred&#xA;In [It] at: /Users/seancorkum/projects/devops-mcp/test/e2e/scenarios/performance_test.go:428 @ 07/03/25 17:25:02.186&#xA;&lt; Exit [It] should handle large message payloads - /Users/seancorkum/projects/devops-mcp/test/e2e/scenarios/performance_test.go:407 @ 07/03/25 17:25:02.186 (330ms)&#xA;&gt; Enter [AfterEach] Performance and Stress E2E Tests - /Users/seancorkum/projects/devops-mcp/test/e2e/scenarios/performance_test.go:41 @ 07/03/25 17:25:02.186&#xA;&lt; Exit [AfterEach] Performance and Stress E2E Tests - /Users/seancorkum/projects/devops-mcp/test/e2e/scenarios/performance_test.go:41 @ 07/03/25 17:25:02.188 (1ms)&#xA;&#xA;Attempt #1 Failed.  Retrying â†º @ 07/03/25 17:25:02.188&#xA;&#xA;&gt; Enter [BeforeEach] Performance and Stress E2E Tests - /Users/seancorkum/projects/devops-mcp/test/e2e/scenarios/performance_test.go:31 @ 07/03/25 17:25:02.188&#xA;&lt; Exit [BeforeEach] Performance and Stress E2E Tests - /Users/seancorkum/projects/devops-mcp/test/e2e/scenarios/performance_test.go:31 @ 07/03/25 17:25:02.192 (4ms)&#xA;&gt; Enter [It] should handle large message payloads - /Users/seancorkum/projects/devops-mcp/test/e2e/scenarios/performance_test.go:407 @ 07/03/25 17:25:02.192&#xA;[FAILED] Unexpected error:&#xA;    &lt;*fmt.wrapError | 0xc00007e420&gt;: &#xA;    failed to connect: failed to WebSocket dial: expected handshake response status code 101 but got 404&#xA;    {&#xA;        msg: &#34;failed to connect: failed to WebSocket dial: expected handshake response status code 101 but got 404&#34;,&#xA;        err: &lt;*fmt.wrapError | 0xc00007e400&gt;{&#xA;            msg: &#34;failed to WebSocket dial: expected handshake response status code 101 but got 404&#34;,&#xA;            err: &lt;*errors.errorString | 0xc000204000&gt;{&#xA;                s: &#34;expected handshake response status code 101 but got 404&#34;,&#xA;            },&#xA;        },&#xA;    }&#xA;occurred&#xA;In [It] at: /Users/seancorkum/projects/devops-mcp/test/e2e/scenarios/performance_test.go:428 @ 07/03/25 17:25:02.244&#xA;&lt; Exit [It] should handle large message payloads - /Users/seancorkum/projects/devops-mcp/test/e2e/scenarios/performance_test.go:407 @ 07/03/25 17:25:02.244 (52ms)&#xA;&gt; Enter [AfterEach] Performance and Stress E2E Tests - /Users/seancorkum/projects/devops-mcp/test/e2e/scenarios/performance_test.go:41 @ 07/03/25 17:25:02.244&#xA;&lt; Exit [AfterEach] Performance and Stress E2E Tests - /Users/seancorkum/projects/devops-mcp/test/e2e/scenarios/performance_test.go:41 @ 07/03/25 17:25:02.247 (3ms)&#xA;</system-err>
          </testcase>
          <testcase name="[It] Performance and Stress E2E Tests Binary Protocol Performance should demonstrate binary protocol efficiency" classname="Multi-Agent Collaboration E2E Test Suite" status="failed" time="0.098667439">
              <failure message="Unexpected error:&#xA;    &lt;*fmt.wrapError | 0xc00007e420&gt;: &#xA;    failed to connect: failed to WebSocket dial: expected handshake response status code 101 but got 404&#xA;    {&#xA;        msg: &#34;failed to connect: failed to WebSocket dial: expected handshake response status code 101 but got 404&#34;,&#xA;        err: &lt;*fmt.wrapError | 0xc00007e400&gt;{&#xA;            msg: &#34;failed to WebSocket dial: expected handshake response status code 101 but got 404&#34;,&#xA;            err: &lt;*errors.errorString | 0xc000560010&gt;{&#xA;                s: &#34;expected handshake response status code 101 but got 404&#34;,&#xA;            },&#xA;        },&#xA;    }&#xA;occurred" type="failed">[FAILED] Unexpected error:&#xA;    &lt;*fmt.wrapError | 0xc00007e420&gt;: &#xA;    failed to connect: failed to WebSocket dial: expected handshake response status code 101 but got 404&#xA;    {&#xA;        msg: &#34;failed to connect: failed to WebSocket dial: expected handshake response status code 101 but got 404&#34;,&#xA;        err: &lt;*fmt.wrapError | 0xc00007e400&gt;{&#xA;            msg: &#34;failed to WebSocket dial: expected handshake response status code 101 but got 404&#34;,&#xA;            err: &lt;*errors.errorString | 0xc000560010&gt;{&#xA;                s: &#34;expected handshake response status code 101 but got 404&#34;,&#xA;            },&#xA;        },&#xA;    }&#xA;occurred&#xA;In [It] at: /Users/seancorkum/projects/devops-mcp/test/e2e/scenarios/performance_test.go:650 @ 07/03/25 17:25:02.345&#xA;&#xA;There were additional failures detected after the initial failure. These are visible in the timeline&#xA;</failure>
              <system-err>&gt; Enter [BeforeEach] Performance and Stress E2E Tests - /Users/seancorkum/projects/devops-mcp/test/e2e/scenarios/performance_test.go:31 @ 07/03/25 17:25:02.248&#xA;&lt; Exit [BeforeEach] Performance and Stress E2E Tests - /Users/seancorkum/projects/devops-mcp/test/e2e/scenarios/performance_test.go:31 @ 07/03/25 17:25:02.253 (4ms)&#xA;&gt; Enter [It] should demonstrate binary protocol efficiency - /Users/seancorkum/projects/devops-mcp/test/e2e/scenarios/performance_test.go:620 @ 07/03/25 17:25:02.253&#xA;[FAILED] Failure recorded during attempt 1:&#xA;Unexpected error:&#xA;    &lt;*fmt.wrapError | 0xc00029e0a0&gt;: &#xA;    failed to connect: failed to WebSocket dial: expected handshake response status code 101 but got 404&#xA;    {&#xA;        msg: &#34;failed to connect: failed to WebSocket dial: expected handshake response status code 101 but got 404&#34;,&#xA;        err: &lt;*fmt.wrapError | 0xc00029e080&gt;{&#xA;            msg: &#34;failed to WebSocket dial: expected handshake response status code 101 but got 404&#34;,&#xA;            err: &lt;*errors.errorString | 0xc000560010&gt;{&#xA;                s: &#34;expected handshake response status code 101 but got 404&#34;,&#xA;            },&#xA;        },&#xA;    }&#xA;occurred&#xA;In [It] at: /Users/seancorkum/projects/devops-mcp/test/e2e/scenarios/performance_test.go:650 @ 07/03/25 17:25:02.299&#xA;&lt; Exit [It] should demonstrate binary protocol efficiency - /Users/seancorkum/projects/devops-mcp/test/e2e/scenarios/performance_test.go:620 @ 07/03/25 17:25:02.299 (46ms)&#xA;&gt; Enter [AfterEach] Performance and Stress E2E Tests - /Users/seancorkum/projects/devops-mcp/test/e2e/scenarios/performance_test.go:41 @ 07/03/25 17:25:02.299&#xA;&lt; Exit [AfterEach] Performance and Stress E2E Tests - /Users/seancorkum/projects/devops-mcp/test/e2e/scenarios/performance_test.go:41 @ 07/03/25 17:25:02.301 (2ms)&#xA;&#xA;Attempt #1 Failed.  Retrying â†º @ 07/03/25 17:25:02.301&#xA;&#xA;&gt; Enter [BeforeEach] Performance and Stress E2E Tests - /Users/seancorkum/projects/devops-mcp/test/e2e/scenarios/performance_test.go:31 @ 07/03/25 17:25:02.302&#xA;&lt; Exit [BeforeEach] Performance and Stress E2E Tests - /Users/seancorkum/projects/devops-mcp/test/e2e/scenarios/performance_test.go:31 @ 07/03/25 17:25:02.305 (3ms)&#xA;&gt; Enter [It] should demonstrate binary protocol efficiency - /Users/seancorkum/projects/devops-mcp/test/e2e/scenarios/performance_test.go:620 @ 07/03/25 17:25:02.305&#xA;[FAILED] Unexpected error:&#xA;    &lt;*fmt.wrapError | 0xc00007e420&gt;: &#xA;    failed to connect: failed to WebSocket dial: expected handshake response status code 101 but got 404&#xA;    {&#xA;        msg: &#34;failed to connect: failed to WebSocket dial: expected handshake response status code 101 but got 404&#34;,&#xA;        err: &lt;*fmt.wrapError | 0xc00007e400&gt;{&#xA;            msg: &#34;failed to WebSocket dial: expected handshake response status code 101 but got 404&#34;,&#xA;            err: &lt;*errors.errorString | 0xc000560010&gt;{&#xA;                s: &#34;expected handshake response status code 101 but got 404&#34;,&#xA;            },&#xA;        },&#xA;    }&#xA;occurred&#xA;In [It] at: /Users/seancorkum/projects/devops-mcp/test/e2e/scenarios/performance_test.go:650 @ 07/03/25 17:25:02.345&#xA;&lt; Exit [It] should demonstrate binary protocol efficiency - /Users/seancorkum/projects/devops-mcp/test/e2e/scenarios/performance_test.go:620 @ 07/03/25 17:25:02.345 (40ms)&#xA;&gt; Enter [AfterEach] Performance and Stress E2E Tests - /Users/seancorkum/projects/devops-mcp/test/e2e/scenarios/performance_test.go:41 @ 07/03/25 17:25:02.345&#xA;&lt; Exit [AfterEach] Performance and Stress E2E Tests - /Users/seancorkum/projects/devops-mcp/test/e2e/scenarios/performance_test.go:41 @ 07/03/25 17:25:02.347 (2ms)&#xA;</system-err>
          </testcase>
          <testcase name="[It] Single Agent E2E Tests Tool Discovery and Execution should discover available tools" classname="Multi-Agent Collaboration E2E Test Suite" status="failed" time="0.143257942">
              <failure message="Unexpected error:&#xA;    &lt;*fmt.wrapError | 0xc0003220c0&gt;: &#xA;    failed to connect: failed to WebSocket dial: expected handshake response status code 101 but got 404&#xA;    {&#xA;        msg: &#34;failed to connect: failed to WebSocket dial: expected handshake response status code 101 but got 404&#34;,&#xA;        err: &lt;*fmt.wrapError | 0xc0003220a0&gt;{&#xA;            msg: &#34;failed to WebSocket dial: expected handshake response status code 101 but got 404&#34;,&#xA;            err: &lt;*errors.errorString | 0xc000192000&gt;{&#xA;                s: &#34;expected handshake response status code 101 but got 404&#34;,&#xA;            },&#xA;        },&#xA;    }&#xA;occurred" type="failed">[FAILED] Unexpected error:&#xA;    &lt;*fmt.wrapError | 0xc0003220c0&gt;: &#xA;    failed to connect: failed to WebSocket dial: expected handshake response status code 101 but got 404&#xA;    {&#xA;        msg: &#34;failed to connect: failed to WebSocket dial: expected handshake response status code 101 but got 404&#34;,&#xA;        err: &lt;*fmt.wrapError | 0xc0003220a0&gt;{&#xA;            msg: &#34;failed to WebSocket dial: expected handshake response status code 101 but got 404&#34;,&#xA;            err: &lt;*errors.errorString | 0xc000192000&gt;{&#xA;                s: &#34;expected handshake response status code 101 but got 404&#34;,&#xA;            },&#xA;        },&#xA;    }&#xA;occurred&#xA;In [It] at: /Users/seancorkum/projects/devops-mcp/test/e2e/scenarios/single_agent_test.go:183 @ 07/03/25 17:25:02.486&#xA;&#xA;There were additional failures detected after the initial failure. These are visible in the timeline&#xA;</failure>
              <system-err>&gt; Enter [BeforeEach] Single Agent E2E Tests - /Users/seancorkum/projects/devops-mcp/test/e2e/scenarios/single_agent_test.go:30 @ 07/03/25 17:25:02.348&#xA;&lt; Exit [BeforeEach] Single Agent E2E Tests - /Users/seancorkum/projects/devops-mcp/test/e2e/scenarios/single_agent_test.go:30 @ 07/03/25 17:25:02.35 (2ms)&#xA;&gt; Enter [It] should discover available tools - /Users/seancorkum/projects/devops-mcp/test/e2e/scenarios/single_agent_test.go:163 @ 07/03/25 17:25:02.35&#xA;[FAILED] Failure recorded during attempt 1:&#xA;Unexpected error:&#xA;    &lt;*fmt.wrapError | 0xc00007e400&gt;: &#xA;    failed to connect: failed to WebSocket dial: expected handshake response status code 101 but got 404&#xA;    {&#xA;        msg: &#34;failed to connect: failed to WebSocket dial: expected handshake response status code 101 but got 404&#34;,&#xA;        err: &lt;*fmt.wrapError | 0xc00007e280&gt;{&#xA;            msg: &#34;failed to WebSocket dial: expected handshake response status code 101 but got 404&#34;,&#xA;            err: &lt;*errors.errorString | 0xc000538020&gt;{&#xA;                s: &#34;expected handshake response status code 101 but got 404&#34;,&#xA;            },&#xA;        },&#xA;    }&#xA;occurred&#xA;In [It] at: /Users/seancorkum/projects/devops-mcp/test/e2e/scenarios/single_agent_test.go:183 @ 07/03/25 17:25:02.433&#xA;&lt; Exit [It] should discover available tools - /Users/seancorkum/projects/devops-mcp/test/e2e/scenarios/single_agent_test.go:163 @ 07/03/25 17:25:02.433 (83ms)&#xA;&gt; Enter [AfterEach] Single Agent E2E Tests - /Users/seancorkum/projects/devops-mcp/test/e2e/scenarios/single_agent_test.go:40 @ 07/03/25 17:25:02.433&#xA;&lt; Exit [AfterEach] Single Agent E2E Tests - /Users/seancorkum/projects/devops-mcp/test/e2e/scenarios/single_agent_test.go:40 @ 07/03/25 17:25:02.436 (2ms)&#xA;&#xA;Attempt #1 Failed.  Retrying â†º @ 07/03/25 17:25:02.436&#xA;&#xA;&gt; Enter [BeforeEach] Single Agent E2E Tests - /Users/seancorkum/projects/devops-mcp/test/e2e/scenarios/single_agent_test.go:30 @ 07/03/25 17:25:02.436&#xA;&lt; Exit [BeforeEach] Single Agent E2E Tests - /Users/seancorkum/projects/devops-mcp/test/e2e/scenarios/single_agent_test.go:30 @ 07/03/25 17:25:02.439 (3ms)&#xA;&gt; Enter [It] should discover available tools - /Users/seancorkum/projects/devops-mcp/test/e2e/scenarios/single_agent_test.go:163 @ 07/03/25 17:25:02.439&#xA;[FAILED] Unexpected error:&#xA;    &lt;*fmt.wrapError | 0xc0003220c0&gt;: &#xA;    failed to connect: failed to WebSocket dial: expected handshake response status code 101 but got 404&#xA;    {&#xA;        msg: &#34;failed to connect: failed to WebSocket dial: expected handshake response status code 101 but got 404&#34;,&#xA;        err: &lt;*fmt.wrapError | 0xc0003220a0&gt;{&#xA;            msg: &#34;failed to WebSocket dial: expected handshake response status code 101 but got 404&#34;,&#xA;            err: &lt;*errors.errorString | 0xc000192000&gt;{&#xA;                s: &#34;expected handshake response status code 101 but got 404&#34;,&#xA;            },&#xA;        },&#xA;    }&#xA;occurred&#xA;In [It] at: /Users/seancorkum/projects/devops-mcp/test/e2e/scenarios/single_agent_test.go:183 @ 07/03/25 17:25:02.486&#xA;&lt; Exit [It] should discover available tools - /Users/seancorkum/projects/devops-mcp/test/e2e/scenarios/single_agent_test.go:163 @ 07/03/25 17:25:02.486 (47ms)&#xA;&gt; Enter [AfterEach] Single Agent E2E Tests - /Users/seancorkum/projects/devops-mcp/test/e2e/scenarios/single_agent_test.go:40 @ 07/03/25 17:25:02.486&#xA;&lt; Exit [AfterEach] Single Agent E2E Tests - /Users/seancorkum/projects/devops-mcp/test/e2e/scenarios/single_agent_test.go:40 @ 07/03/25 17:25:02.491 (5ms)&#xA;</system-err>
          </testcase>
          <testcase name="[It] Single Agent E2E Tests Error Handling should handle invalid method calls" classname="Multi-Agent Collaboration E2E Test Suite" status="failed" time="0.095524192">
              <failure message="Unexpected error:&#xA;    &lt;*fmt.wrapError | 0xc00007e400&gt;: &#xA;    failed to connect: failed to WebSocket dial: expected handshake response status code 101 but got 404&#xA;    {&#xA;        msg: &#34;failed to connect: failed to WebSocket dial: expected handshake response status code 101 but got 404&#34;,&#xA;        err: &lt;*fmt.wrapError | 0xc00007e280&gt;{&#xA;            msg: &#34;failed to WebSocket dial: expected handshake response status code 101 but got 404&#34;,&#xA;            err: &lt;*errors.errorString | 0xc0000ae030&gt;{&#xA;                s: &#34;expected handshake response status code 101 but got 404&#34;,&#xA;            },&#xA;        },&#xA;    }&#xA;occurred" type="failed">[FAILED] Unexpected error:&#xA;    &lt;*fmt.wrapError | 0xc00007e400&gt;: &#xA;    failed to connect: failed to WebSocket dial: expected handshake response status code 101 but got 404&#xA;    {&#xA;        msg: &#34;failed to connect: failed to WebSocket dial: expected handshake response status code 101 but got 404&#34;,&#xA;        err: &lt;*fmt.wrapError | 0xc00007e280&gt;{&#xA;            msg: &#34;failed to WebSocket dial: expected handshake response status code 101 but got 404&#34;,&#xA;            err: &lt;*errors.errorString | 0xc0000ae030&gt;{&#xA;                s: &#34;expected handshake response status code 101 but got 404&#34;,&#xA;            },&#xA;        },&#xA;    }&#xA;occurred&#xA;In [It] at: /Users/seancorkum/projects/devops-mcp/test/e2e/scenarios/single_agent_test.go:448 @ 07/03/25 17:25:02.585&#xA;&#xA;There were additional failures detected after the initial failure. These are visible in the timeline&#xA;</failure>
              <system-err>&gt; Enter [BeforeEach] Single Agent E2E Tests - /Users/seancorkum/projects/devops-mcp/test/e2e/scenarios/single_agent_test.go:30 @ 07/03/25 17:25:02.493&#xA;&lt; Exit [BeforeEach] Single Agent E2E Tests - /Users/seancorkum/projects/devops-mcp/test/e2e/scenarios/single_agent_test.go:30 @ 07/03/25 17:25:02.496 (3ms)&#xA;&gt; Enter [It] should handle invalid method calls - /Users/seancorkum/projects/devops-mcp/test/e2e/scenarios/single_agent_test.go:428 @ 07/03/25 17:25:02.496&#xA;[FAILED] Failure recorded during attempt 1:&#xA;Unexpected error:&#xA;    &lt;*fmt.wrapError | 0xc00007e440&gt;: &#xA;    failed to connect: failed to WebSocket dial: expected handshake response status code 101 but got 404&#xA;    {&#xA;        msg: &#34;failed to connect: failed to WebSocket dial: expected handshake response status code 101 but got 404&#34;,&#xA;        err: &lt;*fmt.wrapError | 0xc00007e400&gt;{&#xA;            msg: &#34;failed to WebSocket dial: expected handshake response status code 101 but got 404&#34;,&#xA;            err: &lt;*errors.errorString | 0xc000204000&gt;{&#xA;                s: &#34;expected handshake response status code 101 but got 404&#34;,&#xA;            },&#xA;        },&#xA;    }&#xA;occurred&#xA;In [It] at: /Users/seancorkum/projects/devops-mcp/test/e2e/scenarios/single_agent_test.go:448 @ 07/03/25 17:25:02.537&#xA;&lt; Exit [It] should handle invalid method calls - /Users/seancorkum/projects/devops-mcp/test/e2e/scenarios/single_agent_test.go:428 @ 07/03/25 17:25:02.537 (41ms)&#xA;&gt; Enter [AfterEach] Single Agent E2E Tests - /Users/seancorkum/projects/devops-mcp/test/e2e/scenarios/single_agent_test.go:40 @ 07/03/25 17:25:02.537&#xA;&lt; Exit [AfterEach] Single Agent E2E Tests - /Users/seancorkum/projects/devops-mcp/test/e2e/scenarios/single_agent_test.go:40 @ 07/03/25 17:25:02.539 (2ms)&#xA;&#xA;Attempt #1 Failed.  Retrying â†º @ 07/03/25 17:25:02.539&#xA;&#xA;&gt; Enter [BeforeEach] Single Agent E2E Tests - /Users/seancorkum/projects/devops-mcp/test/e2e/scenarios/single_agent_test.go:30 @ 07/03/25 17:25:02.539&#xA;&lt; Exit [BeforeEach] Single Agent E2E Tests - /Users/seancorkum/projects/devops-mcp/test/e2e/scenarios/single_agent_test.go:30 @ 07/03/25 17:25:02.542 (3ms)&#xA;&gt; Enter [It] should handle invalid method calls - /Users/seancorkum/projects/devops-mcp/test/e2e/scenarios/single_agent_test.go:428 @ 07/03/25 17:25:02.542&#xA;[FAILED] Unexpected error:&#xA;    &lt;*fmt.wrapError | 0xc00007e400&gt;: &#xA;    failed to connect: failed to WebSocket dial: expected handshake response status code 101 but got 404&#xA;    {&#xA;        msg: &#34;failed to connect: failed to WebSocket dial: expected handshake response status code 101 but got 404&#34;,&#xA;        err: &lt;*fmt.wrapError | 0xc00007e280&gt;{&#xA;            msg: &#34;failed to WebSocket dial: expected handshake response status code 101 but got 404&#34;,&#xA;            err: &lt;*errors.errorString | 0xc0000ae030&gt;{&#xA;                s: &#34;expected handshake response status code 101 but got 404&#34;,&#xA;            },&#xA;        },&#xA;    }&#xA;occurred&#xA;In [It] at: /Users/seancorkum/projects/devops-mcp/test/e2e/scenarios/single_agent_test.go:448 @ 07/03/25 17:25:02.585&#xA;&lt; Exit [It] should handle invalid method calls - /Users/seancorkum/projects/devops-mcp/test/e2e/scenarios/single_agent_test.go:428 @ 07/03/25 17:25:02.585 (43ms)&#xA;&gt; Enter [AfterEach] Single Agent E2E Tests - /Users/seancorkum/projects/devops-mcp/test/e2e/scenarios/single_agent_test.go:40 @ 07/03/25 17:25:02.586&#xA;&lt; Exit [AfterEach] Single Agent E2E Tests - /Users/seancorkum/projects/devops-mcp/test/e2e/scenarios/single_agent_test.go:40 @ 07/03/25 17:25:02.588 (2ms)&#xA;</system-err>
          </testcase>
          <testcase name="[It] Multi-Agent Collaboration E2E Tests Parallel Task Execution should execute tasks in parallel across multiple agents" classname="Multi-Agent Collaboration E2E Test Suite" status="failed" time="0.131575519">
              <failure message="Unexpected error:&#xA;    &lt;*fmt.wrapError | 0xc000322040&gt;: &#xA;    failed to connect: failed to WebSocket dial: expected handshake response status code 101 but got 404&#xA;    {&#xA;        msg: &#34;failed to connect: failed to WebSocket dial: expected handshake response status code 101 but got 404&#34;,&#xA;        err: &lt;*fmt.wrapError | 0xc000322020&gt;{&#xA;            msg: &#34;failed to WebSocket dial: expected handshake response status code 101 but got 404&#34;,&#xA;            err: &lt;*errors.errorString | 0xc000038020&gt;{&#xA;                s: &#34;expected handshake response status code 101 but got 404&#34;,&#xA;            },&#xA;        },&#xA;    }&#xA;occurred" type="failed">[FAILED] Unexpected error:&#xA;    &lt;*fmt.wrapError | 0xc000322040&gt;: &#xA;    failed to connect: failed to WebSocket dial: expected handshake response status code 101 but got 404&#xA;    {&#xA;        msg: &#34;failed to connect: failed to WebSocket dial: expected handshake response status code 101 but got 404&#34;,&#xA;        err: &lt;*fmt.wrapError | 0xc000322020&gt;{&#xA;            msg: &#34;failed to WebSocket dial: expected handshake response status code 101 but got 404&#34;,&#xA;            err: &lt;*errors.errorString | 0xc000038020&gt;{&#xA;                s: &#34;expected handshake response status code 101 but got 404&#34;,&#xA;            },&#xA;        },&#xA;    }&#xA;occurred&#xA;In [It] at: /Users/seancorkum/projects/devops-mcp/test/e2e/scenarios/multi_agent_test.go:278 @ 07/03/25 17:25:02.718&#xA;&#xA;There were additional failures detected after the initial failure. These are visible in the timeline&#xA;</failure>
              <system-err>&gt; Enter [BeforeEach] Multi-Agent Collaboration E2E Tests - /Users/seancorkum/projects/devops-mcp/test/e2e/scenarios/multi_agent_test.go:28 @ 07/03/25 17:25:02.589&#xA;&lt; Exit [BeforeEach] Multi-Agent Collaboration E2E Tests - /Users/seancorkum/projects/devops-mcp/test/e2e/scenarios/multi_agent_test.go:28 @ 07/03/25 17:25:02.591 (2ms)&#xA;&gt; Enter [It] should execute tasks in parallel across multiple agents - /Users/seancorkum/projects/devops-mcp/test/e2e/scenarios/multi_agent_test.go:254 @ 07/03/25 17:25:02.591&#xA;[FAILED] Failure recorded during attempt 1:&#xA;Unexpected error:&#xA;    &lt;*fmt.wrapError | 0xc00007e4a0&gt;: &#xA;    failed to connect: failed to WebSocket dial: expected handshake response status code 101 but got 404&#xA;    {&#xA;        msg: &#34;failed to connect: failed to WebSocket dial: expected handshake response status code 101 but got 404&#34;,&#xA;        err: &lt;*fmt.wrapError | 0xc00007e460&gt;{&#xA;            msg: &#34;failed to WebSocket dial: expected handshake response status code 101 but got 404&#34;,&#xA;            err: &lt;*errors.errorString | 0xc000142180&gt;{&#xA;                s: &#34;expected handshake response status code 101 but got 404&#34;,&#xA;            },&#xA;        },&#xA;    }&#xA;occurred&#xA;In [It] at: /Users/seancorkum/projects/devops-mcp/test/e2e/scenarios/multi_agent_test.go:278 @ 07/03/25 17:25:02.656&#xA;&lt; Exit [It] should execute tasks in parallel across multiple agents - /Users/seancorkum/projects/devops-mcp/test/e2e/scenarios/multi_agent_test.go:254 @ 07/03/25 17:25:02.657 (65ms)&#xA;&gt; Enter [AfterEach] Multi-Agent Collaboration E2E Tests - /Users/seancorkum/projects/devops-mcp/test/e2e/scenarios/multi_agent_test.go:38 @ 07/03/25 17:25:02.657&#xA;&lt; Exit [AfterEach] Multi-Agent Collaboration E2E Tests - /Users/seancorkum/projects/devops-mcp/test/e2e/scenarios/multi_agent_test.go:38 @ 07/03/25 17:25:02.659 (3ms)&#xA;&#xA;Attempt #1 Failed.  Retrying â†º @ 07/03/25 17:25:02.659&#xA;&#xA;&gt; Enter [BeforeEach] Multi-Agent Collaboration E2E Tests - /Users/seancorkum/projects/devops-mcp/test/e2e/scenarios/multi_agent_test.go:28 @ 07/03/25 17:25:02.66&#xA;&lt; Exit [BeforeEach] Multi-Agent Collaboration E2E Tests - /Users/seancorkum/projects/devops-mcp/test/e2e/scenarios/multi_agent_test.go:28 @ 07/03/25 17:25:02.663 (4ms)&#xA;&gt; Enter [It] should execute tasks in parallel across multiple agents - /Users/seancorkum/projects/devops-mcp/test/e2e/scenarios/multi_agent_test.go:254 @ 07/03/25 17:25:02.664&#xA;[FAILED] Unexpected error:&#xA;    &lt;*fmt.wrapError | 0xc000322040&gt;: &#xA;    failed to connect: failed to WebSocket dial: expected handshake response status code 101 but got 404&#xA;    {&#xA;        msg: &#34;failed to connect: failed to WebSocket dial: expected handshake response status code 101 but got 404&#34;,&#xA;        err: &lt;*fmt.wrapError | 0xc000322020&gt;{&#xA;            msg: &#34;failed to WebSocket dial: expected handshake response status code 101 but got 404&#34;,&#xA;            err: &lt;*errors.errorString | 0xc000038020&gt;{&#xA;                s: &#34;expected handshake response status code 101 but got 404&#34;,&#xA;            },&#xA;        },&#xA;    }&#xA;occurred&#xA;In [It] at: /Users/seancorkum/projects/devops-mcp/test/e2e/scenarios/multi_agent_test.go:278 @ 07/03/25 17:25:02.718&#xA;&lt; Exit [It] should execute tasks in parallel across multiple agents - /Users/seancorkum/projects/devops-mcp/test/e2e/scenarios/multi_agent_test.go:254 @ 07/03/25 17:25:02.718 (54ms)&#xA;&gt; Enter [AfterEach] Multi-Agent Collaboration E2E Tests - /Users/seancorkum/projects/devops-mcp/test/e2e/scenarios/multi_agent_test.go:38 @ 07/03/25 17:25:02.718&#xA;&lt; Exit [AfterEach] Multi-Agent Collaboration E2E Tests - /Users/seancorkum/projects/devops-mcp/test/e2e/scenarios/multi_agent_test.go:38 @ 07/03/25 17:25:02.72 (2ms)&#xA;</system-err>
          </testcase>
          <testcase name="[It] Multi-Agent Collaboration E2E Tests Agent Coordination should coordinate deployment pipeline across agents" classname="Multi-Agent Collaboration E2E Test Suite" status="failed" time="0.098635361">
              <failure message="Unexpected error:&#xA;    &lt;*fmt.wrapError | 0xc00007e440&gt;: &#xA;    failed to connect: failed to WebSocket dial: expected handshake response status code 101 but got 404&#xA;    {&#xA;        msg: &#34;failed to connect: failed to WebSocket dial: expected handshake response status code 101 but got 404&#34;,&#xA;        err: &lt;*fmt.wrapError | 0xc00007e420&gt;{&#xA;            msg: &#34;failed to WebSocket dial: expected handshake response status code 101 but got 404&#34;,&#xA;            err: &lt;*errors.errorString | 0xc0002a4000&gt;{&#xA;                s: &#34;expected handshake response status code 101 but got 404&#34;,&#xA;            },&#xA;        },&#xA;    }&#xA;occurred" type="failed">[FAILED] Unexpected error:&#xA;    &lt;*fmt.wrapError | 0xc00007e440&gt;: &#xA;    failed to connect: failed to WebSocket dial: expected handshake response status code 101 but got 404&#xA;    {&#xA;        msg: &#34;failed to connect: failed to WebSocket dial: expected handshake response status code 101 but got 404&#34;,&#xA;        err: &lt;*fmt.wrapError | 0xc00007e420&gt;{&#xA;            msg: &#34;failed to WebSocket dial: expected handshake response status code 101 but got 404&#34;,&#xA;            err: &lt;*errors.errorString | 0xc0002a4000&gt;{&#xA;                s: &#34;expected handshake response status code 101 but got 404&#34;,&#xA;            },&#xA;        },&#xA;    }&#xA;occurred&#xA;In [It] at: /Users/seancorkum/projects/devops-mcp/test/e2e/scenarios/multi_agent_test.go:582 @ 07/03/25 17:25:02.817&#xA;&#xA;There were additional failures detected after the initial failure. These are visible in the timeline&#xA;</failure>
              <system-err>&gt; Enter [BeforeEach] Multi-Agent Collaboration E2E Tests - /Users/seancorkum/projects/devops-mcp/test/e2e/scenarios/multi_agent_test.go:28 @ 07/03/25 17:25:02.722&#xA;&lt; Exit [BeforeEach] Multi-Agent Collaboration E2E Tests - /Users/seancorkum/projects/devops-mcp/test/e2e/scenarios/multi_agent_test.go:28 @ 07/03/25 17:25:02.725 (3ms)&#xA;&gt; Enter [It] should coordinate deployment pipeline across agents - /Users/seancorkum/projects/devops-mcp/test/e2e/scenarios/multi_agent_test.go:556 @ 07/03/25 17:25:02.725&#xA;[FAILED] Failure recorded during attempt 1:&#xA;Unexpected error:&#xA;    &lt;*fmt.wrapError | 0xc000322100&gt;: &#xA;    failed to connect: failed to WebSocket dial: expected handshake response status code 101 but got 404&#xA;    {&#xA;        msg: &#34;failed to connect: failed to WebSocket dial: expected handshake response status code 101 but got 404&#34;,&#xA;        err: &lt;*fmt.wrapError | 0xc0003220e0&gt;{&#xA;            msg: &#34;failed to WebSocket dial: expected handshake response status code 101 but got 404&#34;,&#xA;            err: &lt;*errors.errorString | 0xc0002d0020&gt;{&#xA;                s: &#34;expected handshake response status code 101 but got 404&#34;,&#xA;            },&#xA;        },&#xA;    }&#xA;occurred&#xA;In [It] at: /Users/seancorkum/projects/devops-mcp/test/e2e/scenarios/multi_agent_test.go:582 @ 07/03/25 17:25:02.767&#xA;&lt; Exit [It] should coordinate deployment pipeline across agents - /Users/seancorkum/projects/devops-mcp/test/e2e/scenarios/multi_agent_test.go:556 @ 07/03/25 17:25:02.767 (42ms)&#xA;&gt; Enter [AfterEach] Multi-Agent Collaboration E2E Tests - /Users/seancorkum/projects/devops-mcp/test/e2e/scenarios/multi_agent_test.go:38 @ 07/03/25 17:25:02.767&#xA;&lt; Exit [AfterEach] Multi-Agent Collaboration E2E Tests - /Users/seancorkum/projects/devops-mcp/test/e2e/scenarios/multi_agent_test.go:38 @ 07/03/25 17:25:02.771 (4ms)&#xA;&#xA;Attempt #1 Failed.  Retrying â†º @ 07/03/25 17:25:02.771&#xA;&#xA;&gt; Enter [BeforeEach] Multi-Agent Collaboration E2E Tests - /Users/seancorkum/projects/devops-mcp/test/e2e/scenarios/multi_agent_test.go:28 @ 07/03/25 17:25:02.771&#xA;&lt; Exit [BeforeEach] Multi-Agent Collaboration E2E Tests - /Users/seancorkum/projects/devops-mcp/test/e2e/scenarios/multi_agent_test.go:28 @ 07/03/25 17:25:02.774 (3ms)&#xA;&gt; Enter [It] should coordinate deployment pipeline across agents - /Users/seancorkum/projects/devops-mcp/test/e2e/scenarios/multi_agent_test.go:556 @ 07/03/25 17:25:02.775&#xA;[FAILED] Unexpected error:&#xA;    &lt;*fmt.wrapError | 0xc00007e440&gt;: &#xA;    failed to connect: failed to WebSocket dial: expected handshake response status code 101 but got 404&#xA;    {&#xA;        msg: &#34;failed to connect: failed to WebSocket dial: expected handshake response status code 101 but got 404&#34;,&#xA;        err: &lt;*fmt.wrapError | 0xc00007e420&gt;{&#xA;            msg: &#34;failed to WebSocket dial: expected handshake response status code 101 but got 404&#34;,&#xA;            err: &lt;*errors.errorString | 0xc0002a4000&gt;{&#xA;                s: &#34;expected handshake response status code 101 but got 404&#34;,&#xA;            },&#xA;        },&#xA;    }&#xA;occurred&#xA;In [It] at: /Users/seancorkum/projects/devops-mcp/test/e2e/scenarios/multi_agent_test.go:582 @ 07/03/25 17:25:02.817&#xA;&lt; Exit [It] should coordinate deployment pipeline across agents - /Users/seancorkum/projects/devops-mcp/test/e2e/scenarios/multi_agent_test.go:556 @ 07/03/25 17:25:02.817 (42ms)&#xA;&gt; Enter [AfterEach] Multi-Agent Collaboration E2E Tests - /Users/seancorkum/projects/devops-mcp/test/e2e/scenarios/multi_agent_test.go:38 @ 07/03/25 17:25:02.817&#xA;&lt; Exit [AfterEach] Multi-Agent Collaboration E2E Tests - /Users/seancorkum/projects/devops-mcp/test/e2e/scenarios/multi_agent_test.go:38 @ 07/03/25 17:25:02.82 (3ms)&#xA;</system-err>
          </testcase>
          <testcase name="[It] Performance and Stress E2E Tests Agent Swarm Tests should handle agent churn" classname="Multi-Agent Collaboration E2E Test Suite" status="failed" time="61.323768037">
              <failure message="Expected&#xA;    &lt;int64&gt;: 0&#xA;to be &gt;&#xA;    &lt;int&gt;: 20" type="failed">[FAILED] Expected&#xA;    &lt;int64&gt;: 0&#xA;to be &gt;&#xA;    &lt;int&gt;: 20&#xA;In [It] at: /Users/seancorkum/projects/devops-mcp/test/e2e/scenarios/performance_test.go:275 @ 07/03/25 17:26:03.173&#xA;&#xA;There were additional failures detected after the initial failure. These are visible in the timeline&#xA;</failure>
              <system-out>[17:25:32] [INFO] performance: Agent Churn Results:&#xA;[17:25:32] [INFO] performance:   Total connections: 0&#xA;[17:25:32] [INFO] performance:   Total disconnections: 0&#xA;[17:25:32] [INFO] performance:   Total errors: 290&#xA;[17:25:32] [INFO] performance:   Error rate: 100.00%&#xA;[17:26:03] [INFO] performance: Agent Churn Results:&#xA;[17:26:03] [INFO] performance:   Total connections: 0&#xA;[17:26:03] [INFO] performance:   Total disconnections: 0&#xA;[17:26:03] [INFO] performance:   Total errors: 290&#xA;[17:26:03] [INFO] performance:   Error rate: 100.00%&#xA;</system-out>
              <system-err>&gt; Enter [BeforeEach] Performance and Stress E2E Tests - /Users/seancorkum/projects/devops-mcp/test/e2e/scenarios/performance_test.go:31 @ 07/03/25 17:25:01.851&#xA;&lt; Exit [BeforeEach] Performance and Stress E2E Tests - /Users/seancorkum/projects/devops-mcp/test/e2e/scenarios/performance_test.go:31 @ 07/03/25 17:25:01.856 (4ms)&#xA;&gt; Enter [It] should handle agent churn - /Users/seancorkum/projects/devops-mcp/test/e2e/scenarios/performance_test.go:179 @ 07/03/25 17:25:01.856&#xA;[FAILED] Failure recorded during attempt 1:&#xA;Expected&#xA;    &lt;int64&gt;: 0&#xA;to be &gt;&#xA;    &lt;int&gt;: 20&#xA;In [It] at: /Users/seancorkum/projects/devops-mcp/test/e2e/scenarios/performance_test.go:275 @ 07/03/25 17:25:32.625&#xA;&lt; Exit [It] should handle agent churn - /Users/seancorkum/projects/devops-mcp/test/e2e/scenarios/performance_test.go:179 @ 07/03/25 17:25:32.625 (30.769s)&#xA;&gt; Enter [AfterEach] Performance and Stress E2E Tests - /Users/seancorkum/projects/devops-mcp/test/e2e/scenarios/performance_test.go:41 @ 07/03/25 17:25:32.626&#xA;&lt; Exit [AfterEach] Performance and Stress E2E Tests - /Users/seancorkum/projects/devops-mcp/test/e2e/scenarios/performance_test.go:41 @ 07/03/25 17:25:32.628 (3ms)&#xA;&#xA;Attempt #1 Failed.  Retrying â†º @ 07/03/25 17:25:32.628&#xA;&#xA;&gt; Enter [BeforeEach] Performance and Stress E2E Tests - /Users/seancorkum/projects/devops-mcp/test/e2e/scenarios/performance_test.go:31 @ 07/03/25 17:25:32.629&#xA;&lt; Exit [BeforeEach] Performance and Stress E2E Tests - /Users/seancorkum/projects/devops-mcp/test/e2e/scenarios/performance_test.go:31 @ 07/03/25 17:25:32.632 (3ms)&#xA;&gt; Enter [It] should handle agent churn - /Users/seancorkum/projects/devops-mcp/test/e2e/scenarios/performance_test.go:179 @ 07/03/25 17:25:32.632&#xA;[FAILED] Expected&#xA;    &lt;int64&gt;: 0&#xA;to be &gt;&#xA;    &lt;int&gt;: 20&#xA;In [It] at: /Users/seancorkum/projects/devops-mcp/test/e2e/scenarios/performance_test.go:275 @ 07/03/25 17:26:03.173&#xA;&lt; Exit [It] should handle agent churn - /Users/seancorkum/projects/devops-mcp/test/e2e/scenarios/performance_test.go:179 @ 07/03/25 17:26:03.173 (30.54s)&#xA;&gt; Enter [AfterEach] Performance and Stress E2E Tests - /Users/seancorkum/projects/devops-mcp/test/e2e/scenarios/performance_test.go:41 @ 07/03/25 17:26:03.173&#xA;&lt; Exit [AfterEach] Performance and Stress E2E Tests - /Users/seancorkum/projects/devops-mcp/test/e2e/scenarios/performance_test.go:41 @ 07/03/25 17:26:03.175 (2ms)&#xA;</system-err>
          </testcase>
      </testsuite>
  </testsuites>