<?xml version="1.0" encoding="UTF-8"?>
  <testsuites tests="31" disabled="0" errors="0" failures="25" time="61.14308">
      <testsuite name="DevOps MCP E2E Test Suite" package="/Users/seancorkum/projects/devops-mcp/test/e2e" tests="0" disabled="0" skipped="0" errors="0" failures="0" time="0.003141" timestamp="2025-07-22T12:21:08">
          <properties>
              <property name="SuiteSucceeded" value="true"></property>
              <property name="SuiteHasProgrammaticFocus" value="false"></property>
              <property name="SpecialSuiteFailureReason" value=""></property>
              <property name="SuiteLabels" value="[]"></property>
              <property name="RandomSeed" value="1753204866"></property>
              <property name="RandomizeAllSpecs" value="false"></property>
              <property name="LabelFilter" value=""></property>
              <property name="FocusStrings" value=""></property>
              <property name="SkipStrings" value=""></property>
              <property name="FocusFiles" value=""></property>
              <property name="SkipFiles" value=""></property>
              <property name="FailOnPending" value="false"></property>
              <property name="FailOnEmpty" value="false"></property>
              <property name="FailFast" value="false"></property>
              <property name="FlakeAttempts" value="2"></property>
              <property name="DryRun" value="false"></property>
              <property name="ParallelTotal" value="5"></property>
              <property name="OutputInterceptorMode" value=""></property>
          </properties>
      </testsuite>
      <testsuite name="E2E Scenarios Suite" package="/Users/seancorkum/projects/devops-mcp/test/e2e/scenarios" tests="31" disabled="0" skipped="0" errors="0" failures="25" time="61.139939" timestamp="2025-07-22T12:21:12">
          <properties>
              <property name="SuiteSucceeded" value="false"></property>
              <property name="SuiteHasProgrammaticFocus" value="false"></property>
              <property name="SpecialSuiteFailureReason" value=""></property>
              <property name="SuiteLabels" value="[]"></property>
              <property name="RandomSeed" value="1753204866"></property>
              <property name="RandomizeAllSpecs" value="false"></property>
              <property name="LabelFilter" value=""></property>
              <property name="FocusStrings" value=""></property>
              <property name="SkipStrings" value=""></property>
              <property name="FocusFiles" value=""></property>
              <property name="SkipFiles" value=""></property>
              <property name="FailOnPending" value="false"></property>
              <property name="FailOnEmpty" value="false"></property>
              <property name="FailFast" value="false"></property>
              <property name="FlakeAttempts" value="2"></property>
              <property name="DryRun" value="false"></property>
              <property name="ParallelTotal" value="5"></property>
              <property name="OutputInterceptorMode" value=""></property>
          </properties>
          <testcase name="[It] Performance and Stress E2E Tests Message Throughput Tests should handle high message throughput" classname="E2E Scenarios Suite" status="failed" time="0.40966644">
              <failure message="Unexpected error:&#xA;    &lt;*fmt.wrapError | 0xc000702920&gt;: &#xA;    failed to connect: failed to WebSocket dial: expected handshake response status code 101 but got 401&#xA;    {&#xA;        msg: &#34;failed to connect: failed to WebSocket dial: expected handshake response status code 101 but got 401&#34;,&#xA;        err: &lt;*fmt.wrapError | 0xc000702900&gt;{&#xA;            msg: &#34;failed to WebSocket dial: expected handshake response status code 101 but got 401&#34;,&#xA;            err: &lt;*errors.errorString | 0xc000342b30&gt;{&#xA;                s: &#34;expected handshake response status code 101 but got 401&#34;,&#xA;            },&#xA;        },&#xA;    }&#xA;occurred" type="failed">[FAILED] Unexpected error:&#xA;    &lt;*fmt.wrapError | 0xc000702920&gt;: &#xA;    failed to connect: failed to WebSocket dial: expected handshake response status code 101 but got 401&#xA;    {&#xA;        msg: &#34;failed to connect: failed to WebSocket dial: expected handshake response status code 101 but got 401&#34;,&#xA;        err: &lt;*fmt.wrapError | 0xc000702900&gt;{&#xA;            msg: &#34;failed to WebSocket dial: expected handshake response status code 101 but got 401&#34;,&#xA;            err: &lt;*errors.errorString | 0xc000342b30&gt;{&#xA;                s: &#34;expected handshake response status code 101 but got 401&#34;,&#xA;            },&#xA;        },&#xA;    }&#xA;occurred&#xA;In [It] at: /Users/seancorkum/projects/devops-mcp/test/e2e/scenarios/performance_test.go:311 @ 07/22/25 12:21:12.485&#xA;&#xA;There were additional failures detected after the initial failure. These are visible in the timeline&#xA;</failure>
              <system-err>&gt; Enter [BeforeEach] Performance and Stress E2E Tests - /Users/seancorkum/projects/devops-mcp/test/e2e/scenarios/performance_test.go:31 @ 07/22/25 12:21:12.078&#xA;&lt; Exit [BeforeEach] Performance and Stress E2E Tests - /Users/seancorkum/projects/devops-mcp/test/e2e/scenarios/performance_test.go:31 @ 07/22/25 12:21:12.078 (0s)&#xA;&gt; Enter [It] should handle high message throughput - /Users/seancorkum/projects/devops-mcp/test/e2e/scenarios/performance_test.go:289 @ 07/22/25 12:21:12.078&#xA;[FAILED] Failure recorded during attempt 1:&#xA;Unexpected error:&#xA;    &lt;*fmt.wrapError | 0xc0007021e0&gt;: &#xA;    failed to connect: failed to WebSocket dial: expected handshake response status code 101 but got 401&#xA;    {&#xA;        msg: &#34;failed to connect: failed to WebSocket dial: expected handshake response status code 101 but got 401&#34;,&#xA;        err: &lt;*fmt.wrapError | 0xc0007021c0&gt;{&#xA;            msg: &#34;failed to WebSocket dial: expected handshake response status code 101 but got 401&#34;,&#xA;            err: &lt;*errors.errorString | 0xc000342180&gt;{&#xA;                s: &#34;expected handshake response status code 101 but got 401&#34;,&#xA;            },&#xA;        },&#xA;    }&#xA;occurred&#xA;In [It] at: /Users/seancorkum/projects/devops-mcp/test/e2e/scenarios/performance_test.go:311 @ 07/22/25 12:21:12.428&#xA;&lt; Exit [It] should handle high message throughput - /Users/seancorkum/projects/devops-mcp/test/e2e/scenarios/performance_test.go:289 @ 07/22/25 12:21:12.428 (350ms)&#xA;&gt; Enter [AfterEach] Performance and Stress E2E Tests - /Users/seancorkum/projects/devops-mcp/test/e2e/scenarios/performance_test.go:41 @ 07/22/25 12:21:12.428&#xA;&lt; Exit [AfterEach] Performance and Stress E2E Tests - /Users/seancorkum/projects/devops-mcp/test/e2e/scenarios/performance_test.go:41 @ 07/22/25 12:21:12.43 (2ms)&#xA;&#xA;Attempt #1 Failed.  Retrying â†º @ 07/22/25 12:21:12.43&#xA;&#xA;&gt; Enter [BeforeEach] Performance and Stress E2E Tests - /Users/seancorkum/projects/devops-mcp/test/e2e/scenarios/performance_test.go:31 @ 07/22/25 12:21:12.431&#xA;&lt; Exit [BeforeEach] Performance and Stress E2E Tests - /Users/seancorkum/projects/devops-mcp/test/e2e/scenarios/performance_test.go:31 @ 07/22/25 12:21:12.431 (0s)&#xA;&gt; Enter [It] should handle high message throughput - /Users/seancorkum/projects/devops-mcp/test/e2e/scenarios/performance_test.go:289 @ 07/22/25 12:21:12.431&#xA;[FAILED] Unexpected error:&#xA;    &lt;*fmt.wrapError | 0xc000702920&gt;: &#xA;    failed to connect: failed to WebSocket dial: expected handshake response status code 101 but got 401&#xA;    {&#xA;        msg: &#34;failed to connect: failed to WebSocket dial: expected handshake response status code 101 but got 401&#34;,&#xA;        err: &lt;*fmt.wrapError | 0xc000702900&gt;{&#xA;            msg: &#34;failed to WebSocket dial: expected handshake response status code 101 but got 401&#34;,&#xA;            err: &lt;*errors.errorString | 0xc000342b30&gt;{&#xA;                s: &#34;expected handshake response status code 101 but got 401&#34;,&#xA;            },&#xA;        },&#xA;    }&#xA;occurred&#xA;In [It] at: /Users/seancorkum/projects/devops-mcp/test/e2e/scenarios/performance_test.go:311 @ 07/22/25 12:21:12.485&#xA;&lt; Exit [It] should handle high message throughput - /Users/seancorkum/projects/devops-mcp/test/e2e/scenarios/performance_test.go:289 @ 07/22/25 12:21:12.485 (54ms)&#xA;&gt; Enter [AfterEach] Performance and Stress E2E Tests - /Users/seancorkum/projects/devops-mcp/test/e2e/scenarios/performance_test.go:41 @ 07/22/25 12:21:12.485&#xA;&lt; Exit [AfterEach] Performance and Stress E2E Tests - /Users/seancorkum/projects/devops-mcp/test/e2e/scenarios/performance_test.go:41 @ 07/22/25 12:21:12.487 (2ms)&#xA;</system-err>
          </testcase>
          <testcase name="[It] Multi-Agent Collaboration E2E Tests Code Review Workflow should coordinate code review between multiple agents" classname="E2E Scenarios Suite" status="failed" time="0.110982824">
              <failure message="Unexpected error:&#xA;    &lt;*fmt.wrapError | 0xc0002662e0&gt;: &#xA;    failed to connect: failed to WebSocket dial: expected handshake response status code 101 but got 401&#xA;    {&#xA;        msg: &#34;failed to connect: failed to WebSocket dial: expected handshake response status code 101 but got 401&#34;,&#xA;        err: &lt;*fmt.wrapError | 0xc0002662c0&gt;{&#xA;            msg: &#34;failed to WebSocket dial: expected handshake response status code 101 but got 401&#34;,&#xA;            err: &lt;*errors.errorString | 0xc000903860&gt;{&#xA;                s: &#34;expected handshake response status code 101 but got 401&#34;,&#xA;            },&#xA;        },&#xA;    }&#xA;occurred" type="failed">[FAILED] Unexpected error:&#xA;    &lt;*fmt.wrapError | 0xc0002662e0&gt;: &#xA;    failed to connect: failed to WebSocket dial: expected handshake response status code 101 but got 401&#xA;    {&#xA;        msg: &#34;failed to connect: failed to WebSocket dial: expected handshake response status code 101 but got 401&#34;,&#xA;        err: &lt;*fmt.wrapError | 0xc0002662c0&gt;{&#xA;            msg: &#34;failed to WebSocket dial: expected handshake response status code 101 but got 401&#34;,&#xA;            err: &lt;*errors.errorString | 0xc000903860&gt;{&#xA;                s: &#34;expected handshake response status code 101 but got 401&#34;,&#xA;            },&#xA;        },&#xA;    }&#xA;occurred&#xA;In [It] at: /Users/seancorkum/projects/devops-mcp/test/e2e/scenarios/multi_agent_test.go:150 @ 07/22/25 12:21:12.597&#xA;&#xA;There were additional failures detected after the initial failure. These are visible in the timeline&#xA;</failure>
              <system-err>&gt; Enter [BeforeEach] Multi-Agent Collaboration E2E Tests - /Users/seancorkum/projects/devops-mcp/test/e2e/scenarios/multi_agent_test.go:28 @ 07/22/25 12:21:12.489&#xA;&lt; Exit [BeforeEach] Multi-Agent Collaboration E2E Tests - /Users/seancorkum/projects/devops-mcp/test/e2e/scenarios/multi_agent_test.go:28 @ 07/22/25 12:21:12.493 (4ms)&#xA;&gt; Enter [It] should coordinate code review between multiple agents - /Users/seancorkum/projects/devops-mcp/test/e2e/scenarios/multi_agent_test.go:128 @ 07/22/25 12:21:12.493&#xA;[FAILED] Failure recorded during attempt 1:&#xA;Unexpected error:&#xA;    &lt;*fmt.wrapError | 0xc0007020a0&gt;: &#xA;    failed to connect: failed to WebSocket dial: expected handshake response status code 101 but got 401&#xA;    {&#xA;        msg: &#34;failed to connect: failed to WebSocket dial: expected handshake response status code 101 but got 401&#34;,&#xA;        err: &lt;*fmt.wrapError | 0xc000702080&gt;{&#xA;            msg: &#34;failed to WebSocket dial: expected handshake response status code 101 but got 401&#34;,&#xA;            err: &lt;*errors.errorString | 0xc000536090&gt;{&#xA;                s: &#34;expected handshake response status code 101 but got 401&#34;,&#xA;            },&#xA;        },&#xA;    }&#xA;occurred&#xA;In [It] at: /Users/seancorkum/projects/devops-mcp/test/e2e/scenarios/multi_agent_test.go:150 @ 07/22/25 12:21:12.541&#xA;&lt; Exit [It] should coordinate code review between multiple agents - /Users/seancorkum/projects/devops-mcp/test/e2e/scenarios/multi_agent_test.go:128 @ 07/22/25 12:21:12.541 (48ms)&#xA;&gt; Enter [AfterEach] Multi-Agent Collaboration E2E Tests - /Users/seancorkum/projects/devops-mcp/test/e2e/scenarios/multi_agent_test.go:38 @ 07/22/25 12:21:12.542&#xA;&lt; Exit [AfterEach] Multi-Agent Collaboration E2E Tests - /Users/seancorkum/projects/devops-mcp/test/e2e/scenarios/multi_agent_test.go:38 @ 07/22/25 12:21:12.544 (3ms)&#xA;&#xA;Attempt #1 Failed.  Retrying â†º @ 07/22/25 12:21:12.544&#xA;&#xA;&gt; Enter [BeforeEach] Multi-Agent Collaboration E2E Tests - /Users/seancorkum/projects/devops-mcp/test/e2e/scenarios/multi_agent_test.go:28 @ 07/22/25 12:21:12.544&#xA;&lt; Exit [BeforeEach] Multi-Agent Collaboration E2E Tests - /Users/seancorkum/projects/devops-mcp/test/e2e/scenarios/multi_agent_test.go:28 @ 07/22/25 12:21:12.548 (3ms)&#xA;&gt; Enter [It] should coordinate code review between multiple agents - /Users/seancorkum/projects/devops-mcp/test/e2e/scenarios/multi_agent_test.go:128 @ 07/22/25 12:21:12.548&#xA;[FAILED] Unexpected error:&#xA;    &lt;*fmt.wrapError | 0xc0002662e0&gt;: &#xA;    failed to connect: failed to WebSocket dial: expected handshake response status code 101 but got 401&#xA;    {&#xA;        msg: &#34;failed to connect: failed to WebSocket dial: expected handshake response status code 101 but got 401&#34;,&#xA;        err: &lt;*fmt.wrapError | 0xc0002662c0&gt;{&#xA;            msg: &#34;failed to WebSocket dial: expected handshake response status code 101 but got 401&#34;,&#xA;            err: &lt;*errors.errorString | 0xc000903860&gt;{&#xA;                s: &#34;expected handshake response status code 101 but got 401&#34;,&#xA;            },&#xA;        },&#xA;    }&#xA;occurred&#xA;In [It] at: /Users/seancorkum/projects/devops-mcp/test/e2e/scenarios/multi_agent_test.go:150 @ 07/22/25 12:21:12.597&#xA;&lt; Exit [It] should coordinate code review between multiple agents - /Users/seancorkum/projects/devops-mcp/test/e2e/scenarios/multi_agent_test.go:128 @ 07/22/25 12:21:12.597 (49ms)&#xA;&gt; Enter [AfterEach] Multi-Agent Collaboration E2E Tests - /Users/seancorkum/projects/devops-mcp/test/e2e/scenarios/multi_agent_test.go:38 @ 07/22/25 12:21:12.597&#xA;&lt; Exit [AfterEach] Multi-Agent Collaboration E2E Tests - /Users/seancorkum/projects/devops-mcp/test/e2e/scenarios/multi_agent_test.go:38 @ 07/22/25 12:21:12.599 (2ms)&#xA;</system-err>
          </testcase>
          <testcase name="[It] Multi-Agent Collaboration E2E Tests Consensus Mechanism should reach consensus among multiple agents" classname="E2E Scenarios Suite" status="failed" time="0.12007214">
              <failure message="Unexpected error:&#xA;    &lt;*fmt.wrapError | 0xc000702140&gt;: &#xA;    failed to connect: failed to WebSocket dial: expected handshake response status code 101 but got 401&#xA;    {&#xA;        msg: &#34;failed to connect: failed to WebSocket dial: expected handshake response status code 101 but got 401&#34;,&#xA;        err: &lt;*fmt.wrapError | 0xc000702120&gt;{&#xA;            msg: &#34;failed to WebSocket dial: expected handshake response status code 101 but got 401&#34;,&#xA;            err: &lt;*errors.errorString | 0xc00030a000&gt;{&#xA;                s: &#34;expected handshake response status code 101 but got 401&#34;,&#xA;            },&#xA;        },&#xA;    }&#xA;occurred" type="failed">[FAILED] Unexpected error:&#xA;    &lt;*fmt.wrapError | 0xc000702140&gt;: &#xA;    failed to connect: failed to WebSocket dial: expected handshake response status code 101 but got 401&#xA;    {&#xA;        msg: &#34;failed to connect: failed to WebSocket dial: expected handshake response status code 101 but got 401&#34;,&#xA;        err: &lt;*fmt.wrapError | 0xc000702120&gt;{&#xA;            msg: &#34;failed to WebSocket dial: expected handshake response status code 101 but got 401&#34;,&#xA;            err: &lt;*errors.errorString | 0xc00030a000&gt;{&#xA;                s: &#34;expected handshake response status code 101 but got 401&#34;,&#xA;            },&#xA;        },&#xA;    }&#xA;occurred&#xA;In [It] at: /Users/seancorkum/projects/devops-mcp/test/e2e/scenarios/multi_agent_test.go:394 @ 07/22/25 12:21:12.718&#xA;&#xA;There were additional failures detected after the initial failure. These are visible in the timeline&#xA;</failure>
              <system-err>&gt; Enter [BeforeEach] Multi-Agent Collaboration E2E Tests - /Users/seancorkum/projects/devops-mcp/test/e2e/scenarios/multi_agent_test.go:28 @ 07/22/25 12:21:12.6&#xA;&lt; Exit [BeforeEach] Multi-Agent Collaboration E2E Tests - /Users/seancorkum/projects/devops-mcp/test/e2e/scenarios/multi_agent_test.go:28 @ 07/22/25 12:21:12.603 (3ms)&#xA;&gt; Enter [It] should reach consensus among multiple agents - /Users/seancorkum/projects/devops-mcp/test/e2e/scenarios/multi_agent_test.go:368 @ 07/22/25 12:21:12.604&#xA;[FAILED] Failure recorded during attempt 1:&#xA;Unexpected error:&#xA;    &lt;*fmt.wrapError | 0xc000702180&gt;: &#xA;    failed to connect: failed to WebSocket dial: expected handshake response status code 101 but got 401&#xA;    {&#xA;        msg: &#34;failed to connect: failed to WebSocket dial: expected handshake response status code 101 but got 401&#34;,&#xA;        err: &lt;*fmt.wrapError | 0xc000702140&gt;{&#xA;            msg: &#34;failed to WebSocket dial: expected handshake response status code 101 but got 401&#34;,&#xA;            err: &lt;*errors.errorString | 0xc000196000&gt;{&#xA;                s: &#34;expected handshake response status code 101 but got 401&#34;,&#xA;            },&#xA;        },&#xA;    }&#xA;occurred&#xA;In [It] at: /Users/seancorkum/projects/devops-mcp/test/e2e/scenarios/multi_agent_test.go:394 @ 07/22/25 12:21:12.651&#xA;&lt; Exit [It] should reach consensus among multiple agents - /Users/seancorkum/projects/devops-mcp/test/e2e/scenarios/multi_agent_test.go:368 @ 07/22/25 12:21:12.651 (47ms)&#xA;&gt; Enter [AfterEach] Multi-Agent Collaboration E2E Tests - /Users/seancorkum/projects/devops-mcp/test/e2e/scenarios/multi_agent_test.go:38 @ 07/22/25 12:21:12.651&#xA;&lt; Exit [AfterEach] Multi-Agent Collaboration E2E Tests - /Users/seancorkum/projects/devops-mcp/test/e2e/scenarios/multi_agent_test.go:38 @ 07/22/25 12:21:12.653 (2ms)&#xA;&#xA;Attempt #1 Failed.  Retrying â†º @ 07/22/25 12:21:12.653&#xA;&#xA;&gt; Enter [BeforeEach] Multi-Agent Collaboration E2E Tests - /Users/seancorkum/projects/devops-mcp/test/e2e/scenarios/multi_agent_test.go:28 @ 07/22/25 12:21:12.653&#xA;&lt; Exit [BeforeEach] Multi-Agent Collaboration E2E Tests - /Users/seancorkum/projects/devops-mcp/test/e2e/scenarios/multi_agent_test.go:28 @ 07/22/25 12:21:12.656 (3ms)&#xA;&gt; Enter [It] should reach consensus among multiple agents - /Users/seancorkum/projects/devops-mcp/test/e2e/scenarios/multi_agent_test.go:368 @ 07/22/25 12:21:12.657&#xA;[FAILED] Unexpected error:&#xA;    &lt;*fmt.wrapError | 0xc000702140&gt;: &#xA;    failed to connect: failed to WebSocket dial: expected handshake response status code 101 but got 401&#xA;    {&#xA;        msg: &#34;failed to connect: failed to WebSocket dial: expected handshake response status code 101 but got 401&#34;,&#xA;        err: &lt;*fmt.wrapError | 0xc000702120&gt;{&#xA;            msg: &#34;failed to WebSocket dial: expected handshake response status code 101 but got 401&#34;,&#xA;            err: &lt;*errors.errorString | 0xc00030a000&gt;{&#xA;                s: &#34;expected handshake response status code 101 but got 401&#34;,&#xA;            },&#xA;        },&#xA;    }&#xA;occurred&#xA;In [It] at: /Users/seancorkum/projects/devops-mcp/test/e2e/scenarios/multi_agent_test.go:394 @ 07/22/25 12:21:12.718&#xA;&lt; Exit [It] should reach consensus among multiple agents - /Users/seancorkum/projects/devops-mcp/test/e2e/scenarios/multi_agent_test.go:368 @ 07/22/25 12:21:12.718 (61ms)&#xA;&gt; Enter [AfterEach] Multi-Agent Collaboration E2E Tests - /Users/seancorkum/projects/devops-mcp/test/e2e/scenarios/multi_agent_test.go:38 @ 07/22/25 12:21:12.718&#xA;&lt; Exit [AfterEach] Multi-Agent Collaboration E2E Tests - /Users/seancorkum/projects/devops-mcp/test/e2e/scenarios/multi_agent_test.go:38 @ 07/22/25 12:21:12.72 (2ms)&#xA;</system-err>
          </testcase>
          <testcase name="[It] Multi-Agent Collaboration E2E Tests Agent Coordination should coordinate deployment pipeline across agents" classname="E2E Scenarios Suite" status="failed" time="0.117899713">
              <failure message="Unexpected error:&#xA;    &lt;*fmt.wrapError | 0xc0002662a0&gt;: &#xA;    failed to connect: failed to WebSocket dial: expected handshake response status code 101 but got 401&#xA;    {&#xA;        msg: &#34;failed to connect: failed to WebSocket dial: expected handshake response status code 101 but got 401&#34;,&#xA;        err: &lt;*fmt.wrapError | 0xc000266280&gt;{&#xA;            msg: &#34;failed to WebSocket dial: expected handshake response status code 101 but got 401&#34;,&#xA;            err: &lt;*errors.errorString | 0xc000538000&gt;{&#xA;                s: &#34;expected handshake response status code 101 but got 401&#34;,&#xA;            },&#xA;        },&#xA;    }&#xA;occurred" type="failed">[FAILED] Unexpected error:&#xA;    &lt;*fmt.wrapError | 0xc0002662a0&gt;: &#xA;    failed to connect: failed to WebSocket dial: expected handshake response status code 101 but got 401&#xA;    {&#xA;        msg: &#34;failed to connect: failed to WebSocket dial: expected handshake response status code 101 but got 401&#34;,&#xA;        err: &lt;*fmt.wrapError | 0xc000266280&gt;{&#xA;            msg: &#34;failed to WebSocket dial: expected handshake response status code 101 but got 401&#34;,&#xA;            err: &lt;*errors.errorString | 0xc000538000&gt;{&#xA;                s: &#34;expected handshake response status code 101 but got 401&#34;,&#xA;            },&#xA;        },&#xA;    }&#xA;occurred&#xA;In [It] at: /Users/seancorkum/projects/devops-mcp/test/e2e/scenarios/multi_agent_test.go:601 @ 07/22/25 12:21:12.837&#xA;&#xA;There were additional failures detected after the initial failure. These are visible in the timeline&#xA;</failure>
              <system-err>&gt; Enter [BeforeEach] Multi-Agent Collaboration E2E Tests - /Users/seancorkum/projects/devops-mcp/test/e2e/scenarios/multi_agent_test.go:28 @ 07/22/25 12:21:12.722&#xA;&lt; Exit [BeforeEach] Multi-Agent Collaboration E2E Tests - /Users/seancorkum/projects/devops-mcp/test/e2e/scenarios/multi_agent_test.go:28 @ 07/22/25 12:21:12.725 (3ms)&#xA;&gt; Enter [It] should coordinate deployment pipeline across agents - /Users/seancorkum/projects/devops-mcp/test/e2e/scenarios/multi_agent_test.go:573 @ 07/22/25 12:21:12.725&#xA;[FAILED] Failure recorded during attempt 1:&#xA;Unexpected error:&#xA;    &lt;*fmt.wrapError | 0xc000542580&gt;: &#xA;    failed to connect: failed to WebSocket dial: expected handshake response status code 101 but got 401&#xA;    {&#xA;        msg: &#34;failed to connect: failed to WebSocket dial: expected handshake response status code 101 but got 401&#34;,&#xA;        err: &lt;*fmt.wrapError | 0xc000542440&gt;{&#xA;            msg: &#34;failed to WebSocket dial: expected handshake response status code 101 but got 401&#34;,&#xA;            err: &lt;*errors.errorString | 0xc000538000&gt;{&#xA;                s: &#34;expected handshake response status code 101 but got 401&#34;,&#xA;            },&#xA;        },&#xA;    }&#xA;occurred&#xA;In [It] at: /Users/seancorkum/projects/devops-mcp/test/e2e/scenarios/multi_agent_test.go:601 @ 07/22/25 12:21:12.773&#xA;&lt; Exit [It] should coordinate deployment pipeline across agents - /Users/seancorkum/projects/devops-mcp/test/e2e/scenarios/multi_agent_test.go:573 @ 07/22/25 12:21:12.773 (48ms)&#xA;&gt; Enter [AfterEach] Multi-Agent Collaboration E2E Tests - /Users/seancorkum/projects/devops-mcp/test/e2e/scenarios/multi_agent_test.go:38 @ 07/22/25 12:21:12.773&#xA;&lt; Exit [AfterEach] Multi-Agent Collaboration E2E Tests - /Users/seancorkum/projects/devops-mcp/test/e2e/scenarios/multi_agent_test.go:38 @ 07/22/25 12:21:12.775 (2ms)&#xA;&#xA;Attempt #1 Failed.  Retrying â†º @ 07/22/25 12:21:12.775&#xA;&#xA;&gt; Enter [BeforeEach] Multi-Agent Collaboration E2E Tests - /Users/seancorkum/projects/devops-mcp/test/e2e/scenarios/multi_agent_test.go:28 @ 07/22/25 12:21:12.775&#xA;&lt; Exit [BeforeEach] Multi-Agent Collaboration E2E Tests - /Users/seancorkum/projects/devops-mcp/test/e2e/scenarios/multi_agent_test.go:28 @ 07/22/25 12:21:12.778 (3ms)&#xA;&gt; Enter [It] should coordinate deployment pipeline across agents - /Users/seancorkum/projects/devops-mcp/test/e2e/scenarios/multi_agent_test.go:573 @ 07/22/25 12:21:12.779&#xA;[FAILED] Unexpected error:&#xA;    &lt;*fmt.wrapError | 0xc0002662a0&gt;: &#xA;    failed to connect: failed to WebSocket dial: expected handshake response status code 101 but got 401&#xA;    {&#xA;        msg: &#34;failed to connect: failed to WebSocket dial: expected handshake response status code 101 but got 401&#34;,&#xA;        err: &lt;*fmt.wrapError | 0xc000266280&gt;{&#xA;            msg: &#34;failed to WebSocket dial: expected handshake response status code 101 but got 401&#34;,&#xA;            err: &lt;*errors.errorString | 0xc000538000&gt;{&#xA;                s: &#34;expected handshake response status code 101 but got 401&#34;,&#xA;            },&#xA;        },&#xA;    }&#xA;occurred&#xA;In [It] at: /Users/seancorkum/projects/devops-mcp/test/e2e/scenarios/multi_agent_test.go:601 @ 07/22/25 12:21:12.837&#xA;&lt; Exit [It] should coordinate deployment pipeline across agents - /Users/seancorkum/projects/devops-mcp/test/e2e/scenarios/multi_agent_test.go:573 @ 07/22/25 12:21:12.837 (58ms)&#xA;&gt; Enter [AfterEach] Multi-Agent Collaboration E2E Tests - /Users/seancorkum/projects/devops-mcp/test/e2e/scenarios/multi_agent_test.go:38 @ 07/22/25 12:21:12.837&#xA;&lt; Exit [AfterEach] Multi-Agent Collaboration E2E Tests - /Users/seancorkum/projects/devops-mcp/test/e2e/scenarios/multi_agent_test.go:38 @ 07/22/25 12:21:12.839 (2ms)&#xA;</system-err>
          </testcase>
          <testcase name="[It] Multi-Tenant E2E Tests API Key Hierarchy should enforce parent-child key relationships" classname="E2E Scenarios Suite" status="passed" time="0.006491117">
              <system-out>[12:21:12] [INFO] multi-tenant: Testing API key hierarchy&#xA;ï¿½[32mâœ“ï¿½[0m api_key_hierarchy (20.234Âµs)&#xA;</system-out>
              <system-err>&gt; Enter [BeforeEach] Multi-Tenant E2E Tests - /Users/seancorkum/projects/devops-mcp/test/e2e/scenarios/multi_tenant_test.go:30 @ 07/22/25 12:21:12.841&#xA;&lt; Exit [BeforeEach] Multi-Tenant E2E Tests - /Users/seancorkum/projects/devops-mcp/test/e2e/scenarios/multi_tenant_test.go:30 @ 07/22/25 12:21:12.844 (3ms)&#xA;&gt; Enter [It] should enforce parent-child key relationships - /Users/seancorkum/projects/devops-mcp/test/e2e/scenarios/multi_tenant_test.go:313 @ 07/22/25 12:21:12.844&#xA;&lt; Exit [It] should enforce parent-child key relationships - /Users/seancorkum/projects/devops-mcp/test/e2e/scenarios/multi_tenant_test.go:313 @ 07/22/25 12:21:12.844 (0s)&#xA;&gt; Enter [AfterEach] Multi-Tenant E2E Tests - /Users/seancorkum/projects/devops-mcp/test/e2e/scenarios/multi_tenant_test.go:40 @ 07/22/25 12:21:12.844&#xA;&lt; Exit [AfterEach] Multi-Tenant E2E Tests - /Users/seancorkum/projects/devops-mcp/test/e2e/scenarios/multi_tenant_test.go:40 @ 07/22/25 12:21:12.847 (3ms)&#xA;</system-err>
          </testcase>
          <testcase name="[It] Multi-Tenant E2E Tests Security should validate API key permissions" classname="E2E Scenarios Suite" status="passed" time="0.005007631">
              <system-out>[12:21:12] [INFO] multi-tenant: Testing API key permission validation&#xA;ï¿½[32mâœ“ï¿½[0m api_key_permissions (12.384Âµs)&#xA;</system-out>
              <system-err>&gt; Enter [BeforeEach] Multi-Tenant E2E Tests - /Users/seancorkum/projects/devops-mcp/test/e2e/scenarios/multi_tenant_test.go:30 @ 07/22/25 12:21:12.847&#xA;&lt; Exit [BeforeEach] Multi-Tenant E2E Tests - /Users/seancorkum/projects/devops-mcp/test/e2e/scenarios/multi_tenant_test.go:30 @ 07/22/25 12:21:12.85 (3ms)&#xA;&gt; Enter [It] should validate API key permissions - /Users/seancorkum/projects/devops-mcp/test/e2e/scenarios/multi_tenant_test.go:474 @ 07/22/25 12:21:12.85&#xA;&lt; Exit [It] should validate API key permissions - /Users/seancorkum/projects/devops-mcp/test/e2e/scenarios/multi_tenant_test.go:474 @ 07/22/25 12:21:12.85 (0s)&#xA;&gt; Enter [AfterEach] Multi-Tenant E2E Tests - /Users/seancorkum/projects/devops-mcp/test/e2e/scenarios/multi_tenant_test.go:40 @ 07/22/25 12:21:12.85&#xA;&lt; Exit [AfterEach] Multi-Tenant E2E Tests - /Users/seancorkum/projects/devops-mcp/test/e2e/scenarios/multi_tenant_test.go:40 @ 07/22/25 12:21:12.852 (2ms)&#xA;</system-err>
          </testcase>
          <testcase name="[It] Single Agent E2E Tests Basic Agent Lifecycle should complete full agent lifecycle" classname="E2E Scenarios Suite" status="failed" time="0.097205017">
              <failure message="Unexpected error:&#xA;    &lt;*fmt.wrapError | 0xc000266e40&gt;: &#xA;    failed to connect: failed to WebSocket dial: expected handshake response status code 101 but got 429&#xA;    {&#xA;        msg: &#34;failed to connect: failed to WebSocket dial: expected handshake response status code 101 but got 429&#34;,&#xA;        err: &lt;*fmt.wrapError | 0xc000266e20&gt;{&#xA;            msg: &#34;failed to WebSocket dial: expected handshake response status code 101 but got 429&#34;,&#xA;            err: &lt;*errors.errorString | 0xc00067bc00&gt;{&#xA;                s: &#34;expected handshake response status code 101 but got 429&#34;,&#xA;            },&#xA;        },&#xA;    }&#xA;occurred" type="failed">[FAILED] Unexpected error:&#xA;    &lt;*fmt.wrapError | 0xc000266e40&gt;: &#xA;    failed to connect: failed to WebSocket dial: expected handshake response status code 101 but got 429&#xA;    {&#xA;        msg: &#34;failed to connect: failed to WebSocket dial: expected handshake response status code 101 but got 429&#34;,&#xA;        err: &lt;*fmt.wrapError | 0xc000266e20&gt;{&#xA;            msg: &#34;failed to WebSocket dial: expected handshake response status code 101 but got 429&#34;,&#xA;            err: &lt;*errors.errorString | 0xc00067bc00&gt;{&#xA;                s: &#34;expected handshake response status code 101 but got 429&#34;,&#xA;            },&#xA;        },&#xA;    }&#xA;occurred&#xA;In [It] at: /Users/seancorkum/projects/devops-mcp/test/e2e/scenarios/single_agent_test.go:73 @ 07/22/25 12:21:12.948&#xA;&#xA;There were additional failures detected after the initial failure. These are visible in the timeline&#xA;</failure>
              <system-out>[12:21:12] [INFO] single-agent: Connecting agent cc0ad270-ffb5-4da4-947d-4111f640429f&#xA;[12:21:12] [INFO] single-agent: Connecting agent 78b8127e-8bca-4f32-89f6-c15026cb57a6&#xA;</system-out>
              <system-err>&gt; Enter [BeforeEach] Single Agent E2E Tests - /Users/seancorkum/projects/devops-mcp/test/e2e/scenarios/single_agent_test.go:30 @ 07/22/25 12:21:12.853&#xA;&lt; Exit [BeforeEach] Single Agent E2E Tests - /Users/seancorkum/projects/devops-mcp/test/e2e/scenarios/single_agent_test.go:30 @ 07/22/25 12:21:12.856 (3ms)&#xA;&gt; Enter [It] should complete full agent lifecycle - /Users/seancorkum/projects/devops-mcp/test/e2e/scenarios/single_agent_test.go:47 @ 07/22/25 12:21:12.856&#xA;[FAILED] Failure recorded during attempt 1:&#xA;Unexpected error:&#xA;    &lt;*fmt.wrapError | 0xc0002662e0&gt;: &#xA;    failed to connect: failed to WebSocket dial: expected handshake response status code 101 but got 429&#xA;    {&#xA;        msg: &#34;failed to connect: failed to WebSocket dial: expected handshake response status code 101 but got 429&#34;,&#xA;        err: &lt;*fmt.wrapError | 0xc0002662c0&gt;{&#xA;            msg: &#34;failed to WebSocket dial: expected handshake response status code 101 but got 429&#34;,&#xA;            err: &lt;*errors.errorString | 0xc000342030&gt;{&#xA;                s: &#34;expected handshake response status code 101 but got 429&#34;,&#xA;            },&#xA;        },&#xA;    }&#xA;occurred&#xA;In [It] at: /Users/seancorkum/projects/devops-mcp/test/e2e/scenarios/single_agent_test.go:73 @ 07/22/25 12:21:12.898&#xA;&lt; Exit [It] should complete full agent lifecycle - /Users/seancorkum/projects/devops-mcp/test/e2e/scenarios/single_agent_test.go:47 @ 07/22/25 12:21:12.898 (42ms)&#xA;&gt; Enter [AfterEach] Single Agent E2E Tests - /Users/seancorkum/projects/devops-mcp/test/e2e/scenarios/single_agent_test.go:40 @ 07/22/25 12:21:12.898&#xA;&lt; Exit [AfterEach] Single Agent E2E Tests - /Users/seancorkum/projects/devops-mcp/test/e2e/scenarios/single_agent_test.go:40 @ 07/22/25 12:21:12.9 (2ms)&#xA;&#xA;Attempt #1 Failed.  Retrying â†º @ 07/22/25 12:21:12.9&#xA;&#xA;&gt; Enter [BeforeEach] Single Agent E2E Tests - /Users/seancorkum/projects/devops-mcp/test/e2e/scenarios/single_agent_test.go:30 @ 07/22/25 12:21:12.9&#xA;&lt; Exit [BeforeEach] Single Agent E2E Tests - /Users/seancorkum/projects/devops-mcp/test/e2e/scenarios/single_agent_test.go:30 @ 07/22/25 12:21:12.902 (2ms)&#xA;&gt; Enter [It] should complete full agent lifecycle - /Users/seancorkum/projects/devops-mcp/test/e2e/scenarios/single_agent_test.go:47 @ 07/22/25 12:21:12.902&#xA;[FAILED] Unexpected error:&#xA;    &lt;*fmt.wrapError | 0xc000266e40&gt;: &#xA;    failed to connect: failed to WebSocket dial: expected handshake response status code 101 but got 429&#xA;    {&#xA;        msg: &#34;failed to connect: failed to WebSocket dial: expected handshake response status code 101 but got 429&#34;,&#xA;        err: &lt;*fmt.wrapError | 0xc000266e20&gt;{&#xA;            msg: &#34;failed to WebSocket dial: expected handshake response status code 101 but got 429&#34;,&#xA;            err: &lt;*errors.errorString | 0xc00067bc00&gt;{&#xA;                s: &#34;expected handshake response status code 101 but got 429&#34;,&#xA;            },&#xA;        },&#xA;    }&#xA;occurred&#xA;In [It] at: /Users/seancorkum/projects/devops-mcp/test/e2e/scenarios/single_agent_test.go:73 @ 07/22/25 12:21:12.948&#xA;&lt; Exit [It] should complete full agent lifecycle - /Users/seancorkum/projects/devops-mcp/test/e2e/scenarios/single_agent_test.go:47 @ 07/22/25 12:21:12.948 (46ms)&#xA;&gt; Enter [AfterEach] Single Agent E2E Tests - /Users/seancorkum/projects/devops-mcp/test/e2e/scenarios/single_agent_test.go:40 @ 07/22/25 12:21:12.948&#xA;&lt; Exit [AfterEach] Single Agent E2E Tests - /Users/seancorkum/projects/devops-mcp/test/e2e/scenarios/single_agent_test.go:40 @ 07/22/25 12:21:12.95 (2ms)&#xA;</system-err>
          </testcase>
          <testcase name="[It] Single Agent E2E Tests Context Management should create and retrieve context" classname="E2E Scenarios Suite" status="failed" time="0.10699751">
              <failure message="Unexpected error:&#xA;    &lt;*fmt.wrapError | 0xc000266280&gt;: &#xA;    failed to connect: failed to WebSocket dial: expected handshake response status code 101 but got 429&#xA;    {&#xA;        msg: &#34;failed to connect: failed to WebSocket dial: expected handshake response status code 101 but got 429&#34;,&#xA;        err: &lt;*fmt.wrapError | 0xc000266140&gt;{&#xA;            msg: &#34;failed to WebSocket dial: expected handshake response status code 101 but got 429&#34;,&#xA;            err: &lt;*errors.errorString | 0xc0005fa000&gt;{&#xA;                s: &#34;expected handshake response status code 101 but got 429&#34;,&#xA;            },&#xA;        },&#xA;    }&#xA;occurred" type="failed">[FAILED] Unexpected error:&#xA;    &lt;*fmt.wrapError | 0xc000266280&gt;: &#xA;    failed to connect: failed to WebSocket dial: expected handshake response status code 101 but got 429&#xA;    {&#xA;        msg: &#34;failed to connect: failed to WebSocket dial: expected handshake response status code 101 but got 429&#34;,&#xA;        err: &lt;*fmt.wrapError | 0xc000266140&gt;{&#xA;            msg: &#34;failed to WebSocket dial: expected handshake response status code 101 but got 429&#34;,&#xA;            err: &lt;*errors.errorString | 0xc0005fa000&gt;{&#xA;                s: &#34;expected handshake response status code 101 but got 429&#34;,&#xA;            },&#xA;        },&#xA;    }&#xA;occurred&#xA;In [It] at: /Users/seancorkum/projects/devops-mcp/test/e2e/scenarios/single_agent_test.go:295 @ 07/22/25 12:21:13.054&#xA;&#xA;There were additional failures detected after the initial failure. These are visible in the timeline&#xA;</failure>
              <system-err>&gt; Enter [BeforeEach] Single Agent E2E Tests - /Users/seancorkum/projects/devops-mcp/test/e2e/scenarios/single_agent_test.go:30 @ 07/22/25 12:21:12.951&#xA;&lt; Exit [BeforeEach] Single Agent E2E Tests - /Users/seancorkum/projects/devops-mcp/test/e2e/scenarios/single_agent_test.go:30 @ 07/22/25 12:21:12.953 (2ms)&#xA;&gt; Enter [It] should create and retrieve context - /Users/seancorkum/projects/devops-mcp/test/e2e/scenarios/single_agent_test.go:273 @ 07/22/25 12:21:12.953&#xA;[FAILED] Failure recorded during attempt 1:&#xA;Unexpected error:&#xA;    &lt;*fmt.wrapError | 0xc000702240&gt;: &#xA;    failed to connect: failed to WebSocket dial: expected handshake response status code 101 but got 429&#xA;    {&#xA;        msg: &#34;failed to connect: failed to WebSocket dial: expected handshake response status code 101 but got 429&#34;,&#xA;        err: &lt;*fmt.wrapError | 0xc000702220&gt;{&#xA;            msg: &#34;failed to WebSocket dial: expected handshake response status code 101 but got 429&#34;,&#xA;            err: &lt;*errors.errorString | 0xc00052a000&gt;{&#xA;                s: &#34;expected handshake response status code 101 but got 429&#34;,&#xA;            },&#xA;        },&#xA;    }&#xA;occurred&#xA;In [It] at: /Users/seancorkum/projects/devops-mcp/test/e2e/scenarios/single_agent_test.go:295 @ 07/22/25 12:21:12.999&#xA;&lt; Exit [It] should create and retrieve context - /Users/seancorkum/projects/devops-mcp/test/e2e/scenarios/single_agent_test.go:273 @ 07/22/25 12:21:12.999 (45ms)&#xA;&gt; Enter [AfterEach] Single Agent E2E Tests - /Users/seancorkum/projects/devops-mcp/test/e2e/scenarios/single_agent_test.go:40 @ 07/22/25 12:21:12.999&#xA;&lt; Exit [AfterEach] Single Agent E2E Tests - /Users/seancorkum/projects/devops-mcp/test/e2e/scenarios/single_agent_test.go:40 @ 07/22/25 12:21:13 (2ms)&#xA;&#xA;Attempt #1 Failed.  Retrying â†º @ 07/22/25 12:21:13&#xA;&#xA;&gt; Enter [BeforeEach] Single Agent E2E Tests - /Users/seancorkum/projects/devops-mcp/test/e2e/scenarios/single_agent_test.go:30 @ 07/22/25 12:21:13.001&#xA;&lt; Exit [BeforeEach] Single Agent E2E Tests - /Users/seancorkum/projects/devops-mcp/test/e2e/scenarios/single_agent_test.go:30 @ 07/22/25 12:21:13.003 (2ms)&#xA;&gt; Enter [It] should create and retrieve context - /Users/seancorkum/projects/devops-mcp/test/e2e/scenarios/single_agent_test.go:273 @ 07/22/25 12:21:13.003&#xA;[FAILED] Unexpected error:&#xA;    &lt;*fmt.wrapError | 0xc000266280&gt;: &#xA;    failed to connect: failed to WebSocket dial: expected handshake response status code 101 but got 429&#xA;    {&#xA;        msg: &#34;failed to connect: failed to WebSocket dial: expected handshake response status code 101 but got 429&#34;,&#xA;        err: &lt;*fmt.wrapError | 0xc000266140&gt;{&#xA;            msg: &#34;failed to WebSocket dial: expected handshake response status code 101 but got 429&#34;,&#xA;            err: &lt;*errors.errorString | 0xc0005fa000&gt;{&#xA;                s: &#34;expected handshake response status code 101 but got 429&#34;,&#xA;            },&#xA;        },&#xA;    }&#xA;occurred&#xA;In [It] at: /Users/seancorkum/projects/devops-mcp/test/e2e/scenarios/single_agent_test.go:295 @ 07/22/25 12:21:13.054&#xA;&lt; Exit [It] should create and retrieve context - /Users/seancorkum/projects/devops-mcp/test/e2e/scenarios/single_agent_test.go:273 @ 07/22/25 12:21:13.054 (51ms)&#xA;&gt; Enter [AfterEach] Single Agent E2E Tests - /Users/seancorkum/projects/devops-mcp/test/e2e/scenarios/single_agent_test.go:40 @ 07/22/25 12:21:13.054&#xA;&lt; Exit [AfterEach] Single Agent E2E Tests - /Users/seancorkum/projects/devops-mcp/test/e2e/scenarios/single_agent_test.go:40 @ 07/22/25 12:21:13.058 (4ms)&#xA;</system-err>
          </testcase>
          <testcase name="[It] Single Agent E2E Tests Error Handling should handle timeout scenarios" classname="E2E Scenarios Suite" status="failed" time="0.097290979">
              <failure message="Unexpected error:&#xA;    &lt;*fmt.wrapError | 0xc000702620&gt;: &#xA;    failed to connect: failed to WebSocket dial: expected handshake response status code 101 but got 429&#xA;    {&#xA;        msg: &#34;failed to connect: failed to WebSocket dial: expected handshake response status code 101 but got 429&#34;,&#xA;        err: &lt;*fmt.wrapError | 0xc0007025e0&gt;{&#xA;            msg: &#34;failed to WebSocket dial: expected handshake response status code 101 but got 429&#34;,&#xA;            err: &lt;*errors.errorString | 0xc0003c07d0&gt;{&#xA;                s: &#34;expected handshake response status code 101 but got 429&#34;,&#xA;            },&#xA;        },&#xA;    }&#xA;occurred" type="failed">[FAILED] Unexpected error:&#xA;    &lt;*fmt.wrapError | 0xc000702620&gt;: &#xA;    failed to connect: failed to WebSocket dial: expected handshake response status code 101 but got 429&#xA;    {&#xA;        msg: &#34;failed to connect: failed to WebSocket dial: expected handshake response status code 101 but got 429&#34;,&#xA;        err: &lt;*fmt.wrapError | 0xc0007025e0&gt;{&#xA;            msg: &#34;failed to WebSocket dial: expected handshake response status code 101 but got 429&#34;,&#xA;            err: &lt;*errors.errorString | 0xc0003c07d0&gt;{&#xA;                s: &#34;expected handshake response status code 101 but got 429&#34;,&#xA;            },&#xA;        },&#xA;    }&#xA;occurred&#xA;In [It] at: /Users/seancorkum/projects/devops-mcp/test/e2e/scenarios/single_agent_test.go:505 @ 07/22/25 12:21:13.154&#xA;&#xA;There were additional failures detected after the initial failure. These are visible in the timeline&#xA;</failure>
              <system-err>&gt; Enter [BeforeEach] Single Agent E2E Tests - /Users/seancorkum/projects/devops-mcp/test/e2e/scenarios/single_agent_test.go:30 @ 07/22/25 12:21:13.059&#xA;&lt; Exit [BeforeEach] Single Agent E2E Tests - /Users/seancorkum/projects/devops-mcp/test/e2e/scenarios/single_agent_test.go:30 @ 07/22/25 12:21:13.061 (2ms)&#xA;&gt; Enter [It] should handle timeout scenarios - /Users/seancorkum/projects/devops-mcp/test/e2e/scenarios/single_agent_test.go:483 @ 07/22/25 12:21:13.061&#xA;[FAILED] Failure recorded during attempt 1:&#xA;Unexpected error:&#xA;    &lt;*fmt.wrapError | 0xc0000a7560&gt;: &#xA;    failed to connect: failed to WebSocket dial: expected handshake response status code 101 but got 429&#xA;    {&#xA;        msg: &#34;failed to connect: failed to WebSocket dial: expected handshake response status code 101 but got 429&#34;,&#xA;        err: &lt;*fmt.wrapError | 0xc0000a7540&gt;{&#xA;            msg: &#34;failed to WebSocket dial: expected handshake response status code 101 but got 429&#34;,&#xA;            err: &lt;*errors.errorString | 0xc0003c0220&gt;{&#xA;                s: &#34;expected handshake response status code 101 but got 429&#34;,&#xA;            },&#xA;        },&#xA;    }&#xA;occurred&#xA;In [It] at: /Users/seancorkum/projects/devops-mcp/test/e2e/scenarios/single_agent_test.go:505 @ 07/22/25 12:21:13.103&#xA;&lt; Exit [It] should handle timeout scenarios - /Users/seancorkum/projects/devops-mcp/test/e2e/scenarios/single_agent_test.go:483 @ 07/22/25 12:21:13.103 (42ms)&#xA;&gt; Enter [AfterEach] Single Agent E2E Tests - /Users/seancorkum/projects/devops-mcp/test/e2e/scenarios/single_agent_test.go:40 @ 07/22/25 12:21:13.103&#xA;&lt; Exit [AfterEach] Single Agent E2E Tests - /Users/seancorkum/projects/devops-mcp/test/e2e/scenarios/single_agent_test.go:40 @ 07/22/25 12:21:13.106 (2ms)&#xA;&#xA;Attempt #1 Failed.  Retrying â†º @ 07/22/25 12:21:13.106&#xA;&#xA;&gt; Enter [BeforeEach] Single Agent E2E Tests - /Users/seancorkum/projects/devops-mcp/test/e2e/scenarios/single_agent_test.go:30 @ 07/22/25 12:21:13.106&#xA;&lt; Exit [BeforeEach] Single Agent E2E Tests - /Users/seancorkum/projects/devops-mcp/test/e2e/scenarios/single_agent_test.go:30 @ 07/22/25 12:21:13.108 (2ms)&#xA;&gt; Enter [It] should handle timeout scenarios - /Users/seancorkum/projects/devops-mcp/test/e2e/scenarios/single_agent_test.go:483 @ 07/22/25 12:21:13.108&#xA;[FAILED] Unexpected error:&#xA;    &lt;*fmt.wrapError | 0xc000702620&gt;: &#xA;    failed to connect: failed to WebSocket dial: expected handshake response status code 101 but got 429&#xA;    {&#xA;        msg: &#34;failed to connect: failed to WebSocket dial: expected handshake response status code 101 but got 429&#34;,&#xA;        err: &lt;*fmt.wrapError | 0xc0007025e0&gt;{&#xA;            msg: &#34;failed to WebSocket dial: expected handshake response status code 101 but got 429&#34;,&#xA;            err: &lt;*errors.errorString | 0xc0003c07d0&gt;{&#xA;                s: &#34;expected handshake response status code 101 but got 429&#34;,&#xA;            },&#xA;        },&#xA;    }&#xA;occurred&#xA;In [It] at: /Users/seancorkum/projects/devops-mcp/test/e2e/scenarios/single_agent_test.go:505 @ 07/22/25 12:21:13.154&#xA;&lt; Exit [It] should handle timeout scenarios - /Users/seancorkum/projects/devops-mcp/test/e2e/scenarios/single_agent_test.go:483 @ 07/22/25 12:21:13.154 (45ms)&#xA;&gt; Enter [AfterEach] Single Agent E2E Tests - /Users/seancorkum/projects/devops-mcp/test/e2e/scenarios/single_agent_test.go:40 @ 07/22/25 12:21:13.154&#xA;&lt; Exit [AfterEach] Single Agent E2E Tests - /Users/seancorkum/projects/devops-mcp/test/e2e/scenarios/single_agent_test.go:40 @ 07/22/25 12:21:13.156 (2ms)&#xA;</system-err>
          </testcase>
          <testcase name="[It] Performance and Stress E2E Tests Resource Utilization Tests should maintain stable performance under sustained load" classname="E2E Scenarios Suite" status="failed" time="0.397632824">
              <failure message="Unexpected error:&#xA;    &lt;*fmt.wrapError | 0xc00049c560&gt;: &#xA;    failed to connect: failed to WebSocket dial: expected handshake response status code 101 but got 401&#xA;    {&#xA;        msg: &#34;failed to connect: failed to WebSocket dial: expected handshake response status code 101 but got 401&#34;,&#xA;        err: &lt;*fmt.wrapError | 0xc00049c480&gt;{&#xA;            msg: &#34;failed to WebSocket dial: expected handshake response status code 101 but got 401&#34;,&#xA;            err: &lt;*errors.errorString | 0xc0003de340&gt;{&#xA;                s: &#34;expected handshake response status code 101 but got 401&#34;,&#xA;            },&#xA;        },&#xA;    }&#xA;occurred" type="failed">[FAILED] Unexpected error:&#xA;    &lt;*fmt.wrapError | 0xc00049c560&gt;: &#xA;    failed to connect: failed to WebSocket dial: expected handshake response status code 101 but got 401&#xA;    {&#xA;        msg: &#34;failed to connect: failed to WebSocket dial: expected handshake response status code 101 but got 401&#34;,&#xA;        err: &lt;*fmt.wrapError | 0xc00049c480&gt;{&#xA;            msg: &#34;failed to WebSocket dial: expected handshake response status code 101 but got 401&#34;,&#xA;            err: &lt;*errors.errorString | 0xc0003de340&gt;{&#xA;                s: &#34;expected handshake response status code 101 but got 401&#34;,&#xA;            },&#xA;        },&#xA;    }&#xA;occurred&#xA;In [It] at: /Users/seancorkum/projects/devops-mcp/test/e2e/scenarios/performance_test.go:530 @ 07/22/25 12:21:12.473&#xA;&#xA;There were additional failures detected after the initial failure. These are visible in the timeline&#xA;</failure>
              <system-err>&gt; Enter [BeforeEach] Performance and Stress E2E Tests - /Users/seancorkum/projects/devops-mcp/test/e2e/scenarios/performance_test.go:31 @ 07/22/25 12:21:12.078&#xA;&lt; Exit [BeforeEach] Performance and Stress E2E Tests - /Users/seancorkum/projects/devops-mcp/test/e2e/scenarios/performance_test.go:31 @ 07/22/25 12:21:12.078 (0s)&#xA;&gt; Enter [It] should maintain stable performance under sustained load - /Users/seancorkum/projects/devops-mcp/test/e2e/scenarios/performance_test.go:503 @ 07/22/25 12:21:12.078&#xA;[FAILED] Failure recorded during attempt 1:&#xA;Unexpected error:&#xA;    &lt;*fmt.wrapError | 0xc000266360&gt;: &#xA;    failed to connect: failed to WebSocket dial: expected handshake response status code 101 but got 401&#xA;    {&#xA;        msg: &#34;failed to connect: failed to WebSocket dial: expected handshake response status code 101 but got 401&#34;,&#xA;        err: &lt;*fmt.wrapError | 0xc000266300&gt;{&#xA;            msg: &#34;failed to WebSocket dial: expected handshake response status code 101 but got 401&#34;,&#xA;            err: &lt;*errors.errorString | 0xc000342010&gt;{&#xA;                s: &#34;expected handshake response status code 101 but got 401&#34;,&#xA;            },&#xA;        },&#xA;    }&#xA;occurred&#xA;In [It] at: /Users/seancorkum/projects/devops-mcp/test/e2e/scenarios/performance_test.go:530 @ 07/22/25 12:21:12.378&#xA;&lt; Exit [It] should maintain stable performance under sustained load - /Users/seancorkum/projects/devops-mcp/test/e2e/scenarios/performance_test.go:503 @ 07/22/25 12:21:12.378 (300ms)&#xA;&gt; Enter [AfterEach] Performance and Stress E2E Tests - /Users/seancorkum/projects/devops-mcp/test/e2e/scenarios/performance_test.go:41 @ 07/22/25 12:21:12.378&#xA;&lt; Exit [AfterEach] Performance and Stress E2E Tests - /Users/seancorkum/projects/devops-mcp/test/e2e/scenarios/performance_test.go:41 @ 07/22/25 12:21:12.387 (9ms)&#xA;&#xA;Attempt #1 Failed.  Retrying â†º @ 07/22/25 12:21:12.387&#xA;&#xA;&gt; Enter [BeforeEach] Performance and Stress E2E Tests - /Users/seancorkum/projects/devops-mcp/test/e2e/scenarios/performance_test.go:31 @ 07/22/25 12:21:12.388&#xA;&lt; Exit [BeforeEach] Performance and Stress E2E Tests - /Users/seancorkum/projects/devops-mcp/test/e2e/scenarios/performance_test.go:31 @ 07/22/25 12:21:12.388 (0s)&#xA;&gt; Enter [It] should maintain stable performance under sustained load - /Users/seancorkum/projects/devops-mcp/test/e2e/scenarios/performance_test.go:503 @ 07/22/25 12:21:12.388&#xA;[FAILED] Unexpected error:&#xA;    &lt;*fmt.wrapError | 0xc00049c560&gt;: &#xA;    failed to connect: failed to WebSocket dial: expected handshake response status code 101 but got 401&#xA;    {&#xA;        msg: &#34;failed to connect: failed to WebSocket dial: expected handshake response status code 101 but got 401&#34;,&#xA;        err: &lt;*fmt.wrapError | 0xc00049c480&gt;{&#xA;            msg: &#34;failed to WebSocket dial: expected handshake response status code 101 but got 401&#34;,&#xA;            err: &lt;*errors.errorString | 0xc0003de340&gt;{&#xA;                s: &#34;expected handshake response status code 101 but got 401&#34;,&#xA;            },&#xA;        },&#xA;    }&#xA;occurred&#xA;In [It] at: /Users/seancorkum/projects/devops-mcp/test/e2e/scenarios/performance_test.go:530 @ 07/22/25 12:21:12.473&#xA;&lt; Exit [It] should maintain stable performance under sustained load - /Users/seancorkum/projects/devops-mcp/test/e2e/scenarios/performance_test.go:503 @ 07/22/25 12:21:12.473 (85ms)&#xA;&gt; Enter [AfterEach] Performance and Stress E2E Tests - /Users/seancorkum/projects/devops-mcp/test/e2e/scenarios/performance_test.go:41 @ 07/22/25 12:21:12.473&#xA;&lt; Exit [AfterEach] Performance and Stress E2E Tests - /Users/seancorkum/projects/devops-mcp/test/e2e/scenarios/performance_test.go:41 @ 07/22/25 12:21:12.475 (3ms)&#xA;</system-err>
          </testcase>
          <testcase name="[It] Performance and Stress E2E Tests Binary Protocol Performance should demonstrate binary protocol efficiency" classname="E2E Scenarios Suite" status="failed" time="0.098131533">
              <failure message="Unexpected error:&#xA;    &lt;*fmt.wrapError | 0xc000266be0&gt;: &#xA;    failed to connect: failed to WebSocket dial: expected handshake response status code 101 but got 401&#xA;    {&#xA;        msg: &#34;failed to connect: failed to WebSocket dial: expected handshake response status code 101 but got 401&#34;,&#xA;        err: &lt;*fmt.wrapError | 0xc000266bc0&gt;{&#xA;            msg: &#34;failed to WebSocket dial: expected handshake response status code 101 but got 401&#34;,&#xA;            err: &lt;*errors.errorString | 0xc0004384e0&gt;{&#xA;                s: &#34;expected handshake response status code 101 but got 401&#34;,&#xA;            },&#xA;        },&#xA;    }&#xA;occurred" type="failed">[FAILED] Unexpected error:&#xA;    &lt;*fmt.wrapError | 0xc000266be0&gt;: &#xA;    failed to connect: failed to WebSocket dial: expected handshake response status code 101 but got 401&#xA;    {&#xA;        msg: &#34;failed to connect: failed to WebSocket dial: expected handshake response status code 101 but got 401&#34;,&#xA;        err: &lt;*fmt.wrapError | 0xc000266bc0&gt;{&#xA;            msg: &#34;failed to WebSocket dial: expected handshake response status code 101 but got 401&#34;,&#xA;            err: &lt;*errors.errorString | 0xc0004384e0&gt;{&#xA;                s: &#34;expected handshake response status code 101 but got 401&#34;,&#xA;            },&#xA;        },&#xA;    }&#xA;occurred&#xA;In [It] at: /Users/seancorkum/projects/devops-mcp/test/e2e/scenarios/performance_test.go:657 @ 07/22/25 12:21:12.572&#xA;&#xA;There were additional failures detected after the initial failure. These are visible in the timeline&#xA;</failure>
              <system-err>&gt; Enter [BeforeEach] Performance and Stress E2E Tests - /Users/seancorkum/projects/devops-mcp/test/e2e/scenarios/performance_test.go:31 @ 07/22/25 12:21:12.476&#xA;&lt; Exit [BeforeEach] Performance and Stress E2E Tests - /Users/seancorkum/projects/devops-mcp/test/e2e/scenarios/performance_test.go:31 @ 07/22/25 12:21:12.477 (0s)&#xA;&gt; Enter [It] should demonstrate binary protocol efficiency - /Users/seancorkum/projects/devops-mcp/test/e2e/scenarios/performance_test.go:627 @ 07/22/25 12:21:12.477&#xA;[FAILED] Failure recorded during attempt 1:&#xA;Unexpected error:&#xA;    &lt;*fmt.wrapError | 0xc00049cc60&gt;: &#xA;    failed to connect: failed to WebSocket dial: expected handshake response status code 101 but got 401&#xA;    {&#xA;        msg: &#34;failed to connect: failed to WebSocket dial: expected handshake response status code 101 but got 401&#34;,&#xA;        err: &lt;*fmt.wrapError | 0xc00049cc40&gt;{&#xA;            msg: &#34;failed to WebSocket dial: expected handshake response status code 101 but got 401&#34;,&#xA;            err: &lt;*errors.errorString | 0xc00029edd0&gt;{&#xA;                s: &#34;expected handshake response status code 101 but got 401&#34;,&#xA;            },&#xA;        },&#xA;    }&#xA;occurred&#xA;In [It] at: /Users/seancorkum/projects/devops-mcp/test/e2e/scenarios/performance_test.go:657 @ 07/22/25 12:21:12.521&#xA;&lt; Exit [It] should demonstrate binary protocol efficiency - /Users/seancorkum/projects/devops-mcp/test/e2e/scenarios/performance_test.go:627 @ 07/22/25 12:21:12.521 (44ms)&#xA;&gt; Enter [AfterEach] Performance and Stress E2E Tests - /Users/seancorkum/projects/devops-mcp/test/e2e/scenarios/performance_test.go:41 @ 07/22/25 12:21:12.521&#xA;&lt; Exit [AfterEach] Performance and Stress E2E Tests - /Users/seancorkum/projects/devops-mcp/test/e2e/scenarios/performance_test.go:41 @ 07/22/25 12:21:12.523 (2ms)&#xA;&#xA;Attempt #1 Failed.  Retrying â†º @ 07/22/25 12:21:12.523&#xA;&#xA;&gt; Enter [BeforeEach] Performance and Stress E2E Tests - /Users/seancorkum/projects/devops-mcp/test/e2e/scenarios/performance_test.go:31 @ 07/22/25 12:21:12.523&#xA;&lt; Exit [BeforeEach] Performance and Stress E2E Tests - /Users/seancorkum/projects/devops-mcp/test/e2e/scenarios/performance_test.go:31 @ 07/22/25 12:21:12.524 (0s)&#xA;&gt; Enter [It] should demonstrate binary protocol efficiency - /Users/seancorkum/projects/devops-mcp/test/e2e/scenarios/performance_test.go:627 @ 07/22/25 12:21:12.524&#xA;[FAILED] Unexpected error:&#xA;    &lt;*fmt.wrapError | 0xc000266be0&gt;: &#xA;    failed to connect: failed to WebSocket dial: expected handshake response status code 101 but got 401&#xA;    {&#xA;        msg: &#34;failed to connect: failed to WebSocket dial: expected handshake response status code 101 but got 401&#34;,&#xA;        err: &lt;*fmt.wrapError | 0xc000266bc0&gt;{&#xA;            msg: &#34;failed to WebSocket dial: expected handshake response status code 101 but got 401&#34;,&#xA;            err: &lt;*errors.errorString | 0xc0004384e0&gt;{&#xA;                s: &#34;expected handshake response status code 101 but got 401&#34;,&#xA;            },&#xA;        },&#xA;    }&#xA;occurred&#xA;In [It] at: /Users/seancorkum/projects/devops-mcp/test/e2e/scenarios/performance_test.go:657 @ 07/22/25 12:21:12.572&#xA;&lt; Exit [It] should demonstrate binary protocol efficiency - /Users/seancorkum/projects/devops-mcp/test/e2e/scenarios/performance_test.go:627 @ 07/22/25 12:21:12.572 (48ms)&#xA;&gt; Enter [AfterEach] Performance and Stress E2E Tests - /Users/seancorkum/projects/devops-mcp/test/e2e/scenarios/performance_test.go:41 @ 07/22/25 12:21:12.572&#xA;&lt; Exit [AfterEach] Performance and Stress E2E Tests - /Users/seancorkum/projects/devops-mcp/test/e2e/scenarios/performance_test.go:41 @ 07/22/25 12:21:12.574 (2ms)&#xA;</system-err>
          </testcase>
          <testcase name="[It] Multi-Agent Collaboration E2E Tests Parallel Task Execution should execute tasks in parallel across multiple agents" classname="E2E Scenarios Suite" status="failed" time="0.104828359">
              <failure message="Unexpected error:&#xA;    &lt;*fmt.wrapError | 0xc0003380a0&gt;: &#xA;    failed to connect: failed to WebSocket dial: expected handshake response status code 101 but got 401&#xA;    {&#xA;        msg: &#34;failed to connect: failed to WebSocket dial: expected handshake response status code 101 but got 401&#34;,&#xA;        err: &lt;*fmt.wrapError | 0xc000338080&gt;{&#xA;            msg: &#34;failed to WebSocket dial: expected handshake response status code 101 but got 401&#34;,&#xA;            err: &lt;*errors.errorString | 0xc00038a000&gt;{&#xA;                s: &#34;expected handshake response status code 101 but got 401&#34;,&#xA;            },&#xA;        },&#xA;    }&#xA;occurred" type="failed">[FAILED] Unexpected error:&#xA;    &lt;*fmt.wrapError | 0xc0003380a0&gt;: &#xA;    failed to connect: failed to WebSocket dial: expected handshake response status code 101 but got 401&#xA;    {&#xA;        msg: &#34;failed to connect: failed to WebSocket dial: expected handshake response status code 101 but got 401&#34;,&#xA;        err: &lt;*fmt.wrapError | 0xc000338080&gt;{&#xA;            msg: &#34;failed to WebSocket dial: expected handshake response status code 101 but got 401&#34;,&#xA;            err: &lt;*errors.errorString | 0xc00038a000&gt;{&#xA;                s: &#34;expected handshake response status code 101 but got 401&#34;,&#xA;            },&#xA;        },&#xA;    }&#xA;occurred&#xA;In [It] at: /Users/seancorkum/projects/devops-mcp/test/e2e/scenarios/multi_agent_test.go:291 @ 07/22/25 12:21:12.677&#xA;&#xA;There were additional failures detected after the initial failure. These are visible in the timeline&#xA;</failure>
              <system-err>&gt; Enter [BeforeEach] Multi-Agent Collaboration E2E Tests - /Users/seancorkum/projects/devops-mcp/test/e2e/scenarios/multi_agent_test.go:28 @ 07/22/25 12:21:12.576&#xA;&lt; Exit [BeforeEach] Multi-Agent Collaboration E2E Tests - /Users/seancorkum/projects/devops-mcp/test/e2e/scenarios/multi_agent_test.go:28 @ 07/22/25 12:21:12.58 (5ms)&#xA;&gt; Enter [It] should execute tasks in parallel across multiple agents - /Users/seancorkum/projects/devops-mcp/test/e2e/scenarios/multi_agent_test.go:265 @ 07/22/25 12:21:12.581&#xA;[FAILED] Failure recorded during attempt 1:&#xA;Unexpected error:&#xA;    &lt;*fmt.wrapError | 0xc00049c560&gt;: &#xA;    failed to connect: failed to WebSocket dial: expected handshake response status code 101 but got 401&#xA;    {&#xA;        msg: &#34;failed to connect: failed to WebSocket dial: expected handshake response status code 101 but got 401&#34;,&#xA;        err: &lt;*fmt.wrapError | 0xc00049c480&gt;{&#xA;            msg: &#34;failed to WebSocket dial: expected handshake response status code 101 but got 401&#34;,&#xA;            err: &lt;*errors.errorString | 0xc00029e000&gt;{&#xA;                s: &#34;expected handshake response status code 101 but got 401&#34;,&#xA;            },&#xA;        },&#xA;    }&#xA;occurred&#xA;In [It] at: /Users/seancorkum/projects/devops-mcp/test/e2e/scenarios/multi_agent_test.go:291 @ 07/22/25 12:21:12.623&#xA;&lt; Exit [It] should execute tasks in parallel across multiple agents - /Users/seancorkum/projects/devops-mcp/test/e2e/scenarios/multi_agent_test.go:265 @ 07/22/25 12:21:12.623 (42ms)&#xA;&gt; Enter [AfterEach] Multi-Agent Collaboration E2E Tests - /Users/seancorkum/projects/devops-mcp/test/e2e/scenarios/multi_agent_test.go:38 @ 07/22/25 12:21:12.623&#xA;&lt; Exit [AfterEach] Multi-Agent Collaboration E2E Tests - /Users/seancorkum/projects/devops-mcp/test/e2e/scenarios/multi_agent_test.go:38 @ 07/22/25 12:21:12.625 (3ms)&#xA;&#xA;Attempt #1 Failed.  Retrying â†º @ 07/22/25 12:21:12.626&#xA;&#xA;&gt; Enter [BeforeEach] Multi-Agent Collaboration E2E Tests - /Users/seancorkum/projects/devops-mcp/test/e2e/scenarios/multi_agent_test.go:28 @ 07/22/25 12:21:12.626&#xA;&lt; Exit [BeforeEach] Multi-Agent Collaboration E2E Tests - /Users/seancorkum/projects/devops-mcp/test/e2e/scenarios/multi_agent_test.go:28 @ 07/22/25 12:21:12.629 (3ms)&#xA;&gt; Enter [It] should execute tasks in parallel across multiple agents - /Users/seancorkum/projects/devops-mcp/test/e2e/scenarios/multi_agent_test.go:265 @ 07/22/25 12:21:12.629&#xA;[FAILED] Unexpected error:&#xA;    &lt;*fmt.wrapError | 0xc0003380a0&gt;: &#xA;    failed to connect: failed to WebSocket dial: expected handshake response status code 101 but got 401&#xA;    {&#xA;        msg: &#34;failed to connect: failed to WebSocket dial: expected handshake response status code 101 but got 401&#34;,&#xA;        err: &lt;*fmt.wrapError | 0xc000338080&gt;{&#xA;            msg: &#34;failed to WebSocket dial: expected handshake response status code 101 but got 401&#34;,&#xA;            err: &lt;*errors.errorString | 0xc00038a000&gt;{&#xA;                s: &#34;expected handshake response status code 101 but got 401&#34;,&#xA;            },&#xA;        },&#xA;    }&#xA;occurred&#xA;In [It] at: /Users/seancorkum/projects/devops-mcp/test/e2e/scenarios/multi_agent_test.go:291 @ 07/22/25 12:21:12.677&#xA;&lt; Exit [It] should execute tasks in parallel across multiple agents - /Users/seancorkum/projects/devops-mcp/test/e2e/scenarios/multi_agent_test.go:265 @ 07/22/25 12:21:12.677 (48ms)&#xA;&gt; Enter [AfterEach] Multi-Agent Collaboration E2E Tests - /Users/seancorkum/projects/devops-mcp/test/e2e/scenarios/multi_agent_test.go:38 @ 07/22/25 12:21:12.678&#xA;&lt; Exit [AfterEach] Multi-Agent Collaboration E2E Tests - /Users/seancorkum/projects/devops-mcp/test/e2e/scenarios/multi_agent_test.go:38 @ 07/22/25 12:21:12.68 (3ms)&#xA;</system-err>
          </testcase>
          <testcase name="[It] Multi-Agent Collaboration E2E Tests MapReduce Pattern should execute MapReduce workflow across agents" classname="E2E Scenarios Suite" status="failed" time="0.098747262">
              <failure message="Unexpected error:&#xA;    &lt;*fmt.wrapError | 0xc000338120&gt;: &#xA;    failed to connect: failed to WebSocket dial: expected handshake response status code 101 but got 429&#xA;    {&#xA;        msg: &#34;failed to connect: failed to WebSocket dial: expected handshake response status code 101 but got 429&#34;,&#xA;        err: &lt;*fmt.wrapError | 0xc000338100&gt;{&#xA;            msg: &#34;failed to WebSocket dial: expected handshake response status code 101 but got 429&#34;,&#xA;            err: &lt;*errors.errorString | 0xc0005ca000&gt;{&#xA;                s: &#34;expected handshake response status code 101 but got 429&#34;,&#xA;            },&#xA;        },&#xA;    }&#xA;occurred" type="failed">[FAILED] Unexpected error:&#xA;    &lt;*fmt.wrapError | 0xc000338120&gt;: &#xA;    failed to connect: failed to WebSocket dial: expected handshake response status code 101 but got 429&#xA;    {&#xA;        msg: &#34;failed to connect: failed to WebSocket dial: expected handshake response status code 101 but got 429&#34;,&#xA;        err: &lt;*fmt.wrapError | 0xc000338100&gt;{&#xA;            msg: &#34;failed to WebSocket dial: expected handshake response status code 101 but got 429&#34;,&#xA;            err: &lt;*errors.errorString | 0xc0005ca000&gt;{&#xA;                s: &#34;expected handshake response status code 101 but got 429&#34;,&#xA;            },&#xA;        },&#xA;    }&#xA;occurred&#xA;In [It] at: /Users/seancorkum/projects/devops-mcp/test/e2e/scenarios/multi_agent_test.go:489 @ 07/22/25 12:21:12.778&#xA;&#xA;There were additional failures detected after the initial failure. These are visible in the timeline&#xA;</failure>
              <system-err>&gt; Enter [BeforeEach] Multi-Agent Collaboration E2E Tests - /Users/seancorkum/projects/devops-mcp/test/e2e/scenarios/multi_agent_test.go:28 @ 07/22/25 12:21:12.681&#xA;&lt; Exit [BeforeEach] Multi-Agent Collaboration E2E Tests - /Users/seancorkum/projects/devops-mcp/test/e2e/scenarios/multi_agent_test.go:28 @ 07/22/25 12:21:12.685 (3ms)&#xA;&gt; Enter [It] should execute MapReduce workflow across agents - /Users/seancorkum/projects/devops-mcp/test/e2e/scenarios/multi_agent_test.go:463 @ 07/22/25 12:21:12.685&#xA;[FAILED] Failure recorded during attempt 1:&#xA;Unexpected error:&#xA;    &lt;*fmt.wrapError | 0xc00049c5e0&gt;: &#xA;    failed to connect: failed to WebSocket dial: expected handshake response status code 101 but got 429&#xA;    {&#xA;        msg: &#34;failed to connect: failed to WebSocket dial: expected handshake response status code 101 but got 429&#34;,&#xA;        err: &lt;*fmt.wrapError | 0xc00049c480&gt;{&#xA;            msg: &#34;failed to WebSocket dial: expected handshake response status code 101 but got 429&#34;,&#xA;            err: &lt;*errors.errorString | 0xc000350000&gt;{&#xA;                s: &#34;expected handshake response status code 101 but got 429&#34;,&#xA;            },&#xA;        },&#xA;    }&#xA;occurred&#xA;In [It] at: /Users/seancorkum/projects/devops-mcp/test/e2e/scenarios/multi_agent_test.go:489 @ 07/22/25 12:21:12.73&#xA;&lt; Exit [It] should execute MapReduce workflow across agents - /Users/seancorkum/projects/devops-mcp/test/e2e/scenarios/multi_agent_test.go:463 @ 07/22/25 12:21:12.73 (45ms)&#xA;&gt; Enter [AfterEach] Multi-Agent Collaboration E2E Tests - /Users/seancorkum/projects/devops-mcp/test/e2e/scenarios/multi_agent_test.go:38 @ 07/22/25 12:21:12.73&#xA;&lt; Exit [AfterEach] Multi-Agent Collaboration E2E Tests - /Users/seancorkum/projects/devops-mcp/test/e2e/scenarios/multi_agent_test.go:38 @ 07/22/25 12:21:12.733 (3ms)&#xA;&#xA;Attempt #1 Failed.  Retrying â†º @ 07/22/25 12:21:12.733&#xA;&#xA;&gt; Enter [BeforeEach] Multi-Agent Collaboration E2E Tests - /Users/seancorkum/projects/devops-mcp/test/e2e/scenarios/multi_agent_test.go:28 @ 07/22/25 12:21:12.733&#xA;&lt; Exit [BeforeEach] Multi-Agent Collaboration E2E Tests - /Users/seancorkum/projects/devops-mcp/test/e2e/scenarios/multi_agent_test.go:28 @ 07/22/25 12:21:12.736 (3ms)&#xA;&gt; Enter [It] should execute MapReduce workflow across agents - /Users/seancorkum/projects/devops-mcp/test/e2e/scenarios/multi_agent_test.go:463 @ 07/22/25 12:21:12.736&#xA;[FAILED] Unexpected error:&#xA;    &lt;*fmt.wrapError | 0xc000338120&gt;: &#xA;    failed to connect: failed to WebSocket dial: expected handshake response status code 101 but got 429&#xA;    {&#xA;        msg: &#34;failed to connect: failed to WebSocket dial: expected handshake response status code 101 but got 429&#34;,&#xA;        err: &lt;*fmt.wrapError | 0xc000338100&gt;{&#xA;            msg: &#34;failed to WebSocket dial: expected handshake response status code 101 but got 429&#34;,&#xA;            err: &lt;*errors.errorString | 0xc0005ca000&gt;{&#xA;                s: &#34;expected handshake response status code 101 but got 429&#34;,&#xA;            },&#xA;        },&#xA;    }&#xA;occurred&#xA;In [It] at: /Users/seancorkum/projects/devops-mcp/test/e2e/scenarios/multi_agent_test.go:489 @ 07/22/25 12:21:12.778&#xA;&lt; Exit [It] should execute MapReduce workflow across agents - /Users/seancorkum/projects/devops-mcp/test/e2e/scenarios/multi_agent_test.go:463 @ 07/22/25 12:21:12.778 (42ms)&#xA;&gt; Enter [AfterEach] Multi-Agent Collaboration E2E Tests - /Users/seancorkum/projects/devops-mcp/test/e2e/scenarios/multi_agent_test.go:38 @ 07/22/25 12:21:12.778&#xA;&lt; Exit [AfterEach] Multi-Agent Collaboration E2E Tests - /Users/seancorkum/projects/devops-mcp/test/e2e/scenarios/multi_agent_test.go:38 @ 07/22/25 12:21:12.78 (2ms)&#xA;</system-err>
          </testcase>
          <testcase name="[It] Multi-Tenant E2E Tests Feature Flags should respect tenant-specific feature flags" classname="E2E Scenarios Suite" status="failed" time="0.109446014">
              <failure message="Unexpected error:&#xA;    &lt;*fmt.wrapError | 0xc00049c120&gt;: &#xA;    failed to connect: failed to WebSocket dial: expected handshake response status code 101 but got 401&#xA;    {&#xA;        msg: &#34;failed to connect: failed to WebSocket dial: expected handshake response status code 101 but got 401&#34;,&#xA;        err: &lt;*fmt.wrapError | 0xc00049c100&gt;{&#xA;            msg: &#34;failed to WebSocket dial: expected handshake response status code 101 but got 401&#34;,&#xA;            err: &lt;*errors.errorString | 0xc00029e010&gt;{&#xA;                s: &#34;expected handshake response status code 101 but got 401&#34;,&#xA;            },&#xA;        },&#xA;    }&#xA;occurred" type="failed">[FAILED] Unexpected error:&#xA;    &lt;*fmt.wrapError | 0xc00049c120&gt;: &#xA;    failed to connect: failed to WebSocket dial: expected handshake response status code 101 but got 401&#xA;    {&#xA;        msg: &#34;failed to connect: failed to WebSocket dial: expected handshake response status code 101 but got 401&#34;,&#xA;        err: &lt;*fmt.wrapError | 0xc00049c100&gt;{&#xA;            msg: &#34;failed to WebSocket dial: expected handshake response status code 101 but got 401&#34;,&#xA;            err: &lt;*errors.errorString | 0xc00029e010&gt;{&#xA;                s: &#34;expected handshake response status code 101 but got 401&#34;,&#xA;            },&#xA;        },&#xA;    }&#xA;occurred&#xA;In [It] at: /Users/seancorkum/projects/devops-mcp/test/e2e/scenarios/multi_tenant_test.go:289 @ 07/22/25 12:21:12.888&#xA;&#xA;There were additional failures detected after the initial failure. These are visible in the timeline&#xA;</failure>
              <system-out>[12:21:12] [INFO] multi-tenant: Testing tenant-specific feature flags&#xA;[12:21:12] [INFO] multi-tenant: Testing tenant-specific feature flags&#xA;</system-out>
              <system-err>&gt; Enter [BeforeEach] Multi-Tenant E2E Tests - /Users/seancorkum/projects/devops-mcp/test/e2e/scenarios/multi_tenant_test.go:30 @ 07/22/25 12:21:12.781&#xA;&lt; Exit [BeforeEach] Multi-Tenant E2E Tests - /Users/seancorkum/projects/devops-mcp/test/e2e/scenarios/multi_tenant_test.go:30 @ 07/22/25 12:21:12.784 (3ms)&#xA;&gt; Enter [It] should respect tenant-specific feature flags - /Users/seancorkum/projects/devops-mcp/test/e2e/scenarios/multi_tenant_test.go:255 @ 07/22/25 12:21:12.784&#xA;[FAILED] Failure recorded during attempt 1:&#xA;Unexpected error:&#xA;    &lt;*fmt.wrapError | 0xc0004102e0&gt;: &#xA;    failed to connect: failed to WebSocket dial: expected handshake response status code 101 but got 429&#xA;    {&#xA;        msg: &#34;failed to connect: failed to WebSocket dial: expected handshake response status code 101 but got 429&#34;,&#xA;        err: &lt;*fmt.wrapError | 0xc0004102c0&gt;{&#xA;            msg: &#34;failed to WebSocket dial: expected handshake response status code 101 but got 429&#34;,&#xA;            err: &lt;*errors.errorString | 0xc0006a6940&gt;{&#xA;                s: &#34;expected handshake response status code 101 but got 429&#34;,&#xA;            },&#xA;        },&#xA;    }&#xA;occurred&#xA;In [It] at: /Users/seancorkum/projects/devops-mcp/test/e2e/scenarios/multi_tenant_test.go:289 @ 07/22/25 12:21:12.837&#xA;&lt; Exit [It] should respect tenant-specific feature flags - /Users/seancorkum/projects/devops-mcp/test/e2e/scenarios/multi_tenant_test.go:255 @ 07/22/25 12:21:12.837 (52ms)&#xA;&gt; Enter [AfterEach] Multi-Tenant E2E Tests - /Users/seancorkum/projects/devops-mcp/test/e2e/scenarios/multi_tenant_test.go:40 @ 07/22/25 12:21:12.837&#xA;&lt; Exit [AfterEach] Multi-Tenant E2E Tests - /Users/seancorkum/projects/devops-mcp/test/e2e/scenarios/multi_tenant_test.go:40 @ 07/22/25 12:21:12.839 (3ms)&#xA;&#xA;Attempt #1 Failed.  Retrying â†º @ 07/22/25 12:21:12.839&#xA;&#xA;&gt; Enter [BeforeEach] Multi-Tenant E2E Tests - /Users/seancorkum/projects/devops-mcp/test/e2e/scenarios/multi_tenant_test.go:30 @ 07/22/25 12:21:12.84&#xA;&lt; Exit [BeforeEach] Multi-Tenant E2E Tests - /Users/seancorkum/projects/devops-mcp/test/e2e/scenarios/multi_tenant_test.go:30 @ 07/22/25 12:21:12.844 (4ms)&#xA;&gt; Enter [It] should respect tenant-specific feature flags - /Users/seancorkum/projects/devops-mcp/test/e2e/scenarios/multi_tenant_test.go:255 @ 07/22/25 12:21:12.844&#xA;[FAILED] Unexpected error:&#xA;    &lt;*fmt.wrapError | 0xc00049c120&gt;: &#xA;    failed to connect: failed to WebSocket dial: expected handshake response status code 101 but got 401&#xA;    {&#xA;        msg: &#34;failed to connect: failed to WebSocket dial: expected handshake response status code 101 but got 401&#34;,&#xA;        err: &lt;*fmt.wrapError | 0xc00049c100&gt;{&#xA;            msg: &#34;failed to WebSocket dial: expected handshake response status code 101 but got 401&#34;,&#xA;            err: &lt;*errors.errorString | 0xc00029e010&gt;{&#xA;                s: &#34;expected handshake response status code 101 but got 401&#34;,&#xA;            },&#xA;        },&#xA;    }&#xA;occurred&#xA;In [It] at: /Users/seancorkum/projects/devops-mcp/test/e2e/scenarios/multi_tenant_test.go:289 @ 07/22/25 12:21:12.888&#xA;&lt; Exit [It] should respect tenant-specific feature flags - /Users/seancorkum/projects/devops-mcp/test/e2e/scenarios/multi_tenant_test.go:255 @ 07/22/25 12:21:12.888 (44ms)&#xA;&gt; Enter [AfterEach] Multi-Tenant E2E Tests - /Users/seancorkum/projects/devops-mcp/test/e2e/scenarios/multi_tenant_test.go:40 @ 07/22/25 12:21:12.888&#xA;&lt; Exit [AfterEach] Multi-Tenant E2E Tests - /Users/seancorkum/projects/devops-mcp/test/e2e/scenarios/multi_tenant_test.go:40 @ 07/22/25 12:21:12.891 (3ms)&#xA;</system-err>
          </testcase>
          <testcase name="[It] Single Agent E2E Tests Basic Agent Lifecycle should handle reconnection" classname="E2E Scenarios Suite" status="failed" time="0.103772608">
              <failure message="Unexpected error:&#xA;    &lt;*fmt.wrapError | 0xc000266340&gt;: &#xA;    failed to connect: failed to WebSocket dial: expected handshake response status code 101 but got 401&#xA;    {&#xA;        msg: &#34;failed to connect: failed to WebSocket dial: expected handshake response status code 101 but got 401&#34;,&#xA;        err: &lt;*fmt.wrapError | 0xc000266300&gt;{&#xA;            msg: &#34;failed to WebSocket dial: expected handshake response status code 101 but got 401&#34;,&#xA;            err: &lt;*errors.errorString | 0xc000a8c850&gt;{&#xA;                s: &#34;expected handshake response status code 101 but got 401&#34;,&#xA;            },&#xA;        },&#xA;    }&#xA;occurred" type="failed">[FAILED] Unexpected error:&#xA;    &lt;*fmt.wrapError | 0xc000266340&gt;: &#xA;    failed to connect: failed to WebSocket dial: expected handshake response status code 101 but got 401&#xA;    {&#xA;        msg: &#34;failed to connect: failed to WebSocket dial: expected handshake response status code 101 but got 401&#34;,&#xA;        err: &lt;*fmt.wrapError | 0xc000266300&gt;{&#xA;            msg: &#34;failed to WebSocket dial: expected handshake response status code 101 but got 401&#34;,&#xA;            err: &lt;*errors.errorString | 0xc000a8c850&gt;{&#xA;                s: &#34;expected handshake response status code 101 but got 401&#34;,&#xA;            },&#xA;        },&#xA;    }&#xA;occurred&#xA;In [It] at: /Users/seancorkum/projects/devops-mcp/test/e2e/scenarios/single_agent_test.go:130 @ 07/22/25 12:21:12.993&#xA;&#xA;There were additional failures detected after the initial failure. These are visible in the timeline&#xA;</failure>
              <system-err>&gt; Enter [BeforeEach] Single Agent E2E Tests - /Users/seancorkum/projects/devops-mcp/test/e2e/scenarios/single_agent_test.go:30 @ 07/22/25 12:21:12.891&#xA;&lt; Exit [BeforeEach] Single Agent E2E Tests - /Users/seancorkum/projects/devops-mcp/test/e2e/scenarios/single_agent_test.go:30 @ 07/22/25 12:21:12.894 (3ms)&#xA;&gt; Enter [It] should handle reconnection - /Users/seancorkum/projects/devops-mcp/test/e2e/scenarios/single_agent_test.go:107 @ 07/22/25 12:21:12.894&#xA;[FAILED] Failure recorded during attempt 1:&#xA;Unexpected error:&#xA;    &lt;*fmt.wrapError | 0xc00049c120&gt;: &#xA;    failed to connect: failed to WebSocket dial: expected handshake response status code 101 but got 429&#xA;    {&#xA;        msg: &#34;failed to connect: failed to WebSocket dial: expected handshake response status code 101 but got 429&#34;,&#xA;        err: &lt;*fmt.wrapError | 0xc00049c100&gt;{&#xA;            msg: &#34;failed to WebSocket dial: expected handshake response status code 101 but got 429&#34;,&#xA;            err: &lt;*errors.errorString | 0xc0007f0000&gt;{&#xA;                s: &#34;expected handshake response status code 101 but got 429&#34;,&#xA;            },&#xA;        },&#xA;    }&#xA;occurred&#xA;In [It] at: /Users/seancorkum/projects/devops-mcp/test/e2e/scenarios/single_agent_test.go:130 @ 07/22/25 12:21:12.94&#xA;&lt; Exit [It] should handle reconnection - /Users/seancorkum/projects/devops-mcp/test/e2e/scenarios/single_agent_test.go:107 @ 07/22/25 12:21:12.94 (46ms)&#xA;&gt; Enter [AfterEach] Single Agent E2E Tests - /Users/seancorkum/projects/devops-mcp/test/e2e/scenarios/single_agent_test.go:40 @ 07/22/25 12:21:12.941&#xA;&lt; Exit [AfterEach] Single Agent E2E Tests - /Users/seancorkum/projects/devops-mcp/test/e2e/scenarios/single_agent_test.go:40 @ 07/22/25 12:21:12.944 (3ms)&#xA;&#xA;Attempt #1 Failed.  Retrying â†º @ 07/22/25 12:21:12.944&#xA;&#xA;&gt; Enter [BeforeEach] Single Agent E2E Tests - /Users/seancorkum/projects/devops-mcp/test/e2e/scenarios/single_agent_test.go:30 @ 07/22/25 12:21:12.944&#xA;&lt; Exit [BeforeEach] Single Agent E2E Tests - /Users/seancorkum/projects/devops-mcp/test/e2e/scenarios/single_agent_test.go:30 @ 07/22/25 12:21:12.946 (2ms)&#xA;&gt; Enter [It] should handle reconnection - /Users/seancorkum/projects/devops-mcp/test/e2e/scenarios/single_agent_test.go:107 @ 07/22/25 12:21:12.947&#xA;[FAILED] Unexpected error:&#xA;    &lt;*fmt.wrapError | 0xc000266340&gt;: &#xA;    failed to connect: failed to WebSocket dial: expected handshake response status code 101 but got 401&#xA;    {&#xA;        msg: &#34;failed to connect: failed to WebSocket dial: expected handshake response status code 101 but got 401&#34;,&#xA;        err: &lt;*fmt.wrapError | 0xc000266300&gt;{&#xA;            msg: &#34;failed to WebSocket dial: expected handshake response status code 101 but got 401&#34;,&#xA;            err: &lt;*errors.errorString | 0xc000a8c850&gt;{&#xA;                s: &#34;expected handshake response status code 101 but got 401&#34;,&#xA;            },&#xA;        },&#xA;    }&#xA;occurred&#xA;In [It] at: /Users/seancorkum/projects/devops-mcp/test/e2e/scenarios/single_agent_test.go:130 @ 07/22/25 12:21:12.993&#xA;&lt; Exit [It] should handle reconnection - /Users/seancorkum/projects/devops-mcp/test/e2e/scenarios/single_agent_test.go:107 @ 07/22/25 12:21:12.993 (46ms)&#xA;&gt; Enter [AfterEach] Single Agent E2E Tests - /Users/seancorkum/projects/devops-mcp/test/e2e/scenarios/single_agent_test.go:40 @ 07/22/25 12:21:12.993&#xA;&lt; Exit [AfterEach] Single Agent E2E Tests - /Users/seancorkum/projects/devops-mcp/test/e2e/scenarios/single_agent_test.go:40 @ 07/22/25 12:21:12.995 (2ms)&#xA;</system-err>
          </testcase>
          <testcase name="[It] Single Agent E2E Tests Session Management should manage sessions correctly" classname="E2E Scenarios Suite" status="failed" time="0.106013533">
              <failure message="Unexpected error:&#xA;    &lt;*fmt.wrapError | 0xc000266420&gt;: &#xA;    failed to connect: failed to WebSocket dial: expected handshake response status code 101 but got 429&#xA;    {&#xA;        msg: &#34;failed to connect: failed to WebSocket dial: expected handshake response status code 101 but got 429&#34;,&#xA;        err: &lt;*fmt.wrapError | 0xc000266400&gt;{&#xA;            msg: &#34;failed to WebSocket dial: expected handshake response status code 101 but got 429&#34;,&#xA;            err: &lt;*errors.errorString | 0xc000697f20&gt;{&#xA;                s: &#34;expected handshake response status code 101 but got 429&#34;,&#xA;            },&#xA;        },&#xA;    }&#xA;occurred" type="failed">[FAILED] Unexpected error:&#xA;    &lt;*fmt.wrapError | 0xc000266420&gt;: &#xA;    failed to connect: failed to WebSocket dial: expected handshake response status code 101 but got 429&#xA;    {&#xA;        msg: &#34;failed to connect: failed to WebSocket dial: expected handshake response status code 101 but got 429&#34;,&#xA;        err: &lt;*fmt.wrapError | 0xc000266400&gt;{&#xA;            msg: &#34;failed to WebSocket dial: expected handshake response status code 101 but got 429&#34;,&#xA;            err: &lt;*errors.errorString | 0xc000697f20&gt;{&#xA;                s: &#34;expected handshake response status code 101 but got 429&#34;,&#xA;            },&#xA;        },&#xA;    }&#xA;occurred&#xA;In [It] at: /Users/seancorkum/projects/devops-mcp/test/e2e/scenarios/single_agent_test.go:360 @ 07/22/25 12:21:13.099&#xA;&#xA;There were additional failures detected after the initial failure. These are visible in the timeline&#xA;</failure>
              <system-err>&gt; Enter [BeforeEach] Single Agent E2E Tests - /Users/seancorkum/projects/devops-mcp/test/e2e/scenarios/single_agent_test.go:30 @ 07/22/25 12:21:12.996&#xA;&lt; Exit [BeforeEach] Single Agent E2E Tests - /Users/seancorkum/projects/devops-mcp/test/e2e/scenarios/single_agent_test.go:30 @ 07/22/25 12:21:12.998 (3ms)&#xA;&gt; Enter [It] should manage sessions correctly - /Users/seancorkum/projects/devops-mcp/test/e2e/scenarios/single_agent_test.go:338 @ 07/22/25 12:21:12.999&#xA;[FAILED] Failure recorded during attempt 1:&#xA;Unexpected error:&#xA;    &lt;*fmt.wrapError | 0xc000266a40&gt;: &#xA;    failed to connect: failed to WebSocket dial: expected handshake response status code 101 but got 401&#xA;    {&#xA;        msg: &#34;failed to connect: failed to WebSocket dial: expected handshake response status code 101 but got 401&#34;,&#xA;        err: &lt;*fmt.wrapError | 0xc0002669e0&gt;{&#xA;            msg: &#34;failed to WebSocket dial: expected handshake response status code 101 but got 401&#34;,&#xA;            err: &lt;*errors.errorString | 0xc0007e1690&gt;{&#xA;                s: &#34;expected handshake response status code 101 but got 401&#34;,&#xA;            },&#xA;        },&#xA;    }&#xA;occurred&#xA;In [It] at: /Users/seancorkum/projects/devops-mcp/test/e2e/scenarios/single_agent_test.go:360 @ 07/22/25 12:21:13.046&#xA;&lt; Exit [It] should manage sessions correctly - /Users/seancorkum/projects/devops-mcp/test/e2e/scenarios/single_agent_test.go:338 @ 07/22/25 12:21:13.046 (47ms)&#xA;&gt; Enter [AfterEach] Single Agent E2E Tests - /Users/seancorkum/projects/devops-mcp/test/e2e/scenarios/single_agent_test.go:40 @ 07/22/25 12:21:13.046&#xA;&lt; Exit [AfterEach] Single Agent E2E Tests - /Users/seancorkum/projects/devops-mcp/test/e2e/scenarios/single_agent_test.go:40 @ 07/22/25 12:21:13.049 (3ms)&#xA;&#xA;Attempt #1 Failed.  Retrying â†º @ 07/22/25 12:21:13.05&#xA;&#xA;&gt; Enter [BeforeEach] Single Agent E2E Tests - /Users/seancorkum/projects/devops-mcp/test/e2e/scenarios/single_agent_test.go:30 @ 07/22/25 12:21:13.05&#xA;&lt; Exit [BeforeEach] Single Agent E2E Tests - /Users/seancorkum/projects/devops-mcp/test/e2e/scenarios/single_agent_test.go:30 @ 07/22/25 12:21:13.052 (2ms)&#xA;&gt; Enter [It] should manage sessions correctly - /Users/seancorkum/projects/devops-mcp/test/e2e/scenarios/single_agent_test.go:338 @ 07/22/25 12:21:13.052&#xA;[FAILED] Unexpected error:&#xA;    &lt;*fmt.wrapError | 0xc000266420&gt;: &#xA;    failed to connect: failed to WebSocket dial: expected handshake response status code 101 but got 429&#xA;    {&#xA;        msg: &#34;failed to connect: failed to WebSocket dial: expected handshake response status code 101 but got 429&#34;,&#xA;        err: &lt;*fmt.wrapError | 0xc000266400&gt;{&#xA;            msg: &#34;failed to WebSocket dial: expected handshake response status code 101 but got 429&#34;,&#xA;            err: &lt;*errors.errorString | 0xc000697f20&gt;{&#xA;                s: &#34;expected handshake response status code 101 but got 429&#34;,&#xA;            },&#xA;        },&#xA;    }&#xA;occurred&#xA;In [It] at: /Users/seancorkum/projects/devops-mcp/test/e2e/scenarios/single_agent_test.go:360 @ 07/22/25 12:21:13.099&#xA;&lt; Exit [It] should manage sessions correctly - /Users/seancorkum/projects/devops-mcp/test/e2e/scenarios/single_agent_test.go:338 @ 07/22/25 12:21:13.099 (47ms)&#xA;&gt; Enter [AfterEach] Single Agent E2E Tests - /Users/seancorkum/projects/devops-mcp/test/e2e/scenarios/single_agent_test.go:40 @ 07/22/25 12:21:13.099&#xA;&lt; Exit [AfterEach] Single Agent E2E Tests - /Users/seancorkum/projects/devops-mcp/test/e2e/scenarios/single_agent_test.go:40 @ 07/22/25 12:21:13.102 (2ms)&#xA;</system-err>
          </testcase>
          <testcase name="[It] Performance and Stress E2E Tests Agent Swarm Tests should handle 50 concurrent agents" classname="E2E Scenarios Suite" status="failed" time="0.656417644">
              <failure message="Expected&#xA;    &lt;int32&gt;: 0&#xA;to be &gt;=&#xA;    &lt;int32&gt;: 47" type="failed">[FAILED] Expected&#xA;    &lt;int32&gt;: 0&#xA;to be &gt;=&#xA;    &lt;int32&gt;: 47&#xA;In [It] at: /Users/seancorkum/projects/devops-mcp/test/e2e/scenarios/performance_test.go:158 @ 07/22/25 12:21:12.729&#xA;&#xA;There were additional failures detected after the initial failure. These are visible in the timeline&#xA;</failure>
              <system-out>[12:21:12] [ERROR] performance: Agent 28 connection failed: failed to connect: failed to WebSocket dial: expected handshake response status code 101 but got 401&#xA;[12:21:12] [ERROR] performance: Agent 18 connection failed: failed to connect: failed to WebSocket dial: expected handshake response status code 101 but got 401&#xA;[12:21:12] [ERROR] performance: Agent 2 connection failed: failed to connect: failed to WebSocket dial: expected handshake response status code 101 but got 401&#xA;[12:21:12] [ERROR] performance: Agent 32 connection failed: failed to connect: failed to WebSocket dial: expected handshake response status code 101 but got 401&#xA;[12:21:12] [ERROR] performance: Agent 33 connection failed: failed to connect: failed to WebSocket dial: expected handshake response status code 101 but got 401&#xA;[12:21:12] [ERROR] performance: Agent 30 connection failed: failed to connect: failed to WebSocket dial: expected handshake response status code 101 but got 401&#xA;[12:21:12] [ERROR] performance: Agent 12 connection failed: failed to connect: failed to WebSocket dial: expected handshake response status code 101 but got 401&#xA;[12:21:12] [ERROR] performance: Agent 40 connection failed: failed to connect: failed to WebSocket dial: expected handshake response status code 101 but got 401&#xA;[12:21:12] [ERROR] performance: Agent 9 connection failed: failed to connect: failed to WebSocket dial: expected handshake response status code 101 but got 401&#xA;[12:21:12] [ERROR] performance: Agent 16 connection failed: failed to connect: failed to WebSocket dial: expected handshake response status code 101 but got 401&#xA;[12:21:12] [ERROR] performance: Agent 15 connection failed: failed to connect: failed to WebSocket dial: expected handshake response status code 101 but got 401&#xA;[12:21:12] [ERROR] performance: Agent 47 connection failed: failed to connect: failed to WebSocket dial: expected handshake response status code 101 but got 401&#xA;[12:21:12] [ERROR] performance: Agent 41 connection failed: failed to connect: failed to WebSocket dial: expected handshake response status code 101 but got 401&#xA;[12:21:12] [ERROR] performance: Agent 10 connection failed: failed to connect: failed to WebSocket dial: expected handshake response status code 101 but got 401&#xA;[12:21:12] [ERROR] performance: Agent 5 connection failed: failed to connect: failed to WebSocket dial: expected handshake response status code 101 but got 401&#xA;[12:21:12] [ERROR] performance: Agent 38 connection failed: failed to connect: failed to WebSocket dial: expected handshake response status code 101 but got 401&#xA;[12:21:12] [ERROR] performance: Agent 39 connection failed: failed to connect: failed to WebSocket dial: expected handshake response status code 101 but got 401&#xA;[12:21:12] [ERROR] performance: Agent 20 connection failed: failed to connect: failed to WebSocket dial: expected handshake response status code 101 but got 401&#xA;[12:21:12] [ERROR] performance: Agent 34 connection failed: failed to connect: failed to WebSocket dial: expected handshake response status code 101 but got 401&#xA;[12:21:12] [ERROR] performance: Agent 48 connection failed: failed to connect: failed to WebSocket dial: expected handshake response status code 101 but got 401&#xA;[12:21:12] [ERROR] performance: Agent 24 connection failed: failed to connect: failed to WebSocket dial: expected handshake response status code 101 but got 401&#xA;[12:21:12] [ERROR] performance: Agent 0 connection failed: failed to connect: failed to WebSocket dial: expected handshake response status code 101 but got 401&#xA;[12:21:12] [ERROR] performance: Agent 42 connection failed: failed to connect: failed to WebSocket dial: expected handshake response status code 101 but got 401&#xA;[12:21:12] [ERROR] performance: Agent 13 connection failed: failed to connect: failed to WebSocket dial: expected handshake response status code 101 but got 401&#xA;[12:21:12] [ERROR] performance: Agent 25 connection failed: failed to connect: failed to WebSocket dial: expected handshake response status code 101 but got 401&#xA;[12:21:12] [ERROR] performance: Agent 37 connection failed: failed to connect: failed to WebSocket dial: expected handshake response status code 101 but got 401&#xA;[12:21:12] [ERROR] performance: Agent 26 connection failed: failed to connect: failed to WebSocket dial: expected handshake response status code 101 but got 401&#xA;[12:21:12] [ERROR] performance: Agent 44 connection failed: failed to connect: failed to WebSocket dial: expected handshake response status code 101 but got 401&#xA;[12:21:12] [ERROR] performance: Agent 6 connection failed: failed to connect: failed to WebSocket dial: expected handshake response status code 101 but got 401&#xA;[12:21:12] [ERROR] performance: Agent 22 connection failed: failed to connect: failed to WebSocket dial: expected handshake response status code 101 but got 401&#xA;[12:21:12] [ERROR] performance: Agent 23 connection failed: failed to connect: failed to WebSocket dial: expected handshake response status code 101 but got 401&#xA;[12:21:12] [ERROR] performance: Agent 7 connection failed: failed to connect: failed to WebSocket dial: expected handshake response status code 101 but got 401&#xA;[12:21:12] [ERROR] performance: Agent 11 connection failed: failed to connect: failed to WebSocket dial: expected handshake response status code 101 but got 401&#xA;[12:21:12] [ERROR] performance: Agent 17 connection failed: failed to connect: failed to WebSocket dial: expected handshake response status code 101 but got 401&#xA;[12:21:12] [ERROR] performance: Agent 31 connection failed: failed to connect: failed to WebSocket dial: expected handshake response status code 101 but got 401&#xA;[12:21:12] [ERROR] performance: Agent 3 connection failed: failed to connect: failed to WebSocket dial: expected handshake response status code 101 but got 401&#xA;[12:21:12] [ERROR] performance: Agent 27 connection failed: failed to connect: failed to WebSocket dial: expected handshake response status code 101 but got 401&#xA;[12:21:12] [ERROR] performance: Agent 19 connection failed: failed to connect: failed to WebSocket dial: expected handshake response status code 101 but got 401&#xA;[12:21:12] [ERROR] performance: Agent 35 connection failed: failed to connect: failed to WebSocket dial: expected handshake response status code 101 but got 401&#xA;[12:21:12] [ERROR] performance: Agent 45 connection failed: failed to connect: failed to WebSocket dial: expected handshake response status code 101 but got 401&#xA;[12:21:12] [ERROR] performance: Agent 21 connection failed: failed to connect: failed to WebSocket dial: expected handshake response status code 101 but got 401&#xA;[12:21:12] [ERROR] performance: Agent 29 connection failed: failed to connect: failed to WebSocket dial: expected handshake response status code 101 but got 401&#xA;[12:21:12] [ERROR] performance: Agent 43 connection failed: failed to connect: failed to WebSocket dial: expected handshake response status code 101 but got 401&#xA;[12:21:12] [ERROR] performance: Agent 8 connection failed: failed to connect: failed to WebSocket dial: expected handshake response status code 101 but got 401&#xA;[12:21:12] [ERROR] performance: Agent 14 connection failed: failed to connect: failed to WebSocket dial: expected handshake response status code 101 but got 401&#xA;[12:21:12] [ERROR] performance: Agent 1 connection failed: failed to connect: failed to WebSocket dial: expected handshake response status code 101 but got 401&#xA;[12:21:12] [ERROR] performance: Agent 49 connection failed: failed to connect: failed to WebSocket dial: expected handshake response status code 101 but got 401&#xA;[12:21:12] [ERROR] performance: Agent 46 connection failed: failed to connect: failed to WebSocket dial: expected handshake response status code 101 but got 401&#xA;[12:21:12] [ERROR] performance: Agent 4 connection failed: failed to connect: failed to WebSocket dial: expected handshake response status code 101 but got 401&#xA;[12:21:12] [ERROR] performance: Agent 36 connection failed: failed to connect: failed to WebSocket dial: expected handshake response status code 101 but got 401&#xA;[12:21:12] [INFO] performance: Agent Swarm Results:&#xA;[12:21:12] [INFO] performance:   Agents connected: 0/50&#xA;[12:21:12] [INFO] performance:   Connection time: 415.033516ms&#xA;[12:21:12] [INFO] performance:   Total messages: 0&#xA;[12:21:12] [INFO] performance:   Avg latency: 0s&#xA;[12:21:12] [INFO] performance:   P50 latency: 0s&#xA;[12:21:12] [INFO] performance:   P95 latency: 0s&#xA;[12:21:12] [INFO] performance:   P99 latency: 0s&#xA;[12:21:12] [ERROR] performance: Agent 11 connection failed: failed to connect: failed to WebSocket dial: expected handshake response status code 101 but got 401&#xA;[12:21:12] [ERROR] performance: Agent 12 connection failed: failed to connect: failed to WebSocket dial: expected handshake response status code 101 but got 401&#xA;[12:21:12] [ERROR] performance: Agent 0 connection failed: failed to connect: failed to WebSocket dial: expected handshake response status code 101 but got 401&#xA;[12:21:12] [ERROR] performance: Agent 8 connection failed: failed to connect: failed to WebSocket dial: expected handshake response status code 101 but got 401&#xA;[12:21:12] [ERROR] performance: Agent 49 connection failed: failed to connect: failed to WebSocket dial: expected handshake response status code 101 but got 401&#xA;[12:21:12] [ERROR] performance: Agent 13 connection failed: failed to connect: failed to WebSocket dial: expected handshake response status code 101 but got 401&#xA;[12:21:12] [ERROR] performance: Agent 39 connection failed: failed to connect: failed to WebSocket dial: expected handshake response status code 101 but got 401&#xA;[12:21:12] [ERROR] performance: Agent 35 connection failed: failed to connect: failed to WebSocket dial: expected handshake response status code 101 but got 401&#xA;[12:21:12] [ERROR] performance: Agent 4 connection failed: failed to connect: failed to WebSocket dial: expected handshake response status code 101 but got 401&#xA;[12:21:12] [ERROR] performance: Agent 14 connection failed: failed to connect: failed to WebSocket dial: expected handshake response status code 101 but got 401&#xA;[12:21:12] [ERROR] performance: Agent 22 connection failed: failed to connect: failed to WebSocket dial: expected handshake response status code 101 but got 401&#xA;[12:21:12] [ERROR] performance: Agent 6 connection failed: failed to connect: failed to WebSocket dial: expected handshake response status code 101 but got 401&#xA;[12:21:12] [ERROR] performance: Agent 43 connection failed: failed to connect: failed to WebSocket dial: expected handshake response status code 101 but got 401&#xA;[12:21:12] [ERROR] performance: Agent 18 connection failed: failed to connect: failed to WebSocket dial: expected handshake response status code 101 but got 401&#xA;[12:21:12] [ERROR] performance: Agent 10 connection failed: failed to connect: failed to WebSocket dial: expected handshake response status code 101 but got 401&#xA;[12:21:12] [ERROR] performance: Agent 21 connection failed: failed to connect: failed to WebSocket dial: expected handshake response status code 101 but got 401&#xA;[12:21:12] [ERROR] performance: Agent 24 connection failed: failed to connect: failed to WebSocket dial: expected handshake response status code 101 but got 401&#xA;[12:21:12] [ERROR] performance: Agent 17 connection failed: failed to connect: failed to WebSocket dial: expected handshake response status code 101 but got 401&#xA;[12:21:12] [ERROR] performance: Agent 41 connection failed: failed to connect: failed to WebSocket dial: expected handshake response status code 101 but got 401&#xA;[12:21:12] [ERROR] performance: Agent 5 connection failed: failed to connect: failed to WebSocket dial: expected handshake response status code 101 but got 401&#xA;[12:21:12] [ERROR] performance: Agent 1 connection failed: failed to connect: failed to WebSocket dial: expected handshake response status code 101 but got 401&#xA;[12:21:12] [ERROR] performance: Agent 29 connection failed: failed to connect: failed to WebSocket dial: expected handshake response status code 101 but got 401&#xA;[12:21:12] [ERROR] performance: Agent 9 connection failed: failed to connect: failed to WebSocket dial: expected handshake response status code 101 but got 401&#xA;[12:21:12] [ERROR] performance: Agent 45 connection failed: failed to connect: failed to WebSocket dial: expected handshake response status code 101 but got 401&#xA;[12:21:12] [ERROR] performance: Agent 26 connection failed: failed to connect: failed to WebSocket dial: expected handshake response status code 101 but got 401&#xA;[12:21:12] [ERROR] performance: Agent 16 connection failed: failed to connect: failed to WebSocket dial: expected handshake response status code 101 but got 401&#xA;[12:21:12] [ERROR] performance: Agent 7 connection failed: failed to connect: failed to WebSocket dial: expected handshake response status code 101 but got 401&#xA;[12:21:12] [ERROR] performance: Agent 36 connection failed: failed to connect: failed to WebSocket dial: expected handshake response status code 101 but got 401&#xA;[12:21:12] [ERROR] performance: Agent 2 connection failed: failed to connect: failed to WebSocket dial: expected handshake response status code 101 but got 401&#xA;[12:21:12] [ERROR] performance: Agent 28 connection failed: failed to connect: failed to WebSocket dial: expected handshake response status code 101 but got 429&#xA;[12:21:12] [ERROR] performance: Agent 20 connection failed: failed to connect: failed to WebSocket dial: expected handshake response status code 101 but got 429&#xA;[12:21:12] [ERROR] performance: Agent 3 connection failed: failed to connect: failed to WebSocket dial: expected handshake response status code 101 but got 429&#xA;[12:21:12] [ERROR] performance: Agent 32 connection failed: failed to connect: failed to WebSocket dial: expected handshake response status code 101 but got 401&#xA;[12:21:12] [ERROR] performance: Agent 42 connection failed: failed to connect: failed to WebSocket dial: expected handshake response status code 101 but got 429&#xA;[12:21:12] [ERROR] performance: Agent 25 connection failed: failed to connect: failed to WebSocket dial: expected handshake response status code 101 but got 401&#xA;[12:21:12] [ERROR] performance: Agent 27 connection failed: failed to connect: failed to WebSocket dial: expected handshake response status code 101 but got 429&#xA;[12:21:12] [ERROR] performance: Agent 33 connection failed: failed to connect: failed to WebSocket dial: expected handshake response status code 101 but got 429&#xA;[12:21:12] [ERROR] performance: Agent 34 connection failed: failed to connect: failed to WebSocket dial: expected handshake response status code 101 but got 429&#xA;[12:21:12] [ERROR] performance: Agent 30 connection failed: failed to connect: failed to WebSocket dial: expected handshake response status code 101 but got 429&#xA;[12:21:12] [ERROR] performance: Agent 31 connection failed: failed to connect: failed to WebSocket dial: expected handshake response status code 101 but got 429&#xA;[12:21:12] [ERROR] performance: Agent 44 connection failed: failed to connect: failed to WebSocket dial: expected handshake response status code 101 but got 401&#xA;[12:21:12] [ERROR] performance: Agent 23 connection failed: failed to connect: failed to WebSocket dial: expected handshake response status code 101 but got 429&#xA;[12:21:12] [ERROR] performance: Agent 37 connection failed: failed to connect: failed to WebSocket dial: expected handshake response status code 101 but got 429&#xA;[12:21:12] [ERROR] performance: Agent 40 connection failed: failed to connect: failed to WebSocket dial: expected handshake response status code 101 but got 429&#xA;[12:21:12] [ERROR] performance: Agent 19 connection failed: failed to connect: failed to WebSocket dial: expected handshake response status code 101 but got 429&#xA;[12:21:12] [ERROR] performance: Agent 38 connection failed: failed to connect: failed to WebSocket dial: expected handshake response status code 101 but got 429&#xA;[12:21:12] [ERROR] performance: Agent 15 connection failed: failed to connect: failed to WebSocket dial: expected handshake response status code 101 but got 429&#xA;[12:21:12] [ERROR] performance: Agent 46 connection failed: failed to connect: failed to WebSocket dial: expected handshake response status code 101 but got 429&#xA;[12:21:12] [ERROR] performance: Agent 48 connection failed: failed to connect: failed to WebSocket dial: expected handshake response status code 101 but got 429&#xA;[12:21:12] [ERROR] performance: Agent 47 connection failed: failed to connect: failed to WebSocket dial: expected handshake response status code 101 but got 429&#xA;[12:21:12] [INFO] performance: Agent Swarm Results:&#xA;[12:21:12] [INFO] performance:   Agents connected: 0/50&#xA;[12:21:12] [INFO] performance:   Connection time: 233.448236ms&#xA;[12:21:12] [INFO] performance:   Total messages: 0&#xA;[12:21:12] [INFO] performance:   Avg latency: 0s&#xA;[12:21:12] [INFO] performance:   P50 latency: 0s&#xA;[12:21:12] [INFO] performance:   P95 latency: 0s&#xA;[12:21:12] [INFO] performance:   P99 latency: 0s&#xA;</system-out>
              <system-err>&gt; Enter [BeforeEach] Performance and Stress E2E Tests - /Users/seancorkum/projects/devops-mcp/test/e2e/scenarios/performance_test.go:31 @ 07/22/25 12:21:12.077&#xA;&lt; Exit [BeforeEach] Performance and Stress E2E Tests - /Users/seancorkum/projects/devops-mcp/test/e2e/scenarios/performance_test.go:31 @ 07/22/25 12:21:12.077 (0s)&#xA;&gt; Enter [It] should handle 50 concurrent agents - /Users/seancorkum/projects/devops-mcp/test/e2e/scenarios/performance_test.go:48 @ 07/22/25 12:21:12.078&#xA;[FAILED] Failure recorded during attempt 1:&#xA;Expected&#xA;    &lt;int32&gt;: 0&#xA;to be &gt;=&#xA;    &lt;int32&gt;: 47&#xA;In [It] at: /Users/seancorkum/projects/devops-mcp/test/e2e/scenarios/performance_test.go:158 @ 07/22/25 12:21:12.493&#xA;&lt; Exit [It] should handle 50 concurrent agents - /Users/seancorkum/projects/devops-mcp/test/e2e/scenarios/performance_test.go:48 @ 07/22/25 12:21:12.493 (415ms)&#xA;&gt; Enter [AfterEach] Performance and Stress E2E Tests - /Users/seancorkum/projects/devops-mcp/test/e2e/scenarios/performance_test.go:41 @ 07/22/25 12:21:12.493&#xA;&lt; Exit [AfterEach] Performance and Stress E2E Tests - /Users/seancorkum/projects/devops-mcp/test/e2e/scenarios/performance_test.go:41 @ 07/22/25 12:21:12.495 (2ms)&#xA;&#xA;Attempt #1 Failed.  Retrying â†º @ 07/22/25 12:21:12.495&#xA;&#xA;&gt; Enter [BeforeEach] Performance and Stress E2E Tests - /Users/seancorkum/projects/devops-mcp/test/e2e/scenarios/performance_test.go:31 @ 07/22/25 12:21:12.495&#xA;&lt; Exit [BeforeEach] Performance and Stress E2E Tests - /Users/seancorkum/projects/devops-mcp/test/e2e/scenarios/performance_test.go:31 @ 07/22/25 12:21:12.495 (0s)&#xA;&gt; Enter [It] should handle 50 concurrent agents - /Users/seancorkum/projects/devops-mcp/test/e2e/scenarios/performance_test.go:48 @ 07/22/25 12:21:12.496&#xA;[FAILED] Expected&#xA;    &lt;int32&gt;: 0&#xA;to be &gt;=&#xA;    &lt;int32&gt;: 47&#xA;In [It] at: /Users/seancorkum/projects/devops-mcp/test/e2e/scenarios/performance_test.go:158 @ 07/22/25 12:21:12.729&#xA;&lt; Exit [It] should handle 50 concurrent agents - /Users/seancorkum/projects/devops-mcp/test/e2e/scenarios/performance_test.go:48 @ 07/22/25 12:21:12.729 (234ms)&#xA;&gt; Enter [AfterEach] Performance and Stress E2E Tests - /Users/seancorkum/projects/devops-mcp/test/e2e/scenarios/performance_test.go:41 @ 07/22/25 12:21:12.729&#xA;&lt; Exit [AfterEach] Performance and Stress E2E Tests - /Users/seancorkum/projects/devops-mcp/test/e2e/scenarios/performance_test.go:41 @ 07/22/25 12:21:12.733 (3ms)&#xA;</system-err>
          </testcase>
          <testcase name="[It] Multi-Tenant E2E Tests Rate Limiting should apply different rate limits for different key types" classname="E2E Scenarios Suite" status="passed" time="0.00571617">
              <system-out>[12:21:12] [INFO] multi-tenant: Testing rate limits for different key types&#xA;[12:21:12] [INFO] multi-tenant: Key type user expected rate limit: 60/min&#xA;[12:21:12] [INFO] multi-tenant: Key type admin expected rate limit: 1000/min&#xA;[12:21:12] [INFO] multi-tenant: Key type gateway expected rate limit: 500/min&#xA;[12:21:12] [INFO] multi-tenant: Key type agent expected rate limit: 200/min&#xA;ï¿½[32mâœ“ï¿½[0m rate_limits_by_key_type (29.247Âµs)&#xA;</system-out>
              <system-err>&gt; Enter [BeforeEach] Multi-Tenant E2E Tests - /Users/seancorkum/projects/devops-mcp/test/e2e/scenarios/multi_tenant_test.go:30 @ 07/22/25 12:21:12.734&#xA;&lt; Exit [BeforeEach] Multi-Tenant E2E Tests - /Users/seancorkum/projects/devops-mcp/test/e2e/scenarios/multi_tenant_test.go:30 @ 07/22/25 12:21:12.738 (3ms)&#xA;&gt; Enter [It] should apply different rate limits for different key types - /Users/seancorkum/projects/devops-mcp/test/e2e/scenarios/multi_tenant_test.go:115 @ 07/22/25 12:21:12.738&#xA;&lt; Exit [It] should apply different rate limits for different key types - /Users/seancorkum/projects/devops-mcp/test/e2e/scenarios/multi_tenant_test.go:115 @ 07/22/25 12:21:12.738 (0s)&#xA;&gt; Enter [AfterEach] Multi-Tenant E2E Tests - /Users/seancorkum/projects/devops-mcp/test/e2e/scenarios/multi_tenant_test.go:40 @ 07/22/25 12:21:12.738&#xA;&lt; Exit [AfterEach] Multi-Tenant E2E Tests - /Users/seancorkum/projects/devops-mcp/test/e2e/scenarios/multi_tenant_test.go:40 @ 07/22/25 12:21:12.74 (2ms)&#xA;</system-err>
          </testcase>
          <testcase name="[It] Multi-Tenant E2E Tests Token Passthrough should pass through service tokens for gateway keys" classname="E2E Scenarios Suite" status="passed" time="0.005167324">
              <system-out>[12:21:12] [INFO] multi-tenant: Testing gateway key token passthrough&#xA;ï¿½[32mâœ“ï¿½[0m gateway_token_passthrough (15.11Âµs)&#xA;</system-out>
              <system-err>&gt; Enter [BeforeEach] Multi-Tenant E2E Tests - /Users/seancorkum/projects/devops-mcp/test/e2e/scenarios/multi_tenant_test.go:30 @ 07/22/25 12:21:12.741&#xA;&lt; Exit [BeforeEach] Multi-Tenant E2E Tests - /Users/seancorkum/projects/devops-mcp/test/e2e/scenarios/multi_tenant_test.go:30 @ 07/22/25 12:21:12.743 (2ms)&#xA;&gt; Enter [It] should pass through service tokens for gateway keys - /Users/seancorkum/projects/devops-mcp/test/e2e/scenarios/multi_tenant_test.go:149 @ 07/22/25 12:21:12.743&#xA;&lt; Exit [It] should pass through service tokens for gateway keys - /Users/seancorkum/projects/devops-mcp/test/e2e/scenarios/multi_tenant_test.go:149 @ 07/22/25 12:21:12.744 (0s)&#xA;&gt; Enter [AfterEach] Multi-Tenant E2E Tests - /Users/seancorkum/projects/devops-mcp/test/e2e/scenarios/multi_tenant_test.go:40 @ 07/22/25 12:21:12.744&#xA;&lt; Exit [AfterEach] Multi-Tenant E2E Tests - /Users/seancorkum/projects/devops-mcp/test/e2e/scenarios/multi_tenant_test.go:40 @ 07/22/25 12:21:12.746 (2ms)&#xA;</system-err>
          </testcase>
          <testcase name="[It] Multi-Tenant E2E Tests Tenant Isolation should enforce tenant isolation for API keys" classname="E2E Scenarios Suite" status="failed" time="0.0928842">
              <failure message="Unexpected error:&#xA;    &lt;*fmt.wrapError | 0xc000aaa0a0&gt;: &#xA;    failed to connect: failed to WebSocket dial: expected handshake response status code 101 but got 429&#xA;    {&#xA;        msg: &#34;failed to connect: failed to WebSocket dial: expected handshake response status code 101 but got 429&#34;,&#xA;        err: &lt;*fmt.wrapError | 0xc000aaa080&gt;{&#xA;            msg: &#34;failed to WebSocket dial: expected handshake response status code 101 but got 429&#34;,&#xA;            err: &lt;*errors.errorString | 0xc00004a080&gt;{&#xA;                s: &#34;expected handshake response status code 101 but got 429&#34;,&#xA;            },&#xA;        },&#xA;    }&#xA;occurred" type="failed">[FAILED] Unexpected error:&#xA;    &lt;*fmt.wrapError | 0xc000aaa0a0&gt;: &#xA;    failed to connect: failed to WebSocket dial: expected handshake response status code 101 but got 429&#xA;    {&#xA;        msg: &#34;failed to connect: failed to WebSocket dial: expected handshake response status code 101 but got 429&#34;,&#xA;        err: &lt;*fmt.wrapError | 0xc000aaa080&gt;{&#xA;            msg: &#34;failed to WebSocket dial: expected handshake response status code 101 but got 429&#34;,&#xA;            err: &lt;*errors.errorString | 0xc00004a080&gt;{&#xA;                s: &#34;expected handshake response status code 101 but got 429&#34;,&#xA;            },&#xA;        },&#xA;    }&#xA;occurred&#xA;In [It] at: /Users/seancorkum/projects/devops-mcp/test/e2e/scenarios/multi_tenant_test.go:214 @ 07/22/25 12:21:12.837&#xA;&#xA;There were additional failures detected after the initial failure. These are visible in the timeline&#xA;</failure>
              <system-err>&gt; Enter [BeforeEach] Multi-Tenant E2E Tests - /Users/seancorkum/projects/devops-mcp/test/e2e/scenarios/multi_tenant_test.go:30 @ 07/22/25 12:21:12.747&#xA;&lt; Exit [BeforeEach] Multi-Tenant E2E Tests - /Users/seancorkum/projects/devops-mcp/test/e2e/scenarios/multi_tenant_test.go:30 @ 07/22/25 12:21:12.749 (2ms)&#xA;&gt; Enter [It] should enforce tenant isolation for API keys - /Users/seancorkum/projects/devops-mcp/test/e2e/scenarios/multi_tenant_test.go:185 @ 07/22/25 12:21:12.749&#xA;[FAILED] Failure recorded during attempt 1:&#xA;Unexpected error:&#xA;    &lt;*fmt.wrapError | 0xc0001503a0&gt;: &#xA;    failed to connect: failed to WebSocket dial: expected handshake response status code 101 but got 429&#xA;    {&#xA;        msg: &#34;failed to connect: failed to WebSocket dial: expected handshake response status code 101 but got 429&#34;,&#xA;        err: &lt;*fmt.wrapError | 0xc000150380&gt;{&#xA;            msg: &#34;failed to WebSocket dial: expected handshake response status code 101 but got 429&#34;,&#xA;            err: &lt;*errors.errorString | 0xc0006a2570&gt;{&#xA;                s: &#34;expected handshake response status code 101 but got 429&#34;,&#xA;            },&#xA;        },&#xA;    }&#xA;occurred&#xA;In [It] at: /Users/seancorkum/projects/devops-mcp/test/e2e/scenarios/multi_tenant_test.go:214 @ 07/22/25 12:21:12.789&#xA;&lt; Exit [It] should enforce tenant isolation for API keys - /Users/seancorkum/projects/devops-mcp/test/e2e/scenarios/multi_tenant_test.go:185 @ 07/22/25 12:21:12.789 (41ms)&#xA;&gt; Enter [AfterEach] Multi-Tenant E2E Tests - /Users/seancorkum/projects/devops-mcp/test/e2e/scenarios/multi_tenant_test.go:40 @ 07/22/25 12:21:12.79&#xA;&lt; Exit [AfterEach] Multi-Tenant E2E Tests - /Users/seancorkum/projects/devops-mcp/test/e2e/scenarios/multi_tenant_test.go:40 @ 07/22/25 12:21:12.791 (2ms)&#xA;&#xA;Attempt #1 Failed.  Retrying â†º @ 07/22/25 12:21:12.791&#xA;&#xA;&gt; Enter [BeforeEach] Multi-Tenant E2E Tests - /Users/seancorkum/projects/devops-mcp/test/e2e/scenarios/multi_tenant_test.go:30 @ 07/22/25 12:21:12.792&#xA;&lt; Exit [BeforeEach] Multi-Tenant E2E Tests - /Users/seancorkum/projects/devops-mcp/test/e2e/scenarios/multi_tenant_test.go:30 @ 07/22/25 12:21:12.794 (3ms)&#xA;&gt; Enter [It] should enforce tenant isolation for API keys - /Users/seancorkum/projects/devops-mcp/test/e2e/scenarios/multi_tenant_test.go:185 @ 07/22/25 12:21:12.794&#xA;[FAILED] Unexpected error:&#xA;    &lt;*fmt.wrapError | 0xc000aaa0a0&gt;: &#xA;    failed to connect: failed to WebSocket dial: expected handshake response status code 101 but got 429&#xA;    {&#xA;        msg: &#34;failed to connect: failed to WebSocket dial: expected handshake response status code 101 but got 429&#34;,&#xA;        err: &lt;*fmt.wrapError | 0xc000aaa080&gt;{&#xA;            msg: &#34;failed to WebSocket dial: expected handshake response status code 101 but got 429&#34;,&#xA;            err: &lt;*errors.errorString | 0xc00004a080&gt;{&#xA;                s: &#34;expected handshake response status code 101 but got 429&#34;,&#xA;            },&#xA;        },&#xA;    }&#xA;occurred&#xA;In [It] at: /Users/seancorkum/projects/devops-mcp/test/e2e/scenarios/multi_tenant_test.go:214 @ 07/22/25 12:21:12.837&#xA;&lt; Exit [It] should enforce tenant isolation for API keys - /Users/seancorkum/projects/devops-mcp/test/e2e/scenarios/multi_tenant_test.go:185 @ 07/22/25 12:21:12.837 (42ms)&#xA;&gt; Enter [AfterEach] Multi-Tenant E2E Tests - /Users/seancorkum/projects/devops-mcp/test/e2e/scenarios/multi_tenant_test.go:40 @ 07/22/25 12:21:12.837&#xA;&lt; Exit [AfterEach] Multi-Tenant E2E Tests - /Users/seancorkum/projects/devops-mcp/test/e2e/scenarios/multi_tenant_test.go:40 @ 07/22/25 12:21:12.839 (3ms)&#xA;</system-err>
          </testcase>
          <testcase name="[It] Multi-Tenant E2E Tests Load Testing should handle concurrent multi-tenant operations" classname="E2E Scenarios Suite" status="failed" time="0.101401745">
              <failure message="Unexpected error:&#xA;    &lt;*fmt.wrapError | 0xc0008ae120&gt;: &#xA;    failed to connect: failed to WebSocket dial: expected handshake response status code 101 but got 401&#xA;    {&#xA;        msg: &#34;failed to connect: failed to WebSocket dial: expected handshake response status code 101 but got 401&#34;,&#xA;        err: &lt;*fmt.wrapError | 0xc0008ae100&gt;{&#xA;            msg: &#34;failed to WebSocket dial: expected handshake response status code 101 but got 401&#34;,&#xA;            err: &lt;*errors.errorString | 0xc00078e000&gt;{&#xA;                s: &#34;expected handshake response status code 101 but got 401&#34;,&#xA;            },&#xA;        },&#xA;    }&#xA;occurred" type="failed">[FAILED] Unexpected error:&#xA;    &lt;*fmt.wrapError | 0xc0008ae120&gt;: &#xA;    failed to connect: failed to WebSocket dial: expected handshake response status code 101 but got 401&#xA;    {&#xA;        msg: &#34;failed to connect: failed to WebSocket dial: expected handshake response status code 101 but got 401&#34;,&#xA;        err: &lt;*fmt.wrapError | 0xc0008ae100&gt;{&#xA;            msg: &#34;failed to WebSocket dial: expected handshake response status code 101 but got 401&#34;,&#xA;            err: &lt;*errors.errorString | 0xc00078e000&gt;{&#xA;                s: &#34;expected handshake response status code 101 but got 401&#34;,&#xA;            },&#xA;        },&#xA;    }&#xA;occurred&#xA;In [It] at: /Users/seancorkum/projects/devops-mcp/test/e2e/scenarios/multi_tenant_test.go:371 @ 07/22/25 12:21:12.939&#xA;&#xA;There were additional failures detected after the initial failure. These are visible in the timeline&#xA;</failure>
              <system-err>&gt; Enter [BeforeEach] Multi-Tenant E2E Tests - /Users/seancorkum/projects/devops-mcp/test/e2e/scenarios/multi_tenant_test.go:30 @ 07/22/25 12:21:12.841&#xA;&lt; Exit [BeforeEach] Multi-Tenant E2E Tests - /Users/seancorkum/projects/devops-mcp/test/e2e/scenarios/multi_tenant_test.go:30 @ 07/22/25 12:21:12.844 (3ms)&#xA;&gt; Enter [It] should handle concurrent multi-tenant operations - /Users/seancorkum/projects/devops-mcp/test/e2e/scenarios/multi_tenant_test.go:342 @ 07/22/25 12:21:12.844&#xA;[FAILED] Failure recorded during attempt 1:&#xA;Unexpected error:&#xA;    &lt;*fmt.wrapError | 0xc0001501a0&gt;: &#xA;    failed to connect: failed to WebSocket dial: expected handshake response status code 101 but got 429&#xA;    {&#xA;        msg: &#34;failed to connect: failed to WebSocket dial: expected handshake response status code 101 but got 429&#34;,&#xA;        err: &lt;*fmt.wrapError | 0xc000150180&gt;{&#xA;            msg: &#34;failed to WebSocket dial: expected handshake response status code 101 but got 429&#34;,&#xA;            err: &lt;*errors.errorString | 0xc0006a3ba0&gt;{&#xA;                s: &#34;expected handshake response status code 101 but got 429&#34;,&#xA;            },&#xA;        },&#xA;    }&#xA;occurred&#xA;In [It] at: /Users/seancorkum/projects/devops-mcp/test/e2e/scenarios/multi_tenant_test.go:371 @ 07/22/25 12:21:12.888&#xA;&lt; Exit [It] should handle concurrent multi-tenant operations - /Users/seancorkum/projects/devops-mcp/test/e2e/scenarios/multi_tenant_test.go:342 @ 07/22/25 12:21:12.888 (43ms)&#xA;&gt; Enter [AfterEach] Multi-Tenant E2E Tests - /Users/seancorkum/projects/devops-mcp/test/e2e/scenarios/multi_tenant_test.go:40 @ 07/22/25 12:21:12.888&#xA;&lt; Exit [AfterEach] Multi-Tenant E2E Tests - /Users/seancorkum/projects/devops-mcp/test/e2e/scenarios/multi_tenant_test.go:40 @ 07/22/25 12:21:12.891 (3ms)&#xA;&#xA;Attempt #1 Failed.  Retrying â†º @ 07/22/25 12:21:12.891&#xA;&#xA;&gt; Enter [BeforeEach] Multi-Tenant E2E Tests - /Users/seancorkum/projects/devops-mcp/test/e2e/scenarios/multi_tenant_test.go:30 @ 07/22/25 12:21:12.891&#xA;&lt; Exit [BeforeEach] Multi-Tenant E2E Tests - /Users/seancorkum/projects/devops-mcp/test/e2e/scenarios/multi_tenant_test.go:30 @ 07/22/25 12:21:12.893 (2ms)&#xA;&gt; Enter [It] should handle concurrent multi-tenant operations - /Users/seancorkum/projects/devops-mcp/test/e2e/scenarios/multi_tenant_test.go:342 @ 07/22/25 12:21:12.894&#xA;[FAILED] Unexpected error:&#xA;    &lt;*fmt.wrapError | 0xc0008ae120&gt;: &#xA;    failed to connect: failed to WebSocket dial: expected handshake response status code 101 but got 401&#xA;    {&#xA;        msg: &#34;failed to connect: failed to WebSocket dial: expected handshake response status code 101 but got 401&#34;,&#xA;        err: &lt;*fmt.wrapError | 0xc0008ae100&gt;{&#xA;            msg: &#34;failed to WebSocket dial: expected handshake response status code 101 but got 401&#34;,&#xA;            err: &lt;*errors.errorString | 0xc00078e000&gt;{&#xA;                s: &#34;expected handshake response status code 101 but got 401&#34;,&#xA;            },&#xA;        },&#xA;    }&#xA;occurred&#xA;In [It] at: /Users/seancorkum/projects/devops-mcp/test/e2e/scenarios/multi_tenant_test.go:371 @ 07/22/25 12:21:12.939&#xA;&lt; Exit [It] should handle concurrent multi-tenant operations - /Users/seancorkum/projects/devops-mcp/test/e2e/scenarios/multi_tenant_test.go:342 @ 07/22/25 12:21:12.939 (45ms)&#xA;&gt; Enter [AfterEach] Multi-Tenant E2E Tests - /Users/seancorkum/projects/devops-mcp/test/e2e/scenarios/multi_tenant_test.go:40 @ 07/22/25 12:21:12.939&#xA;&lt; Exit [AfterEach] Multi-Tenant E2E Tests - /Users/seancorkum/projects/devops-mcp/test/e2e/scenarios/multi_tenant_test.go:40 @ 07/22/25 12:21:12.942 (3ms)&#xA;</system-err>
          </testcase>
          <testcase name="[It] Single Agent E2E Tests Tool Discovery and Execution should discover available tools" classname="E2E Scenarios Suite" status="failed" time="0.104321397">
              <failure message="Unexpected error:&#xA;    &lt;*fmt.wrapError | 0xc000150100&gt;: &#xA;    failed to connect: failed to WebSocket dial: expected handshake response status code 101 but got 429&#xA;    {&#xA;        msg: &#34;failed to connect: failed to WebSocket dial: expected handshake response status code 101 but got 429&#34;,&#xA;        err: &lt;*fmt.wrapError | 0xc0001500e0&gt;{&#xA;            msg: &#34;failed to WebSocket dial: expected handshake response status code 101 but got 429&#34;,&#xA;            err: &lt;*errors.errorString | 0xc0004c6800&gt;{&#xA;                s: &#34;expected handshake response status code 101 but got 429&#34;,&#xA;            },&#xA;        },&#xA;    }&#xA;occurred" type="failed">[FAILED] Unexpected error:&#xA;    &lt;*fmt.wrapError | 0xc000150100&gt;: &#xA;    failed to connect: failed to WebSocket dial: expected handshake response status code 101 but got 429&#xA;    {&#xA;        msg: &#34;failed to connect: failed to WebSocket dial: expected handshake response status code 101 but got 429&#34;,&#xA;        err: &lt;*fmt.wrapError | 0xc0001500e0&gt;{&#xA;            msg: &#34;failed to WebSocket dial: expected handshake response status code 101 but got 429&#34;,&#xA;            err: &lt;*errors.errorString | 0xc0004c6800&gt;{&#xA;                s: &#34;expected handshake response status code 101 but got 429&#34;,&#xA;            },&#xA;        },&#xA;    }&#xA;occurred&#xA;In [It] at: /Users/seancorkum/projects/devops-mcp/test/e2e/scenarios/single_agent_test.go:185 @ 07/22/25 12:21:13.044&#xA;&#xA;There were additional failures detected after the initial failure. These are visible in the timeline&#xA;</failure>
              <system-err>&gt; Enter [BeforeEach] Single Agent E2E Tests - /Users/seancorkum/projects/devops-mcp/test/e2e/scenarios/single_agent_test.go:30 @ 07/22/25 12:21:12.943&#xA;&lt; Exit [BeforeEach] Single Agent E2E Tests - /Users/seancorkum/projects/devops-mcp/test/e2e/scenarios/single_agent_test.go:30 @ 07/22/25 12:21:12.945 (2ms)&#xA;&gt; Enter [It] should discover available tools - /Users/seancorkum/projects/devops-mcp/test/e2e/scenarios/single_agent_test.go:163 @ 07/22/25 12:21:12.946&#xA;[FAILED] Failure recorded during attempt 1:&#xA;Unexpected error:&#xA;    &lt;*fmt.wrapError | 0xc0008ae040&gt;: &#xA;    failed to connect: failed to WebSocket dial: expected handshake response status code 101 but got 429&#xA;    {&#xA;        msg: &#34;failed to connect: failed to WebSocket dial: expected handshake response status code 101 but got 429&#34;,&#xA;        err: &lt;*fmt.wrapError | 0xc0008ae000&gt;{&#xA;            msg: &#34;failed to WebSocket dial: expected handshake response status code 101 but got 429&#34;,&#xA;            err: &lt;*errors.errorString | 0xc000304000&gt;{&#xA;                s: &#34;expected handshake response status code 101 but got 429&#34;,&#xA;            },&#xA;        },&#xA;    }&#xA;occurred&#xA;In [It] at: /Users/seancorkum/projects/devops-mcp/test/e2e/scenarios/single_agent_test.go:185 @ 07/22/25 12:21:12.993&#xA;&lt; Exit [It] should discover available tools - /Users/seancorkum/projects/devops-mcp/test/e2e/scenarios/single_agent_test.go:163 @ 07/22/25 12:21:12.993 (47ms)&#xA;&gt; Enter [AfterEach] Single Agent E2E Tests - /Users/seancorkum/projects/devops-mcp/test/e2e/scenarios/single_agent_test.go:40 @ 07/22/25 12:21:12.993&#xA;&lt; Exit [AfterEach] Single Agent E2E Tests - /Users/seancorkum/projects/devops-mcp/test/e2e/scenarios/single_agent_test.go:40 @ 07/22/25 12:21:12.995 (2ms)&#xA;&#xA;Attempt #1 Failed.  Retrying â†º @ 07/22/25 12:21:12.995&#xA;&#xA;&gt; Enter [BeforeEach] Single Agent E2E Tests - /Users/seancorkum/projects/devops-mcp/test/e2e/scenarios/single_agent_test.go:30 @ 07/22/25 12:21:12.995&#xA;&lt; Exit [BeforeEach] Single Agent E2E Tests - /Users/seancorkum/projects/devops-mcp/test/e2e/scenarios/single_agent_test.go:30 @ 07/22/25 12:21:12.998 (3ms)&#xA;&gt; Enter [It] should discover available tools - /Users/seancorkum/projects/devops-mcp/test/e2e/scenarios/single_agent_test.go:163 @ 07/22/25 12:21:12.998&#xA;[FAILED] Unexpected error:&#xA;    &lt;*fmt.wrapError | 0xc000150100&gt;: &#xA;    failed to connect: failed to WebSocket dial: expected handshake response status code 101 but got 429&#xA;    {&#xA;        msg: &#34;failed to connect: failed to WebSocket dial: expected handshake response status code 101 but got 429&#34;,&#xA;        err: &lt;*fmt.wrapError | 0xc0001500e0&gt;{&#xA;            msg: &#34;failed to WebSocket dial: expected handshake response status code 101 but got 429&#34;,&#xA;            err: &lt;*errors.errorString | 0xc0004c6800&gt;{&#xA;                s: &#34;expected handshake response status code 101 but got 429&#34;,&#xA;            },&#xA;        },&#xA;    }&#xA;occurred&#xA;In [It] at: /Users/seancorkum/projects/devops-mcp/test/e2e/scenarios/single_agent_test.go:185 @ 07/22/25 12:21:13.044&#xA;&lt; Exit [It] should discover available tools - /Users/seancorkum/projects/devops-mcp/test/e2e/scenarios/single_agent_test.go:163 @ 07/22/25 12:21:13.044 (46ms)&#xA;&gt; Enter [AfterEach] Single Agent E2E Tests - /Users/seancorkum/projects/devops-mcp/test/e2e/scenarios/single_agent_test.go:40 @ 07/22/25 12:21:13.045&#xA;&lt; Exit [AfterEach] Single Agent E2E Tests - /Users/seancorkum/projects/devops-mcp/test/e2e/scenarios/single_agent_test.go:40 @ 07/22/25 12:21:13.047 (3ms)&#xA;</system-err>
          </testcase>
          <testcase name="[It] Single Agent E2E Tests Error Handling should handle authentication errors" classname="E2E Scenarios Suite" status="passed" time="0.095889954">
              <system-out>ï¿½[32mâœ“ï¿½[0m auth_error_handling (90.449914ms)&#xA;</system-out>
              <system-err>&gt; Enter [BeforeEach] Single Agent E2E Tests - /Users/seancorkum/projects/devops-mcp/test/e2e/scenarios/single_agent_test.go:30 @ 07/22/25 12:21:13.048&#xA;&lt; Exit [BeforeEach] Single Agent E2E Tests - /Users/seancorkum/projects/devops-mcp/test/e2e/scenarios/single_agent_test.go:30 @ 07/22/25 12:21:13.051 (3ms)&#xA;&gt; Enter [It] should handle authentication errors - /Users/seancorkum/projects/devops-mcp/test/e2e/scenarios/single_agent_test.go:411 @ 07/22/25 12:21:13.051&#xA;&lt; Exit [It] should handle authentication errors - /Users/seancorkum/projects/devops-mcp/test/e2e/scenarios/single_agent_test.go:411 @ 07/22/25 12:21:13.142 (90ms)&#xA;&gt; Enter [AfterEach] Single Agent E2E Tests - /Users/seancorkum/projects/devops-mcp/test/e2e/scenarios/single_agent_test.go:40 @ 07/22/25 12:21:13.142&#xA;&lt; Exit [AfterEach] Single Agent E2E Tests - /Users/seancorkum/projects/devops-mcp/test/e2e/scenarios/single_agent_test.go:40 @ 07/22/25 12:21:13.144 (2ms)&#xA;</system-err>
          </testcase>
          <testcase name="[It] Performance and Stress E2E Tests Message Throughput Tests should handle large message payloads" classname="E2E Scenarios Suite" status="failed" time="0.406748688">
              <failure message="Unexpected error:&#xA;    &lt;*fmt.wrapError | 0xc00049c1c0&gt;: &#xA;    failed to connect: failed to WebSocket dial: expected handshake response status code 101 but got 401&#xA;    {&#xA;        msg: &#34;failed to connect: failed to WebSocket dial: expected handshake response status code 101 but got 401&#34;,&#xA;        err: &lt;*fmt.wrapError | 0xc00049c1a0&gt;{&#xA;            msg: &#34;failed to WebSocket dial: expected handshake response status code 101 but got 401&#34;,&#xA;            err: &lt;*errors.errorString | 0xc0004380d0&gt;{&#xA;                s: &#34;expected handshake response status code 101 but got 401&#34;,&#xA;            },&#xA;        },&#xA;    }&#xA;occurred" type="failed">[FAILED] Unexpected error:&#xA;    &lt;*fmt.wrapError | 0xc00049c1c0&gt;: &#xA;    failed to connect: failed to WebSocket dial: expected handshake response status code 101 but got 401&#xA;    {&#xA;        msg: &#34;failed to connect: failed to WebSocket dial: expected handshake response status code 101 but got 401&#34;,&#xA;        err: &lt;*fmt.wrapError | 0xc00049c1a0&gt;{&#xA;            msg: &#34;failed to WebSocket dial: expected handshake response status code 101 but got 401&#34;,&#xA;            err: &lt;*errors.errorString | 0xc0004380d0&gt;{&#xA;                s: &#34;expected handshake response status code 101 but got 401&#34;,&#xA;            },&#xA;        },&#xA;    }&#xA;occurred&#xA;In [It] at: /Users/seancorkum/projects/devops-mcp/test/e2e/scenarios/performance_test.go:434 @ 07/22/25 12:21:12.482&#xA;&#xA;There were additional failures detected after the initial failure. These are visible in the timeline&#xA;</failure>
              <system-err>&gt; Enter [BeforeEach] Performance and Stress E2E Tests - /Users/seancorkum/projects/devops-mcp/test/e2e/scenarios/performance_test.go:31 @ 07/22/25 12:21:12.078&#xA;&lt; Exit [BeforeEach] Performance and Stress E2E Tests - /Users/seancorkum/projects/devops-mcp/test/e2e/scenarios/performance_test.go:31 @ 07/22/25 12:21:12.078 (0s)&#xA;&gt; Enter [It] should handle large message payloads - /Users/seancorkum/projects/devops-mcp/test/e2e/scenarios/performance_test.go:413 @ 07/22/25 12:21:12.078&#xA;[FAILED] Failure recorded during attempt 1:&#xA;Unexpected error:&#xA;    &lt;*fmt.wrapError | 0xc00061a480&gt;: &#xA;    failed to connect: failed to WebSocket dial: expected handshake response status code 101 but got 401&#xA;    {&#xA;        msg: &#34;failed to connect: failed to WebSocket dial: expected handshake response status code 101 but got 401&#34;,&#xA;        err: &lt;*fmt.wrapError | 0xc00061a460&gt;{&#xA;            msg: &#34;failed to WebSocket dial: expected handshake response status code 101 but got 401&#34;,&#xA;            err: &lt;*errors.errorString | 0xc00004a770&gt;{&#xA;                s: &#34;expected handshake response status code 101 but got 401&#34;,&#xA;            },&#xA;        },&#xA;    }&#xA;occurred&#xA;In [It] at: /Users/seancorkum/projects/devops-mcp/test/e2e/scenarios/performance_test.go:434 @ 07/22/25 12:21:12.385&#xA;&lt; Exit [It] should handle large message payloads - /Users/seancorkum/projects/devops-mcp/test/e2e/scenarios/performance_test.go:413 @ 07/22/25 12:21:12.385 (307ms)&#xA;&gt; Enter [AfterEach] Performance and Stress E2E Tests - /Users/seancorkum/projects/devops-mcp/test/e2e/scenarios/performance_test.go:41 @ 07/22/25 12:21:12.385&#xA;&lt; Exit [AfterEach] Performance and Stress E2E Tests - /Users/seancorkum/projects/devops-mcp/test/e2e/scenarios/performance_test.go:41 @ 07/22/25 12:21:12.389 (4ms)&#xA;&#xA;Attempt #1 Failed.  Retrying â†º @ 07/22/25 12:21:12.389&#xA;&#xA;&gt; Enter [BeforeEach] Performance and Stress E2E Tests - /Users/seancorkum/projects/devops-mcp/test/e2e/scenarios/performance_test.go:31 @ 07/22/25 12:21:12.389&#xA;&lt; Exit [BeforeEach] Performance and Stress E2E Tests - /Users/seancorkum/projects/devops-mcp/test/e2e/scenarios/performance_test.go:31 @ 07/22/25 12:21:12.389 (0s)&#xA;&gt; Enter [It] should handle large message payloads - /Users/seancorkum/projects/devops-mcp/test/e2e/scenarios/performance_test.go:413 @ 07/22/25 12:21:12.39&#xA;[FAILED] Unexpected error:&#xA;    &lt;*fmt.wrapError | 0xc00049c1c0&gt;: &#xA;    failed to connect: failed to WebSocket dial: expected handshake response status code 101 but got 401&#xA;    {&#xA;        msg: &#34;failed to connect: failed to WebSocket dial: expected handshake response status code 101 but got 401&#34;,&#xA;        err: &lt;*fmt.wrapError | 0xc00049c1a0&gt;{&#xA;            msg: &#34;failed to WebSocket dial: expected handshake response status code 101 but got 401&#34;,&#xA;            err: &lt;*errors.errorString | 0xc0004380d0&gt;{&#xA;                s: &#34;expected handshake response status code 101 but got 401&#34;,&#xA;            },&#xA;        },&#xA;    }&#xA;occurred&#xA;In [It] at: /Users/seancorkum/projects/devops-mcp/test/e2e/scenarios/performance_test.go:434 @ 07/22/25 12:21:12.482&#xA;&lt; Exit [It] should handle large message payloads - /Users/seancorkum/projects/devops-mcp/test/e2e/scenarios/performance_test.go:413 @ 07/22/25 12:21:12.482 (93ms)&#xA;&gt; Enter [AfterEach] Performance and Stress E2E Tests - /Users/seancorkum/projects/devops-mcp/test/e2e/scenarios/performance_test.go:41 @ 07/22/25 12:21:12.483&#xA;&lt; Exit [AfterEach] Performance and Stress E2E Tests - /Users/seancorkum/projects/devops-mcp/test/e2e/scenarios/performance_test.go:41 @ 07/22/25 12:21:12.484 (2ms)&#xA;</system-err>
          </testcase>
          <testcase name="[It] Multi-Agent Collaboration E2E Tests Basic Multi-Agent Setup should connect multiple agents simultaneously" classname="E2E Scenarios Suite" status="failed" time="0.244558023">
              <failure message="Expected&#xA;    &lt;int&gt;: 3&#xA;to equal&#xA;    &lt;int&gt;: 0" type="failed">[FAILED] Expected&#xA;    &lt;int&gt;: 3&#xA;to equal&#xA;    &lt;int&gt;: 0&#xA;In [It] at: /Users/seancorkum/projects/devops-mcp/test/e2e/scenarios/multi_agent_test.go:116 @ 07/22/25 12:21:12.728&#xA;&#xA;There were additional failures detected after the initial failure. These are visible in the timeline&#xA;</failure>
              <system-out>[12:21:12] [ERROR] multi-agent: Connection error: failed to connect: failed to WebSocket dial: expected handshake response status code 101 but got 401&#xA;[12:21:12] [ERROR] multi-agent: Connection error: failed to connect: failed to WebSocket dial: expected handshake response status code 101 but got 401&#xA;[12:21:12] [ERROR] multi-agent: Connection error: failed to connect: failed to WebSocket dial: expected handshake response status code 101 but got 401&#xA;[12:21:12] [ERROR] multi-agent: Connection error: failed to connect: failed to WebSocket dial: expected handshake response status code 101 but got 401&#xA;[12:21:12] [ERROR] multi-agent: Connection error: failed to connect: failed to WebSocket dial: expected handshake response status code 101 but got 401&#xA;[12:21:12] [ERROR] multi-agent: Connection error: failed to connect: failed to WebSocket dial: expected handshake response status code 101 but got 429&#xA;</system-out>
              <system-err>&gt; Enter [BeforeEach] Multi-Agent Collaboration E2E Tests - /Users/seancorkum/projects/devops-mcp/test/e2e/scenarios/multi_agent_test.go:28 @ 07/22/25 12:21:12.486&#xA;&lt; Exit [BeforeEach] Multi-Agent Collaboration E2E Tests - /Users/seancorkum/projects/devops-mcp/test/e2e/scenarios/multi_agent_test.go:28 @ 07/22/25 12:21:12.49 (5ms)&#xA;&gt; Enter [It] should connect multiple agents simultaneously - /Users/seancorkum/projects/devops-mcp/test/e2e/scenarios/multi_agent_test.go:45 @ 07/22/25 12:21:12.49&#xA;[FAILED] Failure recorded during attempt 1:&#xA;Expected&#xA;    &lt;int&gt;: 3&#xA;to equal&#xA;    &lt;int&gt;: 0&#xA;In [It] at: /Users/seancorkum/projects/devops-mcp/test/e2e/scenarios/multi_agent_test.go:116 @ 07/22/25 12:21:12.622&#xA;&lt; Exit [It] should connect multiple agents simultaneously - /Users/seancorkum/projects/devops-mcp/test/e2e/scenarios/multi_agent_test.go:45 @ 07/22/25 12:21:12.622 (132ms)&#xA;&gt; Enter [AfterEach] Multi-Agent Collaboration E2E Tests - /Users/seancorkum/projects/devops-mcp/test/e2e/scenarios/multi_agent_test.go:38 @ 07/22/25 12:21:12.623&#xA;&lt; Exit [AfterEach] Multi-Agent Collaboration E2E Tests - /Users/seancorkum/projects/devops-mcp/test/e2e/scenarios/multi_agent_test.go:38 @ 07/22/25 12:21:12.625 (3ms)&#xA;&#xA;Attempt #1 Failed.  Retrying â†º @ 07/22/25 12:21:12.625&#xA;&#xA;&gt; Enter [BeforeEach] Multi-Agent Collaboration E2E Tests - /Users/seancorkum/projects/devops-mcp/test/e2e/scenarios/multi_agent_test.go:28 @ 07/22/25 12:21:12.626&#xA;&lt; Exit [BeforeEach] Multi-Agent Collaboration E2E Tests - /Users/seancorkum/projects/devops-mcp/test/e2e/scenarios/multi_agent_test.go:28 @ 07/22/25 12:21:12.629 (3ms)&#xA;&gt; Enter [It] should connect multiple agents simultaneously - /Users/seancorkum/projects/devops-mcp/test/e2e/scenarios/multi_agent_test.go:45 @ 07/22/25 12:21:12.629&#xA;[FAILED] Expected&#xA;    &lt;int&gt;: 3&#xA;to equal&#xA;    &lt;int&gt;: 0&#xA;In [It] at: /Users/seancorkum/projects/devops-mcp/test/e2e/scenarios/multi_agent_test.go:116 @ 07/22/25 12:21:12.728&#xA;&lt; Exit [It] should connect multiple agents simultaneously - /Users/seancorkum/projects/devops-mcp/test/e2e/scenarios/multi_agent_test.go:45 @ 07/22/25 12:21:12.728 (99ms)&#xA;&gt; Enter [AfterEach] Multi-Agent Collaboration E2E Tests - /Users/seancorkum/projects/devops-mcp/test/e2e/scenarios/multi_agent_test.go:38 @ 07/22/25 12:21:12.728&#xA;&lt; Exit [AfterEach] Multi-Agent Collaboration E2E Tests - /Users/seancorkum/projects/devops-mcp/test/e2e/scenarios/multi_agent_test.go:38 @ 07/22/25 12:21:12.73 (2ms)&#xA;</system-err>
          </testcase>
          <testcase name="[It] Multi-Tenant E2E Tests Rate Limiting should enforce rate limits per API key type" classname="E2E Scenarios Suite" status="failed" time="0.108200346">
              <failure message="Unexpected error:&#xA;    &lt;*fmt.wrapError | 0xc000532220&gt;: &#xA;    failed to connect: failed to WebSocket dial: expected handshake response status code 101 but got 429&#xA;    {&#xA;        msg: &#34;failed to connect: failed to WebSocket dial: expected handshake response status code 101 but got 429&#34;,&#xA;        err: &lt;*fmt.wrapError | 0xc0005320e0&gt;{&#xA;            msg: &#34;failed to WebSocket dial: expected handshake response status code 101 but got 429&#34;,&#xA;            err: &lt;*errors.errorString | 0xc000404000&gt;{&#xA;                s: &#34;expected handshake response status code 101 but got 429&#34;,&#xA;            },&#xA;        },&#xA;    }&#xA;occurred" type="failed">[FAILED] Unexpected error:&#xA;    &lt;*fmt.wrapError | 0xc000532220&gt;: &#xA;    failed to connect: failed to WebSocket dial: expected handshake response status code 101 but got 429&#xA;    {&#xA;        msg: &#34;failed to connect: failed to WebSocket dial: expected handshake response status code 101 but got 429&#34;,&#xA;        err: &lt;*fmt.wrapError | 0xc0005320e0&gt;{&#xA;            msg: &#34;failed to WebSocket dial: expected handshake response status code 101 but got 429&#34;,&#xA;            err: &lt;*errors.errorString | 0xc000404000&gt;{&#xA;                s: &#34;expected handshake response status code 101 but got 429&#34;,&#xA;            },&#xA;        },&#xA;    }&#xA;occurred&#xA;In [It] at: /Users/seancorkum/projects/devops-mcp/test/e2e/scenarios/multi_tenant_test.go:72 @ 07/22/25 12:21:12.837&#xA;&#xA;There were additional failures detected after the initial failure. These are visible in the timeline&#xA;</failure>
              <system-err>&gt; Enter [BeforeEach] Multi-Tenant E2E Tests - /Users/seancorkum/projects/devops-mcp/test/e2e/scenarios/multi_tenant_test.go:30 @ 07/22/25 12:21:12.731&#xA;&lt; Exit [BeforeEach] Multi-Tenant E2E Tests - /Users/seancorkum/projects/devops-mcp/test/e2e/scenarios/multi_tenant_test.go:30 @ 07/22/25 12:21:12.735 (3ms)&#xA;&gt; Enter [It] should enforce rate limits per API key type - /Users/seancorkum/projects/devops-mcp/test/e2e/scenarios/multi_tenant_test.go:47 @ 07/22/25 12:21:12.735&#xA;[FAILED] Failure recorded during attempt 1:&#xA;Unexpected error:&#xA;    &lt;*fmt.wrapError | 0xc000690100&gt;: &#xA;    failed to connect: failed to WebSocket dial: expected handshake response status code 101 but got 429&#xA;    {&#xA;        msg: &#34;failed to connect: failed to WebSocket dial: expected handshake response status code 101 but got 429&#34;,&#xA;        err: &lt;*fmt.wrapError | 0xc0006900e0&gt;{&#xA;            msg: &#34;failed to WebSocket dial: expected handshake response status code 101 but got 429&#34;,&#xA;            err: &lt;*errors.errorString | 0xc000984060&gt;{&#xA;                s: &#34;expected handshake response status code 101 but got 429&#34;,&#xA;            },&#xA;        },&#xA;    }&#xA;occurred&#xA;In [It] at: /Users/seancorkum/projects/devops-mcp/test/e2e/scenarios/multi_tenant_test.go:72 @ 07/22/25 12:21:12.78&#xA;&lt; Exit [It] should enforce rate limits per API key type - /Users/seancorkum/projects/devops-mcp/test/e2e/scenarios/multi_tenant_test.go:47 @ 07/22/25 12:21:12.78 (45ms)&#xA;&gt; Enter [AfterEach] Multi-Tenant E2E Tests - /Users/seancorkum/projects/devops-mcp/test/e2e/scenarios/multi_tenant_test.go:40 @ 07/22/25 12:21:12.78&#xA;&lt; Exit [AfterEach] Multi-Tenant E2E Tests - /Users/seancorkum/projects/devops-mcp/test/e2e/scenarios/multi_tenant_test.go:40 @ 07/22/25 12:21:12.782 (2ms)&#xA;&#xA;Attempt #1 Failed.  Retrying â†º @ 07/22/25 12:21:12.782&#xA;&#xA;&gt; Enter [BeforeEach] Multi-Tenant E2E Tests - /Users/seancorkum/projects/devops-mcp/test/e2e/scenarios/multi_tenant_test.go:30 @ 07/22/25 12:21:12.782&#xA;&lt; Exit [BeforeEach] Multi-Tenant E2E Tests - /Users/seancorkum/projects/devops-mcp/test/e2e/scenarios/multi_tenant_test.go:30 @ 07/22/25 12:21:12.785 (3ms)&#xA;&gt; Enter [It] should enforce rate limits per API key type - /Users/seancorkum/projects/devops-mcp/test/e2e/scenarios/multi_tenant_test.go:47 @ 07/22/25 12:21:12.785&#xA;[FAILED] Unexpected error:&#xA;    &lt;*fmt.wrapError | 0xc000532220&gt;: &#xA;    failed to connect: failed to WebSocket dial: expected handshake response status code 101 but got 429&#xA;    {&#xA;        msg: &#34;failed to connect: failed to WebSocket dial: expected handshake response status code 101 but got 429&#34;,&#xA;        err: &lt;*fmt.wrapError | 0xc0005320e0&gt;{&#xA;            msg: &#34;failed to WebSocket dial: expected handshake response status code 101 but got 429&#34;,&#xA;            err: &lt;*errors.errorString | 0xc000404000&gt;{&#xA;                s: &#34;expected handshake response status code 101 but got 429&#34;,&#xA;            },&#xA;        },&#xA;    }&#xA;occurred&#xA;In [It] at: /Users/seancorkum/projects/devops-mcp/test/e2e/scenarios/multi_tenant_test.go:72 @ 07/22/25 12:21:12.837&#xA;&lt; Exit [It] should enforce rate limits per API key type - /Users/seancorkum/projects/devops-mcp/test/e2e/scenarios/multi_tenant_test.go:47 @ 07/22/25 12:21:12.837 (51ms)&#xA;&gt; Enter [AfterEach] Multi-Tenant E2E Tests - /Users/seancorkum/projects/devops-mcp/test/e2e/scenarios/multi_tenant_test.go:40 @ 07/22/25 12:21:12.837&#xA;&lt; Exit [AfterEach] Multi-Tenant E2E Tests - /Users/seancorkum/projects/devops-mcp/test/e2e/scenarios/multi_tenant_test.go:40 @ 07/22/25 12:21:12.839 (2ms)&#xA;</system-err>
          </testcase>
          <testcase name="[It] Multi-Tenant E2E Tests Security should prevent cross-tenant access" classname="E2E Scenarios Suite" status="passed" time="0.007894944">
              <system-out>[12:21:12] [INFO] multi-tenant: Testing cross-tenant access prevention&#xA;ï¿½[32mâœ“ï¿½[0m cross_tenant_security (25.636Âµs)&#xA;</system-out>
              <system-err>&gt; Enter [BeforeEach] Multi-Tenant E2E Tests - /Users/seancorkum/projects/devops-mcp/test/e2e/scenarios/multi_tenant_test.go:30 @ 07/22/25 12:21:12.841&#xA;&lt; Exit [BeforeEach] Multi-Tenant E2E Tests - /Users/seancorkum/projects/devops-mcp/test/e2e/scenarios/multi_tenant_test.go:30 @ 07/22/25 12:21:12.844 (4ms)&#xA;&gt; Enter [It] should prevent cross-tenant access - /Users/seancorkum/projects/devops-mcp/test/e2e/scenarios/multi_tenant_test.go:443 @ 07/22/25 12:21:12.845&#xA;&lt; Exit [It] should prevent cross-tenant access - /Users/seancorkum/projects/devops-mcp/test/e2e/scenarios/multi_tenant_test.go:443 @ 07/22/25 12:21:12.845 (0s)&#xA;&gt; Enter [AfterEach] Multi-Tenant E2E Tests - /Users/seancorkum/projects/devops-mcp/test/e2e/scenarios/multi_tenant_test.go:40 @ 07/22/25 12:21:12.845&#xA;&lt; Exit [AfterEach] Multi-Tenant E2E Tests - /Users/seancorkum/projects/devops-mcp/test/e2e/scenarios/multi_tenant_test.go:40 @ 07/22/25 12:21:12.849 (4ms)&#xA;</system-err>
          </testcase>
          <testcase name="[It] Multi-Tenant E2E Tests Performance should maintain performance with tenant configuration caching" classname="E2E Scenarios Suite" status="failed" time="0.100749058">
              <failure message="Unexpected error:&#xA;    &lt;*fmt.wrapError | 0xc000690100&gt;: &#xA;    failed to connect: failed to WebSocket dial: expected handshake response status code 101 but got 429&#xA;    {&#xA;        msg: &#34;failed to connect: failed to WebSocket dial: expected handshake response status code 101 but got 429&#34;,&#xA;        err: &lt;*fmt.wrapError | 0xc0006900e0&gt;{&#xA;            msg: &#34;failed to WebSocket dial: expected handshake response status code 101 but got 429&#34;,&#xA;            err: &lt;*errors.errorString | 0xc000522000&gt;{&#xA;                s: &#34;expected handshake response status code 101 but got 429&#34;,&#xA;            },&#xA;        },&#xA;    }&#xA;occurred" type="failed">[FAILED] Unexpected error:&#xA;    &lt;*fmt.wrapError | 0xc000690100&gt;: &#xA;    failed to connect: failed to WebSocket dial: expected handshake response status code 101 but got 429&#xA;    {&#xA;        msg: &#34;failed to connect: failed to WebSocket dial: expected handshake response status code 101 but got 429&#34;,&#xA;        err: &lt;*fmt.wrapError | 0xc0006900e0&gt;{&#xA;            msg: &#34;failed to WebSocket dial: expected handshake response status code 101 but got 429&#34;,&#xA;            err: &lt;*errors.errorString | 0xc000522000&gt;{&#xA;                s: &#34;expected handshake response status code 101 but got 429&#34;,&#xA;            },&#xA;        },&#xA;    }&#xA;occurred&#xA;In [It] at: /Users/seancorkum/projects/devops-mcp/test/e2e/scenarios/multi_tenant_test.go:517 @ 07/22/25 12:21:12.948&#xA;&#xA;There were additional failures detected after the initial failure. These are visible in the timeline&#xA;</failure>
              <system-err>&gt; Enter [BeforeEach] Multi-Tenant E2E Tests - /Users/seancorkum/projects/devops-mcp/test/e2e/scenarios/multi_tenant_test.go:30 @ 07/22/25 12:21:12.849&#xA;&lt; Exit [BeforeEach] Multi-Tenant E2E Tests - /Users/seancorkum/projects/devops-mcp/test/e2e/scenarios/multi_tenant_test.go:30 @ 07/22/25 12:21:12.852 (3ms)&#xA;&gt; Enter [It] should maintain performance with tenant configuration caching - /Users/seancorkum/projects/devops-mcp/test/e2e/scenarios/multi_tenant_test.go:500 @ 07/22/25 12:21:12.852&#xA;[FAILED] Failure recorded during attempt 1:&#xA;Unexpected error:&#xA;    &lt;*fmt.wrapError | 0xc0005322a0&gt;: &#xA;    failed to connect: failed to WebSocket dial: expected handshake response status code 101 but got 429&#xA;    {&#xA;        msg: &#34;failed to connect: failed to WebSocket dial: expected handshake response status code 101 but got 429&#34;,&#xA;        err: &lt;*fmt.wrapError | 0xc000532280&gt;{&#xA;            msg: &#34;failed to WebSocket dial: expected handshake response status code 101 but got 429&#34;,&#xA;            err: &lt;*errors.errorString | 0xc0004380d0&gt;{&#xA;                s: &#34;expected handshake response status code 101 but got 429&#34;,&#xA;            },&#xA;        },&#xA;    }&#xA;occurred&#xA;In [It] at: /Users/seancorkum/projects/devops-mcp/test/e2e/scenarios/multi_tenant_test.go:517 @ 07/22/25 12:21:12.899&#xA;&lt; Exit [It] should maintain performance with tenant configuration caching - /Users/seancorkum/projects/devops-mcp/test/e2e/scenarios/multi_tenant_test.go:500 @ 07/22/25 12:21:12.899 (47ms)&#xA;&gt; Enter [AfterEach] Multi-Tenant E2E Tests - /Users/seancorkum/projects/devops-mcp/test/e2e/scenarios/multi_tenant_test.go:40 @ 07/22/25 12:21:12.899&#xA;&lt; Exit [AfterEach] Multi-Tenant E2E Tests - /Users/seancorkum/projects/devops-mcp/test/e2e/scenarios/multi_tenant_test.go:40 @ 07/22/25 12:21:12.902 (3ms)&#xA;&#xA;Attempt #1 Failed.  Retrying â†º @ 07/22/25 12:21:12.902&#xA;&#xA;&gt; Enter [BeforeEach] Multi-Tenant E2E Tests - /Users/seancorkum/projects/devops-mcp/test/e2e/scenarios/multi_tenant_test.go:30 @ 07/22/25 12:21:12.902&#xA;&lt; Exit [BeforeEach] Multi-Tenant E2E Tests - /Users/seancorkum/projects/devops-mcp/test/e2e/scenarios/multi_tenant_test.go:30 @ 07/22/25 12:21:12.904 (2ms)&#xA;&gt; Enter [It] should maintain performance with tenant configuration caching - /Users/seancorkum/projects/devops-mcp/test/e2e/scenarios/multi_tenant_test.go:500 @ 07/22/25 12:21:12.905&#xA;[FAILED] Unexpected error:&#xA;    &lt;*fmt.wrapError | 0xc000690100&gt;: &#xA;    failed to connect: failed to WebSocket dial: expected handshake response status code 101 but got 429&#xA;    {&#xA;        msg: &#34;failed to connect: failed to WebSocket dial: expected handshake response status code 101 but got 429&#34;,&#xA;        err: &lt;*fmt.wrapError | 0xc0006900e0&gt;{&#xA;            msg: &#34;failed to WebSocket dial: expected handshake response status code 101 but got 429&#34;,&#xA;            err: &lt;*errors.errorString | 0xc000522000&gt;{&#xA;                s: &#34;expected handshake response status code 101 but got 429&#34;,&#xA;            },&#xA;        },&#xA;    }&#xA;occurred&#xA;In [It] at: /Users/seancorkum/projects/devops-mcp/test/e2e/scenarios/multi_tenant_test.go:517 @ 07/22/25 12:21:12.948&#xA;&lt; Exit [It] should maintain performance with tenant configuration caching - /Users/seancorkum/projects/devops-mcp/test/e2e/scenarios/multi_tenant_test.go:500 @ 07/22/25 12:21:12.948 (43ms)&#xA;&gt; Enter [AfterEach] Multi-Tenant E2E Tests - /Users/seancorkum/projects/devops-mcp/test/e2e/scenarios/multi_tenant_test.go:40 @ 07/22/25 12:21:12.948&#xA;&lt; Exit [AfterEach] Multi-Tenant E2E Tests - /Users/seancorkum/projects/devops-mcp/test/e2e/scenarios/multi_tenant_test.go:40 @ 07/22/25 12:21:12.95 (2ms)&#xA;</system-err>
          </testcase>
          <testcase name="[It] Single Agent E2E Tests Tool Discovery and Execution should execute GitHub tool" classname="E2E Scenarios Suite" status="failed" time="0.104931807">
              <failure message="Unexpected error:&#xA;    &lt;*fmt.wrapError | 0xc00061a5e0&gt;: &#xA;    failed to connect: failed to WebSocket dial: expected handshake response status code 101 but got 429&#xA;    {&#xA;        msg: &#34;failed to connect: failed to WebSocket dial: expected handshake response status code 101 but got 429&#34;,&#xA;        err: &lt;*fmt.wrapError | 0xc00061a4e0&gt;{&#xA;            msg: &#34;failed to WebSocket dial: expected handshake response status code 101 but got 429&#34;,&#xA;            err: &lt;*errors.errorString | 0xc000984060&gt;{&#xA;                s: &#34;expected handshake response status code 101 but got 429&#34;,&#xA;            },&#xA;        },&#xA;    }&#xA;occurred" type="failed">[FAILED] Unexpected error:&#xA;    &lt;*fmt.wrapError | 0xc00061a5e0&gt;: &#xA;    failed to connect: failed to WebSocket dial: expected handshake response status code 101 but got 429&#xA;    {&#xA;        msg: &#34;failed to connect: failed to WebSocket dial: expected handshake response status code 101 but got 429&#34;,&#xA;        err: &lt;*fmt.wrapError | 0xc00061a4e0&gt;{&#xA;            msg: &#34;failed to WebSocket dial: expected handshake response status code 101 but got 429&#34;,&#xA;            err: &lt;*errors.errorString | 0xc000984060&gt;{&#xA;                s: &#34;expected handshake response status code 101 but got 429&#34;,&#xA;            },&#xA;        },&#xA;    }&#xA;occurred&#xA;In [It] at: /Users/seancorkum/projects/devops-mcp/test/e2e/scenarios/single_agent_test.go:242 @ 07/22/25 12:21:13.053&#xA;&#xA;There were additional failures detected after the initial failure. These are visible in the timeline&#xA;</failure>
              <system-err>&gt; Enter [BeforeEach] Single Agent E2E Tests - /Users/seancorkum/projects/devops-mcp/test/e2e/scenarios/single_agent_test.go:30 @ 07/22/25 12:21:12.951&#xA;&lt; Exit [BeforeEach] Single Agent E2E Tests - /Users/seancorkum/projects/devops-mcp/test/e2e/scenarios/single_agent_test.go:30 @ 07/22/25 12:21:12.953 (2ms)&#xA;&gt; Enter [It] should execute GitHub tool - /Users/seancorkum/projects/devops-mcp/test/e2e/scenarios/single_agent_test.go:221 @ 07/22/25 12:21:12.953&#xA;[FAILED] Failure recorded during attempt 1:&#xA;Unexpected error:&#xA;    &lt;*fmt.wrapError | 0xc0006900e0&gt;: &#xA;    failed to connect: failed to WebSocket dial: expected handshake response status code 101 but got 429&#xA;    {&#xA;        msg: &#34;failed to connect: failed to WebSocket dial: expected handshake response status code 101 but got 429&#34;,&#xA;        err: &lt;*fmt.wrapError | 0xc0006900c0&gt;{&#xA;            msg: &#34;failed to WebSocket dial: expected handshake response status code 101 but got 429&#34;,&#xA;            err: &lt;*errors.errorString | 0xc000502000&gt;{&#xA;                s: &#34;expected handshake response status code 101 but got 429&#34;,&#xA;            },&#xA;        },&#xA;    }&#xA;occurred&#xA;In [It] at: /Users/seancorkum/projects/devops-mcp/test/e2e/scenarios/single_agent_test.go:242 @ 07/22/25 12:21:12.998&#xA;&lt; Exit [It] should execute GitHub tool - /Users/seancorkum/projects/devops-mcp/test/e2e/scenarios/single_agent_test.go:221 @ 07/22/25 12:21:12.998 (45ms)&#xA;&gt; Enter [AfterEach] Single Agent E2E Tests - /Users/seancorkum/projects/devops-mcp/test/e2e/scenarios/single_agent_test.go:40 @ 07/22/25 12:21:12.998&#xA;&lt; Exit [AfterEach] Single Agent E2E Tests - /Users/seancorkum/projects/devops-mcp/test/e2e/scenarios/single_agent_test.go:40 @ 07/22/25 12:21:13 (2ms)&#xA;&#xA;Attempt #1 Failed.  Retrying â†º @ 07/22/25 12:21:13&#xA;&#xA;&gt; Enter [BeforeEach] Single Agent E2E Tests - /Users/seancorkum/projects/devops-mcp/test/e2e/scenarios/single_agent_test.go:30 @ 07/22/25 12:21:13.001&#xA;&lt; Exit [BeforeEach] Single Agent E2E Tests - /Users/seancorkum/projects/devops-mcp/test/e2e/scenarios/single_agent_test.go:30 @ 07/22/25 12:21:13.003 (3ms)&#xA;&gt; Enter [It] should execute GitHub tool - /Users/seancorkum/projects/devops-mcp/test/e2e/scenarios/single_agent_test.go:221 @ 07/22/25 12:21:13.003&#xA;[FAILED] Unexpected error:&#xA;    &lt;*fmt.wrapError | 0xc00061a5e0&gt;: &#xA;    failed to connect: failed to WebSocket dial: expected handshake response status code 101 but got 429&#xA;    {&#xA;        msg: &#34;failed to connect: failed to WebSocket dial: expected handshake response status code 101 but got 429&#34;,&#xA;        err: &lt;*fmt.wrapError | 0xc00061a4e0&gt;{&#xA;            msg: &#34;failed to WebSocket dial: expected handshake response status code 101 but got 429&#34;,&#xA;            err: &lt;*errors.errorString | 0xc000984060&gt;{&#xA;                s: &#34;expected handshake response status code 101 but got 429&#34;,&#xA;            },&#xA;        },&#xA;    }&#xA;occurred&#xA;In [It] at: /Users/seancorkum/projects/devops-mcp/test/e2e/scenarios/single_agent_test.go:242 @ 07/22/25 12:21:13.053&#xA;&lt; Exit [It] should execute GitHub tool - /Users/seancorkum/projects/devops-mcp/test/e2e/scenarios/single_agent_test.go:221 @ 07/22/25 12:21:13.053 (50ms)&#xA;&gt; Enter [AfterEach] Single Agent E2E Tests - /Users/seancorkum/projects/devops-mcp/test/e2e/scenarios/single_agent_test.go:40 @ 07/22/25 12:21:13.054&#xA;&lt; Exit [AfterEach] Single Agent E2E Tests - /Users/seancorkum/projects/devops-mcp/test/e2e/scenarios/single_agent_test.go:40 @ 07/22/25 12:21:13.056 (2ms)&#xA;</system-err>
          </testcase>
          <testcase name="[It] Single Agent E2E Tests Error Handling should handle invalid method calls" classname="E2E Scenarios Suite" status="failed" time="0.101188538">
              <failure message="Unexpected error:&#xA;    &lt;*fmt.wrapError | 0xc000532600&gt;: &#xA;    failed to connect: failed to WebSocket dial: expected handshake response status code 101 but got 429&#xA;    {&#xA;        msg: &#34;failed to connect: failed to WebSocket dial: expected handshake response status code 101 but got 429&#34;,&#xA;        err: &lt;*fmt.wrapError | 0xc0005325e0&gt;{&#xA;            msg: &#34;failed to WebSocket dial: expected handshake response status code 101 but got 429&#34;,&#xA;            err: &lt;*errors.errorString | 0xc00052e000&gt;{&#xA;                s: &#34;expected handshake response status code 101 but got 429&#34;,&#xA;            },&#xA;        },&#xA;    }&#xA;occurred" type="failed">[FAILED] Unexpected error:&#xA;    &lt;*fmt.wrapError | 0xc000532600&gt;: &#xA;    failed to connect: failed to WebSocket dial: expected handshake response status code 101 but got 429&#xA;    {&#xA;        msg: &#34;failed to connect: failed to WebSocket dial: expected handshake response status code 101 but got 429&#34;,&#xA;        err: &lt;*fmt.wrapError | 0xc0005325e0&gt;{&#xA;            msg: &#34;failed to WebSocket dial: expected handshake response status code 101 but got 429&#34;,&#xA;            err: &lt;*errors.errorString | 0xc00052e000&gt;{&#xA;                s: &#34;expected handshake response status code 101 but got 429&#34;,&#xA;            },&#xA;        },&#xA;    }&#xA;occurred&#xA;In [It] at: /Users/seancorkum/projects/devops-mcp/test/e2e/scenarios/single_agent_test.go:463 @ 07/22/25 12:21:13.155&#xA;&#xA;There were additional failures detected after the initial failure. These are visible in the timeline&#xA;</failure>
              <system-err>&gt; Enter [BeforeEach] Single Agent E2E Tests - /Users/seancorkum/projects/devops-mcp/test/e2e/scenarios/single_agent_test.go:30 @ 07/22/25 12:21:13.057&#xA;&lt; Exit [BeforeEach] Single Agent E2E Tests - /Users/seancorkum/projects/devops-mcp/test/e2e/scenarios/single_agent_test.go:30 @ 07/22/25 12:21:13.059 (2ms)&#xA;&gt; Enter [It] should handle invalid method calls - /Users/seancorkum/projects/devops-mcp/test/e2e/scenarios/single_agent_test.go:441 @ 07/22/25 12:21:13.059&#xA;[FAILED] Failure recorded during attempt 1:&#xA;Unexpected error:&#xA;    &lt;*fmt.wrapError | 0xc0005324a0&gt;: &#xA;    failed to connect: failed to WebSocket dial: expected handshake response status code 101 but got 429&#xA;    {&#xA;        msg: &#34;failed to connect: failed to WebSocket dial: expected handshake response status code 101 but got 429&#34;,&#xA;        err: &lt;*fmt.wrapError | 0xc000532480&gt;{&#xA;            msg: &#34;failed to WebSocket dial: expected handshake response status code 101 but got 429&#34;,&#xA;            err: &lt;*errors.errorString | 0xc0007a64f0&gt;{&#xA;                s: &#34;expected handshake response status code 101 but got 429&#34;,&#xA;            },&#xA;        },&#xA;    }&#xA;occurred&#xA;In [It] at: /Users/seancorkum/projects/devops-mcp/test/e2e/scenarios/single_agent_test.go:463 @ 07/22/25 12:21:13.104&#xA;&lt; Exit [It] should handle invalid method calls - /Users/seancorkum/projects/devops-mcp/test/e2e/scenarios/single_agent_test.go:441 @ 07/22/25 12:21:13.104 (45ms)&#xA;&gt; Enter [AfterEach] Single Agent E2E Tests - /Users/seancorkum/projects/devops-mcp/test/e2e/scenarios/single_agent_test.go:40 @ 07/22/25 12:21:13.104&#xA;&lt; Exit [AfterEach] Single Agent E2E Tests - /Users/seancorkum/projects/devops-mcp/test/e2e/scenarios/single_agent_test.go:40 @ 07/22/25 12:21:13.107 (3ms)&#xA;&#xA;Attempt #1 Failed.  Retrying â†º @ 07/22/25 12:21:13.107&#xA;&#xA;&gt; Enter [BeforeEach] Single Agent E2E Tests - /Users/seancorkum/projects/devops-mcp/test/e2e/scenarios/single_agent_test.go:30 @ 07/22/25 12:21:13.108&#xA;&lt; Exit [BeforeEach] Single Agent E2E Tests - /Users/seancorkum/projects/devops-mcp/test/e2e/scenarios/single_agent_test.go:30 @ 07/22/25 12:21:13.11 (2ms)&#xA;&gt; Enter [It] should handle invalid method calls - /Users/seancorkum/projects/devops-mcp/test/e2e/scenarios/single_agent_test.go:441 @ 07/22/25 12:21:13.11&#xA;[FAILED] Unexpected error:&#xA;    &lt;*fmt.wrapError | 0xc000532600&gt;: &#xA;    failed to connect: failed to WebSocket dial: expected handshake response status code 101 but got 429&#xA;    {&#xA;        msg: &#34;failed to connect: failed to WebSocket dial: expected handshake response status code 101 but got 429&#34;,&#xA;        err: &lt;*fmt.wrapError | 0xc0005325e0&gt;{&#xA;            msg: &#34;failed to WebSocket dial: expected handshake response status code 101 but got 429&#34;,&#xA;            err: &lt;*errors.errorString | 0xc00052e000&gt;{&#xA;                s: &#34;expected handshake response status code 101 but got 429&#34;,&#xA;            },&#xA;        },&#xA;    }&#xA;occurred&#xA;In [It] at: /Users/seancorkum/projects/devops-mcp/test/e2e/scenarios/single_agent_test.go:463 @ 07/22/25 12:21:13.155&#xA;&lt; Exit [It] should handle invalid method calls - /Users/seancorkum/projects/devops-mcp/test/e2e/scenarios/single_agent_test.go:441 @ 07/22/25 12:21:13.155 (45ms)&#xA;&gt; Enter [AfterEach] Single Agent E2E Tests - /Users/seancorkum/projects/devops-mcp/test/e2e/scenarios/single_agent_test.go:40 @ 07/22/25 12:21:13.155&#xA;&lt; Exit [AfterEach] Single Agent E2E Tests - /Users/seancorkum/projects/devops-mcp/test/e2e/scenarios/single_agent_test.go:40 @ 07/22/25 12:21:13.158 (3ms)&#xA;</system-err>
          </testcase>
          <testcase name="[It] Performance and Stress E2E Tests Agent Swarm Tests should handle agent churn" classname="E2E Scenarios Suite" status="failed" time="61.134507086">
              <failure message="Expected&#xA;    &lt;int64&gt;: 0&#xA;to be &gt;&#xA;    &lt;int&gt;: 20" type="failed">[FAILED] Expected&#xA;    &lt;int64&gt;: 0&#xA;to be &gt;&#xA;    &lt;int&gt;: 20&#xA;In [It] at: /Users/seancorkum/projects/devops-mcp/test/e2e/scenarios/performance_test.go:275 @ 07/22/25 12:22:13.21&#xA;&#xA;There were additional failures detected after the initial failure. These are visible in the timeline&#xA;</failure>
              <system-out>[12:21:42] [INFO] performance: Agent Churn Results:&#xA;[12:21:42] [INFO] performance:   Total connections: 0&#xA;[12:21:42] [INFO] performance:   Total disconnections: 0&#xA;[12:21:42] [INFO] performance:   Total errors: 145&#xA;[12:21:42] [INFO] performance:   Error rate: 100.00%&#xA;[12:22:13] [INFO] performance: Agent Churn Results:&#xA;[12:22:13] [INFO] performance:   Total connections: 0&#xA;[12:22:13] [INFO] performance:   Total disconnections: 0&#xA;[12:22:13] [INFO] performance:   Total errors: 145&#xA;[12:22:13] [INFO] performance:   Error rate: 100.00%&#xA;</system-out>
              <system-err>&gt; Enter [BeforeEach] Performance and Stress E2E Tests - /Users/seancorkum/projects/devops-mcp/test/e2e/scenarios/performance_test.go:31 @ 07/22/25 12:21:12.078&#xA;&lt; Exit [BeforeEach] Performance and Stress E2E Tests - /Users/seancorkum/projects/devops-mcp/test/e2e/scenarios/performance_test.go:31 @ 07/22/25 12:21:12.078 (0s)&#xA;&gt; Enter [It] should handle agent churn - /Users/seancorkum/projects/devops-mcp/test/e2e/scenarios/performance_test.go:179 @ 07/22/25 12:21:12.078&#xA;[FAILED] Failure recorded during attempt 1:&#xA;Expected&#xA;    &lt;int64&gt;: 0&#xA;to be &gt;&#xA;    &lt;int&gt;: 20&#xA;In [It] at: /Users/seancorkum/projects/devops-mcp/test/e2e/scenarios/performance_test.go:275 @ 07/22/25 12:21:42.76&#xA;&lt; Exit [It] should handle agent churn - /Users/seancorkum/projects/devops-mcp/test/e2e/scenarios/performance_test.go:179 @ 07/22/25 12:21:42.76 (30.681s)&#xA;&gt; Enter [AfterEach] Performance and Stress E2E Tests - /Users/seancorkum/projects/devops-mcp/test/e2e/scenarios/performance_test.go:41 @ 07/22/25 12:21:42.76&#xA;&lt; Exit [AfterEach] Performance and Stress E2E Tests - /Users/seancorkum/projects/devops-mcp/test/e2e/scenarios/performance_test.go:41 @ 07/22/25 12:21:42.763 (2ms)&#xA;&#xA;Attempt #1 Failed.  Retrying â†º @ 07/22/25 12:21:42.763&#xA;&#xA;&gt; Enter [BeforeEach] Performance and Stress E2E Tests - /Users/seancorkum/projects/devops-mcp/test/e2e/scenarios/performance_test.go:31 @ 07/22/25 12:21:42.763&#xA;&lt; Exit [BeforeEach] Performance and Stress E2E Tests - /Users/seancorkum/projects/devops-mcp/test/e2e/scenarios/performance_test.go:31 @ 07/22/25 12:21:42.763 (0s)&#xA;&gt; Enter [It] should handle agent churn - /Users/seancorkum/projects/devops-mcp/test/e2e/scenarios/performance_test.go:179 @ 07/22/25 12:21:42.763&#xA;[FAILED] Expected&#xA;    &lt;int64&gt;: 0&#xA;to be &gt;&#xA;    &lt;int&gt;: 20&#xA;In [It] at: /Users/seancorkum/projects/devops-mcp/test/e2e/scenarios/performance_test.go:275 @ 07/22/25 12:22:13.21&#xA;&lt; Exit [It] should handle agent churn - /Users/seancorkum/projects/devops-mcp/test/e2e/scenarios/performance_test.go:179 @ 07/22/25 12:22:13.21 (30.446s)&#xA;&gt; Enter [AfterEach] Performance and Stress E2E Tests - /Users/seancorkum/projects/devops-mcp/test/e2e/scenarios/performance_test.go:41 @ 07/22/25 12:22:13.211&#xA;&lt; Exit [AfterEach] Performance and Stress E2E Tests - /Users/seancorkum/projects/devops-mcp/test/e2e/scenarios/performance_test.go:41 @ 07/22/25 12:22:13.213 (2ms)&#xA;</system-err>
          </testcase>
      </testsuite>
  </testsuites>