<?xml version="1.0" encoding="UTF-8"?>
  <testsuites tests="21" disabled="0" errors="0" failures="20" time="61.72028">
      <testsuite name="DevOps MCP E2E Test Suite" package="/Users/seancorkum/projects/devops-mcp/test/e2e" tests="0" disabled="0" skipped="0" errors="0" failures="0" time="0.003743" timestamp="2025-07-05T18:50:15">
          <properties>
              <property name="SuiteSucceeded" value="true"></property>
              <property name="SuiteHasProgrammaticFocus" value="false"></property>
              <property name="SpecialSuiteFailureReason" value=""></property>
              <property name="SuiteLabels" value="[]"></property>
              <property name="RandomSeed" value="1751759412"></property>
              <property name="RandomizeAllSpecs" value="false"></property>
              <property name="LabelFilter" value=""></property>
              <property name="FocusStrings" value=""></property>
              <property name="SkipStrings" value=""></property>
              <property name="FocusFiles" value=""></property>
              <property name="SkipFiles" value=""></property>
              <property name="FailOnPending" value="false"></property>
              <property name="FailOnEmpty" value="false"></property>
              <property name="FailFast" value="false"></property>
              <property name="FlakeAttempts" value="2"></property>
              <property name="DryRun" value="false"></property>
              <property name="ParallelTotal" value="5"></property>
              <property name="OutputInterceptorMode" value=""></property>
          </properties>
      </testsuite>
      <testsuite name="Multi-Agent Collaboration E2E Test Suite" package="/Users/seancorkum/projects/devops-mcp/test/e2e/scenarios" tests="21" disabled="0" skipped="0" errors="0" failures="20" time="61.716537" timestamp="2025-07-05T18:50:17">
          <properties>
              <property name="SuiteSucceeded" value="false"></property>
              <property name="SuiteHasProgrammaticFocus" value="false"></property>
              <property name="SpecialSuiteFailureReason" value=""></property>
              <property name="SuiteLabels" value="[]"></property>
              <property name="RandomSeed" value="1751759412"></property>
              <property name="RandomizeAllSpecs" value="false"></property>
              <property name="LabelFilter" value=""></property>
              <property name="FocusStrings" value=""></property>
              <property name="SkipStrings" value=""></property>
              <property name="FocusFiles" value=""></property>
              <property name="SkipFiles" value=""></property>
              <property name="FailOnPending" value="false"></property>
              <property name="FailOnEmpty" value="false"></property>
              <property name="FailFast" value="false"></property>
              <property name="FlakeAttempts" value="2"></property>
              <property name="DryRun" value="false"></property>
              <property name="ParallelTotal" value="5"></property>
              <property name="OutputInterceptorMode" value=""></property>
          </properties>
          <testcase name="[It] Single Agent E2E Tests Basic Agent Lifecycle should handle reconnection" classname="Multi-Agent Collaboration E2E Test Suite" status="failed" time="0.288359055">
              <failure message="Unexpected error:&#xA;    &lt;*fmt.wrapError | 0xc0003341c0&gt;: &#xA;    failed to connect: failed to WebSocket dial: expected handshake response status code 101 but got 426&#xA;    {&#xA;        msg: &#34;failed to connect: failed to WebSocket dial: expected handshake response status code 101 but got 426&#34;,&#xA;        err: &lt;*fmt.wrapError | 0xc000334020&gt;{&#xA;            msg: &#34;failed to WebSocket dial: expected handshake response status code 101 but got 426&#34;,&#xA;            err: &lt;*errors.errorString | 0xc000198010&gt;{&#xA;                s: &#34;expected handshake response status code 101 but got 426&#34;,&#xA;            },&#xA;        },&#xA;    }&#xA;occurred" type="failed">[FAILED] Unexpected error:&#xA;    &lt;*fmt.wrapError | 0xc0003341c0&gt;: &#xA;    failed to connect: failed to WebSocket dial: expected handshake response status code 101 but got 426&#xA;    {&#xA;        msg: &#34;failed to connect: failed to WebSocket dial: expected handshake response status code 101 but got 426&#34;,&#xA;        err: &lt;*fmt.wrapError | 0xc000334020&gt;{&#xA;            msg: &#34;failed to WebSocket dial: expected handshake response status code 101 but got 426&#34;,&#xA;            err: &lt;*errors.errorString | 0xc000198010&gt;{&#xA;                s: &#34;expected handshake response status code 101 but got 426&#34;,&#xA;            },&#xA;        },&#xA;    }&#xA;occurred&#xA;In [It] at: /Users/seancorkum/projects/devops-mcp/test/e2e/scenarios/single_agent_test.go:129 @ 07/05/25 18:50:17.466&#xA;&#xA;There were additional failures detected after the initial failure. These are visible in the timeline&#xA;</failure>
              <system-err>&gt; Enter [BeforeEach] Single Agent E2E Tests - /Users/seancorkum/projects/devops-mcp/test/e2e/scenarios/single_agent_test.go:30 @ 07/05/25 18:50:17.181&#xA;&lt; Exit [BeforeEach] Single Agent E2E Tests - /Users/seancorkum/projects/devops-mcp/test/e2e/scenarios/single_agent_test.go:30 @ 07/05/25 18:50:17.186 (4ms)&#xA;&gt; Enter [It] should handle reconnection - /Users/seancorkum/projects/devops-mcp/test/e2e/scenarios/single_agent_test.go:107 @ 07/05/25 18:50:17.186&#xA;[FAILED] Failure recorded during attempt 1:&#xA;Unexpected error:&#xA;    &lt;*fmt.wrapError | 0xc0000b23c0&gt;: &#xA;    failed to connect: failed to WebSocket dial: expected handshake response status code 101 but got 426&#xA;    {&#xA;        msg: &#34;failed to connect: failed to WebSocket dial: expected handshake response status code 101 but got 426&#34;,&#xA;        err: &lt;*fmt.wrapError | 0xc0000b2300&gt;{&#xA;            msg: &#34;failed to WebSocket dial: expected handshake response status code 101 but got 426&#34;,&#xA;            err: &lt;*errors.errorString | 0xc000037120&gt;{&#xA;                s: &#34;expected handshake response status code 101 but got 426&#34;,&#xA;            },&#xA;        },&#xA;    }&#xA;occurred&#xA;In [It] at: /Users/seancorkum/projects/devops-mcp/test/e2e/scenarios/single_agent_test.go:129 @ 07/05/25 18:50:17.41&#xA;&lt; Exit [It] should handle reconnection - /Users/seancorkum/projects/devops-mcp/test/e2e/scenarios/single_agent_test.go:107 @ 07/05/25 18:50:17.41 (224ms)&#xA;&gt; Enter [AfterEach] Single Agent E2E Tests - /Users/seancorkum/projects/devops-mcp/test/e2e/scenarios/single_agent_test.go:40 @ 07/05/25 18:50:17.41&#xA;&lt; Exit [AfterEach] Single Agent E2E Tests - /Users/seancorkum/projects/devops-mcp/test/e2e/scenarios/single_agent_test.go:40 @ 07/05/25 18:50:17.415 (5ms)&#xA;&#xA;Attempt #1 Failed.  Retrying â†º @ 07/05/25 18:50:17.415&#xA;&#xA;&gt; Enter [BeforeEach] Single Agent E2E Tests - /Users/seancorkum/projects/devops-mcp/test/e2e/scenarios/single_agent_test.go:30 @ 07/05/25 18:50:17.416&#xA;&lt; Exit [BeforeEach] Single Agent E2E Tests - /Users/seancorkum/projects/devops-mcp/test/e2e/scenarios/single_agent_test.go:30 @ 07/05/25 18:50:17.42 (5ms)&#xA;&gt; Enter [It] should handle reconnection - /Users/seancorkum/projects/devops-mcp/test/e2e/scenarios/single_agent_test.go:107 @ 07/05/25 18:50:17.42&#xA;[FAILED] Unexpected error:&#xA;    &lt;*fmt.wrapError | 0xc0003341c0&gt;: &#xA;    failed to connect: failed to WebSocket dial: expected handshake response status code 101 but got 426&#xA;    {&#xA;        msg: &#34;failed to connect: failed to WebSocket dial: expected handshake response status code 101 but got 426&#34;,&#xA;        err: &lt;*fmt.wrapError | 0xc000334020&gt;{&#xA;            msg: &#34;failed to WebSocket dial: expected handshake response status code 101 but got 426&#34;,&#xA;            err: &lt;*errors.errorString | 0xc000198010&gt;{&#xA;                s: &#34;expected handshake response status code 101 but got 426&#34;,&#xA;            },&#xA;        },&#xA;    }&#xA;occurred&#xA;In [It] at: /Users/seancorkum/projects/devops-mcp/test/e2e/scenarios/single_agent_test.go:129 @ 07/05/25 18:50:17.466&#xA;&lt; Exit [It] should handle reconnection - /Users/seancorkum/projects/devops-mcp/test/e2e/scenarios/single_agent_test.go:107 @ 07/05/25 18:50:17.466 (45ms)&#xA;&gt; Enter [AfterEach] Single Agent E2E Tests - /Users/seancorkum/projects/devops-mcp/test/e2e/scenarios/single_agent_test.go:40 @ 07/05/25 18:50:17.466&#xA;&lt; Exit [AfterEach] Single Agent E2E Tests - /Users/seancorkum/projects/devops-mcp/test/e2e/scenarios/single_agent_test.go:40 @ 07/05/25 18:50:17.469 (3ms)&#xA;</system-err>
          </testcase>
          <testcase name="[It] Single Agent E2E Tests Error Handling should handle timeout scenarios" classname="Multi-Agent Collaboration E2E Test Suite" status="failed" time="0.098962466">
              <failure message="Unexpected error:&#xA;    &lt;*fmt.wrapError | 0xc00007c120&gt;: &#xA;    failed to connect: failed to WebSocket dial: expected handshake response status code 101 but got 426&#xA;    {&#xA;        msg: &#34;failed to connect: failed to WebSocket dial: expected handshake response status code 101 but got 426&#34;,&#xA;        err: &lt;*fmt.wrapError | 0xc00007c100&gt;{&#xA;            msg: &#34;failed to WebSocket dial: expected handshake response status code 101 but got 426&#34;,&#xA;            err: &lt;*errors.errorString | 0xc00019e000&gt;{&#xA;                s: &#34;expected handshake response status code 101 but got 426&#34;,&#xA;            },&#xA;        },&#xA;    }&#xA;occurred" type="failed">[FAILED] Unexpected error:&#xA;    &lt;*fmt.wrapError | 0xc00007c120&gt;: &#xA;    failed to connect: failed to WebSocket dial: expected handshake response status code 101 but got 426&#xA;    {&#xA;        msg: &#34;failed to connect: failed to WebSocket dial: expected handshake response status code 101 but got 426&#34;,&#xA;        err: &lt;*fmt.wrapError | 0xc00007c100&gt;{&#xA;            msg: &#34;failed to WebSocket dial: expected handshake response status code 101 but got 426&#34;,&#xA;            err: &lt;*errors.errorString | 0xc00019e000&gt;{&#xA;                s: &#34;expected handshake response status code 101 but got 426&#34;,&#xA;            },&#xA;        },&#xA;    }&#xA;occurred&#xA;In [It] at: /Users/seancorkum/projects/devops-mcp/test/e2e/scenarios/single_agent_test.go:488 @ 07/05/25 18:50:17.567&#xA;&#xA;There were additional failures detected after the initial failure. These are visible in the timeline&#xA;</failure>
              <system-err>&gt; Enter [BeforeEach] Single Agent E2E Tests - /Users/seancorkum/projects/devops-mcp/test/e2e/scenarios/single_agent_test.go:30 @ 07/05/25 18:50:17.471&#xA;&lt; Exit [BeforeEach] Single Agent E2E Tests - /Users/seancorkum/projects/devops-mcp/test/e2e/scenarios/single_agent_test.go:30 @ 07/05/25 18:50:17.474 (3ms)&#xA;&gt; Enter [It] should handle timeout scenarios - /Users/seancorkum/projects/devops-mcp/test/e2e/scenarios/single_agent_test.go:468 @ 07/05/25 18:50:17.474&#xA;[FAILED] Failure recorded during attempt 1:&#xA;Unexpected error:&#xA;    &lt;*fmt.wrapError | 0xc0000b2300&gt;: &#xA;    failed to connect: failed to WebSocket dial: expected handshake response status code 101 but got 426&#xA;    {&#xA;        msg: &#34;failed to connect: failed to WebSocket dial: expected handshake response status code 101 but got 426&#34;,&#xA;        err: &lt;*fmt.wrapError | 0xc0000b2260&gt;{&#xA;            msg: &#34;failed to WebSocket dial: expected handshake response status code 101 but got 426&#34;,&#xA;            err: &lt;*errors.errorString | 0xc0001aa010&gt;{&#xA;                s: &#34;expected handshake response status code 101 but got 426&#34;,&#xA;            },&#xA;        },&#xA;    }&#xA;occurred&#xA;In [It] at: /Users/seancorkum/projects/devops-mcp/test/e2e/scenarios/single_agent_test.go:488 @ 07/05/25 18:50:17.517&#xA;&lt; Exit [It] should handle timeout scenarios - /Users/seancorkum/projects/devops-mcp/test/e2e/scenarios/single_agent_test.go:468 @ 07/05/25 18:50:17.517 (43ms)&#xA;&gt; Enter [AfterEach] Single Agent E2E Tests - /Users/seancorkum/projects/devops-mcp/test/e2e/scenarios/single_agent_test.go:40 @ 07/05/25 18:50:17.517&#xA;&lt; Exit [AfterEach] Single Agent E2E Tests - /Users/seancorkum/projects/devops-mcp/test/e2e/scenarios/single_agent_test.go:40 @ 07/05/25 18:50:17.519 (2ms)&#xA;&#xA;Attempt #1 Failed.  Retrying â†º @ 07/05/25 18:50:17.519&#xA;&#xA;&gt; Enter [BeforeEach] Single Agent E2E Tests - /Users/seancorkum/projects/devops-mcp/test/e2e/scenarios/single_agent_test.go:30 @ 07/05/25 18:50:17.519&#xA;&lt; Exit [BeforeEach] Single Agent E2E Tests - /Users/seancorkum/projects/devops-mcp/test/e2e/scenarios/single_agent_test.go:30 @ 07/05/25 18:50:17.521 (2ms)&#xA;&gt; Enter [It] should handle timeout scenarios - /Users/seancorkum/projects/devops-mcp/test/e2e/scenarios/single_agent_test.go:468 @ 07/05/25 18:50:17.522&#xA;[FAILED] Unexpected error:&#xA;    &lt;*fmt.wrapError | 0xc00007c120&gt;: &#xA;    failed to connect: failed to WebSocket dial: expected handshake response status code 101 but got 426&#xA;    {&#xA;        msg: &#34;failed to connect: failed to WebSocket dial: expected handshake response status code 101 but got 426&#34;,&#xA;        err: &lt;*fmt.wrapError | 0xc00007c100&gt;{&#xA;            msg: &#34;failed to WebSocket dial: expected handshake response status code 101 but got 426&#34;,&#xA;            err: &lt;*errors.errorString | 0xc00019e000&gt;{&#xA;                s: &#34;expected handshake response status code 101 but got 426&#34;,&#xA;            },&#xA;        },&#xA;    }&#xA;occurred&#xA;In [It] at: /Users/seancorkum/projects/devops-mcp/test/e2e/scenarios/single_agent_test.go:488 @ 07/05/25 18:50:17.567&#xA;&lt; Exit [It] should handle timeout scenarios - /Users/seancorkum/projects/devops-mcp/test/e2e/scenarios/single_agent_test.go:468 @ 07/05/25 18:50:17.567 (46ms)&#xA;&gt; Enter [AfterEach] Single Agent E2E Tests - /Users/seancorkum/projects/devops-mcp/test/e2e/scenarios/single_agent_test.go:40 @ 07/05/25 18:50:17.567&#xA;&lt; Exit [AfterEach] Single Agent E2E Tests - /Users/seancorkum/projects/devops-mcp/test/e2e/scenarios/single_agent_test.go:40 @ 07/05/25 18:50:17.569 (2ms)&#xA;</system-err>
          </testcase>
          <testcase name="[It] Multi-Agent Collaboration E2E Tests MapReduce Pattern should execute MapReduce workflow across agents" classname="Multi-Agent Collaboration E2E Test Suite" status="failed" time="0.1019484">
              <failure message="Unexpected error:&#xA;    &lt;*fmt.wrapError | 0xc00007c180&gt;: &#xA;    failed to connect: failed to WebSocket dial: expected handshake response status code 101 but got 426&#xA;    {&#xA;        msg: &#34;failed to connect: failed to WebSocket dial: expected handshake response status code 101 but got 426&#34;,&#xA;        err: &lt;*fmt.wrapError | 0xc00007c160&gt;{&#xA;            msg: &#34;failed to WebSocket dial: expected handshake response status code 101 but got 426&#34;,&#xA;            err: &lt;*errors.errorString | 0xc00052a000&gt;{&#xA;                s: &#34;expected handshake response status code 101 but got 426&#34;,&#xA;            },&#xA;        },&#xA;    }&#xA;occurred" type="failed">[FAILED] Unexpected error:&#xA;    &lt;*fmt.wrapError | 0xc00007c180&gt;: &#xA;    failed to connect: failed to WebSocket dial: expected handshake response status code 101 but got 426&#xA;    {&#xA;        msg: &#34;failed to connect: failed to WebSocket dial: expected handshake response status code 101 but got 426&#34;,&#xA;        err: &lt;*fmt.wrapError | 0xc00007c160&gt;{&#xA;            msg: &#34;failed to WebSocket dial: expected handshake response status code 101 but got 426&#34;,&#xA;            err: &lt;*errors.errorString | 0xc00052a000&gt;{&#xA;                s: &#34;expected handshake response status code 101 but got 426&#34;,&#xA;            },&#xA;        },&#xA;    }&#xA;occurred&#xA;In [It] at: /Users/seancorkum/projects/devops-mcp/test/e2e/scenarios/multi_agent_test.go:482 @ 07/05/25 18:50:17.668&#xA;&#xA;There were additional failures detected after the initial failure. These are visible in the timeline&#xA;</failure>
              <system-err>&gt; Enter [BeforeEach] Multi-Agent Collaboration E2E Tests - /Users/seancorkum/projects/devops-mcp/test/e2e/scenarios/multi_agent_test.go:28 @ 07/05/25 18:50:17.571&#xA;&lt; Exit [BeforeEach] Multi-Agent Collaboration E2E Tests - /Users/seancorkum/projects/devops-mcp/test/e2e/scenarios/multi_agent_test.go:28 @ 07/05/25 18:50:17.573 (2ms)&#xA;&gt; Enter [It] should execute MapReduce workflow across agents - /Users/seancorkum/projects/devops-mcp/test/e2e/scenarios/multi_agent_test.go:456 @ 07/05/25 18:50:17.573&#xA;[FAILED] Failure recorded during attempt 1:&#xA;Unexpected error:&#xA;    &lt;*fmt.wrapError | 0xc00007c1e0&gt;: &#xA;    failed to connect: failed to WebSocket dial: expected handshake response status code 101 but got 426&#xA;    {&#xA;        msg: &#34;failed to connect: failed to WebSocket dial: expected handshake response status code 101 but got 426&#34;,&#xA;        err: &lt;*fmt.wrapError | 0xc00007c1c0&gt;{&#xA;            msg: &#34;failed to WebSocket dial: expected handshake response status code 101 but got 426&#34;,&#xA;            err: &lt;*errors.errorString | 0xc000199af0&gt;{&#xA;                s: &#34;expected handshake response status code 101 but got 426&#34;,&#xA;            },&#xA;        },&#xA;    }&#xA;occurred&#xA;In [It] at: /Users/seancorkum/projects/devops-mcp/test/e2e/scenarios/multi_agent_test.go:482 @ 07/05/25 18:50:17.617&#xA;&lt; Exit [It] should execute MapReduce workflow across agents - /Users/seancorkum/projects/devops-mcp/test/e2e/scenarios/multi_agent_test.go:456 @ 07/05/25 18:50:17.617 (43ms)&#xA;&gt; Enter [AfterEach] Multi-Agent Collaboration E2E Tests - /Users/seancorkum/projects/devops-mcp/test/e2e/scenarios/multi_agent_test.go:38 @ 07/05/25 18:50:17.617&#xA;&lt; Exit [AfterEach] Multi-Agent Collaboration E2E Tests - /Users/seancorkum/projects/devops-mcp/test/e2e/scenarios/multi_agent_test.go:38 @ 07/05/25 18:50:17.619 (2ms)&#xA;&#xA;Attempt #1 Failed.  Retrying â†º @ 07/05/25 18:50:17.619&#xA;&#xA;&gt; Enter [BeforeEach] Multi-Agent Collaboration E2E Tests - /Users/seancorkum/projects/devops-mcp/test/e2e/scenarios/multi_agent_test.go:28 @ 07/05/25 18:50:17.619&#xA;&lt; Exit [BeforeEach] Multi-Agent Collaboration E2E Tests - /Users/seancorkum/projects/devops-mcp/test/e2e/scenarios/multi_agent_test.go:28 @ 07/05/25 18:50:17.622 (3ms)&#xA;&gt; Enter [It] should execute MapReduce workflow across agents - /Users/seancorkum/projects/devops-mcp/test/e2e/scenarios/multi_agent_test.go:456 @ 07/05/25 18:50:17.622&#xA;[FAILED] Unexpected error:&#xA;    &lt;*fmt.wrapError | 0xc00007c180&gt;: &#xA;    failed to connect: failed to WebSocket dial: expected handshake response status code 101 but got 426&#xA;    {&#xA;        msg: &#34;failed to connect: failed to WebSocket dial: expected handshake response status code 101 but got 426&#34;,&#xA;        err: &lt;*fmt.wrapError | 0xc00007c160&gt;{&#xA;            msg: &#34;failed to WebSocket dial: expected handshake response status code 101 but got 426&#34;,&#xA;            err: &lt;*errors.errorString | 0xc00052a000&gt;{&#xA;                s: &#34;expected handshake response status code 101 but got 426&#34;,&#xA;            },&#xA;        },&#xA;    }&#xA;occurred&#xA;In [It] at: /Users/seancorkum/projects/devops-mcp/test/e2e/scenarios/multi_agent_test.go:482 @ 07/05/25 18:50:17.668&#xA;&lt; Exit [It] should execute MapReduce workflow across agents - /Users/seancorkum/projects/devops-mcp/test/e2e/scenarios/multi_agent_test.go:456 @ 07/05/25 18:50:17.668 (45ms)&#xA;&gt; Enter [AfterEach] Multi-Agent Collaboration E2E Tests - /Users/seancorkum/projects/devops-mcp/test/e2e/scenarios/multi_agent_test.go:38 @ 07/05/25 18:50:17.668&#xA;&lt; Exit [AfterEach] Multi-Agent Collaboration E2E Tests - /Users/seancorkum/projects/devops-mcp/test/e2e/scenarios/multi_agent_test.go:38 @ 07/05/25 18:50:17.672 (4ms)&#xA;</system-err>
          </testcase>
          <testcase name="[It] Performance and Stress E2E Tests Message Throughput Tests should handle high message throughput" classname="Multi-Agent Collaboration E2E Test Suite" status="failed" time="0.098281839">
              <failure message="Unexpected error:&#xA;    &lt;*fmt.wrapError | 0xc0003a80c0&gt;: &#xA;    failed to connect: failed to WebSocket dial: expected handshake response status code 101 but got 426&#xA;    {&#xA;        msg: &#34;failed to connect: failed to WebSocket dial: expected handshake response status code 101 but got 426&#34;,&#xA;        err: &lt;*fmt.wrapError | 0xc0003a80a0&gt;{&#xA;            msg: &#34;failed to WebSocket dial: expected handshake response status code 101 but got 426&#34;,&#xA;            err: &lt;*errors.errorString | 0xc000198060&gt;{&#xA;                s: &#34;expected handshake response status code 101 but got 426&#34;,&#xA;            },&#xA;        },&#xA;    }&#xA;occurred" type="failed">[FAILED] Unexpected error:&#xA;    &lt;*fmt.wrapError | 0xc0003a80c0&gt;: &#xA;    failed to connect: failed to WebSocket dial: expected handshake response status code 101 but got 426&#xA;    {&#xA;        msg: &#34;failed to connect: failed to WebSocket dial: expected handshake response status code 101 but got 426&#34;,&#xA;        err: &lt;*fmt.wrapError | 0xc0003a80a0&gt;{&#xA;            msg: &#34;failed to WebSocket dial: expected handshake response status code 101 but got 426&#34;,&#xA;            err: &lt;*errors.errorString | 0xc000198060&gt;{&#xA;                s: &#34;expected handshake response status code 101 but got 426&#34;,&#xA;            },&#xA;        },&#xA;    }&#xA;occurred&#xA;In [It] at: /Users/seancorkum/projects/devops-mcp/test/e2e/scenarios/performance_test.go:311 @ 07/05/25 18:50:17.769&#xA;&#xA;There were additional failures detected after the initial failure. These are visible in the timeline&#xA;</failure>
              <system-err>&gt; Enter [BeforeEach] Performance and Stress E2E Tests - /Users/seancorkum/projects/devops-mcp/test/e2e/scenarios/performance_test.go:31 @ 07/05/25 18:50:17.674&#xA;&lt; Exit [BeforeEach] Performance and Stress E2E Tests - /Users/seancorkum/projects/devops-mcp/test/e2e/scenarios/performance_test.go:31 @ 07/05/25 18:50:17.674 (0s)&#xA;&gt; Enter [It] should handle high message throughput - /Users/seancorkum/projects/devops-mcp/test/e2e/scenarios/performance_test.go:289 @ 07/05/25 18:50:17.674&#xA;[FAILED] Failure recorded during attempt 1:&#xA;Unexpected error:&#xA;    &lt;*fmt.wrapError | 0xc00007c7c0&gt;: &#xA;    failed to connect: failed to WebSocket dial: expected handshake response status code 101 but got 426&#xA;    {&#xA;        msg: &#34;failed to connect: failed to WebSocket dial: expected handshake response status code 101 but got 426&#34;,&#xA;        err: &lt;*fmt.wrapError | 0xc00007c7a0&gt;{&#xA;            msg: &#34;failed to WebSocket dial: expected handshake response status code 101 but got 426&#34;,&#xA;            err: &lt;*errors.errorString | 0xc0000b1620&gt;{&#xA;                s: &#34;expected handshake response status code 101 but got 426&#34;,&#xA;            },&#xA;        },&#xA;    }&#xA;occurred&#xA;In [It] at: /Users/seancorkum/projects/devops-mcp/test/e2e/scenarios/performance_test.go:311 @ 07/05/25 18:50:17.721&#xA;&lt; Exit [It] should handle high message throughput - /Users/seancorkum/projects/devops-mcp/test/e2e/scenarios/performance_test.go:289 @ 07/05/25 18:50:17.721 (47ms)&#xA;&gt; Enter [AfterEach] Performance and Stress E2E Tests - /Users/seancorkum/projects/devops-mcp/test/e2e/scenarios/performance_test.go:41 @ 07/05/25 18:50:17.721&#xA;&lt; Exit [AfterEach] Performance and Stress E2E Tests - /Users/seancorkum/projects/devops-mcp/test/e2e/scenarios/performance_test.go:41 @ 07/05/25 18:50:17.723 (2ms)&#xA;&#xA;Attempt #1 Failed.  Retrying â†º @ 07/05/25 18:50:17.723&#xA;&#xA;&gt; Enter [BeforeEach] Performance and Stress E2E Tests - /Users/seancorkum/projects/devops-mcp/test/e2e/scenarios/performance_test.go:31 @ 07/05/25 18:50:17.723&#xA;&lt; Exit [BeforeEach] Performance and Stress E2E Tests - /Users/seancorkum/projects/devops-mcp/test/e2e/scenarios/performance_test.go:31 @ 07/05/25 18:50:17.723 (0s)&#xA;&gt; Enter [It] should handle high message throughput - /Users/seancorkum/projects/devops-mcp/test/e2e/scenarios/performance_test.go:289 @ 07/05/25 18:50:17.723&#xA;[FAILED] Unexpected error:&#xA;    &lt;*fmt.wrapError | 0xc0003a80c0&gt;: &#xA;    failed to connect: failed to WebSocket dial: expected handshake response status code 101 but got 426&#xA;    {&#xA;        msg: &#34;failed to connect: failed to WebSocket dial: expected handshake response status code 101 but got 426&#34;,&#xA;        err: &lt;*fmt.wrapError | 0xc0003a80a0&gt;{&#xA;            msg: &#34;failed to WebSocket dial: expected handshake response status code 101 but got 426&#34;,&#xA;            err: &lt;*errors.errorString | 0xc000198060&gt;{&#xA;                s: &#34;expected handshake response status code 101 but got 426&#34;,&#xA;            },&#xA;        },&#xA;    }&#xA;occurred&#xA;In [It] at: /Users/seancorkum/projects/devops-mcp/test/e2e/scenarios/performance_test.go:311 @ 07/05/25 18:50:17.769&#xA;&lt; Exit [It] should handle high message throughput - /Users/seancorkum/projects/devops-mcp/test/e2e/scenarios/performance_test.go:289 @ 07/05/25 18:50:17.769 (46ms)&#xA;&gt; Enter [AfterEach] Performance and Stress E2E Tests - /Users/seancorkum/projects/devops-mcp/test/e2e/scenarios/performance_test.go:41 @ 07/05/25 18:50:17.77&#xA;&lt; Exit [AfterEach] Performance and Stress E2E Tests - /Users/seancorkum/projects/devops-mcp/test/e2e/scenarios/performance_test.go:41 @ 07/05/25 18:50:17.772 (2ms)&#xA;</system-err>
          </testcase>
          <testcase name="[It] Performance and Stress E2E Tests Binary Protocol Performance should demonstrate binary protocol efficiency" classname="Multi-Agent Collaboration E2E Test Suite" status="failed" time="0.109096115">
              <failure message="Unexpected error:&#xA;    &lt;*fmt.wrapError | 0xc000334380&gt;: &#xA;    failed to connect: failed to WebSocket dial: expected handshake response status code 101 but got 426&#xA;    {&#xA;        msg: &#34;failed to connect: failed to WebSocket dial: expected handshake response status code 101 but got 426&#34;,&#xA;        err: &lt;*fmt.wrapError | 0xc0003342c0&gt;{&#xA;            msg: &#34;failed to WebSocket dial: expected handshake response status code 101 but got 426&#34;,&#xA;            err: &lt;*errors.errorString | 0xc00043e180&gt;{&#xA;                s: &#34;expected handshake response status code 101 but got 426&#34;,&#xA;            },&#xA;        },&#xA;    }&#xA;occurred" type="failed">[FAILED] Unexpected error:&#xA;    &lt;*fmt.wrapError | 0xc000334380&gt;: &#xA;    failed to connect: failed to WebSocket dial: expected handshake response status code 101 but got 426&#xA;    {&#xA;        msg: &#34;failed to connect: failed to WebSocket dial: expected handshake response status code 101 but got 426&#34;,&#xA;        err: &lt;*fmt.wrapError | 0xc0003342c0&gt;{&#xA;            msg: &#34;failed to WebSocket dial: expected handshake response status code 101 but got 426&#34;,&#xA;            err: &lt;*errors.errorString | 0xc00043e180&gt;{&#xA;                s: &#34;expected handshake response status code 101 but got 426&#34;,&#xA;            },&#xA;        },&#xA;    }&#xA;occurred&#xA;In [It] at: /Users/seancorkum/projects/devops-mcp/test/e2e/scenarios/performance_test.go:650 @ 07/05/25 18:50:17.879&#xA;&#xA;There were additional failures detected after the initial failure. These are visible in the timeline&#xA;</failure>
              <system-err>&gt; Enter [BeforeEach] Performance and Stress E2E Tests - /Users/seancorkum/projects/devops-mcp/test/e2e/scenarios/performance_test.go:31 @ 07/05/25 18:50:17.773&#xA;&lt; Exit [BeforeEach] Performance and Stress E2E Tests - /Users/seancorkum/projects/devops-mcp/test/e2e/scenarios/performance_test.go:31 @ 07/05/25 18:50:17.773 (0s)&#xA;&gt; Enter [It] should demonstrate binary protocol efficiency - /Users/seancorkum/projects/devops-mcp/test/e2e/scenarios/performance_test.go:620 @ 07/05/25 18:50:17.773&#xA;[FAILED] Failure recorded during attempt 1:&#xA;Unexpected error:&#xA;    &lt;*fmt.wrapError | 0xc00007cde0&gt;: &#xA;    failed to connect: failed to WebSocket dial: expected handshake response status code 101 but got 426&#xA;    {&#xA;        msg: &#34;failed to connect: failed to WebSocket dial: expected handshake response status code 101 but got 426&#34;,&#xA;        err: &lt;*fmt.wrapError | 0xc00007cdc0&gt;{&#xA;            msg: &#34;failed to WebSocket dial: expected handshake response status code 101 but got 426&#34;,&#xA;            err: &lt;*errors.errorString | 0xc0001aa580&gt;{&#xA;                s: &#34;expected handshake response status code 101 but got 426&#34;,&#xA;            },&#xA;        },&#xA;    }&#xA;occurred&#xA;In [It] at: /Users/seancorkum/projects/devops-mcp/test/e2e/scenarios/performance_test.go:650 @ 07/05/25 18:50:17.832&#xA;&lt; Exit [It] should demonstrate binary protocol efficiency - /Users/seancorkum/projects/devops-mcp/test/e2e/scenarios/performance_test.go:620 @ 07/05/25 18:50:17.832 (59ms)&#xA;&gt; Enter [AfterEach] Performance and Stress E2E Tests - /Users/seancorkum/projects/devops-mcp/test/e2e/scenarios/performance_test.go:41 @ 07/05/25 18:50:17.832&#xA;&lt; Exit [AfterEach] Performance and Stress E2E Tests - /Users/seancorkum/projects/devops-mcp/test/e2e/scenarios/performance_test.go:41 @ 07/05/25 18:50:17.834 (2ms)&#xA;&#xA;Attempt #1 Failed.  Retrying â†º @ 07/05/25 18:50:17.835&#xA;&#xA;&gt; Enter [BeforeEach] Performance and Stress E2E Tests - /Users/seancorkum/projects/devops-mcp/test/e2e/scenarios/performance_test.go:31 @ 07/05/25 18:50:17.835&#xA;&lt; Exit [BeforeEach] Performance and Stress E2E Tests - /Users/seancorkum/projects/devops-mcp/test/e2e/scenarios/performance_test.go:31 @ 07/05/25 18:50:17.835 (0s)&#xA;&gt; Enter [It] should demonstrate binary protocol efficiency - /Users/seancorkum/projects/devops-mcp/test/e2e/scenarios/performance_test.go:620 @ 07/05/25 18:50:17.835&#xA;[FAILED] Unexpected error:&#xA;    &lt;*fmt.wrapError | 0xc000334380&gt;: &#xA;    failed to connect: failed to WebSocket dial: expected handshake response status code 101 but got 426&#xA;    {&#xA;        msg: &#34;failed to connect: failed to WebSocket dial: expected handshake response status code 101 but got 426&#34;,&#xA;        err: &lt;*fmt.wrapError | 0xc0003342c0&gt;{&#xA;            msg: &#34;failed to WebSocket dial: expected handshake response status code 101 but got 426&#34;,&#xA;            err: &lt;*errors.errorString | 0xc00043e180&gt;{&#xA;                s: &#34;expected handshake response status code 101 but got 426&#34;,&#xA;            },&#xA;        },&#xA;    }&#xA;occurred&#xA;In [It] at: /Users/seancorkum/projects/devops-mcp/test/e2e/scenarios/performance_test.go:650 @ 07/05/25 18:50:17.879&#xA;&lt; Exit [It] should demonstrate binary protocol efficiency - /Users/seancorkum/projects/devops-mcp/test/e2e/scenarios/performance_test.go:620 @ 07/05/25 18:50:17.879 (44ms)&#xA;&gt; Enter [AfterEach] Performance and Stress E2E Tests - /Users/seancorkum/projects/devops-mcp/test/e2e/scenarios/performance_test.go:41 @ 07/05/25 18:50:17.88&#xA;&lt; Exit [AfterEach] Performance and Stress E2E Tests - /Users/seancorkum/projects/devops-mcp/test/e2e/scenarios/performance_test.go:41 @ 07/05/25 18:50:17.882 (2ms)&#xA;</system-err>
          </testcase>
          <testcase name="[It] Single Agent E2E Tests Tool Discovery and Execution should execute GitHub tool" classname="Multi-Agent Collaboration E2E Test Suite" status="failed" time="0.289646412">
              <failure message="Unexpected error:&#xA;    &lt;*fmt.wrapError | 0xc0000a0080&gt;: &#xA;    failed to connect: failed to WebSocket dial: expected handshake response status code 101 but got 426&#xA;    {&#xA;        msg: &#34;failed to connect: failed to WebSocket dial: expected handshake response status code 101 but got 426&#34;,&#xA;        err: &lt;*fmt.wrapError | 0xc0000a0060&gt;{&#xA;            msg: &#34;failed to WebSocket dial: expected handshake response status code 101 but got 426&#34;,&#xA;            err: &lt;*errors.errorString | 0xc00029a0a0&gt;{&#xA;                s: &#34;expected handshake response status code 101 but got 426&#34;,&#xA;            },&#xA;        },&#xA;    }&#xA;occurred" type="failed">[FAILED] Unexpected error:&#xA;    &lt;*fmt.wrapError | 0xc0000a0080&gt;: &#xA;    failed to connect: failed to WebSocket dial: expected handshake response status code 101 but got 426&#xA;    {&#xA;        msg: &#34;failed to connect: failed to WebSocket dial: expected handshake response status code 101 but got 426&#34;,&#xA;        err: &lt;*fmt.wrapError | 0xc0000a0060&gt;{&#xA;            msg: &#34;failed to WebSocket dial: expected handshake response status code 101 but got 426&#34;,&#xA;            err: &lt;*errors.errorString | 0xc00029a0a0&gt;{&#xA;                s: &#34;expected handshake response status code 101 but got 426&#34;,&#xA;            },&#xA;        },&#xA;    }&#xA;occurred&#xA;In [It] at: /Users/seancorkum/projects/devops-mcp/test/e2e/scenarios/single_agent_test.go:234 @ 07/05/25 18:50:17.467&#xA;&#xA;There were additional failures detected after the initial failure. These are visible in the timeline&#xA;</failure>
              <system-err>&gt; Enter [BeforeEach] Single Agent E2E Tests - /Users/seancorkum/projects/devops-mcp/test/e2e/scenarios/single_agent_test.go:30 @ 07/05/25 18:50:17.182&#xA;&lt; Exit [BeforeEach] Single Agent E2E Tests - /Users/seancorkum/projects/devops-mcp/test/e2e/scenarios/single_agent_test.go:30 @ 07/05/25 18:50:17.186 (4ms)&#xA;&gt; Enter [It] should execute GitHub tool - /Users/seancorkum/projects/devops-mcp/test/e2e/scenarios/single_agent_test.go:215 @ 07/05/25 18:50:17.186&#xA;[FAILED] Failure recorded during attempt 1:&#xA;Unexpected error:&#xA;    &lt;*fmt.wrapError | 0xc0000a0420&gt;: &#xA;    failed to connect: failed to WebSocket dial: expected handshake response status code 101 but got 426&#xA;    {&#xA;        msg: &#34;failed to connect: failed to WebSocket dial: expected handshake response status code 101 but got 426&#34;,&#xA;        err: &lt;*fmt.wrapError | 0xc0000a0400&gt;{&#xA;            msg: &#34;failed to WebSocket dial: expected handshake response status code 101 but got 426&#34;,&#xA;            err: &lt;*errors.errorString | 0xc000290500&gt;{&#xA;                s: &#34;expected handshake response status code 101 but got 426&#34;,&#xA;            },&#xA;        },&#xA;    }&#xA;occurred&#xA;In [It] at: /Users/seancorkum/projects/devops-mcp/test/e2e/scenarios/single_agent_test.go:234 @ 07/05/25 18:50:17.415&#xA;&lt; Exit [It] should execute GitHub tool - /Users/seancorkum/projects/devops-mcp/test/e2e/scenarios/single_agent_test.go:215 @ 07/05/25 18:50:17.415 (229ms)&#xA;&gt; Enter [AfterEach] Single Agent E2E Tests - /Users/seancorkum/projects/devops-mcp/test/e2e/scenarios/single_agent_test.go:40 @ 07/05/25 18:50:17.416&#xA;&lt; Exit [AfterEach] Single Agent E2E Tests - /Users/seancorkum/projects/devops-mcp/test/e2e/scenarios/single_agent_test.go:40 @ 07/05/25 18:50:17.419 (3ms)&#xA;&#xA;Attempt #1 Failed.  Retrying â†º @ 07/05/25 18:50:17.419&#xA;&#xA;&gt; Enter [BeforeEach] Single Agent E2E Tests - /Users/seancorkum/projects/devops-mcp/test/e2e/scenarios/single_agent_test.go:30 @ 07/05/25 18:50:17.419&#xA;&lt; Exit [BeforeEach] Single Agent E2E Tests - /Users/seancorkum/projects/devops-mcp/test/e2e/scenarios/single_agent_test.go:30 @ 07/05/25 18:50:17.422 (4ms)&#xA;&gt; Enter [It] should execute GitHub tool - /Users/seancorkum/projects/devops-mcp/test/e2e/scenarios/single_agent_test.go:215 @ 07/05/25 18:50:17.423&#xA;[FAILED] Unexpected error:&#xA;    &lt;*fmt.wrapError | 0xc0000a0080&gt;: &#xA;    failed to connect: failed to WebSocket dial: expected handshake response status code 101 but got 426&#xA;    {&#xA;        msg: &#34;failed to connect: failed to WebSocket dial: expected handshake response status code 101 but got 426&#34;,&#xA;        err: &lt;*fmt.wrapError | 0xc0000a0060&gt;{&#xA;            msg: &#34;failed to WebSocket dial: expected handshake response status code 101 but got 426&#34;,&#xA;            err: &lt;*errors.errorString | 0xc00029a0a0&gt;{&#xA;                s: &#34;expected handshake response status code 101 but got 426&#34;,&#xA;            },&#xA;        },&#xA;    }&#xA;occurred&#xA;In [It] at: /Users/seancorkum/projects/devops-mcp/test/e2e/scenarios/single_agent_test.go:234 @ 07/05/25 18:50:17.467&#xA;&lt; Exit [It] should execute GitHub tool - /Users/seancorkum/projects/devops-mcp/test/e2e/scenarios/single_agent_test.go:215 @ 07/05/25 18:50:17.467 (45ms)&#xA;&gt; Enter [AfterEach] Single Agent E2E Tests - /Users/seancorkum/projects/devops-mcp/test/e2e/scenarios/single_agent_test.go:40 @ 07/05/25 18:50:17.468&#xA;&lt; Exit [AfterEach] Single Agent E2E Tests - /Users/seancorkum/projects/devops-mcp/test/e2e/scenarios/single_agent_test.go:40 @ 07/05/25 18:50:17.471 (3ms)&#xA;</system-err>
          </testcase>
          <testcase name="[It] Multi-Agent Collaboration E2E Tests Basic Multi-Agent Setup should connect multiple agents simultaneously" classname="Multi-Agent Collaboration E2E Test Suite" status="failed" time="0.246176127">
              <failure message="Expected&#xA;    &lt;int&gt;: 3&#xA;to equal&#xA;    &lt;int&gt;: 0" type="failed">[FAILED] Expected&#xA;    &lt;int&gt;: 3&#xA;to equal&#xA;    &lt;int&gt;: 0&#xA;In [It] at: /Users/seancorkum/projects/devops-mcp/test/e2e/scenarios/multi_agent_test.go:116 @ 07/05/25 18:50:17.716&#xA;&#xA;There were additional failures detected after the initial failure. These are visible in the timeline&#xA;</failure>
              <system-out>[18:50:17] [ERROR] multi-agent: Connection error: failed to connect: failed to WebSocket dial: expected handshake response status code 101 but got 426&#xA;[18:50:17] [ERROR] multi-agent: Connection error: failed to connect: failed to WebSocket dial: expected handshake response status code 101 but got 426&#xA;[18:50:17] [ERROR] multi-agent: Connection error: failed to connect: failed to WebSocket dial: expected handshake response status code 101 but got 426&#xA;[18:50:17] [ERROR] multi-agent: Connection error: failed to connect: failed to WebSocket dial: expected handshake response status code 101 but got 426&#xA;[18:50:17] [ERROR] multi-agent: Connection error: failed to connect: failed to WebSocket dial: expected handshake response status code 101 but got 426&#xA;[18:50:17] [ERROR] multi-agent: Connection error: failed to connect: failed to WebSocket dial: expected handshake response status code 101 but got 426&#xA;</system-out>
              <system-err>&gt; Enter [BeforeEach] Multi-Agent Collaboration E2E Tests - /Users/seancorkum/projects/devops-mcp/test/e2e/scenarios/multi_agent_test.go:28 @ 07/05/25 18:50:17.472&#xA;&lt; Exit [BeforeEach] Multi-Agent Collaboration E2E Tests - /Users/seancorkum/projects/devops-mcp/test/e2e/scenarios/multi_agent_test.go:28 @ 07/05/25 18:50:17.475 (3ms)&#xA;&gt; Enter [It] should connect multiple agents simultaneously - /Users/seancorkum/projects/devops-mcp/test/e2e/scenarios/multi_agent_test.go:45 @ 07/05/25 18:50:17.475&#xA;[FAILED] Failure recorded during attempt 1:&#xA;Expected&#xA;    &lt;int&gt;: 3&#xA;to equal&#xA;    &lt;int&gt;: 0&#xA;In [It] at: /Users/seancorkum/projects/devops-mcp/test/e2e/scenarios/multi_agent_test.go:116 @ 07/05/25 18:50:17.613&#xA;&lt; Exit [It] should connect multiple agents simultaneously - /Users/seancorkum/projects/devops-mcp/test/e2e/scenarios/multi_agent_test.go:45 @ 07/05/25 18:50:17.613 (138ms)&#xA;&gt; Enter [AfterEach] Multi-Agent Collaboration E2E Tests - /Users/seancorkum/projects/devops-mcp/test/e2e/scenarios/multi_agent_test.go:38 @ 07/05/25 18:50:17.613&#xA;&lt; Exit [AfterEach] Multi-Agent Collaboration E2E Tests - /Users/seancorkum/projects/devops-mcp/test/e2e/scenarios/multi_agent_test.go:38 @ 07/05/25 18:50:17.615 (2ms)&#xA;&#xA;Attempt #1 Failed.  Retrying â†º @ 07/05/25 18:50:17.615&#xA;&#xA;&gt; Enter [BeforeEach] Multi-Agent Collaboration E2E Tests - /Users/seancorkum/projects/devops-mcp/test/e2e/scenarios/multi_agent_test.go:28 @ 07/05/25 18:50:17.615&#xA;&lt; Exit [BeforeEach] Multi-Agent Collaboration E2E Tests - /Users/seancorkum/projects/devops-mcp/test/e2e/scenarios/multi_agent_test.go:28 @ 07/05/25 18:50:17.619 (4ms)&#xA;&gt; Enter [It] should connect multiple agents simultaneously - /Users/seancorkum/projects/devops-mcp/test/e2e/scenarios/multi_agent_test.go:45 @ 07/05/25 18:50:17.619&#xA;[FAILED] Expected&#xA;    &lt;int&gt;: 3&#xA;to equal&#xA;    &lt;int&gt;: 0&#xA;In [It] at: /Users/seancorkum/projects/devops-mcp/test/e2e/scenarios/multi_agent_test.go:116 @ 07/05/25 18:50:17.716&#xA;&lt; Exit [It] should connect multiple agents simultaneously - /Users/seancorkum/projects/devops-mcp/test/e2e/scenarios/multi_agent_test.go:45 @ 07/05/25 18:50:17.716 (97ms)&#xA;&gt; Enter [AfterEach] Multi-Agent Collaboration E2E Tests - /Users/seancorkum/projects/devops-mcp/test/e2e/scenarios/multi_agent_test.go:38 @ 07/05/25 18:50:17.716&#xA;&lt; Exit [AfterEach] Multi-Agent Collaboration E2E Tests - /Users/seancorkum/projects/devops-mcp/test/e2e/scenarios/multi_agent_test.go:38 @ 07/05/25 18:50:17.718 (2ms)&#xA;</system-err>
          </testcase>
          <testcase name="[It] Performance and Stress E2E Tests Message Throughput Tests should handle large message payloads" classname="Multi-Agent Collaboration E2E Test Suite" status="failed" time="0.107469067">
              <failure message="Unexpected error:&#xA;    &lt;*fmt.wrapError | 0xc0002707a0&gt;: &#xA;    failed to connect: failed to WebSocket dial: expected handshake response status code 101 but got 426&#xA;    {&#xA;        msg: &#34;failed to connect: failed to WebSocket dial: expected handshake response status code 101 but got 426&#34;,&#xA;        err: &lt;*fmt.wrapError | 0xc0002706c0&gt;{&#xA;            msg: &#34;failed to WebSocket dial: expected handshake response status code 101 but got 426&#34;,&#xA;            err: &lt;*errors.errorString | 0xc0001a0bf0&gt;{&#xA;                s: &#34;expected handshake response status code 101 but got 426&#34;,&#xA;            },&#xA;        },&#xA;    }&#xA;occurred" type="failed">[FAILED] Unexpected error:&#xA;    &lt;*fmt.wrapError | 0xc0002707a0&gt;: &#xA;    failed to connect: failed to WebSocket dial: expected handshake response status code 101 but got 426&#xA;    {&#xA;        msg: &#34;failed to connect: failed to WebSocket dial: expected handshake response status code 101 but got 426&#34;,&#xA;        err: &lt;*fmt.wrapError | 0xc0002706c0&gt;{&#xA;            msg: &#34;failed to WebSocket dial: expected handshake response status code 101 but got 426&#34;,&#xA;            err: &lt;*errors.errorString | 0xc0001a0bf0&gt;{&#xA;                s: &#34;expected handshake response status code 101 but got 426&#34;,&#xA;            },&#xA;        },&#xA;    }&#xA;occurred&#xA;In [It] at: /Users/seancorkum/projects/devops-mcp/test/e2e/scenarios/performance_test.go:428 @ 07/05/25 18:50:17.824&#xA;&#xA;There were additional failures detected after the initial failure. These are visible in the timeline&#xA;</failure>
              <system-err>&gt; Enter [BeforeEach] Performance and Stress E2E Tests - /Users/seancorkum/projects/devops-mcp/test/e2e/scenarios/performance_test.go:31 @ 07/05/25 18:50:17.719&#xA;&lt; Exit [BeforeEach] Performance and Stress E2E Tests - /Users/seancorkum/projects/devops-mcp/test/e2e/scenarios/performance_test.go:31 @ 07/05/25 18:50:17.719 (0s)&#xA;&gt; Enter [It] should handle large message payloads - /Users/seancorkum/projects/devops-mcp/test/e2e/scenarios/performance_test.go:407 @ 07/05/25 18:50:17.719&#xA;[FAILED] Failure recorded during attempt 1:&#xA;Unexpected error:&#xA;    &lt;*fmt.wrapError | 0xc000490240&gt;: &#xA;    failed to connect: failed to WebSocket dial: expected handshake response status code 101 but got 426&#xA;    {&#xA;        msg: &#34;failed to connect: failed to WebSocket dial: expected handshake response status code 101 but got 426&#34;,&#xA;        err: &lt;*fmt.wrapError | 0xc000490220&gt;{&#xA;            msg: &#34;failed to WebSocket dial: expected handshake response status code 101 but got 426&#34;,&#xA;            err: &lt;*errors.errorString | 0xc0001a0bc0&gt;{&#xA;                s: &#34;expected handshake response status code 101 but got 426&#34;,&#xA;            },&#xA;        },&#xA;    }&#xA;occurred&#xA;In [It] at: /Users/seancorkum/projects/devops-mcp/test/e2e/scenarios/performance_test.go:428 @ 07/05/25 18:50:17.763&#xA;&lt; Exit [It] should handle large message payloads - /Users/seancorkum/projects/devops-mcp/test/e2e/scenarios/performance_test.go:407 @ 07/05/25 18:50:17.763 (44ms)&#xA;&gt; Enter [AfterEach] Performance and Stress E2E Tests - /Users/seancorkum/projects/devops-mcp/test/e2e/scenarios/performance_test.go:41 @ 07/05/25 18:50:17.763&#xA;&lt; Exit [AfterEach] Performance and Stress E2E Tests - /Users/seancorkum/projects/devops-mcp/test/e2e/scenarios/performance_test.go:41 @ 07/05/25 18:50:17.765 (2ms)&#xA;&#xA;Attempt #1 Failed.  Retrying â†º @ 07/05/25 18:50:17.765&#xA;&#xA;&gt; Enter [BeforeEach] Performance and Stress E2E Tests - /Users/seancorkum/projects/devops-mcp/test/e2e/scenarios/performance_test.go:31 @ 07/05/25 18:50:17.766&#xA;&lt; Exit [BeforeEach] Performance and Stress E2E Tests - /Users/seancorkum/projects/devops-mcp/test/e2e/scenarios/performance_test.go:31 @ 07/05/25 18:50:17.766 (0s)&#xA;&gt; Enter [It] should handle large message payloads - /Users/seancorkum/projects/devops-mcp/test/e2e/scenarios/performance_test.go:407 @ 07/05/25 18:50:17.766&#xA;[FAILED] Unexpected error:&#xA;    &lt;*fmt.wrapError | 0xc0002707a0&gt;: &#xA;    failed to connect: failed to WebSocket dial: expected handshake response status code 101 but got 426&#xA;    {&#xA;        msg: &#34;failed to connect: failed to WebSocket dial: expected handshake response status code 101 but got 426&#34;,&#xA;        err: &lt;*fmt.wrapError | 0xc0002706c0&gt;{&#xA;            msg: &#34;failed to WebSocket dial: expected handshake response status code 101 but got 426&#34;,&#xA;            err: &lt;*errors.errorString | 0xc0001a0bf0&gt;{&#xA;                s: &#34;expected handshake response status code 101 but got 426&#34;,&#xA;            },&#xA;        },&#xA;    }&#xA;occurred&#xA;In [It] at: /Users/seancorkum/projects/devops-mcp/test/e2e/scenarios/performance_test.go:428 @ 07/05/25 18:50:17.824&#xA;&lt; Exit [It] should handle large message payloads - /Users/seancorkum/projects/devops-mcp/test/e2e/scenarios/performance_test.go:407 @ 07/05/25 18:50:17.824 (58ms)&#xA;&gt; Enter [AfterEach] Performance and Stress E2E Tests - /Users/seancorkum/projects/devops-mcp/test/e2e/scenarios/performance_test.go:41 @ 07/05/25 18:50:17.824&#xA;&lt; Exit [AfterEach] Performance and Stress E2E Tests - /Users/seancorkum/projects/devops-mcp/test/e2e/scenarios/performance_test.go:41 @ 07/05/25 18:50:17.827 (2ms)&#xA;</system-err>
          </testcase>
          <testcase name="[It] Single Agent E2E Tests Context Management should create and retrieve context" classname="Multi-Agent Collaboration E2E Test Suite" status="failed" time="0.280399602">
              <failure message="Unexpected error:&#xA;    &lt;*fmt.wrapError | 0xc0002502a0&gt;: &#xA;    failed to connect: failed to WebSocket dial: expected handshake response status code 101 but got 426&#xA;    {&#xA;        msg: &#34;failed to connect: failed to WebSocket dial: expected handshake response status code 101 but got 426&#34;,&#xA;        err: &lt;*fmt.wrapError | 0xc000250280&gt;{&#xA;            msg: &#34;failed to WebSocket dial: expected handshake response status code 101 but got 426&#34;,&#xA;            err: &lt;*errors.errorString | 0xc000502020&gt;{&#xA;                s: &#34;expected handshake response status code 101 but got 426&#34;,&#xA;            },&#xA;        },&#xA;    }&#xA;occurred" type="failed">[FAILED] Unexpected error:&#xA;    &lt;*fmt.wrapError | 0xc0002502a0&gt;: &#xA;    failed to connect: failed to WebSocket dial: expected handshake response status code 101 but got 426&#xA;    {&#xA;        msg: &#34;failed to connect: failed to WebSocket dial: expected handshake response status code 101 but got 426&#34;,&#xA;        err: &lt;*fmt.wrapError | 0xc000250280&gt;{&#xA;            msg: &#34;failed to WebSocket dial: expected handshake response status code 101 but got 426&#34;,&#xA;            err: &lt;*errors.errorString | 0xc000502020&gt;{&#xA;                s: &#34;expected handshake response status code 101 but got 426&#34;,&#xA;            },&#xA;        },&#xA;    }&#xA;occurred&#xA;In [It] at: /Users/seancorkum/projects/devops-mcp/test/e2e/scenarios/single_agent_test.go:285 @ 07/05/25 18:50:17.459&#xA;&#xA;There were additional failures detected after the initial failure. These are visible in the timeline&#xA;</failure>
              <system-err>&gt; Enter [BeforeEach] Single Agent E2E Tests - /Users/seancorkum/projects/devops-mcp/test/e2e/scenarios/single_agent_test.go:30 @ 07/05/25 18:50:17.182&#xA;&lt; Exit [BeforeEach] Single Agent E2E Tests - /Users/seancorkum/projects/devops-mcp/test/e2e/scenarios/single_agent_test.go:30 @ 07/05/25 18:50:17.187 (5ms)&#xA;&gt; Enter [It] should create and retrieve context - /Users/seancorkum/projects/devops-mcp/test/e2e/scenarios/single_agent_test.go:265 @ 07/05/25 18:50:17.188&#xA;[FAILED] Failure recorded during attempt 1:&#xA;Unexpected error:&#xA;    &lt;*fmt.wrapError | 0xc0003141a0&gt;: &#xA;    failed to connect: failed to WebSocket dial: expected handshake response status code 101 but got 426&#xA;    {&#xA;        msg: &#34;failed to connect: failed to WebSocket dial: expected handshake response status code 101 but got 426&#34;,&#xA;        err: &lt;*fmt.wrapError | 0xc000314180&gt;{&#xA;            msg: &#34;failed to WebSocket dial: expected handshake response status code 101 but got 426&#34;,&#xA;            err: &lt;*errors.errorString | 0xc0002a8040&gt;{&#xA;                s: &#34;expected handshake response status code 101 but got 426&#34;,&#xA;            },&#xA;        },&#xA;    }&#xA;occurred&#xA;In [It] at: /Users/seancorkum/projects/devops-mcp/test/e2e/scenarios/single_agent_test.go:285 @ 07/05/25 18:50:17.402&#xA;&lt; Exit [It] should create and retrieve context - /Users/seancorkum/projects/devops-mcp/test/e2e/scenarios/single_agent_test.go:265 @ 07/05/25 18:50:17.402 (215ms)&#xA;&gt; Enter [AfterEach] Single Agent E2E Tests - /Users/seancorkum/projects/devops-mcp/test/e2e/scenarios/single_agent_test.go:40 @ 07/05/25 18:50:17.402&#xA;&lt; Exit [AfterEach] Single Agent E2E Tests - /Users/seancorkum/projects/devops-mcp/test/e2e/scenarios/single_agent_test.go:40 @ 07/05/25 18:50:17.409 (6ms)&#xA;&#xA;Attempt #1 Failed.  Retrying â†º @ 07/05/25 18:50:17.409&#xA;&#xA;&gt; Enter [BeforeEach] Single Agent E2E Tests - /Users/seancorkum/projects/devops-mcp/test/e2e/scenarios/single_agent_test.go:30 @ 07/05/25 18:50:17.409&#xA;&lt; Exit [BeforeEach] Single Agent E2E Tests - /Users/seancorkum/projects/devops-mcp/test/e2e/scenarios/single_agent_test.go:30 @ 07/05/25 18:50:17.414 (5ms)&#xA;&gt; Enter [It] should create and retrieve context - /Users/seancorkum/projects/devops-mcp/test/e2e/scenarios/single_agent_test.go:265 @ 07/05/25 18:50:17.415&#xA;[FAILED] Unexpected error:&#xA;    &lt;*fmt.wrapError | 0xc0002502a0&gt;: &#xA;    failed to connect: failed to WebSocket dial: expected handshake response status code 101 but got 426&#xA;    {&#xA;        msg: &#34;failed to connect: failed to WebSocket dial: expected handshake response status code 101 but got 426&#34;,&#xA;        err: &lt;*fmt.wrapError | 0xc000250280&gt;{&#xA;            msg: &#34;failed to WebSocket dial: expected handshake response status code 101 but got 426&#34;,&#xA;            err: &lt;*errors.errorString | 0xc000502020&gt;{&#xA;                s: &#34;expected handshake response status code 101 but got 426&#34;,&#xA;            },&#xA;        },&#xA;    }&#xA;occurred&#xA;In [It] at: /Users/seancorkum/projects/devops-mcp/test/e2e/scenarios/single_agent_test.go:285 @ 07/05/25 18:50:17.459&#xA;&lt; Exit [It] should create and retrieve context - /Users/seancorkum/projects/devops-mcp/test/e2e/scenarios/single_agent_test.go:265 @ 07/05/25 18:50:17.46 (45ms)&#xA;&gt; Enter [AfterEach] Single Agent E2E Tests - /Users/seancorkum/projects/devops-mcp/test/e2e/scenarios/single_agent_test.go:40 @ 07/05/25 18:50:17.46&#xA;&lt; Exit [AfterEach] Single Agent E2E Tests - /Users/seancorkum/projects/devops-mcp/test/e2e/scenarios/single_agent_test.go:40 @ 07/05/25 18:50:17.462 (2ms)&#xA;</system-err>
          </testcase>
          <testcase name="[It] Single Agent E2E Tests Error Handling should handle authentication errors" classname="Multi-Agent Collaboration E2E Test Suite" status="passed" time="0.096421643">
              <system-out>ï¿½[32mâœ“ï¿½[0m auth_error_handling (90.90652ms)&#xA;</system-out>
              <system-err>&gt; Enter [BeforeEach] Single Agent E2E Tests - /Users/seancorkum/projects/devops-mcp/test/e2e/scenarios/single_agent_test.go:30 @ 07/05/25 18:50:17.463&#xA;&lt; Exit [BeforeEach] Single Agent E2E Tests - /Users/seancorkum/projects/devops-mcp/test/e2e/scenarios/single_agent_test.go:30 @ 07/05/25 18:50:17.466 (3ms)&#xA;&gt; Enter [It] should handle authentication errors - /Users/seancorkum/projects/devops-mcp/test/e2e/scenarios/single_agent_test.go:398 @ 07/05/25 18:50:17.466&#xA;&lt; Exit [It] should handle authentication errors - /Users/seancorkum/projects/devops-mcp/test/e2e/scenarios/single_agent_test.go:398 @ 07/05/25 18:50:17.557 (91ms)&#xA;&gt; Enter [AfterEach] Single Agent E2E Tests - /Users/seancorkum/projects/devops-mcp/test/e2e/scenarios/single_agent_test.go:40 @ 07/05/25 18:50:17.557&#xA;&lt; Exit [AfterEach] Single Agent E2E Tests - /Users/seancorkum/projects/devops-mcp/test/e2e/scenarios/single_agent_test.go:40 @ 07/05/25 18:50:17.559 (2ms)&#xA;</system-err>
          </testcase>
          <testcase name="[It] Multi-Agent Collaboration E2E Tests Parallel Task Execution should execute tasks in parallel across multiple agents" classname="Multi-Agent Collaboration E2E Test Suite" status="failed" time="0.092127464">
              <failure message="Unexpected error:&#xA;    &lt;*fmt.wrapError | 0xc000250240&gt;: &#xA;    failed to connect: failed to WebSocket dial: expected handshake response status code 101 but got 426&#xA;    {&#xA;        msg: &#34;failed to connect: failed to WebSocket dial: expected handshake response status code 101 but got 426&#34;,&#xA;        err: &lt;*fmt.wrapError | 0xc000250160&gt;{&#xA;            msg: &#34;failed to WebSocket dial: expected handshake response status code 101 but got 426&#34;,&#xA;            err: &lt;*errors.errorString | 0xc00029c010&gt;{&#xA;                s: &#34;expected handshake response status code 101 but got 426&#34;,&#xA;            },&#xA;        },&#xA;    }&#xA;occurred" type="failed">[FAILED] Unexpected error:&#xA;    &lt;*fmt.wrapError | 0xc000250240&gt;: &#xA;    failed to connect: failed to WebSocket dial: expected handshake response status code 101 but got 426&#xA;    {&#xA;        msg: &#34;failed to connect: failed to WebSocket dial: expected handshake response status code 101 but got 426&#34;,&#xA;        err: &lt;*fmt.wrapError | 0xc000250160&gt;{&#xA;            msg: &#34;failed to WebSocket dial: expected handshake response status code 101 but got 426&#34;,&#xA;            err: &lt;*errors.errorString | 0xc00029c010&gt;{&#xA;                s: &#34;expected handshake response status code 101 but got 426&#34;,&#xA;            },&#xA;        },&#xA;    }&#xA;occurred&#xA;In [It] at: /Users/seancorkum/projects/devops-mcp/test/e2e/scenarios/multi_agent_test.go:284 @ 07/05/25 18:50:17.649&#xA;&#xA;There were additional failures detected after the initial failure. These are visible in the timeline&#xA;</failure>
              <system-err>&gt; Enter [BeforeEach] Multi-Agent Collaboration E2E Tests - /Users/seancorkum/projects/devops-mcp/test/e2e/scenarios/multi_agent_test.go:28 @ 07/05/25 18:50:17.56&#xA;&lt; Exit [BeforeEach] Multi-Agent Collaboration E2E Tests - /Users/seancorkum/projects/devops-mcp/test/e2e/scenarios/multi_agent_test.go:28 @ 07/05/25 18:50:17.562 (2ms)&#xA;&gt; Enter [It] should execute tasks in parallel across multiple agents - /Users/seancorkum/projects/devops-mcp/test/e2e/scenarios/multi_agent_test.go:258 @ 07/05/25 18:50:17.563&#xA;[FAILED] Failure recorded during attempt 1:&#xA;Unexpected error:&#xA;    &lt;*fmt.wrapError | 0xc0002502c0&gt;: &#xA;    failed to connect: failed to WebSocket dial: expected handshake response status code 101 but got 426&#xA;    {&#xA;        msg: &#34;failed to connect: failed to WebSocket dial: expected handshake response status code 101 but got 426&#34;,&#xA;        err: &lt;*fmt.wrapError | 0xc0002502a0&gt;{&#xA;            msg: &#34;failed to WebSocket dial: expected handshake response status code 101 but got 426&#34;,&#xA;            err: &lt;*errors.errorString | 0xc000418010&gt;{&#xA;                s: &#34;expected handshake response status code 101 but got 426&#34;,&#xA;            },&#xA;        },&#xA;    }&#xA;occurred&#xA;In [It] at: /Users/seancorkum/projects/devops-mcp/test/e2e/scenarios/multi_agent_test.go:284 @ 07/05/25 18:50:17.602&#xA;&lt; Exit [It] should execute tasks in parallel across multiple agents - /Users/seancorkum/projects/devops-mcp/test/e2e/scenarios/multi_agent_test.go:258 @ 07/05/25 18:50:17.602 (39ms)&#xA;&gt; Enter [AfterEach] Multi-Agent Collaboration E2E Tests - /Users/seancorkum/projects/devops-mcp/test/e2e/scenarios/multi_agent_test.go:38 @ 07/05/25 18:50:17.602&#xA;&lt; Exit [AfterEach] Multi-Agent Collaboration E2E Tests - /Users/seancorkum/projects/devops-mcp/test/e2e/scenarios/multi_agent_test.go:38 @ 07/05/25 18:50:17.604 (2ms)&#xA;&#xA;Attempt #1 Failed.  Retrying â†º @ 07/05/25 18:50:17.604&#xA;&#xA;&gt; Enter [BeforeEach] Multi-Agent Collaboration E2E Tests - /Users/seancorkum/projects/devops-mcp/test/e2e/scenarios/multi_agent_test.go:28 @ 07/05/25 18:50:17.605&#xA;&lt; Exit [BeforeEach] Multi-Agent Collaboration E2E Tests - /Users/seancorkum/projects/devops-mcp/test/e2e/scenarios/multi_agent_test.go:28 @ 07/05/25 18:50:17.608 (3ms)&#xA;&gt; Enter [It] should execute tasks in parallel across multiple agents - /Users/seancorkum/projects/devops-mcp/test/e2e/scenarios/multi_agent_test.go:258 @ 07/05/25 18:50:17.608&#xA;[FAILED] Unexpected error:&#xA;    &lt;*fmt.wrapError | 0xc000250240&gt;: &#xA;    failed to connect: failed to WebSocket dial: expected handshake response status code 101 but got 426&#xA;    {&#xA;        msg: &#34;failed to connect: failed to WebSocket dial: expected handshake response status code 101 but got 426&#34;,&#xA;        err: &lt;*fmt.wrapError | 0xc000250160&gt;{&#xA;            msg: &#34;failed to WebSocket dial: expected handshake response status code 101 but got 426&#34;,&#xA;            err: &lt;*errors.errorString | 0xc00029c010&gt;{&#xA;                s: &#34;expected handshake response status code 101 but got 426&#34;,&#xA;            },&#xA;        },&#xA;    }&#xA;occurred&#xA;In [It] at: /Users/seancorkum/projects/devops-mcp/test/e2e/scenarios/multi_agent_test.go:284 @ 07/05/25 18:50:17.649&#xA;&lt; Exit [It] should execute tasks in parallel across multiple agents - /Users/seancorkum/projects/devops-mcp/test/e2e/scenarios/multi_agent_test.go:258 @ 07/05/25 18:50:17.649 (42ms)&#xA;&gt; Enter [AfterEach] Multi-Agent Collaboration E2E Tests - /Users/seancorkum/projects/devops-mcp/test/e2e/scenarios/multi_agent_test.go:38 @ 07/05/25 18:50:17.65&#xA;&lt; Exit [AfterEach] Multi-Agent Collaboration E2E Tests - /Users/seancorkum/projects/devops-mcp/test/e2e/scenarios/multi_agent_test.go:38 @ 07/05/25 18:50:17.652 (2ms)&#xA;</system-err>
          </testcase>
          <testcase name="[It] Multi-Agent Collaboration E2E Tests Agent Coordination should coordinate deployment pipeline across agents" classname="Multi-Agent Collaboration E2E Test Suite" status="failed" time="0.09459107">
              <failure message="Unexpected error:&#xA;    &lt;*fmt.wrapError | 0xc000250420&gt;: &#xA;    failed to connect: failed to WebSocket dial: expected handshake response status code 101 but got 426&#xA;    {&#xA;        msg: &#34;failed to connect: failed to WebSocket dial: expected handshake response status code 101 but got 426&#34;,&#xA;        err: &lt;*fmt.wrapError | 0xc000250360&gt;{&#xA;            msg: &#34;failed to WebSocket dial: expected handshake response status code 101 but got 426&#34;,&#xA;            err: &lt;*errors.errorString | 0xc000193aa0&gt;{&#xA;                s: &#34;expected handshake response status code 101 but got 426&#34;,&#xA;            },&#xA;        },&#xA;    }&#xA;occurred" type="failed">[FAILED] Unexpected error:&#xA;    &lt;*fmt.wrapError | 0xc000250420&gt;: &#xA;    failed to connect: failed to WebSocket dial: expected handshake response status code 101 but got 426&#xA;    {&#xA;        msg: &#34;failed to connect: failed to WebSocket dial: expected handshake response status code 101 but got 426&#34;,&#xA;        err: &lt;*fmt.wrapError | 0xc000250360&gt;{&#xA;            msg: &#34;failed to WebSocket dial: expected handshake response status code 101 but got 426&#34;,&#xA;            err: &lt;*errors.errorString | 0xc000193aa0&gt;{&#xA;                s: &#34;expected handshake response status code 101 but got 426&#34;,&#xA;            },&#xA;        },&#xA;    }&#xA;occurred&#xA;In [It] at: /Users/seancorkum/projects/devops-mcp/test/e2e/scenarios/multi_agent_test.go:594 @ 07/05/25 18:50:17.745&#xA;&#xA;There were additional failures detected after the initial failure. These are visible in the timeline&#xA;</failure>
              <system-err>&gt; Enter [BeforeEach] Multi-Agent Collaboration E2E Tests - /Users/seancorkum/projects/devops-mcp/test/e2e/scenarios/multi_agent_test.go:28 @ 07/05/25 18:50:17.653&#xA;&lt; Exit [BeforeEach] Multi-Agent Collaboration E2E Tests - /Users/seancorkum/projects/devops-mcp/test/e2e/scenarios/multi_agent_test.go:28 @ 07/05/25 18:50:17.656 (3ms)&#xA;&gt; Enter [It] should coordinate deployment pipeline across agents - /Users/seancorkum/projects/devops-mcp/test/e2e/scenarios/multi_agent_test.go:566 @ 07/05/25 18:50:17.656&#xA;[FAILED] Failure recorded during attempt 1:&#xA;Unexpected error:&#xA;    &lt;*fmt.wrapError | 0xc000314220&gt;: &#xA;    failed to connect: failed to WebSocket dial: expected handshake response status code 101 but got 426&#xA;    {&#xA;        msg: &#34;failed to connect: failed to WebSocket dial: expected handshake response status code 101 but got 426&#34;,&#xA;        err: &lt;*fmt.wrapError | 0xc000314200&gt;{&#xA;            msg: &#34;failed to WebSocket dial: expected handshake response status code 101 but got 426&#34;,&#xA;            err: &lt;*errors.errorString | 0xc00027e000&gt;{&#xA;                s: &#34;expected handshake response status code 101 but got 426&#34;,&#xA;            },&#xA;        },&#xA;    }&#xA;occurred&#xA;In [It] at: /Users/seancorkum/projects/devops-mcp/test/e2e/scenarios/multi_agent_test.go:594 @ 07/05/25 18:50:17.699&#xA;&lt; Exit [It] should coordinate deployment pipeline across agents - /Users/seancorkum/projects/devops-mcp/test/e2e/scenarios/multi_agent_test.go:566 @ 07/05/25 18:50:17.699 (43ms)&#xA;&gt; Enter [AfterEach] Multi-Agent Collaboration E2E Tests - /Users/seancorkum/projects/devops-mcp/test/e2e/scenarios/multi_agent_test.go:38 @ 07/05/25 18:50:17.699&#xA;&lt; Exit [AfterEach] Multi-Agent Collaboration E2E Tests - /Users/seancorkum/projects/devops-mcp/test/e2e/scenarios/multi_agent_test.go:38 @ 07/05/25 18:50:17.701 (2ms)&#xA;&#xA;Attempt #1 Failed.  Retrying â†º @ 07/05/25 18:50:17.701&#xA;&#xA;&gt; Enter [BeforeEach] Multi-Agent Collaboration E2E Tests - /Users/seancorkum/projects/devops-mcp/test/e2e/scenarios/multi_agent_test.go:28 @ 07/05/25 18:50:17.702&#xA;&lt; Exit [BeforeEach] Multi-Agent Collaboration E2E Tests - /Users/seancorkum/projects/devops-mcp/test/e2e/scenarios/multi_agent_test.go:28 @ 07/05/25 18:50:17.704 (2ms)&#xA;&gt; Enter [It] should coordinate deployment pipeline across agents - /Users/seancorkum/projects/devops-mcp/test/e2e/scenarios/multi_agent_test.go:566 @ 07/05/25 18:50:17.704&#xA;[FAILED] Unexpected error:&#xA;    &lt;*fmt.wrapError | 0xc000250420&gt;: &#xA;    failed to connect: failed to WebSocket dial: expected handshake response status code 101 but got 426&#xA;    {&#xA;        msg: &#34;failed to connect: failed to WebSocket dial: expected handshake response status code 101 but got 426&#34;,&#xA;        err: &lt;*fmt.wrapError | 0xc000250360&gt;{&#xA;            msg: &#34;failed to WebSocket dial: expected handshake response status code 101 but got 426&#34;,&#xA;            err: &lt;*errors.errorString | 0xc000193aa0&gt;{&#xA;                s: &#34;expected handshake response status code 101 but got 426&#34;,&#xA;            },&#xA;        },&#xA;    }&#xA;occurred&#xA;In [It] at: /Users/seancorkum/projects/devops-mcp/test/e2e/scenarios/multi_agent_test.go:594 @ 07/05/25 18:50:17.745&#xA;&lt; Exit [It] should coordinate deployment pipeline across agents - /Users/seancorkum/projects/devops-mcp/test/e2e/scenarios/multi_agent_test.go:566 @ 07/05/25 18:50:17.745 (41ms)&#xA;&gt; Enter [AfterEach] Multi-Agent Collaboration E2E Tests - /Users/seancorkum/projects/devops-mcp/test/e2e/scenarios/multi_agent_test.go:38 @ 07/05/25 18:50:17.746&#xA;&lt; Exit [AfterEach] Multi-Agent Collaboration E2E Tests - /Users/seancorkum/projects/devops-mcp/test/e2e/scenarios/multi_agent_test.go:38 @ 07/05/25 18:50:17.748 (2ms)&#xA;</system-err>
          </testcase>
          <testcase name="[It] Performance and Stress E2E Tests Resource Utilization Tests should maintain stable performance under sustained load" classname="Multi-Agent Collaboration E2E Test Suite" status="failed" time="0.11199154">
              <failure message="Unexpected error:&#xA;    &lt;*fmt.wrapError | 0xc0001fe080&gt;: &#xA;    failed to connect: failed to WebSocket dial: expected handshake response status code 101 but got 426&#xA;    {&#xA;        msg: &#34;failed to connect: failed to WebSocket dial: expected handshake response status code 101 but got 426&#34;,&#xA;        err: &lt;*fmt.wrapError | 0xc0001fe060&gt;{&#xA;            msg: &#34;failed to WebSocket dial: expected handshake response status code 101 but got 426&#34;,&#xA;            err: &lt;*errors.errorString | 0xc000036010&gt;{&#xA;                s: &#34;expected handshake response status code 101 but got 426&#34;,&#xA;            },&#xA;        },&#xA;    }&#xA;occurred" type="failed">[FAILED] Unexpected error:&#xA;    &lt;*fmt.wrapError | 0xc0001fe080&gt;: &#xA;    failed to connect: failed to WebSocket dial: expected handshake response status code 101 but got 426&#xA;    {&#xA;        msg: &#34;failed to connect: failed to WebSocket dial: expected handshake response status code 101 but got 426&#34;,&#xA;        err: &lt;*fmt.wrapError | 0xc0001fe060&gt;{&#xA;            msg: &#34;failed to WebSocket dial: expected handshake response status code 101 but got 426&#34;,&#xA;            err: &lt;*errors.errorString | 0xc000036010&gt;{&#xA;                s: &#34;expected handshake response status code 101 but got 426&#34;,&#xA;            },&#xA;        },&#xA;    }&#xA;occurred&#xA;In [It] at: /Users/seancorkum/projects/devops-mcp/test/e2e/scenarios/performance_test.go:523 @ 07/05/25 18:50:17.859&#xA;&#xA;There were additional failures detected after the initial failure. These are visible in the timeline&#xA;</failure>
              <system-err>&gt; Enter [BeforeEach] Performance and Stress E2E Tests - /Users/seancorkum/projects/devops-mcp/test/e2e/scenarios/performance_test.go:31 @ 07/05/25 18:50:17.749&#xA;&lt; Exit [BeforeEach] Performance and Stress E2E Tests - /Users/seancorkum/projects/devops-mcp/test/e2e/scenarios/performance_test.go:31 @ 07/05/25 18:50:17.749 (0s)&#xA;&gt; Enter [It] should maintain stable performance under sustained load - /Users/seancorkum/projects/devops-mcp/test/e2e/scenarios/performance_test.go:496 @ 07/05/25 18:50:17.749&#xA;[FAILED] Failure recorded during attempt 1:&#xA;Unexpected error:&#xA;    &lt;*fmt.wrapError | 0xc000314180&gt;: &#xA;    failed to connect: failed to WebSocket dial: expected handshake response status code 101 but got 426&#xA;    {&#xA;        msg: &#34;failed to connect: failed to WebSocket dial: expected handshake response status code 101 but got 426&#34;,&#xA;        err: &lt;*fmt.wrapError | 0xc000314140&gt;{&#xA;            msg: &#34;failed to WebSocket dial: expected handshake response status code 101 but got 426&#34;,&#xA;            err: &lt;*errors.errorString | 0xc000212010&gt;{&#xA;                s: &#34;expected handshake response status code 101 but got 426&#34;,&#xA;            },&#xA;        },&#xA;    }&#xA;occurred&#xA;In [It] at: /Users/seancorkum/projects/devops-mcp/test/e2e/scenarios/performance_test.go:523 @ 07/05/25 18:50:17.807&#xA;&lt; Exit [It] should maintain stable performance under sustained load - /Users/seancorkum/projects/devops-mcp/test/e2e/scenarios/performance_test.go:496 @ 07/05/25 18:50:17.807 (58ms)&#xA;&gt; Enter [AfterEach] Performance and Stress E2E Tests - /Users/seancorkum/projects/devops-mcp/test/e2e/scenarios/performance_test.go:41 @ 07/05/25 18:50:17.807&#xA;&lt; Exit [AfterEach] Performance and Stress E2E Tests - /Users/seancorkum/projects/devops-mcp/test/e2e/scenarios/performance_test.go:41 @ 07/05/25 18:50:17.809 (2ms)&#xA;&#xA;Attempt #1 Failed.  Retrying â†º @ 07/05/25 18:50:17.809&#xA;&#xA;&gt; Enter [BeforeEach] Performance and Stress E2E Tests - /Users/seancorkum/projects/devops-mcp/test/e2e/scenarios/performance_test.go:31 @ 07/05/25 18:50:17.809&#xA;&lt; Exit [BeforeEach] Performance and Stress E2E Tests - /Users/seancorkum/projects/devops-mcp/test/e2e/scenarios/performance_test.go:31 @ 07/05/25 18:50:17.809 (0s)&#xA;&gt; Enter [It] should maintain stable performance under sustained load - /Users/seancorkum/projects/devops-mcp/test/e2e/scenarios/performance_test.go:496 @ 07/05/25 18:50:17.81&#xA;[FAILED] Unexpected error:&#xA;    &lt;*fmt.wrapError | 0xc0001fe080&gt;: &#xA;    failed to connect: failed to WebSocket dial: expected handshake response status code 101 but got 426&#xA;    {&#xA;        msg: &#34;failed to connect: failed to WebSocket dial: expected handshake response status code 101 but got 426&#34;,&#xA;        err: &lt;*fmt.wrapError | 0xc0001fe060&gt;{&#xA;            msg: &#34;failed to WebSocket dial: expected handshake response status code 101 but got 426&#34;,&#xA;            err: &lt;*errors.errorString | 0xc000036010&gt;{&#xA;                s: &#34;expected handshake response status code 101 but got 426&#34;,&#xA;            },&#xA;        },&#xA;    }&#xA;occurred&#xA;In [It] at: /Users/seancorkum/projects/devops-mcp/test/e2e/scenarios/performance_test.go:523 @ 07/05/25 18:50:17.859&#xA;&lt; Exit [It] should maintain stable performance under sustained load - /Users/seancorkum/projects/devops-mcp/test/e2e/scenarios/performance_test.go:496 @ 07/05/25 18:50:17.859 (49ms)&#xA;&gt; Enter [AfterEach] Performance and Stress E2E Tests - /Users/seancorkum/projects/devops-mcp/test/e2e/scenarios/performance_test.go:41 @ 07/05/25 18:50:17.859&#xA;&lt; Exit [AfterEach] Performance and Stress E2E Tests - /Users/seancorkum/projects/devops-mcp/test/e2e/scenarios/performance_test.go:41 @ 07/05/25 18:50:17.861 (2ms)&#xA;</system-err>
          </testcase>
          <testcase name="[It] Single Agent E2E Tests Tool Discovery and Execution should discover available tools" classname="Multi-Agent Collaboration E2E Test Suite" status="failed" time="0.280514168">
              <failure message="Unexpected error:&#xA;    &lt;*fmt.wrapError | 0xc0000ba100&gt;: &#xA;    failed to connect: failed to WebSocket dial: expected handshake response status code 101 but got 426&#xA;    {&#xA;        msg: &#34;failed to connect: failed to WebSocket dial: expected handshake response status code 101 but got 426&#34;,&#xA;        err: &lt;*fmt.wrapError | 0xc0000ba0c0&gt;{&#xA;            msg: &#34;failed to WebSocket dial: expected handshake response status code 101 but got 426&#34;,&#xA;            err: &lt;*errors.errorString | 0xc000414010&gt;{&#xA;                s: &#34;expected handshake response status code 101 but got 426&#34;,&#xA;            },&#xA;        },&#xA;    }&#xA;occurred" type="failed">[FAILED] Unexpected error:&#xA;    &lt;*fmt.wrapError | 0xc0000ba100&gt;: &#xA;    failed to connect: failed to WebSocket dial: expected handshake response status code 101 but got 426&#xA;    {&#xA;        msg: &#34;failed to connect: failed to WebSocket dial: expected handshake response status code 101 but got 426&#34;,&#xA;        err: &lt;*fmt.wrapError | 0xc0000ba0c0&gt;{&#xA;            msg: &#34;failed to WebSocket dial: expected handshake response status code 101 but got 426&#34;,&#xA;            err: &lt;*errors.errorString | 0xc000414010&gt;{&#xA;                s: &#34;expected handshake response status code 101 but got 426&#34;,&#xA;            },&#xA;        },&#xA;    }&#xA;occurred&#xA;In [It] at: /Users/seancorkum/projects/devops-mcp/test/e2e/scenarios/single_agent_test.go:183 @ 07/05/25 18:50:17.459&#xA;&#xA;There were additional failures detected after the initial failure. These are visible in the timeline&#xA;</failure>
              <system-err>&gt; Enter [BeforeEach] Single Agent E2E Tests - /Users/seancorkum/projects/devops-mcp/test/e2e/scenarios/single_agent_test.go:30 @ 07/05/25 18:50:17.182&#xA;&lt; Exit [BeforeEach] Single Agent E2E Tests - /Users/seancorkum/projects/devops-mcp/test/e2e/scenarios/single_agent_test.go:30 @ 07/05/25 18:50:17.186 (4ms)&#xA;&gt; Enter [It] should discover available tools - /Users/seancorkum/projects/devops-mcp/test/e2e/scenarios/single_agent_test.go:163 @ 07/05/25 18:50:17.186&#xA;[FAILED] Failure recorded during attempt 1:&#xA;Unexpected error:&#xA;    &lt;*fmt.wrapError | 0xc0000ba220&gt;: &#xA;    failed to connect: failed to WebSocket dial: expected handshake response status code 101 but got 426&#xA;    {&#xA;        msg: &#34;failed to connect: failed to WebSocket dial: expected handshake response status code 101 but got 426&#34;,&#xA;        err: &lt;*fmt.wrapError | 0xc0000ba200&gt;{&#xA;            msg: &#34;failed to WebSocket dial: expected handshake response status code 101 but got 426&#34;,&#xA;            err: &lt;*errors.errorString | 0xc0004c9690&gt;{&#xA;                s: &#34;expected handshake response status code 101 but got 426&#34;,&#xA;            },&#xA;        },&#xA;    }&#xA;occurred&#xA;In [It] at: /Users/seancorkum/projects/devops-mcp/test/e2e/scenarios/single_agent_test.go:183 @ 07/05/25 18:50:17.409&#xA;&lt; Exit [It] should discover available tools - /Users/seancorkum/projects/devops-mcp/test/e2e/scenarios/single_agent_test.go:163 @ 07/05/25 18:50:17.409 (223ms)&#xA;&gt; Enter [AfterEach] Single Agent E2E Tests - /Users/seancorkum/projects/devops-mcp/test/e2e/scenarios/single_agent_test.go:40 @ 07/05/25 18:50:17.409&#xA;&lt; Exit [AfterEach] Single Agent E2E Tests - /Users/seancorkum/projects/devops-mcp/test/e2e/scenarios/single_agent_test.go:40 @ 07/05/25 18:50:17.412 (3ms)&#xA;&#xA;Attempt #1 Failed.  Retrying â†º @ 07/05/25 18:50:17.412&#xA;&#xA;&gt; Enter [BeforeEach] Single Agent E2E Tests - /Users/seancorkum/projects/devops-mcp/test/e2e/scenarios/single_agent_test.go:30 @ 07/05/25 18:50:17.413&#xA;&lt; Exit [BeforeEach] Single Agent E2E Tests - /Users/seancorkum/projects/devops-mcp/test/e2e/scenarios/single_agent_test.go:30 @ 07/05/25 18:50:17.418 (5ms)&#xA;&gt; Enter [It] should discover available tools - /Users/seancorkum/projects/devops-mcp/test/e2e/scenarios/single_agent_test.go:163 @ 07/05/25 18:50:17.418&#xA;[FAILED] Unexpected error:&#xA;    &lt;*fmt.wrapError | 0xc0000ba100&gt;: &#xA;    failed to connect: failed to WebSocket dial: expected handshake response status code 101 but got 426&#xA;    {&#xA;        msg: &#34;failed to connect: failed to WebSocket dial: expected handshake response status code 101 but got 426&#34;,&#xA;        err: &lt;*fmt.wrapError | 0xc0000ba0c0&gt;{&#xA;            msg: &#34;failed to WebSocket dial: expected handshake response status code 101 but got 426&#34;,&#xA;            err: &lt;*errors.errorString | 0xc000414010&gt;{&#xA;                s: &#34;expected handshake response status code 101 but got 426&#34;,&#xA;            },&#xA;        },&#xA;    }&#xA;occurred&#xA;In [It] at: /Users/seancorkum/projects/devops-mcp/test/e2e/scenarios/single_agent_test.go:183 @ 07/05/25 18:50:17.459&#xA;&lt; Exit [It] should discover available tools - /Users/seancorkum/projects/devops-mcp/test/e2e/scenarios/single_agent_test.go:163 @ 07/05/25 18:50:17.46 (42ms)&#xA;&gt; Enter [AfterEach] Single Agent E2E Tests - /Users/seancorkum/projects/devops-mcp/test/e2e/scenarios/single_agent_test.go:40 @ 07/05/25 18:50:17.46&#xA;&lt; Exit [AfterEach] Single Agent E2E Tests - /Users/seancorkum/projects/devops-mcp/test/e2e/scenarios/single_agent_test.go:40 @ 07/05/25 18:50:17.462 (2ms)&#xA;</system-err>
          </testcase>
          <testcase name="[It] Single Agent E2E Tests Session Management should manage sessions correctly" classname="Multi-Agent Collaboration E2E Test Suite" status="failed" time="0.09633859">
              <failure message="Unexpected error:&#xA;    &lt;*fmt.wrapError | 0xc0000ba120&gt;: &#xA;    failed to connect: failed to WebSocket dial: expected handshake response status code 101 but got 426&#xA;    {&#xA;        msg: &#34;failed to connect: failed to WebSocket dial: expected handshake response status code 101 but got 426&#34;,&#xA;        err: &lt;*fmt.wrapError | 0xc0000ba100&gt;{&#xA;            msg: &#34;failed to WebSocket dial: expected handshake response status code 101 but got 426&#34;,&#xA;            err: &lt;*errors.errorString | 0xc000414010&gt;{&#xA;                s: &#34;expected handshake response status code 101 but got 426&#34;,&#xA;            },&#xA;        },&#xA;    }&#xA;occurred" type="failed">[FAILED] Unexpected error:&#xA;    &lt;*fmt.wrapError | 0xc0000ba120&gt;: &#xA;    failed to connect: failed to WebSocket dial: expected handshake response status code 101 but got 426&#xA;    {&#xA;        msg: &#34;failed to connect: failed to WebSocket dial: expected handshake response status code 101 but got 426&#34;,&#xA;        err: &lt;*fmt.wrapError | 0xc0000ba100&gt;{&#xA;            msg: &#34;failed to WebSocket dial: expected handshake response status code 101 but got 426&#34;,&#xA;            err: &lt;*errors.errorString | 0xc000414010&gt;{&#xA;                s: &#34;expected handshake response status code 101 but got 426&#34;,&#xA;            },&#xA;        },&#xA;    }&#xA;occurred&#xA;In [It] at: /Users/seancorkum/projects/devops-mcp/test/e2e/scenarios/single_agent_test.go:347 @ 07/05/25 18:50:17.557&#xA;&#xA;There were additional failures detected after the initial failure. These are visible in the timeline&#xA;</failure>
              <system-err>&gt; Enter [BeforeEach] Single Agent E2E Tests - /Users/seancorkum/projects/devops-mcp/test/e2e/scenarios/single_agent_test.go:30 @ 07/05/25 18:50:17.463&#xA;&lt; Exit [BeforeEach] Single Agent E2E Tests - /Users/seancorkum/projects/devops-mcp/test/e2e/scenarios/single_agent_test.go:30 @ 07/05/25 18:50:17.465 (3ms)&#xA;&gt; Enter [It] should manage sessions correctly - /Users/seancorkum/projects/devops-mcp/test/e2e/scenarios/single_agent_test.go:327 @ 07/05/25 18:50:17.466&#xA;[FAILED] Failure recorded during attempt 1:&#xA;Unexpected error:&#xA;    &lt;*fmt.wrapError | 0xc00007c320&gt;: &#xA;    failed to connect: failed to WebSocket dial: expected handshake response status code 101 but got 426&#xA;    {&#xA;        msg: &#34;failed to connect: failed to WebSocket dial: expected handshake response status code 101 but got 426&#34;,&#xA;        err: &lt;*fmt.wrapError | 0xc00007c280&gt;{&#xA;            msg: &#34;failed to WebSocket dial: expected handshake response status code 101 but got 426&#34;,&#xA;            err: &lt;*errors.errorString | 0xc0002da000&gt;{&#xA;                s: &#34;expected handshake response status code 101 but got 426&#34;,&#xA;            },&#xA;        },&#xA;    }&#xA;occurred&#xA;In [It] at: /Users/seancorkum/projects/devops-mcp/test/e2e/scenarios/single_agent_test.go:347 @ 07/05/25 18:50:17.51&#xA;&lt; Exit [It] should manage sessions correctly - /Users/seancorkum/projects/devops-mcp/test/e2e/scenarios/single_agent_test.go:327 @ 07/05/25 18:50:17.51 (44ms)&#xA;&gt; Enter [AfterEach] Single Agent E2E Tests - /Users/seancorkum/projects/devops-mcp/test/e2e/scenarios/single_agent_test.go:40 @ 07/05/25 18:50:17.51&#xA;&lt; Exit [AfterEach] Single Agent E2E Tests - /Users/seancorkum/projects/devops-mcp/test/e2e/scenarios/single_agent_test.go:40 @ 07/05/25 18:50:17.512 (2ms)&#xA;&#xA;Attempt #1 Failed.  Retrying â†º @ 07/05/25 18:50:17.512&#xA;&#xA;&gt; Enter [BeforeEach] Single Agent E2E Tests - /Users/seancorkum/projects/devops-mcp/test/e2e/scenarios/single_agent_test.go:30 @ 07/05/25 18:50:17.512&#xA;&lt; Exit [BeforeEach] Single Agent E2E Tests - /Users/seancorkum/projects/devops-mcp/test/e2e/scenarios/single_agent_test.go:30 @ 07/05/25 18:50:17.515 (2ms)&#xA;&gt; Enter [It] should manage sessions correctly - /Users/seancorkum/projects/devops-mcp/test/e2e/scenarios/single_agent_test.go:327 @ 07/05/25 18:50:17.515&#xA;[FAILED] Unexpected error:&#xA;    &lt;*fmt.wrapError | 0xc0000ba120&gt;: &#xA;    failed to connect: failed to WebSocket dial: expected handshake response status code 101 but got 426&#xA;    {&#xA;        msg: &#34;failed to connect: failed to WebSocket dial: expected handshake response status code 101 but got 426&#34;,&#xA;        err: &lt;*fmt.wrapError | 0xc0000ba100&gt;{&#xA;            msg: &#34;failed to WebSocket dial: expected handshake response status code 101 but got 426&#34;,&#xA;            err: &lt;*errors.errorString | 0xc000414010&gt;{&#xA;                s: &#34;expected handshake response status code 101 but got 426&#34;,&#xA;            },&#xA;        },&#xA;    }&#xA;occurred&#xA;In [It] at: /Users/seancorkum/projects/devops-mcp/test/e2e/scenarios/single_agent_test.go:347 @ 07/05/25 18:50:17.557&#xA;&lt; Exit [It] should manage sessions correctly - /Users/seancorkum/projects/devops-mcp/test/e2e/scenarios/single_agent_test.go:327 @ 07/05/25 18:50:17.557 (42ms)&#xA;&gt; Enter [AfterEach] Single Agent E2E Tests - /Users/seancorkum/projects/devops-mcp/test/e2e/scenarios/single_agent_test.go:40 @ 07/05/25 18:50:17.557&#xA;&lt; Exit [AfterEach] Single Agent E2E Tests - /Users/seancorkum/projects/devops-mcp/test/e2e/scenarios/single_agent_test.go:40 @ 07/05/25 18:50:17.559 (2ms)&#xA;</system-err>
          </testcase>
          <testcase name="[It] Multi-Agent Collaboration E2E Tests Code Review Workflow should coordinate code review between multiple agents" classname="Multi-Agent Collaboration E2E Test Suite" status="failed" time="0.10127814">
              <failure message="Unexpected error:&#xA;    &lt;*fmt.wrapError | 0xc0000ba120&gt;: &#xA;    failed to connect: failed to WebSocket dial: expected handshake response status code 101 but got 426&#xA;    {&#xA;        msg: &#34;failed to connect: failed to WebSocket dial: expected handshake response status code 101 but got 426&#34;,&#xA;        err: &lt;*fmt.wrapError | 0xc0000ba100&gt;{&#xA;            msg: &#34;failed to WebSocket dial: expected handshake response status code 101 but got 426&#34;,&#xA;            err: &lt;*errors.errorString | 0xc0000c6010&gt;{&#xA;                s: &#34;expected handshake response status code 101 but got 426&#34;,&#xA;            },&#xA;        },&#xA;    }&#xA;occurred" type="failed">[FAILED] Unexpected error:&#xA;    &lt;*fmt.wrapError | 0xc0000ba120&gt;: &#xA;    failed to connect: failed to WebSocket dial: expected handshake response status code 101 but got 426&#xA;    {&#xA;        msg: &#34;failed to connect: failed to WebSocket dial: expected handshake response status code 101 but got 426&#34;,&#xA;        err: &lt;*fmt.wrapError | 0xc0000ba100&gt;{&#xA;            msg: &#34;failed to WebSocket dial: expected handshake response status code 101 but got 426&#34;,&#xA;            err: &lt;*errors.errorString | 0xc0000c6010&gt;{&#xA;                s: &#34;expected handshake response status code 101 but got 426&#34;,&#xA;            },&#xA;        },&#xA;    }&#xA;occurred&#xA;In [It] at: /Users/seancorkum/projects/devops-mcp/test/e2e/scenarios/multi_agent_test.go:149 @ 07/05/25 18:50:17.658&#xA;&#xA;There were additional failures detected after the initial failure. These are visible in the timeline&#xA;</failure>
              <system-err>&gt; Enter [BeforeEach] Multi-Agent Collaboration E2E Tests - /Users/seancorkum/projects/devops-mcp/test/e2e/scenarios/multi_agent_test.go:28 @ 07/05/25 18:50:17.56&#xA;&lt; Exit [BeforeEach] Multi-Agent Collaboration E2E Tests - /Users/seancorkum/projects/devops-mcp/test/e2e/scenarios/multi_agent_test.go:28 @ 07/05/25 18:50:17.563 (3ms)&#xA;&gt; Enter [It] should coordinate code review between multiple agents - /Users/seancorkum/projects/devops-mcp/test/e2e/scenarios/multi_agent_test.go:128 @ 07/05/25 18:50:17.563&#xA;[FAILED] Failure recorded during attempt 1:&#xA;Unexpected error:&#xA;    &lt;*fmt.wrapError | 0xc000334280&gt;: &#xA;    failed to connect: failed to WebSocket dial: expected handshake response status code 101 but got 426&#xA;    {&#xA;        msg: &#34;failed to connect: failed to WebSocket dial: expected handshake response status code 101 but got 426&#34;,&#xA;        err: &lt;*fmt.wrapError | 0xc000334260&gt;{&#xA;            msg: &#34;failed to WebSocket dial: expected handshake response status code 101 but got 426&#34;,&#xA;            err: &lt;*errors.errorString | 0xc000188000&gt;{&#xA;                s: &#34;expected handshake response status code 101 but got 426&#34;,&#xA;            },&#xA;        },&#xA;    }&#xA;occurred&#xA;In [It] at: /Users/seancorkum/projects/devops-mcp/test/e2e/scenarios/multi_agent_test.go:149 @ 07/05/25 18:50:17.606&#xA;&lt; Exit [It] should coordinate code review between multiple agents - /Users/seancorkum/projects/devops-mcp/test/e2e/scenarios/multi_agent_test.go:128 @ 07/05/25 18:50:17.606 (43ms)&#xA;&gt; Enter [AfterEach] Multi-Agent Collaboration E2E Tests - /Users/seancorkum/projects/devops-mcp/test/e2e/scenarios/multi_agent_test.go:38 @ 07/05/25 18:50:17.606&#xA;&lt; Exit [AfterEach] Multi-Agent Collaboration E2E Tests - /Users/seancorkum/projects/devops-mcp/test/e2e/scenarios/multi_agent_test.go:38 @ 07/05/25 18:50:17.608 (2ms)&#xA;&#xA;Attempt #1 Failed.  Retrying â†º @ 07/05/25 18:50:17.608&#xA;&#xA;&gt; Enter [BeforeEach] Multi-Agent Collaboration E2E Tests - /Users/seancorkum/projects/devops-mcp/test/e2e/scenarios/multi_agent_test.go:28 @ 07/05/25 18:50:17.608&#xA;&lt; Exit [BeforeEach] Multi-Agent Collaboration E2E Tests - /Users/seancorkum/projects/devops-mcp/test/e2e/scenarios/multi_agent_test.go:28 @ 07/05/25 18:50:17.611 (3ms)&#xA;&gt; Enter [It] should coordinate code review between multiple agents - /Users/seancorkum/projects/devops-mcp/test/e2e/scenarios/multi_agent_test.go:128 @ 07/05/25 18:50:17.611&#xA;[FAILED] Unexpected error:&#xA;    &lt;*fmt.wrapError | 0xc0000ba120&gt;: &#xA;    failed to connect: failed to WebSocket dial: expected handshake response status code 101 but got 426&#xA;    {&#xA;        msg: &#34;failed to connect: failed to WebSocket dial: expected handshake response status code 101 but got 426&#34;,&#xA;        err: &lt;*fmt.wrapError | 0xc0000ba100&gt;{&#xA;            msg: &#34;failed to WebSocket dial: expected handshake response status code 101 but got 426&#34;,&#xA;            err: &lt;*errors.errorString | 0xc0000c6010&gt;{&#xA;                s: &#34;expected handshake response status code 101 but got 426&#34;,&#xA;            },&#xA;        },&#xA;    }&#xA;occurred&#xA;In [It] at: /Users/seancorkum/projects/devops-mcp/test/e2e/scenarios/multi_agent_test.go:149 @ 07/05/25 18:50:17.658&#xA;&lt; Exit [It] should coordinate code review between multiple agents - /Users/seancorkum/projects/devops-mcp/test/e2e/scenarios/multi_agent_test.go:128 @ 07/05/25 18:50:17.658 (47ms)&#xA;&gt; Enter [AfterEach] Multi-Agent Collaboration E2E Tests - /Users/seancorkum/projects/devops-mcp/test/e2e/scenarios/multi_agent_test.go:38 @ 07/05/25 18:50:17.658&#xA;&lt; Exit [AfterEach] Multi-Agent Collaboration E2E Tests - /Users/seancorkum/projects/devops-mcp/test/e2e/scenarios/multi_agent_test.go:38 @ 07/05/25 18:50:17.661 (3ms)&#xA;</system-err>
          </testcase>
          <testcase name="[It] Performance and Stress E2E Tests Agent Swarm Tests should handle 50 concurrent agents" classname="Multi-Agent Collaboration E2E Test Suite" status="failed" time="0.537239187">
              <failure message="Expected&#xA;    &lt;int32&gt;: 0&#xA;to be &gt;=&#xA;    &lt;int32&gt;: 47" type="failed">[FAILED] Expected&#xA;    &lt;int32&gt;: 0&#xA;to be &gt;=&#xA;    &lt;int32&gt;: 47&#xA;In [It] at: /Users/seancorkum/projects/devops-mcp/test/e2e/scenarios/performance_test.go:158 @ 07/05/25 18:50:18.196&#xA;&#xA;There were additional failures detected after the initial failure. These are visible in the timeline&#xA;</failure>
              <system-out>[18:50:17] [ERROR] performance: Agent 9 connection failed: failed to connect: failed to WebSocket dial: expected handshake response status code 101 but got 426&#xA;[18:50:17] [ERROR] performance: Agent 49 connection failed: failed to connect: failed to WebSocket dial: expected handshake response status code 101 but got 426&#xA;[18:50:17] [ERROR] performance: Agent 29 connection failed: failed to connect: failed to WebSocket dial: expected handshake response status code 101 but got 426&#xA;[18:50:17] [ERROR] performance: Agent 15 connection failed: failed to connect: failed to WebSocket dial: expected handshake response status code 101 but got 426&#xA;[18:50:17] [ERROR] performance: Agent 41 connection failed: failed to connect: failed to WebSocket dial: expected handshake response status code 101 but got 426&#xA;[18:50:17] [ERROR] performance: Agent 6 connection failed: failed to connect: failed to WebSocket dial: expected handshake response status code 101 but got 426&#xA;[18:50:17] [ERROR] performance: Agent 24 connection failed: failed to connect: failed to WebSocket dial: expected handshake response status code 101 but got 426&#xA;[18:50:17] [ERROR] performance: Agent 30 connection failed: failed to connect: failed to WebSocket dial: expected handshake response status code 101 but got 426&#xA;[18:50:17] [ERROR] performance: Agent 19 connection failed: failed to connect: failed to WebSocket dial: expected handshake response status code 101 but got 426&#xA;[18:50:17] [ERROR] performance: Agent 1 connection failed: failed to connect: failed to WebSocket dial: expected handshake response status code 101 but got 426&#xA;[18:50:17] [ERROR] performance: Agent 14 connection failed: failed to connect: failed to WebSocket dial: expected handshake response status code 101 but got 426&#xA;[18:50:17] [ERROR] performance: Agent 26 connection failed: failed to connect: failed to WebSocket dial: expected handshake response status code 101 but got 426&#xA;[18:50:17] [ERROR] performance: Agent 12 connection failed: failed to connect: failed to WebSocket dial: expected handshake response status code 101 but got 426&#xA;[18:50:17] [ERROR] performance: Agent 7 connection failed: failed to connect: failed to WebSocket dial: expected handshake response status code 101 but got 426&#xA;[18:50:17] [ERROR] performance: Agent 23 connection failed: failed to connect: failed to WebSocket dial: expected handshake response status code 101 but got 426&#xA;[18:50:17] [ERROR] performance: Agent 37 connection failed: failed to connect: failed to WebSocket dial: expected handshake response status code 101 but got 426&#xA;[18:50:17] [ERROR] performance: Agent 28 connection failed: failed to connect: failed to WebSocket dial: expected handshake response status code 101 but got 426&#xA;[18:50:17] [ERROR] performance: Agent 0 connection failed: failed to connect: failed to WebSocket dial: expected handshake response status code 101 but got 426&#xA;[18:50:17] [ERROR] performance: Agent 27 connection failed: failed to connect: failed to WebSocket dial: expected handshake response status code 101 but got 426&#xA;[18:50:17] [ERROR] performance: Agent 22 connection failed: failed to connect: failed to WebSocket dial: expected handshake response status code 101 but got 426&#xA;[18:50:17] [ERROR] performance: Agent 2 connection failed: failed to connect: failed to WebSocket dial: expected handshake response status code 101 but got 426&#xA;[18:50:17] [ERROR] performance: Agent 8 connection failed: failed to connect: failed to WebSocket dial: expected handshake response status code 101 but got 426&#xA;[18:50:17] [ERROR] performance: Agent 11 connection failed: failed to connect: failed to WebSocket dial: expected handshake response status code 101 but got 426&#xA;[18:50:17] [ERROR] performance: Agent 25 connection failed: failed to connect: failed to WebSocket dial: expected handshake response status code 101 but got 426&#xA;[18:50:17] [ERROR] performance: Agent 21 connection failed: failed to connect: failed to WebSocket dial: expected handshake response status code 101 but got 426&#xA;[18:50:17] [ERROR] performance: Agent 39 connection failed: failed to connect: failed to WebSocket dial: expected handshake response status code 101 but got 426&#xA;[18:50:17] [ERROR] performance: Agent 3 connection failed: failed to connect: failed to WebSocket dial: expected handshake response status code 101 but got 426&#xA;[18:50:17] [ERROR] performance: Agent 44 connection failed: failed to connect: failed to WebSocket dial: expected handshake response status code 101 but got 426&#xA;[18:50:17] [ERROR] performance: Agent 4 connection failed: failed to connect: failed to WebSocket dial: expected handshake response status code 101 but got 426&#xA;[18:50:17] [ERROR] performance: Agent 17 connection failed: failed to connect: failed to WebSocket dial: expected handshake response status code 101 but got 426&#xA;[18:50:17] [ERROR] performance: Agent 20 connection failed: failed to connect: failed to WebSocket dial: expected handshake response status code 101 but got 426&#xA;[18:50:17] [ERROR] performance: Agent 46 connection failed: failed to connect: failed to WebSocket dial: expected handshake response status code 101 but got 426&#xA;[18:50:17] [ERROR] performance: Agent 16 connection failed: failed to connect: failed to WebSocket dial: expected handshake response status code 101 but got 426&#xA;[18:50:17] [ERROR] performance: Agent 48 connection failed: failed to connect: failed to WebSocket dial: expected handshake response status code 101 but got 426&#xA;[18:50:17] [ERROR] performance: Agent 47 connection failed: failed to connect: failed to WebSocket dial: expected handshake response status code 101 but got 426&#xA;[18:50:17] [ERROR] performance: Agent 40 connection failed: failed to connect: failed to WebSocket dial: expected handshake response status code 101 but got 426&#xA;[18:50:17] [ERROR] performance: Agent 36 connection failed: failed to connect: failed to WebSocket dial: expected handshake response status code 101 but got 426&#xA;[18:50:17] [ERROR] performance: Agent 18 connection failed: failed to connect: failed to WebSocket dial: expected handshake response status code 101 but got 426&#xA;[18:50:17] [ERROR] performance: Agent 32 connection failed: failed to connect: failed to WebSocket dial: expected handshake response status code 101 but got 426&#xA;[18:50:17] [ERROR] performance: Agent 35 connection failed: failed to connect: failed to WebSocket dial: expected handshake response status code 101 but got 426&#xA;[18:50:17] [ERROR] performance: Agent 38 connection failed: failed to connect: failed to WebSocket dial: expected handshake response status code 101 but got 426&#xA;[18:50:17] [ERROR] performance: Agent 31 connection failed: failed to connect: failed to WebSocket dial: expected handshake response status code 101 but got 426&#xA;[18:50:17] [ERROR] performance: Agent 5 connection failed: failed to connect: failed to WebSocket dial: expected handshake response status code 101 but got 426&#xA;[18:50:17] [ERROR] performance: Agent 42 connection failed: failed to connect: failed to WebSocket dial: expected handshake response status code 101 but got 426&#xA;[18:50:17] [ERROR] performance: Agent 34 connection failed: failed to connect: failed to WebSocket dial: expected handshake response status code 101 but got 426&#xA;[18:50:17] [ERROR] performance: Agent 33 connection failed: failed to connect: failed to WebSocket dial: expected handshake response status code 101 but got 426&#xA;[18:50:17] [ERROR] performance: Agent 43 connection failed: failed to connect: failed to WebSocket dial: expected handshake response status code 101 but got 426&#xA;[18:50:17] [ERROR] performance: Agent 13 connection failed: failed to connect: failed to WebSocket dial: expected handshake response status code 101 but got 426&#xA;[18:50:17] [ERROR] performance: Agent 45 connection failed: failed to connect: failed to WebSocket dial: expected handshake response status code 101 but got 426&#xA;[18:50:17] [ERROR] performance: Agent 10 connection failed: failed to connect: failed to WebSocket dial: expected handshake response status code 101 but got 426&#xA;[18:50:17] [INFO] performance: Agent Swarm Results:&#xA;[18:50:17] [INFO] performance:   Agents connected: 0/50&#xA;[18:50:17] [INFO] performance:   Connection time: 278.511746ms&#xA;[18:50:17] [INFO] performance:   Total messages: 0&#xA;[18:50:17] [INFO] performance:   Avg latency: 0s&#xA;[18:50:17] [INFO] performance:   P50 latency: 0s&#xA;[18:50:17] [INFO] performance:   P95 latency: 0s&#xA;[18:50:17] [INFO] performance:   P99 latency: 0s&#xA;[18:50:17] [ERROR] performance: Agent 1 connection failed: failed to connect: failed to WebSocket dial: expected handshake response status code 101 but got 426&#xA;[18:50:17] [ERROR] performance: Agent 6 connection failed: failed to connect: failed to WebSocket dial: expected handshake response status code 101 but got 426&#xA;[18:50:18] [ERROR] performance: Agent 0 connection failed: failed to connect: failed to WebSocket dial: expected handshake response status code 101 but got 426&#xA;[18:50:18] [ERROR] performance: Agent 7 connection failed: failed to connect: failed to WebSocket dial: expected handshake response status code 101 but got 426&#xA;[18:50:18] [ERROR] performance: Agent 3 connection failed: failed to connect: failed to WebSocket dial: expected handshake response status code 101 but got 426&#xA;[18:50:18] [ERROR] performance: Agent 2 connection failed: failed to connect: failed to WebSocket dial: expected handshake response status code 101 but got 426&#xA;[18:50:18] [ERROR] performance: Agent 8 connection failed: failed to connect: failed to WebSocket dial: expected handshake response status code 101 but got 426&#xA;[18:50:18] [ERROR] performance: Agent 33 connection failed: failed to connect: failed to WebSocket dial: expected handshake response status code 101 but got 426&#xA;[18:50:18] [ERROR] performance: Agent 27 connection failed: failed to connect: failed to WebSocket dial: expected handshake response status code 101 but got 426&#xA;[18:50:18] [ERROR] performance: Agent 36 connection failed: failed to connect: failed to WebSocket dial: expected handshake response status code 101 but got 429&#xA;[18:50:18] [ERROR] performance: Agent 14 connection failed: failed to connect: failed to WebSocket dial: expected handshake response status code 101 but got 429&#xA;[18:50:18] [ERROR] performance: Agent 34 connection failed: failed to connect: failed to WebSocket dial: expected handshake response status code 101 but got 429&#xA;[18:50:18] [ERROR] performance: Agent 15 connection failed: failed to connect: failed to WebSocket dial: expected handshake response status code 101 but got 429&#xA;[18:50:18] [ERROR] performance: Agent 9 connection failed: failed to connect: failed to WebSocket dial: expected handshake response status code 101 but got 429&#xA;[18:50:18] [ERROR] performance: Agent 5 connection failed: failed to connect: failed to WebSocket dial: expected handshake response status code 101 but got 429&#xA;[18:50:18] [ERROR] performance: Agent 10 connection failed: failed to connect: failed to WebSocket dial: expected handshake response status code 101 but got 429&#xA;[18:50:18] [ERROR] performance: Agent 32 connection failed: failed to connect: failed to WebSocket dial: expected handshake response status code 101 but got 429&#xA;[18:50:18] [ERROR] performance: Agent 13 connection failed: failed to connect: failed to WebSocket dial: expected handshake response status code 101 but got 429&#xA;[18:50:18] [ERROR] performance: Agent 22 connection failed: failed to connect: failed to WebSocket dial: expected handshake response status code 101 but got 429&#xA;[18:50:18] [ERROR] performance: Agent 47 connection failed: failed to connect: failed to WebSocket dial: expected handshake response status code 101 but got 429&#xA;[18:50:18] [ERROR] performance: Agent 41 connection failed: failed to connect: failed to WebSocket dial: expected handshake response status code 101 but got 429&#xA;[18:50:18] [ERROR] performance: Agent 44 connection failed: failed to connect: failed to WebSocket dial: expected handshake response status code 101 but got 429&#xA;[18:50:18] [ERROR] performance: Agent 16 connection failed: failed to connect: failed to WebSocket dial: expected handshake response status code 101 but got 429&#xA;[18:50:18] [ERROR] performance: Agent 40 connection failed: failed to connect: failed to WebSocket dial: expected handshake response status code 101 but got 429&#xA;[18:50:18] [ERROR] performance: Agent 28 connection failed: failed to connect: failed to WebSocket dial: expected handshake response status code 101 but got 429&#xA;[18:50:18] [ERROR] performance: Agent 18 connection failed: failed to connect: failed to WebSocket dial: expected handshake response status code 101 but got 429&#xA;[18:50:18] [ERROR] performance: Agent 11 connection failed: failed to connect: failed to WebSocket dial: expected handshake response status code 101 but got 429&#xA;[18:50:18] [ERROR] performance: Agent 49 connection failed: failed to connect: failed to WebSocket dial: expected handshake response status code 101 but got 429&#xA;[18:50:18] [ERROR] performance: Agent 48 connection failed: failed to connect: failed to WebSocket dial: expected handshake response status code 101 but got 429&#xA;[18:50:18] [ERROR] performance: Agent 17 connection failed: failed to connect: failed to WebSocket dial: expected handshake response status code 101 but got 429&#xA;[18:50:18] [ERROR] performance: Agent 46 connection failed: failed to connect: failed to WebSocket dial: expected handshake response status code 101 but got 429&#xA;[18:50:18] [ERROR] performance: Agent 43 connection failed: failed to connect: failed to WebSocket dial: expected handshake response status code 101 but got 429&#xA;[18:50:18] [ERROR] performance: Agent 12 connection failed: failed to connect: failed to WebSocket dial: expected handshake response status code 101 but got 429&#xA;[18:50:18] [ERROR] performance: Agent 24 connection failed: failed to connect: failed to WebSocket dial: expected handshake response status code 101 but got 429&#xA;[18:50:18] [ERROR] performance: Agent 29 connection failed: failed to connect: failed to WebSocket dial: expected handshake response status code 101 but got 429&#xA;[18:50:18] [ERROR] performance: Agent 25 connection failed: failed to connect: failed to WebSocket dial: expected handshake response status code 101 but got 429&#xA;[18:50:18] [ERROR] performance: Agent 35 connection failed: failed to connect: failed to WebSocket dial: expected handshake response status code 101 but got 429&#xA;[18:50:18] [ERROR] performance: Agent 39 connection failed: failed to connect: failed to WebSocket dial: expected handshake response status code 101 but got 429&#xA;[18:50:18] [ERROR] performance: Agent 20 connection failed: failed to connect: failed to WebSocket dial: expected handshake response status code 101 but got 429&#xA;[18:50:18] [ERROR] performance: Agent 42 connection failed: failed to connect: failed to WebSocket dial: expected handshake response status code 101 but got 429&#xA;[18:50:18] [ERROR] performance: Agent 45 connection failed: failed to connect: failed to WebSocket dial: expected handshake response status code 101 but got 426&#xA;[18:50:18] [ERROR] performance: Agent 31 connection failed: failed to connect: failed to WebSocket dial: expected handshake response status code 101 but got 429&#xA;[18:50:18] [ERROR] performance: Agent 38 connection failed: failed to connect: failed to WebSocket dial: expected handshake response status code 101 but got 429&#xA;[18:50:18] [ERROR] performance: Agent 19 connection failed: failed to connect: failed to WebSocket dial: expected handshake response status code 101 but got 429&#xA;[18:50:18] [ERROR] performance: Agent 30 connection failed: failed to connect: failed to WebSocket dial: expected handshake response status code 101 but got 429&#xA;[18:50:18] [ERROR] performance: Agent 26 connection failed: failed to connect: failed to WebSocket dial: expected handshake response status code 101 but got 429&#xA;[18:50:18] [ERROR] performance: Agent 21 connection failed: failed to connect: failed to WebSocket dial: expected handshake response status code 101 but got 429&#xA;[18:50:18] [ERROR] performance: Agent 23 connection failed: failed to connect: failed to WebSocket dial: expected handshake response status code 101 but got 429&#xA;[18:50:18] [ERROR] performance: Agent 37 connection failed: failed to connect: failed to WebSocket dial: expected handshake response status code 101 but got 429&#xA;[18:50:18] [ERROR] performance: Agent 4 connection failed: failed to connect: failed to WebSocket dial: expected handshake response status code 101 but got 426&#xA;[18:50:18] [INFO] performance: Agent Swarm Results:&#xA;[18:50:18] [INFO] performance:   Agents connected: 0/50&#xA;[18:50:18] [INFO] performance:   Connection time: 252.643866ms&#xA;[18:50:18] [INFO] performance:   Total messages: 0&#xA;[18:50:18] [INFO] performance:   Avg latency: 0s&#xA;[18:50:18] [INFO] performance:   P50 latency: 0s&#xA;[18:50:18] [INFO] performance:   P95 latency: 0s&#xA;[18:50:18] [INFO] performance:   P99 latency: 0s&#xA;</system-out>
              <system-err>&gt; Enter [BeforeEach] Performance and Stress E2E Tests - /Users/seancorkum/projects/devops-mcp/test/e2e/scenarios/performance_test.go:31 @ 07/05/25 18:50:17.662&#xA;&lt; Exit [BeforeEach] Performance and Stress E2E Tests - /Users/seancorkum/projects/devops-mcp/test/e2e/scenarios/performance_test.go:31 @ 07/05/25 18:50:17.662 (0s)&#xA;&gt; Enter [It] should handle 50 concurrent agents - /Users/seancorkum/projects/devops-mcp/test/e2e/scenarios/performance_test.go:48 @ 07/05/25 18:50:17.662&#xA;[FAILED] Failure recorded during attempt 1:&#xA;Expected&#xA;    &lt;int32&gt;: 0&#xA;to be &gt;=&#xA;    &lt;int32&gt;: 47&#xA;In [It] at: /Users/seancorkum/projects/devops-mcp/test/e2e/scenarios/performance_test.go:158 @ 07/05/25 18:50:17.941&#xA;&lt; Exit [It] should handle 50 concurrent agents - /Users/seancorkum/projects/devops-mcp/test/e2e/scenarios/performance_test.go:48 @ 07/05/25 18:50:17.941 (279ms)&#xA;&gt; Enter [AfterEach] Performance and Stress E2E Tests - /Users/seancorkum/projects/devops-mcp/test/e2e/scenarios/performance_test.go:41 @ 07/05/25 18:50:17.941&#xA;&lt; Exit [AfterEach] Performance and Stress E2E Tests - /Users/seancorkum/projects/devops-mcp/test/e2e/scenarios/performance_test.go:41 @ 07/05/25 18:50:17.943 (2ms)&#xA;&#xA;Attempt #1 Failed.  Retrying â†º @ 07/05/25 18:50:17.943&#xA;&#xA;&gt; Enter [BeforeEach] Performance and Stress E2E Tests - /Users/seancorkum/projects/devops-mcp/test/e2e/scenarios/performance_test.go:31 @ 07/05/25 18:50:17.943&#xA;&lt; Exit [BeforeEach] Performance and Stress E2E Tests - /Users/seancorkum/projects/devops-mcp/test/e2e/scenarios/performance_test.go:31 @ 07/05/25 18:50:17.943 (0s)&#xA;&gt; Enter [It] should handle 50 concurrent agents - /Users/seancorkum/projects/devops-mcp/test/e2e/scenarios/performance_test.go:48 @ 07/05/25 18:50:17.943&#xA;[FAILED] Expected&#xA;    &lt;int32&gt;: 0&#xA;to be &gt;=&#xA;    &lt;int32&gt;: 47&#xA;In [It] at: /Users/seancorkum/projects/devops-mcp/test/e2e/scenarios/performance_test.go:158 @ 07/05/25 18:50:18.196&#xA;&lt; Exit [It] should handle 50 concurrent agents - /Users/seancorkum/projects/devops-mcp/test/e2e/scenarios/performance_test.go:48 @ 07/05/25 18:50:18.196 (253ms)&#xA;&gt; Enter [AfterEach] Performance and Stress E2E Tests - /Users/seancorkum/projects/devops-mcp/test/e2e/scenarios/performance_test.go:41 @ 07/05/25 18:50:18.196&#xA;&lt; Exit [AfterEach] Performance and Stress E2E Tests - /Users/seancorkum/projects/devops-mcp/test/e2e/scenarios/performance_test.go:41 @ 07/05/25 18:50:18.199 (3ms)&#xA;</system-err>
          </testcase>
          <testcase name="[It] Single Agent E2E Tests Basic Agent Lifecycle should complete full agent lifecycle" classname="Multi-Agent Collaboration E2E Test Suite" status="failed" time="0.287613266">
              <failure message="Unexpected error:&#xA;    &lt;*fmt.wrapError | 0xc0002502e0&gt;: &#xA;    failed to connect: failed to WebSocket dial: expected handshake response status code 101 but got 426&#xA;    {&#xA;        msg: &#34;failed to connect: failed to WebSocket dial: expected handshake response status code 101 but got 426&#34;,&#xA;        err: &lt;*fmt.wrapError | 0xc0002502c0&gt;{&#xA;            msg: &#34;failed to WebSocket dial: expected handshake response status code 101 but got 426&#34;,&#xA;            err: &lt;*errors.errorString | 0xc000036010&gt;{&#xA;                s: &#34;expected handshake response status code 101 but got 426&#34;,&#xA;            },&#xA;        },&#xA;    }&#xA;occurred" type="failed">[FAILED] Unexpected error:&#xA;    &lt;*fmt.wrapError | 0xc0002502e0&gt;: &#xA;    failed to connect: failed to WebSocket dial: expected handshake response status code 101 but got 426&#xA;    {&#xA;        msg: &#34;failed to connect: failed to WebSocket dial: expected handshake response status code 101 but got 426&#34;,&#xA;        err: &lt;*fmt.wrapError | 0xc0002502c0&gt;{&#xA;            msg: &#34;failed to WebSocket dial: expected handshake response status code 101 but got 426&#34;,&#xA;            err: &lt;*errors.errorString | 0xc000036010&gt;{&#xA;                s: &#34;expected handshake response status code 101 but got 426&#34;,&#xA;            },&#xA;        },&#xA;    }&#xA;occurred&#xA;In [It] at: /Users/seancorkum/projects/devops-mcp/test/e2e/scenarios/single_agent_test.go:73 @ 07/05/25 18:50:17.465&#xA;&#xA;There were additional failures detected after the initial failure. These are visible in the timeline&#xA;</failure>
              <system-out>[18:50:17] [INFO] single-agent: Connecting agent ccb12d25-ea63-4742-bb41-35c23889d4d8&#xA;[18:50:17] [INFO] single-agent: Connecting agent 677c5cb9-e662-43db-a86e-53e951df69eb&#xA;</system-out>
              <system-err>&gt; Enter [BeforeEach] Single Agent E2E Tests - /Users/seancorkum/projects/devops-mcp/test/e2e/scenarios/single_agent_test.go:30 @ 07/05/25 18:50:17.181&#xA;&lt; Exit [BeforeEach] Single Agent E2E Tests - /Users/seancorkum/projects/devops-mcp/test/e2e/scenarios/single_agent_test.go:30 @ 07/05/25 18:50:17.185 (5ms)&#xA;&gt; Enter [It] should complete full agent lifecycle - /Users/seancorkum/projects/devops-mcp/test/e2e/scenarios/single_agent_test.go:47 @ 07/05/25 18:50:17.186&#xA;[FAILED] Failure recorded during attempt 1:&#xA;Unexpected error:&#xA;    &lt;*fmt.wrapError | 0xc00007c280&gt;: &#xA;    failed to connect: failed to WebSocket dial: expected handshake response status code 101 but got 426&#xA;    {&#xA;        msg: &#34;failed to connect: failed to WebSocket dial: expected handshake response status code 101 but got 426&#34;,&#xA;        err: &lt;*fmt.wrapError | 0xc00007c260&gt;{&#xA;            msg: &#34;failed to WebSocket dial: expected handshake response status code 101 but got 426&#34;,&#xA;            err: &lt;*errors.errorString | 0xc0001b6000&gt;{&#xA;                s: &#34;expected handshake response status code 101 but got 426&#34;,&#xA;            },&#xA;        },&#xA;    }&#xA;occurred&#xA;In [It] at: /Users/seancorkum/projects/devops-mcp/test/e2e/scenarios/single_agent_test.go:73 @ 07/05/25 18:50:17.409&#xA;&lt; Exit [It] should complete full agent lifecycle - /Users/seancorkum/projects/devops-mcp/test/e2e/scenarios/single_agent_test.go:47 @ 07/05/25 18:50:17.409 (224ms)&#xA;&gt; Enter [AfterEach] Single Agent E2E Tests - /Users/seancorkum/projects/devops-mcp/test/e2e/scenarios/single_agent_test.go:40 @ 07/05/25 18:50:17.409&#xA;&lt; Exit [AfterEach] Single Agent E2E Tests - /Users/seancorkum/projects/devops-mcp/test/e2e/scenarios/single_agent_test.go:40 @ 07/05/25 18:50:17.413 (3ms)&#xA;&#xA;Attempt #1 Failed.  Retrying â†º @ 07/05/25 18:50:17.413&#xA;&#xA;&gt; Enter [BeforeEach] Single Agent E2E Tests - /Users/seancorkum/projects/devops-mcp/test/e2e/scenarios/single_agent_test.go:30 @ 07/05/25 18:50:17.413&#xA;&lt; Exit [BeforeEach] Single Agent E2E Tests - /Users/seancorkum/projects/devops-mcp/test/e2e/scenarios/single_agent_test.go:30 @ 07/05/25 18:50:17.418 (5ms)&#xA;&gt; Enter [It] should complete full agent lifecycle - /Users/seancorkum/projects/devops-mcp/test/e2e/scenarios/single_agent_test.go:47 @ 07/05/25 18:50:17.418&#xA;[FAILED] Unexpected error:&#xA;    &lt;*fmt.wrapError | 0xc0002502e0&gt;: &#xA;    failed to connect: failed to WebSocket dial: expected handshake response status code 101 but got 426&#xA;    {&#xA;        msg: &#34;failed to connect: failed to WebSocket dial: expected handshake response status code 101 but got 426&#34;,&#xA;        err: &lt;*fmt.wrapError | 0xc0002502c0&gt;{&#xA;            msg: &#34;failed to WebSocket dial: expected handshake response status code 101 but got 426&#34;,&#xA;            err: &lt;*errors.errorString | 0xc000036010&gt;{&#xA;                s: &#34;expected handshake response status code 101 but got 426&#34;,&#xA;            },&#xA;        },&#xA;    }&#xA;occurred&#xA;In [It] at: /Users/seancorkum/projects/devops-mcp/test/e2e/scenarios/single_agent_test.go:73 @ 07/05/25 18:50:17.465&#xA;&lt; Exit [It] should complete full agent lifecycle - /Users/seancorkum/projects/devops-mcp/test/e2e/scenarios/single_agent_test.go:47 @ 07/05/25 18:50:17.465 (47ms)&#xA;&gt; Enter [AfterEach] Single Agent E2E Tests - /Users/seancorkum/projects/devops-mcp/test/e2e/scenarios/single_agent_test.go:40 @ 07/05/25 18:50:17.465&#xA;&lt; Exit [AfterEach] Single Agent E2E Tests - /Users/seancorkum/projects/devops-mcp/test/e2e/scenarios/single_agent_test.go:40 @ 07/05/25 18:50:17.467 (2ms)&#xA;</system-err>
          </testcase>
          <testcase name="[It] Single Agent E2E Tests Error Handling should handle invalid method calls" classname="Multi-Agent Collaboration E2E Test Suite" status="failed" time="0.100902725">
              <failure message="Unexpected error:&#xA;    &lt;*fmt.wrapError | 0xc0002502c0&gt;: &#xA;    failed to connect: failed to WebSocket dial: expected handshake response status code 101 but got 426&#xA;    {&#xA;        msg: &#34;failed to connect: failed to WebSocket dial: expected handshake response status code 101 but got 426&#34;,&#xA;        err: &lt;*fmt.wrapError | 0xc000250260&gt;{&#xA;            msg: &#34;failed to WebSocket dial: expected handshake response status code 101 but got 426&#34;,&#xA;            err: &lt;*errors.errorString | 0xc000546730&gt;{&#xA;                s: &#34;expected handshake response status code 101 but got 426&#34;,&#xA;            },&#xA;        },&#xA;    }&#xA;occurred" type="failed">[FAILED] Unexpected error:&#xA;    &lt;*fmt.wrapError | 0xc0002502c0&gt;: &#xA;    failed to connect: failed to WebSocket dial: expected handshake response status code 101 but got 426&#xA;    {&#xA;        msg: &#34;failed to connect: failed to WebSocket dial: expected handshake response status code 101 but got 426&#34;,&#xA;        err: &lt;*fmt.wrapError | 0xc000250260&gt;{&#xA;            msg: &#34;failed to WebSocket dial: expected handshake response status code 101 but got 426&#34;,&#xA;            err: &lt;*errors.errorString | 0xc000546730&gt;{&#xA;                s: &#34;expected handshake response status code 101 but got 426&#34;,&#xA;            },&#xA;        },&#xA;    }&#xA;occurred&#xA;In [It] at: /Users/seancorkum/projects/devops-mcp/test/e2e/scenarios/single_agent_test.go:448 @ 07/05/25 18:50:17.567&#xA;&#xA;There were additional failures detected after the initial failure. These are visible in the timeline&#xA;</failure>
              <system-err>&gt; Enter [BeforeEach] Single Agent E2E Tests - /Users/seancorkum/projects/devops-mcp/test/e2e/scenarios/single_agent_test.go:30 @ 07/05/25 18:50:17.469&#xA;&lt; Exit [BeforeEach] Single Agent E2E Tests - /Users/seancorkum/projects/devops-mcp/test/e2e/scenarios/single_agent_test.go:30 @ 07/05/25 18:50:17.472 (4ms)&#xA;&gt; Enter [It] should handle invalid method calls - /Users/seancorkum/projects/devops-mcp/test/e2e/scenarios/single_agent_test.go:428 @ 07/05/25 18:50:17.472&#xA;[FAILED] Failure recorded during attempt 1:&#xA;Unexpected error:&#xA;    &lt;*fmt.wrapError | 0xc00007c440&gt;: &#xA;    failed to connect: failed to WebSocket dial: expected handshake response status code 101 but got 426&#xA;    {&#xA;        msg: &#34;failed to connect: failed to WebSocket dial: expected handshake response status code 101 but got 426&#34;,&#xA;        err: &lt;*fmt.wrapError | 0xc00007c280&gt;{&#xA;            msg: &#34;failed to WebSocket dial: expected handshake response status code 101 but got 426&#34;,&#xA;            err: &lt;*errors.errorString | 0xc000324030&gt;{&#xA;                s: &#34;expected handshake response status code 101 but got 426&#34;,&#xA;            },&#xA;        },&#xA;    }&#xA;occurred&#xA;In [It] at: /Users/seancorkum/projects/devops-mcp/test/e2e/scenarios/single_agent_test.go:448 @ 07/05/25 18:50:17.517&#xA;&lt; Exit [It] should handle invalid method calls - /Users/seancorkum/projects/devops-mcp/test/e2e/scenarios/single_agent_test.go:428 @ 07/05/25 18:50:17.517 (44ms)&#xA;&gt; Enter [AfterEach] Single Agent E2E Tests - /Users/seancorkum/projects/devops-mcp/test/e2e/scenarios/single_agent_test.go:40 @ 07/05/25 18:50:17.517&#xA;&lt; Exit [AfterEach] Single Agent E2E Tests - /Users/seancorkum/projects/devops-mcp/test/e2e/scenarios/single_agent_test.go:40 @ 07/05/25 18:50:17.519 (2ms)&#xA;&#xA;Attempt #1 Failed.  Retrying â†º @ 07/05/25 18:50:17.519&#xA;&#xA;&gt; Enter [BeforeEach] Single Agent E2E Tests - /Users/seancorkum/projects/devops-mcp/test/e2e/scenarios/single_agent_test.go:30 @ 07/05/25 18:50:17.519&#xA;&lt; Exit [BeforeEach] Single Agent E2E Tests - /Users/seancorkum/projects/devops-mcp/test/e2e/scenarios/single_agent_test.go:30 @ 07/05/25 18:50:17.522 (3ms)&#xA;&gt; Enter [It] should handle invalid method calls - /Users/seancorkum/projects/devops-mcp/test/e2e/scenarios/single_agent_test.go:428 @ 07/05/25 18:50:17.522&#xA;[FAILED] Unexpected error:&#xA;    &lt;*fmt.wrapError | 0xc0002502c0&gt;: &#xA;    failed to connect: failed to WebSocket dial: expected handshake response status code 101 but got 426&#xA;    {&#xA;        msg: &#34;failed to connect: failed to WebSocket dial: expected handshake response status code 101 but got 426&#34;,&#xA;        err: &lt;*fmt.wrapError | 0xc000250260&gt;{&#xA;            msg: &#34;failed to WebSocket dial: expected handshake response status code 101 but got 426&#34;,&#xA;            err: &lt;*errors.errorString | 0xc000546730&gt;{&#xA;                s: &#34;expected handshake response status code 101 but got 426&#34;,&#xA;            },&#xA;        },&#xA;    }&#xA;occurred&#xA;In [It] at: /Users/seancorkum/projects/devops-mcp/test/e2e/scenarios/single_agent_test.go:448 @ 07/05/25 18:50:17.567&#xA;&lt; Exit [It] should handle invalid method calls - /Users/seancorkum/projects/devops-mcp/test/e2e/scenarios/single_agent_test.go:428 @ 07/05/25 18:50:17.567 (45ms)&#xA;&gt; Enter [AfterEach] Single Agent E2E Tests - /Users/seancorkum/projects/devops-mcp/test/e2e/scenarios/single_agent_test.go:40 @ 07/05/25 18:50:17.567&#xA;&lt; Exit [AfterEach] Single Agent E2E Tests - /Users/seancorkum/projects/devops-mcp/test/e2e/scenarios/single_agent_test.go:40 @ 07/05/25 18:50:17.569 (2ms)&#xA;</system-err>
          </testcase>
          <testcase name="[It] Multi-Agent Collaboration E2E Tests Consensus Mechanism should reach consensus among multiple agents" classname="Multi-Agent Collaboration E2E Test Suite" status="failed" time="0.099385267">
              <failure message="Unexpected error:&#xA;    &lt;*fmt.wrapError | 0xc00007c400&gt;: &#xA;    failed to connect: failed to WebSocket dial: expected handshake response status code 101 but got 426&#xA;    {&#xA;        msg: &#34;failed to connect: failed to WebSocket dial: expected handshake response status code 101 but got 426&#34;,&#xA;        err: &lt;*fmt.wrapError | 0xc00007c320&gt;{&#xA;            msg: &#34;failed to WebSocket dial: expected handshake response status code 101 but got 426&#34;,&#xA;            err: &lt;*errors.errorString | 0xc000202000&gt;{&#xA;                s: &#34;expected handshake response status code 101 but got 426&#34;,&#xA;            },&#xA;        },&#xA;    }&#xA;occurred" type="failed">[FAILED] Unexpected error:&#xA;    &lt;*fmt.wrapError | 0xc00007c400&gt;: &#xA;    failed to connect: failed to WebSocket dial: expected handshake response status code 101 but got 426&#xA;    {&#xA;        msg: &#34;failed to connect: failed to WebSocket dial: expected handshake response status code 101 but got 426&#34;,&#xA;        err: &lt;*fmt.wrapError | 0xc00007c320&gt;{&#xA;            msg: &#34;failed to WebSocket dial: expected handshake response status code 101 but got 426&#34;,&#xA;            err: &lt;*errors.errorString | 0xc000202000&gt;{&#xA;                s: &#34;expected handshake response status code 101 but got 426&#34;,&#xA;            },&#xA;        },&#xA;    }&#xA;occurred&#xA;In [It] at: /Users/seancorkum/projects/devops-mcp/test/e2e/scenarios/multi_agent_test.go:387 @ 07/05/25 18:50:17.666&#xA;&#xA;There were additional failures detected after the initial failure. These are visible in the timeline&#xA;</failure>
              <system-err>&gt; Enter [BeforeEach] Multi-Agent Collaboration E2E Tests - /Users/seancorkum/projects/devops-mcp/test/e2e/scenarios/multi_agent_test.go:28 @ 07/05/25 18:50:17.57&#xA;&lt; Exit [BeforeEach] Multi-Agent Collaboration E2E Tests - /Users/seancorkum/projects/devops-mcp/test/e2e/scenarios/multi_agent_test.go:28 @ 07/05/25 18:50:17.573 (3ms)&#xA;&gt; Enter [It] should reach consensus among multiple agents - /Users/seancorkum/projects/devops-mcp/test/e2e/scenarios/multi_agent_test.go:361 @ 07/05/25 18:50:17.573&#xA;[FAILED] Failure recorded during attempt 1:&#xA;Unexpected error:&#xA;    &lt;*fmt.wrapError | 0xc0002920e0&gt;: &#xA;    failed to connect: failed to WebSocket dial: expected handshake response status code 101 but got 426&#xA;    {&#xA;        msg: &#34;failed to connect: failed to WebSocket dial: expected handshake response status code 101 but got 426&#34;,&#xA;        err: &lt;*fmt.wrapError | 0xc0002920c0&gt;{&#xA;            msg: &#34;failed to WebSocket dial: expected handshake response status code 101 but got 426&#34;,&#xA;            err: &lt;*errors.errorString | 0xc000180000&gt;{&#xA;                s: &#34;expected handshake response status code 101 but got 426&#34;,&#xA;            },&#xA;        },&#xA;    }&#xA;occurred&#xA;In [It] at: /Users/seancorkum/projects/devops-mcp/test/e2e/scenarios/multi_agent_test.go:387 @ 07/05/25 18:50:17.616&#xA;&lt; Exit [It] should reach consensus among multiple agents - /Users/seancorkum/projects/devops-mcp/test/e2e/scenarios/multi_agent_test.go:361 @ 07/05/25 18:50:17.616 (43ms)&#xA;&gt; Enter [AfterEach] Multi-Agent Collaboration E2E Tests - /Users/seancorkum/projects/devops-mcp/test/e2e/scenarios/multi_agent_test.go:38 @ 07/05/25 18:50:17.616&#xA;&lt; Exit [AfterEach] Multi-Agent Collaboration E2E Tests - /Users/seancorkum/projects/devops-mcp/test/e2e/scenarios/multi_agent_test.go:38 @ 07/05/25 18:50:17.619 (2ms)&#xA;&#xA;Attempt #1 Failed.  Retrying â†º @ 07/05/25 18:50:17.619&#xA;&#xA;&gt; Enter [BeforeEach] Multi-Agent Collaboration E2E Tests - /Users/seancorkum/projects/devops-mcp/test/e2e/scenarios/multi_agent_test.go:28 @ 07/05/25 18:50:17.619&#xA;&lt; Exit [BeforeEach] Multi-Agent Collaboration E2E Tests - /Users/seancorkum/projects/devops-mcp/test/e2e/scenarios/multi_agent_test.go:28 @ 07/05/25 18:50:17.622 (3ms)&#xA;&gt; Enter [It] should reach consensus among multiple agents - /Users/seancorkum/projects/devops-mcp/test/e2e/scenarios/multi_agent_test.go:361 @ 07/05/25 18:50:17.622&#xA;[FAILED] Unexpected error:&#xA;    &lt;*fmt.wrapError | 0xc00007c400&gt;: &#xA;    failed to connect: failed to WebSocket dial: expected handshake response status code 101 but got 426&#xA;    {&#xA;        msg: &#34;failed to connect: failed to WebSocket dial: expected handshake response status code 101 but got 426&#34;,&#xA;        err: &lt;*fmt.wrapError | 0xc00007c320&gt;{&#xA;            msg: &#34;failed to WebSocket dial: expected handshake response status code 101 but got 426&#34;,&#xA;            err: &lt;*errors.errorString | 0xc000202000&gt;{&#xA;                s: &#34;expected handshake response status code 101 but got 426&#34;,&#xA;            },&#xA;        },&#xA;    }&#xA;occurred&#xA;In [It] at: /Users/seancorkum/projects/devops-mcp/test/e2e/scenarios/multi_agent_test.go:387 @ 07/05/25 18:50:17.666&#xA;&lt; Exit [It] should reach consensus among multiple agents - /Users/seancorkum/projects/devops-mcp/test/e2e/scenarios/multi_agent_test.go:361 @ 07/05/25 18:50:17.666 (44ms)&#xA;&gt; Enter [AfterEach] Multi-Agent Collaboration E2E Tests - /Users/seancorkum/projects/devops-mcp/test/e2e/scenarios/multi_agent_test.go:38 @ 07/05/25 18:50:17.667&#xA;&lt; Exit [AfterEach] Multi-Agent Collaboration E2E Tests - /Users/seancorkum/projects/devops-mcp/test/e2e/scenarios/multi_agent_test.go:38 @ 07/05/25 18:50:17.67 (3ms)&#xA;</system-err>
          </testcase>
          <testcase name="[It] Performance and Stress E2E Tests Agent Swarm Tests should handle agent churn" classname="Multi-Agent Collaboration E2E Test Suite" status="failed" time="61.220184457">
              <failure message="Expected&#xA;    &lt;int64&gt;: 0&#xA;to be &gt;&#xA;    &lt;int&gt;: 20" type="failed">[FAILED] Expected&#xA;    &lt;int64&gt;: 0&#xA;to be &gt;&#xA;    &lt;int&gt;: 20&#xA;In [It] at: /Users/seancorkum/projects/devops-mcp/test/e2e/scenarios/performance_test.go:275 @ 07/05/25 18:51:18.891&#xA;&#xA;There were additional failures detected after the initial failure. These are visible in the timeline&#xA;</failure>
              <system-out>[18:50:48] [INFO] performance: Agent Churn Results:&#xA;[18:50:48] [INFO] performance:   Total connections: 0&#xA;[18:50:48] [INFO] performance:   Total disconnections: 0&#xA;[18:50:48] [INFO] performance:   Total errors: 290&#xA;[18:50:48] [INFO] performance:   Error rate: 100.00%&#xA;[18:51:18] [INFO] performance: Agent Churn Results:&#xA;[18:51:18] [INFO] performance:   Total connections: 0&#xA;[18:51:18] [INFO] performance:   Total disconnections: 0&#xA;[18:51:18] [INFO] performance:   Total errors: 290&#xA;[18:51:18] [INFO] performance:   Error rate: 100.00%&#xA;</system-out>
              <system-err>&gt; Enter [BeforeEach] Performance and Stress E2E Tests - /Users/seancorkum/projects/devops-mcp/test/e2e/scenarios/performance_test.go:31 @ 07/05/25 18:50:17.671&#xA;&lt; Exit [BeforeEach] Performance and Stress E2E Tests - /Users/seancorkum/projects/devops-mcp/test/e2e/scenarios/performance_test.go:31 @ 07/05/25 18:50:17.671 (0s)&#xA;&gt; Enter [It] should handle agent churn - /Users/seancorkum/projects/devops-mcp/test/e2e/scenarios/performance_test.go:179 @ 07/05/25 18:50:17.671&#xA;[FAILED] Failure recorded during attempt 1:&#xA;Expected&#xA;    &lt;int64&gt;: 0&#xA;to be &gt;&#xA;    &lt;int&gt;: 20&#xA;In [It] at: /Users/seancorkum/projects/devops-mcp/test/e2e/scenarios/performance_test.go:275 @ 07/05/25 18:50:48.293&#xA;&lt; Exit [It] should handle agent churn - /Users/seancorkum/projects/devops-mcp/test/e2e/scenarios/performance_test.go:179 @ 07/05/25 18:50:48.293 (30.621s)&#xA;&gt; Enter [AfterEach] Performance and Stress E2E Tests - /Users/seancorkum/projects/devops-mcp/test/e2e/scenarios/performance_test.go:41 @ 07/05/25 18:50:48.293&#xA;&lt; Exit [AfterEach] Performance and Stress E2E Tests - /Users/seancorkum/projects/devops-mcp/test/e2e/scenarios/performance_test.go:41 @ 07/05/25 18:50:48.294 (1ms)&#xA;&#xA;Attempt #1 Failed.  Retrying â†º @ 07/05/25 18:50:48.294&#xA;&#xA;&gt; Enter [BeforeEach] Performance and Stress E2E Tests - /Users/seancorkum/projects/devops-mcp/test/e2e/scenarios/performance_test.go:31 @ 07/05/25 18:50:48.294&#xA;&lt; Exit [BeforeEach] Performance and Stress E2E Tests - /Users/seancorkum/projects/devops-mcp/test/e2e/scenarios/performance_test.go:31 @ 07/05/25 18:50:48.294 (0s)&#xA;&gt; Enter [It] should handle agent churn - /Users/seancorkum/projects/devops-mcp/test/e2e/scenarios/performance_test.go:179 @ 07/05/25 18:50:48.295&#xA;[FAILED] Expected&#xA;    &lt;int64&gt;: 0&#xA;to be &gt;&#xA;    &lt;int&gt;: 20&#xA;In [It] at: /Users/seancorkum/projects/devops-mcp/test/e2e/scenarios/performance_test.go:275 @ 07/05/25 18:51:18.891&#xA;&lt; Exit [It] should handle agent churn - /Users/seancorkum/projects/devops-mcp/test/e2e/scenarios/performance_test.go:179 @ 07/05/25 18:51:18.891 (30.596s)&#xA;&gt; Enter [AfterEach] Performance and Stress E2E Tests - /Users/seancorkum/projects/devops-mcp/test/e2e/scenarios/performance_test.go:41 @ 07/05/25 18:51:18.891&#xA;&lt; Exit [AfterEach] Performance and Stress E2E Tests - /Users/seancorkum/projects/devops-mcp/test/e2e/scenarios/performance_test.go:41 @ 07/05/25 18:51:18.893 (1ms)&#xA;</system-err>
          </testcase>
      </testsuite>
  </testsuites>