<?xml version="1.0" encoding="UTF-8"?>
  <testsuites tests="31" disabled="0" errors="0" failures="25" time="61.288417">
      <testsuite name="DevOps MCP E2E Test Suite" package="/Users/seancorkum/projects/devops-mcp/test/e2e" tests="0" disabled="0" skipped="0" errors="0" failures="0" time="0.002944" timestamp="2025-07-11T10:10:03">
          <properties>
              <property name="SuiteSucceeded" value="true"></property>
              <property name="SuiteHasProgrammaticFocus" value="false"></property>
              <property name="SpecialSuiteFailureReason" value=""></property>
              <property name="SuiteLabels" value="[]"></property>
              <property name="RandomSeed" value="1752246601"></property>
              <property name="RandomizeAllSpecs" value="false"></property>
              <property name="LabelFilter" value=""></property>
              <property name="FocusStrings" value=""></property>
              <property name="SkipStrings" value=""></property>
              <property name="FocusFiles" value=""></property>
              <property name="SkipFiles" value=""></property>
              <property name="FailOnPending" value="false"></property>
              <property name="FailOnEmpty" value="false"></property>
              <property name="FailFast" value="false"></property>
              <property name="FlakeAttempts" value="2"></property>
              <property name="DryRun" value="false"></property>
              <property name="ParallelTotal" value="5"></property>
              <property name="OutputInterceptorMode" value=""></property>
          </properties>
      </testsuite>
      <testsuite name="Multi-Agent Collaboration E2E Test Suite" package="/Users/seancorkum/projects/devops-mcp/test/e2e/scenarios" tests="31" disabled="0" skipped="0" errors="0" failures="25" time="61.285473" timestamp="2025-07-11T10:10:06">
          <properties>
              <property name="SuiteSucceeded" value="false"></property>
              <property name="SuiteHasProgrammaticFocus" value="false"></property>
              <property name="SpecialSuiteFailureReason" value=""></property>
              <property name="SuiteLabels" value="[]"></property>
              <property name="RandomSeed" value="1752246601"></property>
              <property name="RandomizeAllSpecs" value="false"></property>
              <property name="LabelFilter" value=""></property>
              <property name="FocusStrings" value=""></property>
              <property name="SkipStrings" value=""></property>
              <property name="FocusFiles" value=""></property>
              <property name="SkipFiles" value=""></property>
              <property name="FailOnPending" value="false"></property>
              <property name="FailOnEmpty" value="false"></property>
              <property name="FailFast" value="false"></property>
              <property name="FlakeAttempts" value="2"></property>
              <property name="DryRun" value="false"></property>
              <property name="ParallelTotal" value="5"></property>
              <property name="OutputInterceptorMode" value=""></property>
          </properties>
          <testcase name="[It] Multi-Tenant E2E Tests Rate Limiting should enforce rate limits per API key type" classname="Multi-Agent Collaboration E2E Test Suite" status="failed" time="0.234044279">
              <failure message="Unexpected error:&#xA;    &lt;*fmt.wrapError | 0xc00049e540&gt;: &#xA;    failed to connect: failed to WebSocket dial: expected handshake response status code 101 but got 401&#xA;    {&#xA;        msg: &#34;failed to connect: failed to WebSocket dial: expected handshake response status code 101 but got 401&#34;,&#xA;        err: &lt;*fmt.wrapError | 0xc00049e520&gt;{&#xA;            msg: &#34;failed to WebSocket dial: expected handshake response status code 101 but got 401&#34;,&#xA;            err: &lt;*errors.errorString | 0xc0003a6000&gt;{&#xA;                s: &#34;expected handshake response status code 101 but got 401&#34;,&#xA;            },&#xA;        },&#xA;    }&#xA;occurred" type="failed">[FAILED] Unexpected error:&#xA;    &lt;*fmt.wrapError | 0xc00049e540&gt;: &#xA;    failed to connect: failed to WebSocket dial: expected handshake response status code 101 but got 401&#xA;    {&#xA;        msg: &#34;failed to connect: failed to WebSocket dial: expected handshake response status code 101 but got 401&#34;,&#xA;        err: &lt;*fmt.wrapError | 0xc00049e520&gt;{&#xA;            msg: &#34;failed to WebSocket dial: expected handshake response status code 101 but got 401&#34;,&#xA;            err: &lt;*errors.errorString | 0xc0003a6000&gt;{&#xA;                s: &#34;expected handshake response status code 101 but got 401&#34;,&#xA;            },&#xA;        },&#xA;    }&#xA;occurred&#xA;In [It] at: /Users/seancorkum/projects/devops-mcp/test/e2e/scenarios/multi_tenant_test.go:72 @ 07/11/25 10:10:06.659&#xA;&#xA;There were additional failures detected after the initial failure. These are visible in the timeline&#xA;</failure>
              <system-err>&gt; Enter [BeforeEach] Multi-Tenant E2E Tests - /Users/seancorkum/projects/devops-mcp/test/e2e/scenarios/multi_tenant_test.go:30 @ 07/11/25 10:10:06.428&#xA;&lt; Exit [BeforeEach] Multi-Tenant E2E Tests - /Users/seancorkum/projects/devops-mcp/test/e2e/scenarios/multi_tenant_test.go:30 @ 07/11/25 10:10:06.433 (5ms)&#xA;&gt; Enter [It] should enforce rate limits per API key type - /Users/seancorkum/projects/devops-mcp/test/e2e/scenarios/multi_tenant_test.go:47 @ 07/11/25 10:10:06.433&#xA;[FAILED] Failure recorded during attempt 1:&#xA;Unexpected error:&#xA;    &lt;*fmt.wrapError | 0xc000590840&gt;: &#xA;    failed to connect: failed to WebSocket dial: expected handshake response status code 101 but got 401&#xA;    {&#xA;        msg: &#34;failed to connect: failed to WebSocket dial: expected handshake response status code 101 but got 401&#34;,&#xA;        err: &lt;*fmt.wrapError | 0xc000590660&gt;{&#xA;            msg: &#34;failed to WebSocket dial: expected handshake response status code 101 but got 401&#34;,&#xA;            err: &lt;*errors.errorString | 0xc0004bed50&gt;{&#xA;                s: &#34;expected handshake response status code 101 but got 401&#34;,&#xA;            },&#xA;        },&#xA;    }&#xA;occurred&#xA;In [It] at: /Users/seancorkum/projects/devops-mcp/test/e2e/scenarios/multi_tenant_test.go:72 @ 07/11/25 10:10:06.604&#xA;&lt; Exit [It] should enforce rate limits per API key type - /Users/seancorkum/projects/devops-mcp/test/e2e/scenarios/multi_tenant_test.go:47 @ 07/11/25 10:10:06.604 (171ms)&#xA;&gt; Enter [AfterEach] Multi-Tenant E2E Tests - /Users/seancorkum/projects/devops-mcp/test/e2e/scenarios/multi_tenant_test.go:40 @ 07/11/25 10:10:06.604&#xA;&lt; Exit [AfterEach] Multi-Tenant E2E Tests - /Users/seancorkum/projects/devops-mcp/test/e2e/scenarios/multi_tenant_test.go:40 @ 07/11/25 10:10:06.606 (2ms)&#xA;&#xA;Attempt #1 Failed.  Retrying â†º @ 07/11/25 10:10:06.606&#xA;&#xA;&gt; Enter [BeforeEach] Multi-Tenant E2E Tests - /Users/seancorkum/projects/devops-mcp/test/e2e/scenarios/multi_tenant_test.go:30 @ 07/11/25 10:10:06.606&#xA;&lt; Exit [BeforeEach] Multi-Tenant E2E Tests - /Users/seancorkum/projects/devops-mcp/test/e2e/scenarios/multi_tenant_test.go:30 @ 07/11/25 10:10:06.609 (3ms)&#xA;&gt; Enter [It] should enforce rate limits per API key type - /Users/seancorkum/projects/devops-mcp/test/e2e/scenarios/multi_tenant_test.go:47 @ 07/11/25 10:10:06.609&#xA;[FAILED] Unexpected error:&#xA;    &lt;*fmt.wrapError | 0xc00049e540&gt;: &#xA;    failed to connect: failed to WebSocket dial: expected handshake response status code 101 but got 401&#xA;    {&#xA;        msg: &#34;failed to connect: failed to WebSocket dial: expected handshake response status code 101 but got 401&#34;,&#xA;        err: &lt;*fmt.wrapError | 0xc00049e520&gt;{&#xA;            msg: &#34;failed to WebSocket dial: expected handshake response status code 101 but got 401&#34;,&#xA;            err: &lt;*errors.errorString | 0xc0003a6000&gt;{&#xA;                s: &#34;expected handshake response status code 101 but got 401&#34;,&#xA;            },&#xA;        },&#xA;    }&#xA;occurred&#xA;In [It] at: /Users/seancorkum/projects/devops-mcp/test/e2e/scenarios/multi_tenant_test.go:72 @ 07/11/25 10:10:06.659&#xA;&lt; Exit [It] should enforce rate limits per API key type - /Users/seancorkum/projects/devops-mcp/test/e2e/scenarios/multi_tenant_test.go:47 @ 07/11/25 10:10:06.659 (50ms)&#xA;&gt; Enter [AfterEach] Multi-Tenant E2E Tests - /Users/seancorkum/projects/devops-mcp/test/e2e/scenarios/multi_tenant_test.go:40 @ 07/11/25 10:10:06.659&#xA;&lt; Exit [AfterEach] Multi-Tenant E2E Tests - /Users/seancorkum/projects/devops-mcp/test/e2e/scenarios/multi_tenant_test.go:40 @ 07/11/25 10:10:06.661 (2ms)&#xA;</system-err>
          </testcase>
          <testcase name="[It] Performance and Stress E2E Tests Agent Swarm Tests should handle agent churn" classname="Multi-Agent Collaboration E2E Test Suite" status="failed" time="61.046446328">
              <failure message="Expected&#xA;    &lt;int64&gt;: 0&#xA;to be &gt;&#xA;    &lt;int&gt;: 20" type="failed">[FAILED] Expected&#xA;    &lt;int64&gt;: 0&#xA;to be &gt;&#xA;    &lt;int&gt;: 20&#xA;In [It] at: /Users/seancorkum/projects/devops-mcp/test/e2e/scenarios/performance_test.go:275 @ 07/11/25 10:11:07.707&#xA;&#xA;There were additional failures detected after the initial failure. These are visible in the timeline&#xA;</failure>
              <system-out>[10:10:37] [INFO] performance: Agent Churn Results:&#xA;[10:10:37] [INFO] performance:   Total connections: 0&#xA;[10:10:37] [INFO] performance:   Total disconnections: 0&#xA;[10:10:37] [INFO] performance:   Total errors: 145&#xA;[10:10:37] [INFO] performance:   Error rate: 100.00%&#xA;[10:11:07] [INFO] performance: Agent Churn Results:&#xA;[10:11:07] [INFO] performance:   Total connections: 0&#xA;[10:11:07] [INFO] performance:   Total disconnections: 0&#xA;[10:11:07] [INFO] performance:   Total errors: 145&#xA;[10:11:07] [INFO] performance:   Error rate: 100.00%&#xA;</system-out>
              <system-err>&gt; Enter [BeforeEach] Performance and Stress E2E Tests - /Users/seancorkum/projects/devops-mcp/test/e2e/scenarios/performance_test.go:31 @ 07/11/25 10:10:06.663&#xA;&lt; Exit [BeforeEach] Performance and Stress E2E Tests - /Users/seancorkum/projects/devops-mcp/test/e2e/scenarios/performance_test.go:31 @ 07/11/25 10:10:06.663 (0s)&#xA;&gt; Enter [It] should handle agent churn - /Users/seancorkum/projects/devops-mcp/test/e2e/scenarios/performance_test.go:179 @ 07/11/25 10:10:06.663&#xA;[FAILED] Failure recorded during attempt 1:&#xA;Expected&#xA;    &lt;int64&gt;: 0&#xA;to be &gt;&#xA;    &lt;int&gt;: 20&#xA;In [It] at: /Users/seancorkum/projects/devops-mcp/test/e2e/scenarios/performance_test.go:275 @ 07/11/25 10:10:37.28&#xA;&lt; Exit [It] should handle agent churn - /Users/seancorkum/projects/devops-mcp/test/e2e/scenarios/performance_test.go:179 @ 07/11/25 10:10:37.28 (30.617s)&#xA;&gt; Enter [AfterEach] Performance and Stress E2E Tests - /Users/seancorkum/projects/devops-mcp/test/e2e/scenarios/performance_test.go:41 @ 07/11/25 10:10:37.281&#xA;&lt; Exit [AfterEach] Performance and Stress E2E Tests - /Users/seancorkum/projects/devops-mcp/test/e2e/scenarios/performance_test.go:41 @ 07/11/25 10:10:37.283 (3ms)&#xA;&#xA;Attempt #1 Failed.  Retrying â†º @ 07/11/25 10:10:37.284&#xA;&#xA;&gt; Enter [BeforeEach] Performance and Stress E2E Tests - /Users/seancorkum/projects/devops-mcp/test/e2e/scenarios/performance_test.go:31 @ 07/11/25 10:10:37.284&#xA;&lt; Exit [BeforeEach] Performance and Stress E2E Tests - /Users/seancorkum/projects/devops-mcp/test/e2e/scenarios/performance_test.go:31 @ 07/11/25 10:10:37.284 (0s)&#xA;&gt; Enter [It] should handle agent churn - /Users/seancorkum/projects/devops-mcp/test/e2e/scenarios/performance_test.go:179 @ 07/11/25 10:10:37.285&#xA;[FAILED] Expected&#xA;    &lt;int64&gt;: 0&#xA;to be &gt;&#xA;    &lt;int&gt;: 20&#xA;In [It] at: /Users/seancorkum/projects/devops-mcp/test/e2e/scenarios/performance_test.go:275 @ 07/11/25 10:11:07.707&#xA;&lt; Exit [It] should handle agent churn - /Users/seancorkum/projects/devops-mcp/test/e2e/scenarios/performance_test.go:179 @ 07/11/25 10:11:07.707 (30.422s)&#xA;&gt; Enter [AfterEach] Performance and Stress E2E Tests - /Users/seancorkum/projects/devops-mcp/test/e2e/scenarios/performance_test.go:41 @ 07/11/25 10:11:07.708&#xA;&lt; Exit [AfterEach] Performance and Stress E2E Tests - /Users/seancorkum/projects/devops-mcp/test/e2e/scenarios/performance_test.go:41 @ 07/11/25 10:11:07.71 (2ms)&#xA;</system-err>
          </testcase>
          <testcase name="[It] Multi-Tenant E2E Tests Feature Flags should respect tenant-specific feature flags" classname="Multi-Agent Collaboration E2E Test Suite" status="failed" time="0.236363772">
              <failure message="Unexpected error:&#xA;    &lt;*fmt.wrapError | 0xc00026c160&gt;: &#xA;    failed to connect: failed to WebSocket dial: expected handshake response status code 101 but got 401&#xA;    {&#xA;        msg: &#34;failed to connect: failed to WebSocket dial: expected handshake response status code 101 but got 401&#34;,&#xA;        err: &lt;*fmt.wrapError | 0xc00026c140&gt;{&#xA;            msg: &#34;failed to WebSocket dial: expected handshake response status code 101 but got 401&#34;,&#xA;            err: &lt;*errors.errorString | 0xc000522000&gt;{&#xA;                s: &#34;expected handshake response status code 101 but got 401&#34;,&#xA;            },&#xA;        },&#xA;    }&#xA;occurred" type="failed">[FAILED] Unexpected error:&#xA;    &lt;*fmt.wrapError | 0xc00026c160&gt;: &#xA;    failed to connect: failed to WebSocket dial: expected handshake response status code 101 but got 401&#xA;    {&#xA;        msg: &#34;failed to connect: failed to WebSocket dial: expected handshake response status code 101 but got 401&#34;,&#xA;        err: &lt;*fmt.wrapError | 0xc00026c140&gt;{&#xA;            msg: &#34;failed to WebSocket dial: expected handshake response status code 101 but got 401&#34;,&#xA;            err: &lt;*errors.errorString | 0xc000522000&gt;{&#xA;                s: &#34;expected handshake response status code 101 but got 401&#34;,&#xA;            },&#xA;        },&#xA;    }&#xA;occurred&#xA;In [It] at: /Users/seancorkum/projects/devops-mcp/test/e2e/scenarios/multi_tenant_test.go:288 @ 07/11/25 10:10:06.662&#xA;&#xA;There were additional failures detected after the initial failure. These are visible in the timeline&#xA;</failure>
              <system-out>[10:10:06] [INFO] multi-tenant: Testing tenant-specific feature flags&#xA;[10:10:06] [INFO] multi-tenant: Testing tenant-specific feature flags&#xA;</system-out>
              <system-err>&gt; Enter [BeforeEach] Multi-Tenant E2E Tests - /Users/seancorkum/projects/devops-mcp/test/e2e/scenarios/multi_tenant_test.go:30 @ 07/11/25 10:10:06.428&#xA;&lt; Exit [BeforeEach] Multi-Tenant E2E Tests - /Users/seancorkum/projects/devops-mcp/test/e2e/scenarios/multi_tenant_test.go:30 @ 07/11/25 10:10:06.433 (4ms)&#xA;&gt; Enter [It] should respect tenant-specific feature flags - /Users/seancorkum/projects/devops-mcp/test/e2e/scenarios/multi_tenant_test.go:254 @ 07/11/25 10:10:06.433&#xA;[FAILED] Failure recorded during attempt 1:&#xA;Unexpected error:&#xA;    &lt;*fmt.wrapError | 0xc00011f4e0&gt;: &#xA;    failed to connect: failed to WebSocket dial: expected handshake response status code 101 but got 401&#xA;    {&#xA;        msg: &#34;failed to connect: failed to WebSocket dial: expected handshake response status code 101 but got 401&#34;,&#xA;        err: &lt;*fmt.wrapError | 0xc00011f4c0&gt;{&#xA;            msg: &#34;failed to WebSocket dial: expected handshake response status code 101 but got 401&#34;,&#xA;            err: &lt;*errors.errorString | 0xc00035e000&gt;{&#xA;                s: &#34;expected handshake response status code 101 but got 401&#34;,&#xA;            },&#xA;        },&#xA;    }&#xA;occurred&#xA;In [It] at: /Users/seancorkum/projects/devops-mcp/test/e2e/scenarios/multi_tenant_test.go:288 @ 07/11/25 10:10:06.61&#xA;&lt; Exit [It] should respect tenant-specific feature flags - /Users/seancorkum/projects/devops-mcp/test/e2e/scenarios/multi_tenant_test.go:254 @ 07/11/25 10:10:06.61 (177ms)&#xA;&gt; Enter [AfterEach] Multi-Tenant E2E Tests - /Users/seancorkum/projects/devops-mcp/test/e2e/scenarios/multi_tenant_test.go:40 @ 07/11/25 10:10:06.61&#xA;&lt; Exit [AfterEach] Multi-Tenant E2E Tests - /Users/seancorkum/projects/devops-mcp/test/e2e/scenarios/multi_tenant_test.go:40 @ 07/11/25 10:10:06.613 (2ms)&#xA;&#xA;Attempt #1 Failed.  Retrying â†º @ 07/11/25 10:10:06.613&#xA;&#xA;&gt; Enter [BeforeEach] Multi-Tenant E2E Tests - /Users/seancorkum/projects/devops-mcp/test/e2e/scenarios/multi_tenant_test.go:30 @ 07/11/25 10:10:06.613&#xA;&lt; Exit [BeforeEach] Multi-Tenant E2E Tests - /Users/seancorkum/projects/devops-mcp/test/e2e/scenarios/multi_tenant_test.go:30 @ 07/11/25 10:10:06.617 (4ms)&#xA;&gt; Enter [It] should respect tenant-specific feature flags - /Users/seancorkum/projects/devops-mcp/test/e2e/scenarios/multi_tenant_test.go:254 @ 07/11/25 10:10:06.617&#xA;[FAILED] Unexpected error:&#xA;    &lt;*fmt.wrapError | 0xc00026c160&gt;: &#xA;    failed to connect: failed to WebSocket dial: expected handshake response status code 101 but got 401&#xA;    {&#xA;        msg: &#34;failed to connect: failed to WebSocket dial: expected handshake response status code 101 but got 401&#34;,&#xA;        err: &lt;*fmt.wrapError | 0xc00026c140&gt;{&#xA;            msg: &#34;failed to WebSocket dial: expected handshake response status code 101 but got 401&#34;,&#xA;            err: &lt;*errors.errorString | 0xc000522000&gt;{&#xA;                s: &#34;expected handshake response status code 101 but got 401&#34;,&#xA;            },&#xA;        },&#xA;    }&#xA;occurred&#xA;In [It] at: /Users/seancorkum/projects/devops-mcp/test/e2e/scenarios/multi_tenant_test.go:288 @ 07/11/25 10:10:06.662&#xA;&lt; Exit [It] should respect tenant-specific feature flags - /Users/seancorkum/projects/devops-mcp/test/e2e/scenarios/multi_tenant_test.go:254 @ 07/11/25 10:10:06.662 (45ms)&#xA;&gt; Enter [AfterEach] Multi-Tenant E2E Tests - /Users/seancorkum/projects/devops-mcp/test/e2e/scenarios/multi_tenant_test.go:40 @ 07/11/25 10:10:06.662&#xA;&lt; Exit [AfterEach] Multi-Tenant E2E Tests - /Users/seancorkum/projects/devops-mcp/test/e2e/scenarios/multi_tenant_test.go:40 @ 07/11/25 10:10:06.664 (2ms)&#xA;</system-err>
          </testcase>
          <testcase name="[It] Performance and Stress E2E Tests Message Throughput Tests should handle high message throughput" classname="Multi-Agent Collaboration E2E Test Suite" status="failed" time="0.10802278">
              <failure message="Unexpected error:&#xA;    &lt;*fmt.wrapError | 0xc0000a6000&gt;: &#xA;    failed to connect: failed to WebSocket dial: expected handshake response status code 101 but got 401&#xA;    {&#xA;        msg: &#34;failed to connect: failed to WebSocket dial: expected handshake response status code 101 but got 401&#34;,&#xA;        err: &lt;*fmt.wrapError | 0xc000524100&gt;{&#xA;            msg: &#34;failed to WebSocket dial: expected handshake response status code 101 but got 401&#34;,&#xA;            err: &lt;*errors.errorString | 0xc00042a000&gt;{&#xA;                s: &#34;expected handshake response status code 101 but got 401&#34;,&#xA;            },&#xA;        },&#xA;    }&#xA;occurred" type="failed">[FAILED] Unexpected error:&#xA;    &lt;*fmt.wrapError | 0xc0000a6000&gt;: &#xA;    failed to connect: failed to WebSocket dial: expected handshake response status code 101 but got 401&#xA;    {&#xA;        msg: &#34;failed to connect: failed to WebSocket dial: expected handshake response status code 101 but got 401&#34;,&#xA;        err: &lt;*fmt.wrapError | 0xc000524100&gt;{&#xA;            msg: &#34;failed to WebSocket dial: expected handshake response status code 101 but got 401&#34;,&#xA;            err: &lt;*errors.errorString | 0xc00042a000&gt;{&#xA;                s: &#34;expected handshake response status code 101 but got 401&#34;,&#xA;            },&#xA;        },&#xA;    }&#xA;occurred&#xA;In [It] at: /Users/seancorkum/projects/devops-mcp/test/e2e/scenarios/performance_test.go:311 @ 07/11/25 10:10:06.771&#xA;&#xA;There were additional failures detected after the initial failure. These are visible in the timeline&#xA;</failure>
              <system-err>&gt; Enter [BeforeEach] Performance and Stress E2E Tests - /Users/seancorkum/projects/devops-mcp/test/e2e/scenarios/performance_test.go:31 @ 07/11/25 10:10:06.666&#xA;&lt; Exit [BeforeEach] Performance and Stress E2E Tests - /Users/seancorkum/projects/devops-mcp/test/e2e/scenarios/performance_test.go:31 @ 07/11/25 10:10:06.666 (0s)&#xA;&gt; Enter [It] should handle high message throughput - /Users/seancorkum/projects/devops-mcp/test/e2e/scenarios/performance_test.go:289 @ 07/11/25 10:10:06.666&#xA;[FAILED] Failure recorded during attempt 1:&#xA;Unexpected error:&#xA;    &lt;*fmt.wrapError | 0xc00011f500&gt;: &#xA;    failed to connect: failed to WebSocket dial: expected handshake response status code 101 but got 401&#xA;    {&#xA;        msg: &#34;failed to connect: failed to WebSocket dial: expected handshake response status code 101 but got 401&#34;,&#xA;        err: &lt;*fmt.wrapError | 0xc00011f4e0&gt;{&#xA;            msg: &#34;failed to WebSocket dial: expected handshake response status code 101 but got 401&#34;,&#xA;            err: &lt;*errors.errorString | 0xc00013da90&gt;{&#xA;                s: &#34;expected handshake response status code 101 but got 401&#34;,&#xA;            },&#xA;        },&#xA;    }&#xA;occurred&#xA;In [It] at: /Users/seancorkum/projects/devops-mcp/test/e2e/scenarios/performance_test.go:311 @ 07/11/25 10:10:06.716&#xA;&lt; Exit [It] should handle high message throughput - /Users/seancorkum/projects/devops-mcp/test/e2e/scenarios/performance_test.go:289 @ 07/11/25 10:10:06.716 (50ms)&#xA;&gt; Enter [AfterEach] Performance and Stress E2E Tests - /Users/seancorkum/projects/devops-mcp/test/e2e/scenarios/performance_test.go:41 @ 07/11/25 10:10:06.716&#xA;&lt; Exit [AfterEach] Performance and Stress E2E Tests - /Users/seancorkum/projects/devops-mcp/test/e2e/scenarios/performance_test.go:41 @ 07/11/25 10:10:06.719 (3ms)&#xA;&#xA;Attempt #1 Failed.  Retrying â†º @ 07/11/25 10:10:06.719&#xA;&#xA;&gt; Enter [BeforeEach] Performance and Stress E2E Tests - /Users/seancorkum/projects/devops-mcp/test/e2e/scenarios/performance_test.go:31 @ 07/11/25 10:10:06.719&#xA;&lt; Exit [BeforeEach] Performance and Stress E2E Tests - /Users/seancorkum/projects/devops-mcp/test/e2e/scenarios/performance_test.go:31 @ 07/11/25 10:10:06.72 (0s)&#xA;&gt; Enter [It] should handle high message throughput - /Users/seancorkum/projects/devops-mcp/test/e2e/scenarios/performance_test.go:289 @ 07/11/25 10:10:06.72&#xA;[FAILED] Unexpected error:&#xA;    &lt;*fmt.wrapError | 0xc0000a6000&gt;: &#xA;    failed to connect: failed to WebSocket dial: expected handshake response status code 101 but got 401&#xA;    {&#xA;        msg: &#34;failed to connect: failed to WebSocket dial: expected handshake response status code 101 but got 401&#34;,&#xA;        err: &lt;*fmt.wrapError | 0xc000524100&gt;{&#xA;            msg: &#34;failed to WebSocket dial: expected handshake response status code 101 but got 401&#34;,&#xA;            err: &lt;*errors.errorString | 0xc00042a000&gt;{&#xA;                s: &#34;expected handshake response status code 101 but got 401&#34;,&#xA;            },&#xA;        },&#xA;    }&#xA;occurred&#xA;In [It] at: /Users/seancorkum/projects/devops-mcp/test/e2e/scenarios/performance_test.go:311 @ 07/11/25 10:10:06.771&#xA;&lt; Exit [It] should handle high message throughput - /Users/seancorkum/projects/devops-mcp/test/e2e/scenarios/performance_test.go:289 @ 07/11/25 10:10:06.771 (51ms)&#xA;&gt; Enter [AfterEach] Performance and Stress E2E Tests - /Users/seancorkum/projects/devops-mcp/test/e2e/scenarios/performance_test.go:41 @ 07/11/25 10:10:06.771&#xA;&lt; Exit [AfterEach] Performance and Stress E2E Tests - /Users/seancorkum/projects/devops-mcp/test/e2e/scenarios/performance_test.go:41 @ 07/11/25 10:10:06.773 (2ms)&#xA;</system-err>
          </testcase>
          <testcase name="[It] Performance and Stress E2E Tests Binary Protocol Performance should demonstrate binary protocol efficiency" classname="Multi-Agent Collaboration E2E Test Suite" status="failed" time="0.180142176">
              <failure message="Unexpected error:&#xA;    &lt;*fmt.wrapError | 0xc00026c180&gt;: &#xA;    failed to connect: failed to WebSocket dial: expected handshake response status code 101 but got 401&#xA;    {&#xA;        msg: &#34;failed to connect: failed to WebSocket dial: expected handshake response status code 101 but got 401&#34;,&#xA;        err: &lt;*fmt.wrapError | 0xc00026c160&gt;{&#xA;            msg: &#34;failed to WebSocket dial: expected handshake response status code 101 but got 401&#34;,&#xA;            err: &lt;*errors.errorString | 0xc000522010&gt;{&#xA;                s: &#34;expected handshake response status code 101 but got 401&#34;,&#xA;            },&#xA;        },&#xA;    }&#xA;occurred" type="failed">[FAILED] Unexpected error:&#xA;    &lt;*fmt.wrapError | 0xc00026c180&gt;: &#xA;    failed to connect: failed to WebSocket dial: expected handshake response status code 101 but got 401&#xA;    {&#xA;        msg: &#34;failed to connect: failed to WebSocket dial: expected handshake response status code 101 but got 401&#34;,&#xA;        err: &lt;*fmt.wrapError | 0xc00026c160&gt;{&#xA;            msg: &#34;failed to WebSocket dial: expected handshake response status code 101 but got 401&#34;,&#xA;            err: &lt;*errors.errorString | 0xc000522010&gt;{&#xA;                s: &#34;expected handshake response status code 101 but got 401&#34;,&#xA;            },&#xA;        },&#xA;    }&#xA;occurred&#xA;In [It] at: /Users/seancorkum/projects/devops-mcp/test/e2e/scenarios/performance_test.go:650 @ 07/11/25 10:10:06.952&#xA;&#xA;There were additional failures detected after the initial failure. These are visible in the timeline&#xA;</failure>
              <system-err>&gt; Enter [BeforeEach] Performance and Stress E2E Tests - /Users/seancorkum/projects/devops-mcp/test/e2e/scenarios/performance_test.go:31 @ 07/11/25 10:10:06.774&#xA;&lt; Exit [BeforeEach] Performance and Stress E2E Tests - /Users/seancorkum/projects/devops-mcp/test/e2e/scenarios/performance_test.go:31 @ 07/11/25 10:10:06.774 (0s)&#xA;&gt; Enter [It] should demonstrate binary protocol efficiency - /Users/seancorkum/projects/devops-mcp/test/e2e/scenarios/performance_test.go:620 @ 07/11/25 10:10:06.774&#xA;[FAILED] Failure recorded during attempt 1:&#xA;Unexpected error:&#xA;    &lt;*fmt.wrapError | 0xc0006880e0&gt;: &#xA;    failed to connect: failed to WebSocket dial: expected handshake response status code 101 but got 401&#xA;    {&#xA;        msg: &#34;failed to connect: failed to WebSocket dial: expected handshake response status code 101 but got 401&#34;,&#xA;        err: &lt;*fmt.wrapError | 0xc0006880c0&gt;{&#xA;            msg: &#34;failed to WebSocket dial: expected handshake response status code 101 but got 401&#34;,&#xA;            err: &lt;*errors.errorString | 0xc00042a050&gt;{&#xA;                s: &#34;expected handshake response status code 101 but got 401&#34;,&#xA;            },&#xA;        },&#xA;    }&#xA;occurred&#xA;In [It] at: /Users/seancorkum/projects/devops-mcp/test/e2e/scenarios/performance_test.go:650 @ 07/11/25 10:10:06.876&#xA;&lt; Exit [It] should demonstrate binary protocol efficiency - /Users/seancorkum/projects/devops-mcp/test/e2e/scenarios/performance_test.go:620 @ 07/11/25 10:10:06.876 (101ms)&#xA;&gt; Enter [AfterEach] Performance and Stress E2E Tests - /Users/seancorkum/projects/devops-mcp/test/e2e/scenarios/performance_test.go:41 @ 07/11/25 10:10:06.876&#xA;&lt; Exit [AfterEach] Performance and Stress E2E Tests - /Users/seancorkum/projects/devops-mcp/test/e2e/scenarios/performance_test.go:41 @ 07/11/25 10:10:06.878 (2ms)&#xA;&#xA;Attempt #1 Failed.  Retrying â†º @ 07/11/25 10:10:06.878&#xA;&#xA;&gt; Enter [BeforeEach] Performance and Stress E2E Tests - /Users/seancorkum/projects/devops-mcp/test/e2e/scenarios/performance_test.go:31 @ 07/11/25 10:10:06.878&#xA;&lt; Exit [BeforeEach] Performance and Stress E2E Tests - /Users/seancorkum/projects/devops-mcp/test/e2e/scenarios/performance_test.go:31 @ 07/11/25 10:10:06.878 (0s)&#xA;&gt; Enter [It] should demonstrate binary protocol efficiency - /Users/seancorkum/projects/devops-mcp/test/e2e/scenarios/performance_test.go:620 @ 07/11/25 10:10:06.878&#xA;[FAILED] Unexpected error:&#xA;    &lt;*fmt.wrapError | 0xc00026c180&gt;: &#xA;    failed to connect: failed to WebSocket dial: expected handshake response status code 101 but got 401&#xA;    {&#xA;        msg: &#34;failed to connect: failed to WebSocket dial: expected handshake response status code 101 but got 401&#34;,&#xA;        err: &lt;*fmt.wrapError | 0xc00026c160&gt;{&#xA;            msg: &#34;failed to WebSocket dial: expected handshake response status code 101 but got 401&#34;,&#xA;            err: &lt;*errors.errorString | 0xc000522010&gt;{&#xA;                s: &#34;expected handshake response status code 101 but got 401&#34;,&#xA;            },&#xA;        },&#xA;    }&#xA;occurred&#xA;In [It] at: /Users/seancorkum/projects/devops-mcp/test/e2e/scenarios/performance_test.go:650 @ 07/11/25 10:10:06.952&#xA;&lt; Exit [It] should demonstrate binary protocol efficiency - /Users/seancorkum/projects/devops-mcp/test/e2e/scenarios/performance_test.go:620 @ 07/11/25 10:10:06.952 (74ms)&#xA;&gt; Enter [AfterEach] Performance and Stress E2E Tests - /Users/seancorkum/projects/devops-mcp/test/e2e/scenarios/performance_test.go:41 @ 07/11/25 10:10:06.952&#xA;&lt; Exit [AfterEach] Performance and Stress E2E Tests - /Users/seancorkum/projects/devops-mcp/test/e2e/scenarios/performance_test.go:41 @ 07/11/25 10:10:06.954 (2ms)&#xA;</system-err>
          </testcase>
          <testcase name="[It] Single Agent E2E Tests Tool Discovery and Execution should discover available tools" classname="Multi-Agent Collaboration E2E Test Suite" status="failed" time="0.119115077">
              <failure message="Unexpected error:&#xA;    &lt;*fmt.wrapError | 0xc0006880e0&gt;: &#xA;    failed to connect: failed to WebSocket dial: expected handshake response status code 101 but got 401&#xA;    {&#xA;        msg: &#34;failed to connect: failed to WebSocket dial: expected handshake response status code 101 but got 401&#34;,&#xA;        err: &lt;*fmt.wrapError | 0xc0006880c0&gt;{&#xA;            msg: &#34;failed to WebSocket dial: expected handshake response status code 101 but got 401&#34;,&#xA;            err: &lt;*errors.errorString | 0xc000412000&gt;{&#xA;                s: &#34;expected handshake response status code 101 but got 401&#34;,&#xA;            },&#xA;        },&#xA;    }&#xA;occurred" type="failed">[FAILED] Unexpected error:&#xA;    &lt;*fmt.wrapError | 0xc0006880e0&gt;: &#xA;    failed to connect: failed to WebSocket dial: expected handshake response status code 101 but got 401&#xA;    {&#xA;        msg: &#34;failed to connect: failed to WebSocket dial: expected handshake response status code 101 but got 401&#34;,&#xA;        err: &lt;*fmt.wrapError | 0xc0006880c0&gt;{&#xA;            msg: &#34;failed to WebSocket dial: expected handshake response status code 101 but got 401&#34;,&#xA;            err: &lt;*errors.errorString | 0xc000412000&gt;{&#xA;                s: &#34;expected handshake response status code 101 but got 401&#34;,&#xA;            },&#xA;        },&#xA;    }&#xA;occurred&#xA;In [It] at: /Users/seancorkum/projects/devops-mcp/test/e2e/scenarios/single_agent_test.go:183 @ 07/11/25 10:10:07.069&#xA;&#xA;There were additional failures detected after the initial failure. These are visible in the timeline&#xA;</failure>
              <system-err>&gt; Enter [BeforeEach] Single Agent E2E Tests - /Users/seancorkum/projects/devops-mcp/test/e2e/scenarios/single_agent_test.go:30 @ 07/11/25 10:10:06.955&#xA;&lt; Exit [BeforeEach] Single Agent E2E Tests - /Users/seancorkum/projects/devops-mcp/test/e2e/scenarios/single_agent_test.go:30 @ 07/11/25 10:10:06.958 (3ms)&#xA;&gt; Enter [It] should discover available tools - /Users/seancorkum/projects/devops-mcp/test/e2e/scenarios/single_agent_test.go:163 @ 07/11/25 10:10:06.958&#xA;[FAILED] Failure recorded during attempt 1:&#xA;Unexpected error:&#xA;    &lt;*fmt.wrapError | 0xc00026c140&gt;: &#xA;    failed to connect: failed to WebSocket dial: expected handshake response status code 101 but got 401&#xA;    {&#xA;        msg: &#34;failed to connect: failed to WebSocket dial: expected handshake response status code 101 but got 401&#34;,&#xA;        err: &lt;*fmt.wrapError | 0xc00026c120&gt;{&#xA;            msg: &#34;failed to WebSocket dial: expected handshake response status code 101 but got 401&#34;,&#xA;            err: &lt;*errors.errorString | 0xc0003d2000&gt;{&#xA;                s: &#34;expected handshake response status code 101 but got 401&#34;,&#xA;            },&#xA;        },&#xA;    }&#xA;occurred&#xA;In [It] at: /Users/seancorkum/projects/devops-mcp/test/e2e/scenarios/single_agent_test.go:183 @ 07/11/25 10:10:07.01&#xA;&lt; Exit [It] should discover available tools - /Users/seancorkum/projects/devops-mcp/test/e2e/scenarios/single_agent_test.go:163 @ 07/11/25 10:10:07.01 (52ms)&#xA;&gt; Enter [AfterEach] Single Agent E2E Tests - /Users/seancorkum/projects/devops-mcp/test/e2e/scenarios/single_agent_test.go:40 @ 07/11/25 10:10:07.01&#xA;&lt; Exit [AfterEach] Single Agent E2E Tests - /Users/seancorkum/projects/devops-mcp/test/e2e/scenarios/single_agent_test.go:40 @ 07/11/25 10:10:07.012 (2ms)&#xA;&#xA;Attempt #1 Failed.  Retrying â†º @ 07/11/25 10:10:07.012&#xA;&#xA;&gt; Enter [BeforeEach] Single Agent E2E Tests - /Users/seancorkum/projects/devops-mcp/test/e2e/scenarios/single_agent_test.go:30 @ 07/11/25 10:10:07.012&#xA;&lt; Exit [BeforeEach] Single Agent E2E Tests - /Users/seancorkum/projects/devops-mcp/test/e2e/scenarios/single_agent_test.go:30 @ 07/11/25 10:10:07.015 (3ms)&#xA;&gt; Enter [It] should discover available tools - /Users/seancorkum/projects/devops-mcp/test/e2e/scenarios/single_agent_test.go:163 @ 07/11/25 10:10:07.015&#xA;[FAILED] Unexpected error:&#xA;    &lt;*fmt.wrapError | 0xc0006880e0&gt;: &#xA;    failed to connect: failed to WebSocket dial: expected handshake response status code 101 but got 401&#xA;    {&#xA;        msg: &#34;failed to connect: failed to WebSocket dial: expected handshake response status code 101 but got 401&#34;,&#xA;        err: &lt;*fmt.wrapError | 0xc0006880c0&gt;{&#xA;            msg: &#34;failed to WebSocket dial: expected handshake response status code 101 but got 401&#34;,&#xA;            err: &lt;*errors.errorString | 0xc000412000&gt;{&#xA;                s: &#34;expected handshake response status code 101 but got 401&#34;,&#xA;            },&#xA;        },&#xA;    }&#xA;occurred&#xA;In [It] at: /Users/seancorkum/projects/devops-mcp/test/e2e/scenarios/single_agent_test.go:183 @ 07/11/25 10:10:07.069&#xA;&lt; Exit [It] should discover available tools - /Users/seancorkum/projects/devops-mcp/test/e2e/scenarios/single_agent_test.go:163 @ 07/11/25 10:10:07.069 (54ms)&#xA;&gt; Enter [AfterEach] Single Agent E2E Tests - /Users/seancorkum/projects/devops-mcp/test/e2e/scenarios/single_agent_test.go:40 @ 07/11/25 10:10:07.069&#xA;&lt; Exit [AfterEach] Single Agent E2E Tests - /Users/seancorkum/projects/devops-mcp/test/e2e/scenarios/single_agent_test.go:40 @ 07/11/25 10:10:07.074 (5ms)&#xA;</system-err>
          </testcase>
          <testcase name="[It] Single Agent E2E Tests Session Management should manage sessions correctly" classname="Multi-Agent Collaboration E2E Test Suite" status="failed" time="0.104616348">
              <failure message="Unexpected error:&#xA;    &lt;*fmt.wrapError | 0xc00026c140&gt;: &#xA;    failed to connect: failed to WebSocket dial: expected handshake response status code 101 but got 401&#xA;    {&#xA;        msg: &#34;failed to connect: failed to WebSocket dial: expected handshake response status code 101 but got 401&#34;,&#xA;        err: &lt;*fmt.wrapError | 0xc00026c120&gt;{&#xA;            msg: &#34;failed to WebSocket dial: expected handshake response status code 101 but got 401&#34;,&#xA;            err: &lt;*errors.errorString | 0xc00013ceb0&gt;{&#xA;                s: &#34;expected handshake response status code 101 but got 401&#34;,&#xA;            },&#xA;        },&#xA;    }&#xA;occurred" type="failed">[FAILED] Unexpected error:&#xA;    &lt;*fmt.wrapError | 0xc00026c140&gt;: &#xA;    failed to connect: failed to WebSocket dial: expected handshake response status code 101 but got 401&#xA;    {&#xA;        msg: &#34;failed to connect: failed to WebSocket dial: expected handshake response status code 101 but got 401&#34;,&#xA;        err: &lt;*fmt.wrapError | 0xc00026c120&gt;{&#xA;            msg: &#34;failed to WebSocket dial: expected handshake response status code 101 but got 401&#34;,&#xA;            err: &lt;*errors.errorString | 0xc00013ceb0&gt;{&#xA;                s: &#34;expected handshake response status code 101 but got 401&#34;,&#xA;            },&#xA;        },&#xA;    }&#xA;occurred&#xA;In [It] at: /Users/seancorkum/projects/devops-mcp/test/e2e/scenarios/single_agent_test.go:347 @ 07/11/25 10:10:07.178&#xA;&#xA;There were additional failures detected after the initial failure. These are visible in the timeline&#xA;</failure>
              <system-err>&gt; Enter [BeforeEach] Single Agent E2E Tests - /Users/seancorkum/projects/devops-mcp/test/e2e/scenarios/single_agent_test.go:30 @ 07/11/25 10:10:07.075&#xA;&lt; Exit [BeforeEach] Single Agent E2E Tests - /Users/seancorkum/projects/devops-mcp/test/e2e/scenarios/single_agent_test.go:30 @ 07/11/25 10:10:07.078 (3ms)&#xA;&gt; Enter [It] should manage sessions correctly - /Users/seancorkum/projects/devops-mcp/test/e2e/scenarios/single_agent_test.go:327 @ 07/11/25 10:10:07.079&#xA;[FAILED] Failure recorded during attempt 1:&#xA;Unexpected error:&#xA;    &lt;*fmt.wrapError | 0xc00026c180&gt;: &#xA;    failed to connect: failed to WebSocket dial: expected handshake response status code 101 but got 401&#xA;    {&#xA;        msg: &#34;failed to connect: failed to WebSocket dial: expected handshake response status code 101 but got 401&#34;,&#xA;        err: &lt;*fmt.wrapError | 0xc00026c160&gt;{&#xA;            msg: &#34;failed to WebSocket dial: expected handshake response status code 101 but got 401&#34;,&#xA;            err: &lt;*errors.errorString | 0xc000628000&gt;{&#xA;                s: &#34;expected handshake response status code 101 but got 401&#34;,&#xA;            },&#xA;        },&#xA;    }&#xA;occurred&#xA;In [It] at: /Users/seancorkum/projects/devops-mcp/test/e2e/scenarios/single_agent_test.go:347 @ 07/11/25 10:10:07.124&#xA;&lt; Exit [It] should manage sessions correctly - /Users/seancorkum/projects/devops-mcp/test/e2e/scenarios/single_agent_test.go:327 @ 07/11/25 10:10:07.124 (45ms)&#xA;&gt; Enter [AfterEach] Single Agent E2E Tests - /Users/seancorkum/projects/devops-mcp/test/e2e/scenarios/single_agent_test.go:40 @ 07/11/25 10:10:07.124&#xA;&lt; Exit [AfterEach] Single Agent E2E Tests - /Users/seancorkum/projects/devops-mcp/test/e2e/scenarios/single_agent_test.go:40 @ 07/11/25 10:10:07.127 (3ms)&#xA;&#xA;Attempt #1 Failed.  Retrying â†º @ 07/11/25 10:10:07.127&#xA;&#xA;&gt; Enter [BeforeEach] Single Agent E2E Tests - /Users/seancorkum/projects/devops-mcp/test/e2e/scenarios/single_agent_test.go:30 @ 07/11/25 10:10:07.127&#xA;&lt; Exit [BeforeEach] Single Agent E2E Tests - /Users/seancorkum/projects/devops-mcp/test/e2e/scenarios/single_agent_test.go:30 @ 07/11/25 10:10:07.13 (3ms)&#xA;&gt; Enter [It] should manage sessions correctly - /Users/seancorkum/projects/devops-mcp/test/e2e/scenarios/single_agent_test.go:327 @ 07/11/25 10:10:07.131&#xA;[FAILED] Unexpected error:&#xA;    &lt;*fmt.wrapError | 0xc00026c140&gt;: &#xA;    failed to connect: failed to WebSocket dial: expected handshake response status code 101 but got 401&#xA;    {&#xA;        msg: &#34;failed to connect: failed to WebSocket dial: expected handshake response status code 101 but got 401&#34;,&#xA;        err: &lt;*fmt.wrapError | 0xc00026c120&gt;{&#xA;            msg: &#34;failed to WebSocket dial: expected handshake response status code 101 but got 401&#34;,&#xA;            err: &lt;*errors.errorString | 0xc00013ceb0&gt;{&#xA;                s: &#34;expected handshake response status code 101 but got 401&#34;,&#xA;            },&#xA;        },&#xA;    }&#xA;occurred&#xA;In [It] at: /Users/seancorkum/projects/devops-mcp/test/e2e/scenarios/single_agent_test.go:347 @ 07/11/25 10:10:07.178&#xA;&lt; Exit [It] should manage sessions correctly - /Users/seancorkum/projects/devops-mcp/test/e2e/scenarios/single_agent_test.go:327 @ 07/11/25 10:10:07.178 (47ms)&#xA;&gt; Enter [AfterEach] Single Agent E2E Tests - /Users/seancorkum/projects/devops-mcp/test/e2e/scenarios/single_agent_test.go:40 @ 07/11/25 10:10:07.178&#xA;&lt; Exit [AfterEach] Single Agent E2E Tests - /Users/seancorkum/projects/devops-mcp/test/e2e/scenarios/single_agent_test.go:40 @ 07/11/25 10:10:07.18 (2ms)&#xA;</system-err>
          </testcase>
          <testcase name="[It] Single Agent E2E Tests Error Handling should handle timeout scenarios" classname="Multi-Agent Collaboration E2E Test Suite" status="failed" time="0.103240265">
              <failure message="Unexpected error:&#xA;    &lt;*fmt.wrapError | 0xc00026c140&gt;: &#xA;    failed to connect: failed to WebSocket dial: expected handshake response status code 101 but got 401&#xA;    {&#xA;        msg: &#34;failed to connect: failed to WebSocket dial: expected handshake response status code 101 but got 401&#34;,&#xA;        err: &lt;*fmt.wrapError | 0xc00026c120&gt;{&#xA;            msg: &#34;failed to WebSocket dial: expected handshake response status code 101 but got 401&#34;,&#xA;            err: &lt;*errors.errorString | 0xc000522000&gt;{&#xA;                s: &#34;expected handshake response status code 101 but got 401&#34;,&#xA;            },&#xA;        },&#xA;    }&#xA;occurred" type="failed">[FAILED] Unexpected error:&#xA;    &lt;*fmt.wrapError | 0xc00026c140&gt;: &#xA;    failed to connect: failed to WebSocket dial: expected handshake response status code 101 but got 401&#xA;    {&#xA;        msg: &#34;failed to connect: failed to WebSocket dial: expected handshake response status code 101 but got 401&#34;,&#xA;        err: &lt;*fmt.wrapError | 0xc00026c120&gt;{&#xA;            msg: &#34;failed to WebSocket dial: expected handshake response status code 101 but got 401&#34;,&#xA;            err: &lt;*errors.errorString | 0xc000522000&gt;{&#xA;                s: &#34;expected handshake response status code 101 but got 401&#34;,&#xA;            },&#xA;        },&#xA;    }&#xA;occurred&#xA;In [It] at: /Users/seancorkum/projects/devops-mcp/test/e2e/scenarios/single_agent_test.go:488 @ 07/11/25 10:10:07.282&#xA;&#xA;There were additional failures detected after the initial failure. These are visible in the timeline&#xA;</failure>
              <system-err>&gt; Enter [BeforeEach] Single Agent E2E Tests - /Users/seancorkum/projects/devops-mcp/test/e2e/scenarios/single_agent_test.go:30 @ 07/11/25 10:10:07.181&#xA;&lt; Exit [BeforeEach] Single Agent E2E Tests - /Users/seancorkum/projects/devops-mcp/test/e2e/scenarios/single_agent_test.go:30 @ 07/11/25 10:10:07.183 (2ms)&#xA;&gt; Enter [It] should handle timeout scenarios - /Users/seancorkum/projects/devops-mcp/test/e2e/scenarios/single_agent_test.go:468 @ 07/11/25 10:10:07.183&#xA;[FAILED] Failure recorded during attempt 1:&#xA;Unexpected error:&#xA;    &lt;*fmt.wrapError | 0xc00026c140&gt;: &#xA;    failed to connect: failed to WebSocket dial: expected handshake response status code 101 but got 401&#xA;    {&#xA;        msg: &#34;failed to connect: failed to WebSocket dial: expected handshake response status code 101 but got 401&#34;,&#xA;        err: &lt;*fmt.wrapError | 0xc00026c120&gt;{&#xA;            msg: &#34;failed to WebSocket dial: expected handshake response status code 101 but got 401&#34;,&#xA;            err: &lt;*errors.errorString | 0xc00013ceb0&gt;{&#xA;                s: &#34;expected handshake response status code 101 but got 401&#34;,&#xA;            },&#xA;        },&#xA;    }&#xA;occurred&#xA;In [It] at: /Users/seancorkum/projects/devops-mcp/test/e2e/scenarios/single_agent_test.go:488 @ 07/11/25 10:10:07.23&#xA;&lt; Exit [It] should handle timeout scenarios - /Users/seancorkum/projects/devops-mcp/test/e2e/scenarios/single_agent_test.go:468 @ 07/11/25 10:10:07.23 (47ms)&#xA;&gt; Enter [AfterEach] Single Agent E2E Tests - /Users/seancorkum/projects/devops-mcp/test/e2e/scenarios/single_agent_test.go:40 @ 07/11/25 10:10:07.231&#xA;&lt; Exit [AfterEach] Single Agent E2E Tests - /Users/seancorkum/projects/devops-mcp/test/e2e/scenarios/single_agent_test.go:40 @ 07/11/25 10:10:07.233 (2ms)&#xA;&#xA;Attempt #1 Failed.  Retrying â†º @ 07/11/25 10:10:07.233&#xA;&#xA;&gt; Enter [BeforeEach] Single Agent E2E Tests - /Users/seancorkum/projects/devops-mcp/test/e2e/scenarios/single_agent_test.go:30 @ 07/11/25 10:10:07.233&#xA;&lt; Exit [BeforeEach] Single Agent E2E Tests - /Users/seancorkum/projects/devops-mcp/test/e2e/scenarios/single_agent_test.go:30 @ 07/11/25 10:10:07.235 (2ms)&#xA;&gt; Enter [It] should handle timeout scenarios - /Users/seancorkum/projects/devops-mcp/test/e2e/scenarios/single_agent_test.go:468 @ 07/11/25 10:10:07.236&#xA;[FAILED] Unexpected error:&#xA;    &lt;*fmt.wrapError | 0xc00026c140&gt;: &#xA;    failed to connect: failed to WebSocket dial: expected handshake response status code 101 but got 401&#xA;    {&#xA;        msg: &#34;failed to connect: failed to WebSocket dial: expected handshake response status code 101 but got 401&#34;,&#xA;        err: &lt;*fmt.wrapError | 0xc00026c120&gt;{&#xA;            msg: &#34;failed to WebSocket dial: expected handshake response status code 101 but got 401&#34;,&#xA;            err: &lt;*errors.errorString | 0xc000522000&gt;{&#xA;                s: &#34;expected handshake response status code 101 but got 401&#34;,&#xA;            },&#xA;        },&#xA;    }&#xA;occurred&#xA;In [It] at: /Users/seancorkum/projects/devops-mcp/test/e2e/scenarios/single_agent_test.go:488 @ 07/11/25 10:10:07.282&#xA;&lt; Exit [It] should handle timeout scenarios - /Users/seancorkum/projects/devops-mcp/test/e2e/scenarios/single_agent_test.go:468 @ 07/11/25 10:10:07.282 (46ms)&#xA;&gt; Enter [AfterEach] Single Agent E2E Tests - /Users/seancorkum/projects/devops-mcp/test/e2e/scenarios/single_agent_test.go:40 @ 07/11/25 10:10:07.282&#xA;&lt; Exit [AfterEach] Single Agent E2E Tests - /Users/seancorkum/projects/devops-mcp/test/e2e/scenarios/single_agent_test.go:40 @ 07/11/25 10:10:07.284 (2ms)&#xA;</system-err>
          </testcase>
          <testcase name="[It] Multi-Agent Collaboration E2E Tests Code Review Workflow should coordinate code review between multiple agents" classname="Multi-Agent Collaboration E2E Test Suite" status="failed" time="0.127428927">
              <failure message="Unexpected error:&#xA;    &lt;*fmt.wrapError | 0xc00026c140&gt;: &#xA;    failed to connect: failed to WebSocket dial: expected handshake response status code 101 but got 429&#xA;    {&#xA;        msg: &#34;failed to connect: failed to WebSocket dial: expected handshake response status code 101 but got 429&#34;,&#xA;        err: &lt;*fmt.wrapError | 0xc00026c120&gt;{&#xA;            msg: &#34;failed to WebSocket dial: expected handshake response status code 101 but got 429&#34;,&#xA;            err: &lt;*errors.errorString | 0xc00035e000&gt;{&#xA;                s: &#34;expected handshake response status code 101 but got 429&#34;,&#xA;            },&#xA;        },&#xA;    }&#xA;occurred" type="failed">[FAILED] Unexpected error:&#xA;    &lt;*fmt.wrapError | 0xc00026c140&gt;: &#xA;    failed to connect: failed to WebSocket dial: expected handshake response status code 101 but got 429&#xA;    {&#xA;        msg: &#34;failed to connect: failed to WebSocket dial: expected handshake response status code 101 but got 429&#34;,&#xA;        err: &lt;*fmt.wrapError | 0xc00026c120&gt;{&#xA;            msg: &#34;failed to WebSocket dial: expected handshake response status code 101 but got 429&#34;,&#xA;            err: &lt;*errors.errorString | 0xc00035e000&gt;{&#xA;                s: &#34;expected handshake response status code 101 but got 429&#34;,&#xA;            },&#xA;        },&#xA;    }&#xA;occurred&#xA;In [It] at: /Users/seancorkum/projects/devops-mcp/test/e2e/scenarios/multi_agent_test.go:149 @ 07/11/25 10:10:07.409&#xA;&#xA;There were additional failures detected after the initial failure. These are visible in the timeline&#xA;</failure>
              <system-err>&gt; Enter [BeforeEach] Multi-Agent Collaboration E2E Tests - /Users/seancorkum/projects/devops-mcp/test/e2e/scenarios/multi_agent_test.go:28 @ 07/11/25 10:10:07.285&#xA;&lt; Exit [BeforeEach] Multi-Agent Collaboration E2E Tests - /Users/seancorkum/projects/devops-mcp/test/e2e/scenarios/multi_agent_test.go:28 @ 07/11/25 10:10:07.287 (2ms)&#xA;&gt; Enter [It] should coordinate code review between multiple agents - /Users/seancorkum/projects/devops-mcp/test/e2e/scenarios/multi_agent_test.go:128 @ 07/11/25 10:10:07.287&#xA;[FAILED] Failure recorded during attempt 1:&#xA;Unexpected error:&#xA;    &lt;*fmt.wrapError | 0xc00026c140&gt;: &#xA;    failed to connect: failed to WebSocket dial: expected handshake response status code 101 but got 401&#xA;    {&#xA;        msg: &#34;failed to connect: failed to WebSocket dial: expected handshake response status code 101 but got 401&#34;,&#xA;        err: &lt;*fmt.wrapError | 0xc00026c120&gt;{&#xA;            msg: &#34;failed to WebSocket dial: expected handshake response status code 101 but got 401&#34;,&#xA;            err: &lt;*errors.errorString | 0xc00013ceb0&gt;{&#xA;                s: &#34;expected handshake response status code 101 but got 401&#34;,&#xA;            },&#xA;        },&#xA;    }&#xA;occurred&#xA;In [It] at: /Users/seancorkum/projects/devops-mcp/test/e2e/scenarios/multi_agent_test.go:149 @ 07/11/25 10:10:07.334&#xA;&lt; Exit [It] should coordinate code review between multiple agents - /Users/seancorkum/projects/devops-mcp/test/e2e/scenarios/multi_agent_test.go:128 @ 07/11/25 10:10:07.334 (47ms)&#xA;&gt; Enter [AfterEach] Multi-Agent Collaboration E2E Tests - /Users/seancorkum/projects/devops-mcp/test/e2e/scenarios/multi_agent_test.go:38 @ 07/11/25 10:10:07.334&#xA;&lt; Exit [AfterEach] Multi-Agent Collaboration E2E Tests - /Users/seancorkum/projects/devops-mcp/test/e2e/scenarios/multi_agent_test.go:38 @ 07/11/25 10:10:07.337 (3ms)&#xA;&#xA;Attempt #1 Failed.  Retrying â†º @ 07/11/25 10:10:07.337&#xA;&#xA;&gt; Enter [BeforeEach] Multi-Agent Collaboration E2E Tests - /Users/seancorkum/projects/devops-mcp/test/e2e/scenarios/multi_agent_test.go:28 @ 07/11/25 10:10:07.337&#xA;&lt; Exit [BeforeEach] Multi-Agent Collaboration E2E Tests - /Users/seancorkum/projects/devops-mcp/test/e2e/scenarios/multi_agent_test.go:28 @ 07/11/25 10:10:07.339 (2ms)&#xA;&gt; Enter [It] should coordinate code review between multiple agents - /Users/seancorkum/projects/devops-mcp/test/e2e/scenarios/multi_agent_test.go:128 @ 07/11/25 10:10:07.34&#xA;[FAILED] Unexpected error:&#xA;    &lt;*fmt.wrapError | 0xc00026c140&gt;: &#xA;    failed to connect: failed to WebSocket dial: expected handshake response status code 101 but got 429&#xA;    {&#xA;        msg: &#34;failed to connect: failed to WebSocket dial: expected handshake response status code 101 but got 429&#34;,&#xA;        err: &lt;*fmt.wrapError | 0xc00026c120&gt;{&#xA;            msg: &#34;failed to WebSocket dial: expected handshake response status code 101 but got 429&#34;,&#xA;            err: &lt;*errors.errorString | 0xc00035e000&gt;{&#xA;                s: &#34;expected handshake response status code 101 but got 429&#34;,&#xA;            },&#xA;        },&#xA;    }&#xA;occurred&#xA;In [It] at: /Users/seancorkum/projects/devops-mcp/test/e2e/scenarios/multi_agent_test.go:149 @ 07/11/25 10:10:07.409&#xA;&lt; Exit [It] should coordinate code review between multiple agents - /Users/seancorkum/projects/devops-mcp/test/e2e/scenarios/multi_agent_test.go:128 @ 07/11/25 10:10:07.409 (70ms)&#xA;&gt; Enter [AfterEach] Multi-Agent Collaboration E2E Tests - /Users/seancorkum/projects/devops-mcp/test/e2e/scenarios/multi_agent_test.go:38 @ 07/11/25 10:10:07.41&#xA;&lt; Exit [AfterEach] Multi-Agent Collaboration E2E Tests - /Users/seancorkum/projects/devops-mcp/test/e2e/scenarios/multi_agent_test.go:38 @ 07/11/25 10:10:07.412 (2ms)&#xA;</system-err>
          </testcase>
          <testcase name="[It] Multi-Agent Collaboration E2E Tests Consensus Mechanism should reach consensus among multiple agents" classname="Multi-Agent Collaboration E2E Test Suite" status="failed" time="0.089598703">
              <failure message="Unexpected error:&#xA;    &lt;*fmt.wrapError | 0xc0006881a0&gt;: &#xA;    failed to connect: failed to WebSocket dial: expected handshake response status code 101 but got 429&#xA;    {&#xA;        msg: &#34;failed to connect: failed to WebSocket dial: expected handshake response status code 101 but got 429&#34;,&#xA;        err: &lt;*fmt.wrapError | 0xc000688180&gt;{&#xA;            msg: &#34;failed to WebSocket dial: expected handshake response status code 101 but got 429&#34;,&#xA;            err: &lt;*errors.errorString | 0xc00035e050&gt;{&#xA;                s: &#34;expected handshake response status code 101 but got 429&#34;,&#xA;            },&#xA;        },&#xA;    }&#xA;occurred" type="failed">[FAILED] Unexpected error:&#xA;    &lt;*fmt.wrapError | 0xc0006881a0&gt;: &#xA;    failed to connect: failed to WebSocket dial: expected handshake response status code 101 but got 429&#xA;    {&#xA;        msg: &#34;failed to connect: failed to WebSocket dial: expected handshake response status code 101 but got 429&#34;,&#xA;        err: &lt;*fmt.wrapError | 0xc000688180&gt;{&#xA;            msg: &#34;failed to WebSocket dial: expected handshake response status code 101 but got 429&#34;,&#xA;            err: &lt;*errors.errorString | 0xc00035e050&gt;{&#xA;                s: &#34;expected handshake response status code 101 but got 429&#34;,&#xA;            },&#xA;        },&#xA;    }&#xA;occurred&#xA;In [It] at: /Users/seancorkum/projects/devops-mcp/test/e2e/scenarios/multi_agent_test.go:387 @ 07/11/25 10:10:07.5&#xA;&#xA;There were additional failures detected after the initial failure. These are visible in the timeline&#xA;</failure>
              <system-err>&gt; Enter [BeforeEach] Multi-Agent Collaboration E2E Tests - /Users/seancorkum/projects/devops-mcp/test/e2e/scenarios/multi_agent_test.go:28 @ 07/11/25 10:10:07.413&#xA;&lt; Exit [BeforeEach] Multi-Agent Collaboration E2E Tests - /Users/seancorkum/projects/devops-mcp/test/e2e/scenarios/multi_agent_test.go:28 @ 07/11/25 10:10:07.415 (2ms)&#xA;&gt; Enter [It] should reach consensus among multiple agents - /Users/seancorkum/projects/devops-mcp/test/e2e/scenarios/multi_agent_test.go:361 @ 07/11/25 10:10:07.415&#xA;[FAILED] Failure recorded during attempt 1:&#xA;Unexpected error:&#xA;    &lt;*fmt.wrapError | 0xc00026c040&gt;: &#xA;    failed to connect: failed to WebSocket dial: expected handshake response status code 101 but got 429&#xA;    {&#xA;        msg: &#34;failed to connect: failed to WebSocket dial: expected handshake response status code 101 but got 429&#34;,&#xA;        err: &lt;*fmt.wrapError | 0xc00026c020&gt;{&#xA;            msg: &#34;failed to WebSocket dial: expected handshake response status code 101 but got 429&#34;,&#xA;            err: &lt;*errors.errorString | 0xc00035e000&gt;{&#xA;                s: &#34;expected handshake response status code 101 but got 429&#34;,&#xA;            },&#xA;        },&#xA;    }&#xA;occurred&#xA;In [It] at: /Users/seancorkum/projects/devops-mcp/test/e2e/scenarios/multi_agent_test.go:387 @ 07/11/25 10:10:07.455&#xA;&lt; Exit [It] should reach consensus among multiple agents - /Users/seancorkum/projects/devops-mcp/test/e2e/scenarios/multi_agent_test.go:361 @ 07/11/25 10:10:07.455 (40ms)&#xA;&gt; Enter [AfterEach] Multi-Agent Collaboration E2E Tests - /Users/seancorkum/projects/devops-mcp/test/e2e/scenarios/multi_agent_test.go:38 @ 07/11/25 10:10:07.456&#xA;&lt; Exit [AfterEach] Multi-Agent Collaboration E2E Tests - /Users/seancorkum/projects/devops-mcp/test/e2e/scenarios/multi_agent_test.go:38 @ 07/11/25 10:10:07.457 (2ms)&#xA;&#xA;Attempt #1 Failed.  Retrying â†º @ 07/11/25 10:10:07.458&#xA;&#xA;&gt; Enter [BeforeEach] Multi-Agent Collaboration E2E Tests - /Users/seancorkum/projects/devops-mcp/test/e2e/scenarios/multi_agent_test.go:28 @ 07/11/25 10:10:07.458&#xA;&lt; Exit [BeforeEach] Multi-Agent Collaboration E2E Tests - /Users/seancorkum/projects/devops-mcp/test/e2e/scenarios/multi_agent_test.go:28 @ 07/11/25 10:10:07.46 (2ms)&#xA;&gt; Enter [It] should reach consensus among multiple agents - /Users/seancorkum/projects/devops-mcp/test/e2e/scenarios/multi_agent_test.go:361 @ 07/11/25 10:10:07.46&#xA;[FAILED] Unexpected error:&#xA;    &lt;*fmt.wrapError | 0xc0006881a0&gt;: &#xA;    failed to connect: failed to WebSocket dial: expected handshake response status code 101 but got 429&#xA;    {&#xA;        msg: &#34;failed to connect: failed to WebSocket dial: expected handshake response status code 101 but got 429&#34;,&#xA;        err: &lt;*fmt.wrapError | 0xc000688180&gt;{&#xA;            msg: &#34;failed to WebSocket dial: expected handshake response status code 101 but got 429&#34;,&#xA;            err: &lt;*errors.errorString | 0xc00035e050&gt;{&#xA;                s: &#34;expected handshake response status code 101 but got 429&#34;,&#xA;            },&#xA;        },&#xA;    }&#xA;occurred&#xA;In [It] at: /Users/seancorkum/projects/devops-mcp/test/e2e/scenarios/multi_agent_test.go:387 @ 07/11/25 10:10:07.5&#xA;&lt; Exit [It] should reach consensus among multiple agents - /Users/seancorkum/projects/devops-mcp/test/e2e/scenarios/multi_agent_test.go:361 @ 07/11/25 10:10:07.5 (40ms)&#xA;&gt; Enter [AfterEach] Multi-Agent Collaboration E2E Tests - /Users/seancorkum/projects/devops-mcp/test/e2e/scenarios/multi_agent_test.go:38 @ 07/11/25 10:10:07.5&#xA;&lt; Exit [AfterEach] Multi-Agent Collaboration E2E Tests - /Users/seancorkum/projects/devops-mcp/test/e2e/scenarios/multi_agent_test.go:38 @ 07/11/25 10:10:07.502 (2ms)&#xA;</system-err>
          </testcase>
          <testcase name="[It] Multi-Tenant E2E Tests Tenant Isolation should enforce tenant isolation for API keys" classname="Multi-Agent Collaboration E2E Test Suite" status="failed" time="0.241883262">
              <failure message="Unexpected error:&#xA;    &lt;*fmt.wrapError | 0xc000298140&gt;: &#xA;    failed to connect: failed to WebSocket dial: expected handshake response status code 101 but got 401&#xA;    {&#xA;        msg: &#34;failed to connect: failed to WebSocket dial: expected handshake response status code 101 but got 401&#34;,&#xA;        err: &lt;*fmt.wrapError | 0xc000298120&gt;{&#xA;            msg: &#34;failed to WebSocket dial: expected handshake response status code 101 but got 401&#34;,&#xA;            err: &lt;*errors.errorString | 0xc000306000&gt;{&#xA;                s: &#34;expected handshake response status code 101 but got 401&#34;,&#xA;            },&#xA;        },&#xA;    }&#xA;occurred" type="failed">[FAILED] Unexpected error:&#xA;    &lt;*fmt.wrapError | 0xc000298140&gt;: &#xA;    failed to connect: failed to WebSocket dial: expected handshake response status code 101 but got 401&#xA;    {&#xA;        msg: &#34;failed to connect: failed to WebSocket dial: expected handshake response status code 101 but got 401&#34;,&#xA;        err: &lt;*fmt.wrapError | 0xc000298120&gt;{&#xA;            msg: &#34;failed to WebSocket dial: expected handshake response status code 101 but got 401&#34;,&#xA;            err: &lt;*errors.errorString | 0xc000306000&gt;{&#xA;                s: &#34;expected handshake response status code 101 but got 401&#34;,&#xA;            },&#xA;        },&#xA;    }&#xA;occurred&#xA;In [It] at: /Users/seancorkum/projects/devops-mcp/test/e2e/scenarios/multi_tenant_test.go:214 @ 07/11/25 10:10:06.668&#xA;&#xA;There were additional failures detected after the initial failure. These are visible in the timeline&#xA;</failure>
              <system-err>&gt; Enter [BeforeEach] Multi-Tenant E2E Tests - /Users/seancorkum/projects/devops-mcp/test/e2e/scenarios/multi_tenant_test.go:30 @ 07/11/25 10:10:06.428&#xA;&lt; Exit [BeforeEach] Multi-Tenant E2E Tests - /Users/seancorkum/projects/devops-mcp/test/e2e/scenarios/multi_tenant_test.go:30 @ 07/11/25 10:10:06.433 (5ms)&#xA;&gt; Enter [It] should enforce tenant isolation for API keys - /Users/seancorkum/projects/devops-mcp/test/e2e/scenarios/multi_tenant_test.go:185 @ 07/11/25 10:10:06.433&#xA;[FAILED] Failure recorded during attempt 1:&#xA;Unexpected error:&#xA;    &lt;*fmt.wrapError | 0xc000298240&gt;: &#xA;    failed to connect: failed to WebSocket dial: expected handshake response status code 101 but got 401&#xA;    {&#xA;        msg: &#34;failed to connect: failed to WebSocket dial: expected handshake response status code 101 but got 401&#34;,&#xA;        err: &lt;*fmt.wrapError | 0xc000298220&gt;{&#xA;            msg: &#34;failed to WebSocket dial: expected handshake response status code 101 but got 401&#34;,&#xA;            err: &lt;*errors.errorString | 0xc000547de0&gt;{&#xA;                s: &#34;expected handshake response status code 101 but got 401&#34;,&#xA;            },&#xA;        },&#xA;    }&#xA;occurred&#xA;In [It] at: /Users/seancorkum/projects/devops-mcp/test/e2e/scenarios/multi_tenant_test.go:214 @ 07/11/25 10:10:06.609&#xA;&lt; Exit [It] should enforce tenant isolation for API keys - /Users/seancorkum/projects/devops-mcp/test/e2e/scenarios/multi_tenant_test.go:185 @ 07/11/25 10:10:06.609 (176ms)&#xA;&gt; Enter [AfterEach] Multi-Tenant E2E Tests - /Users/seancorkum/projects/devops-mcp/test/e2e/scenarios/multi_tenant_test.go:40 @ 07/11/25 10:10:06.609&#xA;&lt; Exit [AfterEach] Multi-Tenant E2E Tests - /Users/seancorkum/projects/devops-mcp/test/e2e/scenarios/multi_tenant_test.go:40 @ 07/11/25 10:10:06.611 (2ms)&#xA;&#xA;Attempt #1 Failed.  Retrying â†º @ 07/11/25 10:10:06.611&#xA;&#xA;&gt; Enter [BeforeEach] Multi-Tenant E2E Tests - /Users/seancorkum/projects/devops-mcp/test/e2e/scenarios/multi_tenant_test.go:30 @ 07/11/25 10:10:06.611&#xA;&lt; Exit [BeforeEach] Multi-Tenant E2E Tests - /Users/seancorkum/projects/devops-mcp/test/e2e/scenarios/multi_tenant_test.go:30 @ 07/11/25 10:10:06.615 (4ms)&#xA;&gt; Enter [It] should enforce tenant isolation for API keys - /Users/seancorkum/projects/devops-mcp/test/e2e/scenarios/multi_tenant_test.go:185 @ 07/11/25 10:10:06.615&#xA;[FAILED] Unexpected error:&#xA;    &lt;*fmt.wrapError | 0xc000298140&gt;: &#xA;    failed to connect: failed to WebSocket dial: expected handshake response status code 101 but got 401&#xA;    {&#xA;        msg: &#34;failed to connect: failed to WebSocket dial: expected handshake response status code 101 but got 401&#34;,&#xA;        err: &lt;*fmt.wrapError | 0xc000298120&gt;{&#xA;            msg: &#34;failed to WebSocket dial: expected handshake response status code 101 but got 401&#34;,&#xA;            err: &lt;*errors.errorString | 0xc000306000&gt;{&#xA;                s: &#34;expected handshake response status code 101 but got 401&#34;,&#xA;            },&#xA;        },&#xA;    }&#xA;occurred&#xA;In [It] at: /Users/seancorkum/projects/devops-mcp/test/e2e/scenarios/multi_tenant_test.go:214 @ 07/11/25 10:10:06.668&#xA;&lt; Exit [It] should enforce tenant isolation for API keys - /Users/seancorkum/projects/devops-mcp/test/e2e/scenarios/multi_tenant_test.go:185 @ 07/11/25 10:10:06.668 (52ms)&#xA;&gt; Enter [AfterEach] Multi-Tenant E2E Tests - /Users/seancorkum/projects/devops-mcp/test/e2e/scenarios/multi_tenant_test.go:40 @ 07/11/25 10:10:06.668&#xA;&lt; Exit [AfterEach] Multi-Tenant E2E Tests - /Users/seancorkum/projects/devops-mcp/test/e2e/scenarios/multi_tenant_test.go:40 @ 07/11/25 10:10:06.67 (2ms)&#xA;</system-err>
          </testcase>
          <testcase name="[It] Performance and Stress E2E Tests Resource Utilization Tests should maintain stable performance under sustained load" classname="Multi-Agent Collaboration E2E Test Suite" status="failed" time="0.12214">
              <failure message="Unexpected error:&#xA;    &lt;*fmt.wrapError | 0xc000299400&gt;: &#xA;    failed to connect: failed to WebSocket dial: expected handshake response status code 101 but got 401&#xA;    {&#xA;        msg: &#34;failed to connect: failed to WebSocket dial: expected handshake response status code 101 but got 401&#34;,&#xA;        err: &lt;*fmt.wrapError | 0xc0002993e0&gt;{&#xA;            msg: &#34;failed to WebSocket dial: expected handshake response status code 101 but got 401&#34;,&#xA;            err: &lt;*errors.errorString | 0xc0002af5e0&gt;{&#xA;                s: &#34;expected handshake response status code 101 but got 401&#34;,&#xA;            },&#xA;        },&#xA;    }&#xA;occurred" type="failed">[FAILED] Unexpected error:&#xA;    &lt;*fmt.wrapError | 0xc000299400&gt;: &#xA;    failed to connect: failed to WebSocket dial: expected handshake response status code 101 but got 401&#xA;    {&#xA;        msg: &#34;failed to connect: failed to WebSocket dial: expected handshake response status code 101 but got 401&#34;,&#xA;        err: &lt;*fmt.wrapError | 0xc0002993e0&gt;{&#xA;            msg: &#34;failed to WebSocket dial: expected handshake response status code 101 but got 401&#34;,&#xA;            err: &lt;*errors.errorString | 0xc0002af5e0&gt;{&#xA;                s: &#34;expected handshake response status code 101 but got 401&#34;,&#xA;            },&#xA;        },&#xA;    }&#xA;occurred&#xA;In [It] at: /Users/seancorkum/projects/devops-mcp/test/e2e/scenarios/performance_test.go:523 @ 07/11/25 10:10:06.79&#xA;&#xA;There were additional failures detected after the initial failure. These are visible in the timeline&#xA;</failure>
              <system-err>&gt; Enter [BeforeEach] Performance and Stress E2E Tests - /Users/seancorkum/projects/devops-mcp/test/e2e/scenarios/performance_test.go:31 @ 07/11/25 10:10:06.67&#xA;&lt; Exit [BeforeEach] Performance and Stress E2E Tests - /Users/seancorkum/projects/devops-mcp/test/e2e/scenarios/performance_test.go:31 @ 07/11/25 10:10:06.67 (0s)&#xA;&gt; Enter [It] should maintain stable performance under sustained load - /Users/seancorkum/projects/devops-mcp/test/e2e/scenarios/performance_test.go:496 @ 07/11/25 10:10:06.671&#xA;[FAILED] Failure recorded during attempt 1:&#xA;Unexpected error:&#xA;    &lt;*fmt.wrapError | 0xc000298900&gt;: &#xA;    failed to connect: failed to WebSocket dial: expected handshake response status code 101 but got 401&#xA;    {&#xA;        msg: &#34;failed to connect: failed to WebSocket dial: expected handshake response status code 101 but got 401&#34;,&#xA;        err: &lt;*fmt.wrapError | 0xc0002988e0&gt;{&#xA;            msg: &#34;failed to WebSocket dial: expected handshake response status code 101 but got 401&#34;,&#xA;            err: &lt;*errors.errorString | 0xc0002aedc0&gt;{&#xA;                s: &#34;expected handshake response status code 101 but got 401&#34;,&#xA;            },&#xA;        },&#xA;    }&#xA;occurred&#xA;In [It] at: /Users/seancorkum/projects/devops-mcp/test/e2e/scenarios/performance_test.go:523 @ 07/11/25 10:10:06.728&#xA;&lt; Exit [It] should maintain stable performance under sustained load - /Users/seancorkum/projects/devops-mcp/test/e2e/scenarios/performance_test.go:496 @ 07/11/25 10:10:06.728 (57ms)&#xA;&gt; Enter [AfterEach] Performance and Stress E2E Tests - /Users/seancorkum/projects/devops-mcp/test/e2e/scenarios/performance_test.go:41 @ 07/11/25 10:10:06.728&#xA;&lt; Exit [AfterEach] Performance and Stress E2E Tests - /Users/seancorkum/projects/devops-mcp/test/e2e/scenarios/performance_test.go:41 @ 07/11/25 10:10:06.73 (2ms)&#xA;&#xA;Attempt #1 Failed.  Retrying â†º @ 07/11/25 10:10:06.73&#xA;&#xA;&gt; Enter [BeforeEach] Performance and Stress E2E Tests - /Users/seancorkum/projects/devops-mcp/test/e2e/scenarios/performance_test.go:31 @ 07/11/25 10:10:06.73&#xA;&lt; Exit [BeforeEach] Performance and Stress E2E Tests - /Users/seancorkum/projects/devops-mcp/test/e2e/scenarios/performance_test.go:31 @ 07/11/25 10:10:06.73 (0s)&#xA;&gt; Enter [It] should maintain stable performance under sustained load - /Users/seancorkum/projects/devops-mcp/test/e2e/scenarios/performance_test.go:496 @ 07/11/25 10:10:06.73&#xA;[FAILED] Unexpected error:&#xA;    &lt;*fmt.wrapError | 0xc000299400&gt;: &#xA;    failed to connect: failed to WebSocket dial: expected handshake response status code 101 but got 401&#xA;    {&#xA;        msg: &#34;failed to connect: failed to WebSocket dial: expected handshake response status code 101 but got 401&#34;,&#xA;        err: &lt;*fmt.wrapError | 0xc0002993e0&gt;{&#xA;            msg: &#34;failed to WebSocket dial: expected handshake response status code 101 but got 401&#34;,&#xA;            err: &lt;*errors.errorString | 0xc0002af5e0&gt;{&#xA;                s: &#34;expected handshake response status code 101 but got 401&#34;,&#xA;            },&#xA;        },&#xA;    }&#xA;occurred&#xA;In [It] at: /Users/seancorkum/projects/devops-mcp/test/e2e/scenarios/performance_test.go:523 @ 07/11/25 10:10:06.79&#xA;&lt; Exit [It] should maintain stable performance under sustained load - /Users/seancorkum/projects/devops-mcp/test/e2e/scenarios/performance_test.go:496 @ 07/11/25 10:10:06.79 (60ms)&#xA;&gt; Enter [AfterEach] Performance and Stress E2E Tests - /Users/seancorkum/projects/devops-mcp/test/e2e/scenarios/performance_test.go:41 @ 07/11/25 10:10:06.79&#xA;&lt; Exit [AfterEach] Performance and Stress E2E Tests - /Users/seancorkum/projects/devops-mcp/test/e2e/scenarios/performance_test.go:41 @ 07/11/25 10:10:06.792 (2ms)&#xA;</system-err>
          </testcase>
          <testcase name="[It] Single Agent E2E Tests Basic Agent Lifecycle should handle reconnection" classname="Multi-Agent Collaboration E2E Test Suite" status="failed" time="0.241174853">
              <failure message="Unexpected error:&#xA;    &lt;*fmt.wrapError | 0xc000298120&gt;: &#xA;    failed to connect: failed to WebSocket dial: expected handshake response status code 101 but got 401&#xA;    {&#xA;        msg: &#34;failed to connect: failed to WebSocket dial: expected handshake response status code 101 but got 401&#34;,&#xA;        err: &lt;*fmt.wrapError | 0xc0002980c0&gt;{&#xA;            msg: &#34;failed to WebSocket dial: expected handshake response status code 101 but got 401&#34;,&#xA;            err: &lt;*errors.errorString | 0xc000306000&gt;{&#xA;                s: &#34;expected handshake response status code 101 but got 401&#34;,&#xA;            },&#xA;        },&#xA;    }&#xA;occurred" type="failed">[FAILED] Unexpected error:&#xA;    &lt;*fmt.wrapError | 0xc000298120&gt;: &#xA;    failed to connect: failed to WebSocket dial: expected handshake response status code 101 but got 401&#xA;    {&#xA;        msg: &#34;failed to connect: failed to WebSocket dial: expected handshake response status code 101 but got 401&#34;,&#xA;        err: &lt;*fmt.wrapError | 0xc0002980c0&gt;{&#xA;            msg: &#34;failed to WebSocket dial: expected handshake response status code 101 but got 401&#34;,&#xA;            err: &lt;*errors.errorString | 0xc000306000&gt;{&#xA;                s: &#34;expected handshake response status code 101 but got 401&#34;,&#xA;            },&#xA;        },&#xA;    }&#xA;occurred&#xA;In [It] at: /Users/seancorkum/projects/devops-mcp/test/e2e/scenarios/single_agent_test.go:129 @ 07/11/25 10:10:07.032&#xA;&#xA;There were additional failures detected after the initial failure. These are visible in the timeline&#xA;</failure>
              <system-err>&gt; Enter [BeforeEach] Single Agent E2E Tests - /Users/seancorkum/projects/devops-mcp/test/e2e/scenarios/single_agent_test.go:30 @ 07/11/25 10:10:06.794&#xA;&lt; Exit [BeforeEach] Single Agent E2E Tests - /Users/seancorkum/projects/devops-mcp/test/e2e/scenarios/single_agent_test.go:30 @ 07/11/25 10:10:06.797 (3ms)&#xA;&gt; Enter [It] should handle reconnection - /Users/seancorkum/projects/devops-mcp/test/e2e/scenarios/single_agent_test.go:107 @ 07/11/25 10:10:06.797&#xA;[FAILED] Failure recorded during attempt 1:&#xA;Unexpected error:&#xA;    &lt;*fmt.wrapError | 0xc000298120&gt;: &#xA;    failed to connect: failed to WebSocket dial: expected handshake response status code 101 but got 401&#xA;    {&#xA;        msg: &#34;failed to connect: failed to WebSocket dial: expected handshake response status code 101 but got 401&#34;,&#xA;        err: &lt;*fmt.wrapError | 0xc0002980c0&gt;{&#xA;            msg: &#34;failed to WebSocket dial: expected handshake response status code 101 but got 401&#34;,&#xA;            err: &lt;*errors.errorString | 0xc000306000&gt;{&#xA;                s: &#34;expected handshake response status code 101 but got 401&#34;,&#xA;            },&#xA;        },&#xA;    }&#xA;occurred&#xA;In [It] at: /Users/seancorkum/projects/devops-mcp/test/e2e/scenarios/single_agent_test.go:129 @ 07/11/25 10:10:06.969&#xA;&lt; Exit [It] should handle reconnection - /Users/seancorkum/projects/devops-mcp/test/e2e/scenarios/single_agent_test.go:107 @ 07/11/25 10:10:06.969 (172ms)&#xA;&gt; Enter [AfterEach] Single Agent E2E Tests - /Users/seancorkum/projects/devops-mcp/test/e2e/scenarios/single_agent_test.go:40 @ 07/11/25 10:10:06.97&#xA;&lt; Exit [AfterEach] Single Agent E2E Tests - /Users/seancorkum/projects/devops-mcp/test/e2e/scenarios/single_agent_test.go:40 @ 07/11/25 10:10:06.972 (2ms)&#xA;&#xA;Attempt #1 Failed.  Retrying â†º @ 07/11/25 10:10:06.972&#xA;&#xA;&gt; Enter [BeforeEach] Single Agent E2E Tests - /Users/seancorkum/projects/devops-mcp/test/e2e/scenarios/single_agent_test.go:30 @ 07/11/25 10:10:06.972&#xA;&lt; Exit [BeforeEach] Single Agent E2E Tests - /Users/seancorkum/projects/devops-mcp/test/e2e/scenarios/single_agent_test.go:30 @ 07/11/25 10:10:06.975 (3ms)&#xA;&gt; Enter [It] should handle reconnection - /Users/seancorkum/projects/devops-mcp/test/e2e/scenarios/single_agent_test.go:107 @ 07/11/25 10:10:06.976&#xA;[FAILED] Unexpected error:&#xA;    &lt;*fmt.wrapError | 0xc000298120&gt;: &#xA;    failed to connect: failed to WebSocket dial: expected handshake response status code 101 but got 401&#xA;    {&#xA;        msg: &#34;failed to connect: failed to WebSocket dial: expected handshake response status code 101 but got 401&#34;,&#xA;        err: &lt;*fmt.wrapError | 0xc0002980c0&gt;{&#xA;            msg: &#34;failed to WebSocket dial: expected handshake response status code 101 but got 401&#34;,&#xA;            err: &lt;*errors.errorString | 0xc000306000&gt;{&#xA;                s: &#34;expected handshake response status code 101 but got 401&#34;,&#xA;            },&#xA;        },&#xA;    }&#xA;occurred&#xA;In [It] at: /Users/seancorkum/projects/devops-mcp/test/e2e/scenarios/single_agent_test.go:129 @ 07/11/25 10:10:07.032&#xA;&lt; Exit [It] should handle reconnection - /Users/seancorkum/projects/devops-mcp/test/e2e/scenarios/single_agent_test.go:107 @ 07/11/25 10:10:07.032 (56ms)&#xA;&gt; Enter [AfterEach] Single Agent E2E Tests - /Users/seancorkum/projects/devops-mcp/test/e2e/scenarios/single_agent_test.go:40 @ 07/11/25 10:10:07.032&#xA;&lt; Exit [AfterEach] Single Agent E2E Tests - /Users/seancorkum/projects/devops-mcp/test/e2e/scenarios/single_agent_test.go:40 @ 07/11/25 10:10:07.035 (3ms)&#xA;</system-err>
          </testcase>
          <testcase name="[It] Single Agent E2E Tests Context Management should create and retrieve context" classname="Multi-Agent Collaboration E2E Test Suite" status="failed" time="0.121195374">
              <failure message="Unexpected error:&#xA;    &lt;*fmt.wrapError | 0xc0002980a0&gt;: &#xA;    failed to connect: failed to WebSocket dial: expected handshake response status code 101 but got 401&#xA;    {&#xA;        msg: &#34;failed to connect: failed to WebSocket dial: expected handshake response status code 101 but got 401&#34;,&#xA;        err: &lt;*fmt.wrapError | 0xc000298060&gt;{&#xA;            msg: &#34;failed to WebSocket dial: expected handshake response status code 101 but got 401&#34;,&#xA;            err: &lt;*errors.errorString | 0xc00066e000&gt;{&#xA;                s: &#34;expected handshake response status code 101 but got 401&#34;,&#xA;            },&#xA;        },&#xA;    }&#xA;occurred" type="failed">[FAILED] Unexpected error:&#xA;    &lt;*fmt.wrapError | 0xc0002980a0&gt;: &#xA;    failed to connect: failed to WebSocket dial: expected handshake response status code 101 but got 401&#xA;    {&#xA;        msg: &#34;failed to connect: failed to WebSocket dial: expected handshake response status code 101 but got 401&#34;,&#xA;        err: &lt;*fmt.wrapError | 0xc000298060&gt;{&#xA;            msg: &#34;failed to WebSocket dial: expected handshake response status code 101 but got 401&#34;,&#xA;            err: &lt;*errors.errorString | 0xc00066e000&gt;{&#xA;                s: &#34;expected handshake response status code 101 but got 401&#34;,&#xA;            },&#xA;        },&#xA;    }&#xA;occurred&#xA;In [It] at: /Users/seancorkum/projects/devops-mcp/test/e2e/scenarios/single_agent_test.go:285 @ 07/11/25 10:10:07.154&#xA;&#xA;There were additional failures detected after the initial failure. These are visible in the timeline&#xA;</failure>
              <system-err>&gt; Enter [BeforeEach] Single Agent E2E Tests - /Users/seancorkum/projects/devops-mcp/test/e2e/scenarios/single_agent_test.go:30 @ 07/11/25 10:10:07.035&#xA;&lt; Exit [BeforeEach] Single Agent E2E Tests - /Users/seancorkum/projects/devops-mcp/test/e2e/scenarios/single_agent_test.go:30 @ 07/11/25 10:10:07.038 (2ms)&#xA;&gt; Enter [It] should create and retrieve context - /Users/seancorkum/projects/devops-mcp/test/e2e/scenarios/single_agent_test.go:265 @ 07/11/25 10:10:07.038&#xA;[FAILED] Failure recorded during attempt 1:&#xA;Unexpected error:&#xA;    &lt;*fmt.wrapError | 0xc0002988e0&gt;: &#xA;    failed to connect: failed to WebSocket dial: expected handshake response status code 101 but got 401&#xA;    {&#xA;        msg: &#34;failed to connect: failed to WebSocket dial: expected handshake response status code 101 but got 401&#34;,&#xA;        err: &lt;*fmt.wrapError | 0xc0002988c0&gt;{&#xA;            msg: &#34;failed to WebSocket dial: expected handshake response status code 101 but got 401&#34;,&#xA;            err: &lt;*errors.errorString | 0xc000306810&gt;{&#xA;                s: &#34;expected handshake response status code 101 but got 401&#34;,&#xA;            },&#xA;        },&#xA;    }&#xA;occurred&#xA;In [It] at: /Users/seancorkum/projects/devops-mcp/test/e2e/scenarios/single_agent_test.go:285 @ 07/11/25 10:10:07.091&#xA;&lt; Exit [It] should create and retrieve context - /Users/seancorkum/projects/devops-mcp/test/e2e/scenarios/single_agent_test.go:265 @ 07/11/25 10:10:07.091 (53ms)&#xA;&gt; Enter [AfterEach] Single Agent E2E Tests - /Users/seancorkum/projects/devops-mcp/test/e2e/scenarios/single_agent_test.go:40 @ 07/11/25 10:10:07.091&#xA;&lt; Exit [AfterEach] Single Agent E2E Tests - /Users/seancorkum/projects/devops-mcp/test/e2e/scenarios/single_agent_test.go:40 @ 07/11/25 10:10:07.094 (3ms)&#xA;&#xA;Attempt #1 Failed.  Retrying â†º @ 07/11/25 10:10:07.094&#xA;&#xA;&gt; Enter [BeforeEach] Single Agent E2E Tests - /Users/seancorkum/projects/devops-mcp/test/e2e/scenarios/single_agent_test.go:30 @ 07/11/25 10:10:07.094&#xA;&lt; Exit [BeforeEach] Single Agent E2E Tests - /Users/seancorkum/projects/devops-mcp/test/e2e/scenarios/single_agent_test.go:30 @ 07/11/25 10:10:07.097 (3ms)&#xA;&gt; Enter [It] should create and retrieve context - /Users/seancorkum/projects/devops-mcp/test/e2e/scenarios/single_agent_test.go:265 @ 07/11/25 10:10:07.097&#xA;[FAILED] Unexpected error:&#xA;    &lt;*fmt.wrapError | 0xc0002980a0&gt;: &#xA;    failed to connect: failed to WebSocket dial: expected handshake response status code 101 but got 401&#xA;    {&#xA;        msg: &#34;failed to connect: failed to WebSocket dial: expected handshake response status code 101 but got 401&#34;,&#xA;        err: &lt;*fmt.wrapError | 0xc000298060&gt;{&#xA;            msg: &#34;failed to WebSocket dial: expected handshake response status code 101 but got 401&#34;,&#xA;            err: &lt;*errors.errorString | 0xc00066e000&gt;{&#xA;                s: &#34;expected handshake response status code 101 but got 401&#34;,&#xA;            },&#xA;        },&#xA;    }&#xA;occurred&#xA;In [It] at: /Users/seancorkum/projects/devops-mcp/test/e2e/scenarios/single_agent_test.go:285 @ 07/11/25 10:10:07.154&#xA;&lt; Exit [It] should create and retrieve context - /Users/seancorkum/projects/devops-mcp/test/e2e/scenarios/single_agent_test.go:265 @ 07/11/25 10:10:07.154 (57ms)&#xA;&gt; Enter [AfterEach] Single Agent E2E Tests - /Users/seancorkum/projects/devops-mcp/test/e2e/scenarios/single_agent_test.go:40 @ 07/11/25 10:10:07.154&#xA;&lt; Exit [AfterEach] Single Agent E2E Tests - /Users/seancorkum/projects/devops-mcp/test/e2e/scenarios/single_agent_test.go:40 @ 07/11/25 10:10:07.156 (2ms)&#xA;</system-err>
          </testcase>
          <testcase name="[It] Single Agent E2E Tests Error Handling should handle invalid method calls" classname="Multi-Agent Collaboration E2E Test Suite" status="failed" time="0.139826793">
              <failure message="Unexpected error:&#xA;    &lt;*fmt.wrapError | 0xc000298160&gt;: &#xA;    failed to connect: failed to WebSocket dial: expected handshake response status code 101 but got 401&#xA;    {&#xA;        msg: &#34;failed to connect: failed to WebSocket dial: expected handshake response status code 101 but got 401&#34;,&#xA;        err: &lt;*fmt.wrapError | 0xc000298140&gt;{&#xA;            msg: &#34;failed to WebSocket dial: expected handshake response status code 101 but got 401&#34;,&#xA;            err: &lt;*errors.errorString | 0xc0006d6000&gt;{&#xA;                s: &#34;expected handshake response status code 101 but got 401&#34;,&#xA;            },&#xA;        },&#xA;    }&#xA;occurred" type="failed">[FAILED] Unexpected error:&#xA;    &lt;*fmt.wrapError | 0xc000298160&gt;: &#xA;    failed to connect: failed to WebSocket dial: expected handshake response status code 101 but got 401&#xA;    {&#xA;        msg: &#34;failed to connect: failed to WebSocket dial: expected handshake response status code 101 but got 401&#34;,&#xA;        err: &lt;*fmt.wrapError | 0xc000298140&gt;{&#xA;            msg: &#34;failed to WebSocket dial: expected handshake response status code 101 but got 401&#34;,&#xA;            err: &lt;*errors.errorString | 0xc0006d6000&gt;{&#xA;                s: &#34;expected handshake response status code 101 but got 401&#34;,&#xA;            },&#xA;        },&#xA;    }&#xA;occurred&#xA;In [It] at: /Users/seancorkum/projects/devops-mcp/test/e2e/scenarios/single_agent_test.go:448 @ 07/11/25 10:10:07.295&#xA;&#xA;There were additional failures detected after the initial failure. These are visible in the timeline&#xA;</failure>
              <system-err>&gt; Enter [BeforeEach] Single Agent E2E Tests - /Users/seancorkum/projects/devops-mcp/test/e2e/scenarios/single_agent_test.go:30 @ 07/11/25 10:10:07.157&#xA;&lt; Exit [BeforeEach] Single Agent E2E Tests - /Users/seancorkum/projects/devops-mcp/test/e2e/scenarios/single_agent_test.go:30 @ 07/11/25 10:10:07.16 (2ms)&#xA;&gt; Enter [It] should handle invalid method calls - /Users/seancorkum/projects/devops-mcp/test/e2e/scenarios/single_agent_test.go:428 @ 07/11/25 10:10:07.16&#xA;[FAILED] Failure recorded during attempt 1:&#xA;Unexpected error:&#xA;    &lt;*fmt.wrapError | 0xc000590220&gt;: &#xA;    failed to connect: failed to WebSocket dial: expected handshake response status code 101 but got 401&#xA;    {&#xA;        msg: &#34;failed to connect: failed to WebSocket dial: expected handshake response status code 101 but got 401&#34;,&#xA;        err: &lt;*fmt.wrapError | 0xc000590160&gt;{&#xA;            msg: &#34;failed to WebSocket dial: expected handshake response status code 101 but got 401&#34;,&#xA;            err: &lt;*errors.errorString | 0xc0003f69d0&gt;{&#xA;                s: &#34;expected handshake response status code 101 but got 401&#34;,&#xA;            },&#xA;        },&#xA;    }&#xA;occurred&#xA;In [It] at: /Users/seancorkum/projects/devops-mcp/test/e2e/scenarios/single_agent_test.go:448 @ 07/11/25 10:10:07.226&#xA;&lt; Exit [It] should handle invalid method calls - /Users/seancorkum/projects/devops-mcp/test/e2e/scenarios/single_agent_test.go:428 @ 07/11/25 10:10:07.226 (67ms)&#xA;&gt; Enter [AfterEach] Single Agent E2E Tests - /Users/seancorkum/projects/devops-mcp/test/e2e/scenarios/single_agent_test.go:40 @ 07/11/25 10:10:07.227&#xA;&lt; Exit [AfterEach] Single Agent E2E Tests - /Users/seancorkum/projects/devops-mcp/test/e2e/scenarios/single_agent_test.go:40 @ 07/11/25 10:10:07.228 (2ms)&#xA;&#xA;Attempt #1 Failed.  Retrying â†º @ 07/11/25 10:10:07.228&#xA;&#xA;&gt; Enter [BeforeEach] Single Agent E2E Tests - /Users/seancorkum/projects/devops-mcp/test/e2e/scenarios/single_agent_test.go:30 @ 07/11/25 10:10:07.229&#xA;&lt; Exit [BeforeEach] Single Agent E2E Tests - /Users/seancorkum/projects/devops-mcp/test/e2e/scenarios/single_agent_test.go:30 @ 07/11/25 10:10:07.232 (3ms)&#xA;&gt; Enter [It] should handle invalid method calls - /Users/seancorkum/projects/devops-mcp/test/e2e/scenarios/single_agent_test.go:428 @ 07/11/25 10:10:07.232&#xA;[FAILED] Unexpected error:&#xA;    &lt;*fmt.wrapError | 0xc000298160&gt;: &#xA;    failed to connect: failed to WebSocket dial: expected handshake response status code 101 but got 401&#xA;    {&#xA;        msg: &#34;failed to connect: failed to WebSocket dial: expected handshake response status code 101 but got 401&#34;,&#xA;        err: &lt;*fmt.wrapError | 0xc000298140&gt;{&#xA;            msg: &#34;failed to WebSocket dial: expected handshake response status code 101 but got 401&#34;,&#xA;            err: &lt;*errors.errorString | 0xc0006d6000&gt;{&#xA;                s: &#34;expected handshake response status code 101 but got 401&#34;,&#xA;            },&#xA;        },&#xA;    }&#xA;occurred&#xA;In [It] at: /Users/seancorkum/projects/devops-mcp/test/e2e/scenarios/single_agent_test.go:448 @ 07/11/25 10:10:07.295&#xA;&lt; Exit [It] should handle invalid method calls - /Users/seancorkum/projects/devops-mcp/test/e2e/scenarios/single_agent_test.go:428 @ 07/11/25 10:10:07.295 (62ms)&#xA;&gt; Enter [AfterEach] Single Agent E2E Tests - /Users/seancorkum/projects/devops-mcp/test/e2e/scenarios/single_agent_test.go:40 @ 07/11/25 10:10:07.295&#xA;&lt; Exit [AfterEach] Single Agent E2E Tests - /Users/seancorkum/projects/devops-mcp/test/e2e/scenarios/single_agent_test.go:40 @ 07/11/25 10:10:07.297 (2ms)&#xA;</system-err>
          </testcase>
          <testcase name="[It] Multi-Agent Collaboration E2E Tests Parallel Task Execution should execute tasks in parallel across multiple agents" classname="Multi-Agent Collaboration E2E Test Suite" status="failed" time="0.142771936">
              <failure message="Unexpected error:&#xA;    &lt;*fmt.wrapError | 0xc000298160&gt;: &#xA;    failed to connect: failed to WebSocket dial: expected handshake response status code 101 but got 429&#xA;    {&#xA;        msg: &#34;failed to connect: failed to WebSocket dial: expected handshake response status code 101 but got 429&#34;,&#xA;        err: &lt;*fmt.wrapError | 0xc000298140&gt;{&#xA;            msg: &#34;failed to WebSocket dial: expected handshake response status code 101 but got 429&#34;,&#xA;            err: &lt;*errors.errorString | 0xc0005fa000&gt;{&#xA;                s: &#34;expected handshake response status code 101 but got 429&#34;,&#xA;            },&#xA;        },&#xA;    }&#xA;occurred" type="failed">[FAILED] Unexpected error:&#xA;    &lt;*fmt.wrapError | 0xc000298160&gt;: &#xA;    failed to connect: failed to WebSocket dial: expected handshake response status code 101 but got 429&#xA;    {&#xA;        msg: &#34;failed to connect: failed to WebSocket dial: expected handshake response status code 101 but got 429&#34;,&#xA;        err: &lt;*fmt.wrapError | 0xc000298140&gt;{&#xA;            msg: &#34;failed to WebSocket dial: expected handshake response status code 101 but got 429&#34;,&#xA;            err: &lt;*errors.errorString | 0xc0005fa000&gt;{&#xA;                s: &#34;expected handshake response status code 101 but got 429&#34;,&#xA;            },&#xA;        },&#xA;    }&#xA;occurred&#xA;In [It] at: /Users/seancorkum/projects/devops-mcp/test/e2e/scenarios/multi_agent_test.go:284 @ 07/11/25 10:10:07.438&#xA;&#xA;There were additional failures detected after the initial failure. These are visible in the timeline&#xA;</failure>
              <system-err>&gt; Enter [BeforeEach] Multi-Agent Collaboration E2E Tests - /Users/seancorkum/projects/devops-mcp/test/e2e/scenarios/multi_agent_test.go:28 @ 07/11/25 10:10:07.298&#xA;&lt; Exit [BeforeEach] Multi-Agent Collaboration E2E Tests - /Users/seancorkum/projects/devops-mcp/test/e2e/scenarios/multi_agent_test.go:28 @ 07/11/25 10:10:07.3 (2ms)&#xA;&gt; Enter [It] should execute tasks in parallel across multiple agents - /Users/seancorkum/projects/devops-mcp/test/e2e/scenarios/multi_agent_test.go:258 @ 07/11/25 10:10:07.3&#xA;[FAILED] Failure recorded during attempt 1:&#xA;Unexpected error:&#xA;    &lt;*fmt.wrapError | 0xc0005903a0&gt;: &#xA;    failed to connect: failed to WebSocket dial: expected handshake response status code 101 but got 429&#xA;    {&#xA;        msg: &#34;failed to connect: failed to WebSocket dial: expected handshake response status code 101 but got 429&#34;,&#xA;        err: &lt;*fmt.wrapError | 0xc000590220&gt;{&#xA;            msg: &#34;failed to WebSocket dial: expected handshake response status code 101 but got 429&#34;,&#xA;            err: &lt;*errors.errorString | 0xc00071b8a0&gt;{&#xA;                s: &#34;expected handshake response status code 101 but got 429&#34;,&#xA;            },&#xA;        },&#xA;    }&#xA;occurred&#xA;In [It] at: /Users/seancorkum/projects/devops-mcp/test/e2e/scenarios/multi_agent_test.go:284 @ 07/11/25 10:10:07.375&#xA;&lt; Exit [It] should execute tasks in parallel across multiple agents - /Users/seancorkum/projects/devops-mcp/test/e2e/scenarios/multi_agent_test.go:258 @ 07/11/25 10:10:07.375 (75ms)&#xA;&gt; Enter [AfterEach] Multi-Agent Collaboration E2E Tests - /Users/seancorkum/projects/devops-mcp/test/e2e/scenarios/multi_agent_test.go:38 @ 07/11/25 10:10:07.375&#xA;&lt; Exit [AfterEach] Multi-Agent Collaboration E2E Tests - /Users/seancorkum/projects/devops-mcp/test/e2e/scenarios/multi_agent_test.go:38 @ 07/11/25 10:10:07.377 (2ms)&#xA;&#xA;Attempt #1 Failed.  Retrying â†º @ 07/11/25 10:10:07.377&#xA;&#xA;&gt; Enter [BeforeEach] Multi-Agent Collaboration E2E Tests - /Users/seancorkum/projects/devops-mcp/test/e2e/scenarios/multi_agent_test.go:28 @ 07/11/25 10:10:07.377&#xA;&lt; Exit [BeforeEach] Multi-Agent Collaboration E2E Tests - /Users/seancorkum/projects/devops-mcp/test/e2e/scenarios/multi_agent_test.go:28 @ 07/11/25 10:10:07.38 (2ms)&#xA;&gt; Enter [It] should execute tasks in parallel across multiple agents - /Users/seancorkum/projects/devops-mcp/test/e2e/scenarios/multi_agent_test.go:258 @ 07/11/25 10:10:07.38&#xA;[FAILED] Unexpected error:&#xA;    &lt;*fmt.wrapError | 0xc000298160&gt;: &#xA;    failed to connect: failed to WebSocket dial: expected handshake response status code 101 but got 429&#xA;    {&#xA;        msg: &#34;failed to connect: failed to WebSocket dial: expected handshake response status code 101 but got 429&#34;,&#xA;        err: &lt;*fmt.wrapError | 0xc000298140&gt;{&#xA;            msg: &#34;failed to WebSocket dial: expected handshake response status code 101 but got 429&#34;,&#xA;            err: &lt;*errors.errorString | 0xc0005fa000&gt;{&#xA;                s: &#34;expected handshake response status code 101 but got 429&#34;,&#xA;            },&#xA;        },&#xA;    }&#xA;occurred&#xA;In [It] at: /Users/seancorkum/projects/devops-mcp/test/e2e/scenarios/multi_agent_test.go:284 @ 07/11/25 10:10:07.438&#xA;&lt; Exit [It] should execute tasks in parallel across multiple agents - /Users/seancorkum/projects/devops-mcp/test/e2e/scenarios/multi_agent_test.go:258 @ 07/11/25 10:10:07.438 (58ms)&#xA;&gt; Enter [AfterEach] Multi-Agent Collaboration E2E Tests - /Users/seancorkum/projects/devops-mcp/test/e2e/scenarios/multi_agent_test.go:38 @ 07/11/25 10:10:07.438&#xA;&lt; Exit [AfterEach] Multi-Agent Collaboration E2E Tests - /Users/seancorkum/projects/devops-mcp/test/e2e/scenarios/multi_agent_test.go:38 @ 07/11/25 10:10:07.44 (2ms)&#xA;</system-err>
          </testcase>
          <testcase name="[It] Multi-Agent Collaboration E2E Tests MapReduce Pattern should execute MapReduce workflow across agents" classname="Multi-Agent Collaboration E2E Test Suite" status="failed" time="0.101760552">
              <failure message="Unexpected error:&#xA;    &lt;*fmt.wrapError | 0xc00051cb20&gt;: &#xA;    failed to connect: failed to WebSocket dial: expected handshake response status code 101 but got 429&#xA;    {&#xA;        msg: &#34;failed to connect: failed to WebSocket dial: expected handshake response status code 101 but got 429&#34;,&#xA;        err: &lt;*fmt.wrapError | 0xc00051cae0&gt;{&#xA;            msg: &#34;failed to WebSocket dial: expected handshake response status code 101 but got 429&#34;,&#xA;            err: &lt;*errors.errorString | 0xc0006a0000&gt;{&#xA;                s: &#34;expected handshake response status code 101 but got 429&#34;,&#xA;            },&#xA;        },&#xA;    }&#xA;occurred" type="failed">[FAILED] Unexpected error:&#xA;    &lt;*fmt.wrapError | 0xc00051cb20&gt;: &#xA;    failed to connect: failed to WebSocket dial: expected handshake response status code 101 but got 429&#xA;    {&#xA;        msg: &#34;failed to connect: failed to WebSocket dial: expected handshake response status code 101 but got 429&#34;,&#xA;        err: &lt;*fmt.wrapError | 0xc00051cae0&gt;{&#xA;            msg: &#34;failed to WebSocket dial: expected handshake response status code 101 but got 429&#34;,&#xA;            err: &lt;*errors.errorString | 0xc0006a0000&gt;{&#xA;                s: &#34;expected handshake response status code 101 but got 429&#34;,&#xA;            },&#xA;        },&#xA;    }&#xA;occurred&#xA;In [It] at: /Users/seancorkum/projects/devops-mcp/test/e2e/scenarios/multi_agent_test.go:482 @ 07/11/25 10:10:07.54&#xA;&#xA;There were additional failures detected after the initial failure. These are visible in the timeline&#xA;</failure>
              <system-err>&gt; Enter [BeforeEach] Multi-Agent Collaboration E2E Tests - /Users/seancorkum/projects/devops-mcp/test/e2e/scenarios/multi_agent_test.go:28 @ 07/11/25 10:10:07.441&#xA;&lt; Exit [BeforeEach] Multi-Agent Collaboration E2E Tests - /Users/seancorkum/projects/devops-mcp/test/e2e/scenarios/multi_agent_test.go:28 @ 07/11/25 10:10:07.443 (2ms)&#xA;&gt; Enter [It] should execute MapReduce workflow across agents - /Users/seancorkum/projects/devops-mcp/test/e2e/scenarios/multi_agent_test.go:456 @ 07/11/25 10:10:07.443&#xA;[FAILED] Failure recorded during attempt 1:&#xA;Unexpected error:&#xA;    &lt;*fmt.wrapError | 0xc000298940&gt;: &#xA;    failed to connect: failed to WebSocket dial: expected handshake response status code 101 but got 401&#xA;    {&#xA;        msg: &#34;failed to connect: failed to WebSocket dial: expected handshake response status code 101 but got 401&#34;,&#xA;        err: &lt;*fmt.wrapError | 0xc000298900&gt;{&#xA;            msg: &#34;failed to WebSocket dial: expected handshake response status code 101 but got 401&#34;,&#xA;            err: &lt;*errors.errorString | 0xc0005fa880&gt;{&#xA;                s: &#34;expected handshake response status code 101 but got 401&#34;,&#xA;            },&#xA;        },&#xA;    }&#xA;occurred&#xA;In [It] at: /Users/seancorkum/projects/devops-mcp/test/e2e/scenarios/multi_agent_test.go:482 @ 07/11/25 10:10:07.495&#xA;&lt; Exit [It] should execute MapReduce workflow across agents - /Users/seancorkum/projects/devops-mcp/test/e2e/scenarios/multi_agent_test.go:456 @ 07/11/25 10:10:07.495 (51ms)&#xA;&gt; Enter [AfterEach] Multi-Agent Collaboration E2E Tests - /Users/seancorkum/projects/devops-mcp/test/e2e/scenarios/multi_agent_test.go:38 @ 07/11/25 10:10:07.495&#xA;&lt; Exit [AfterEach] Multi-Agent Collaboration E2E Tests - /Users/seancorkum/projects/devops-mcp/test/e2e/scenarios/multi_agent_test.go:38 @ 07/11/25 10:10:07.497 (2ms)&#xA;&#xA;Attempt #1 Failed.  Retrying â†º @ 07/11/25 10:10:07.497&#xA;&#xA;&gt; Enter [BeforeEach] Multi-Agent Collaboration E2E Tests - /Users/seancorkum/projects/devops-mcp/test/e2e/scenarios/multi_agent_test.go:28 @ 07/11/25 10:10:07.497&#xA;&lt; Exit [BeforeEach] Multi-Agent Collaboration E2E Tests - /Users/seancorkum/projects/devops-mcp/test/e2e/scenarios/multi_agent_test.go:28 @ 07/11/25 10:10:07.499 (2ms)&#xA;&gt; Enter [It] should execute MapReduce workflow across agents - /Users/seancorkum/projects/devops-mcp/test/e2e/scenarios/multi_agent_test.go:456 @ 07/11/25 10:10:07.499&#xA;[FAILED] Unexpected error:&#xA;    &lt;*fmt.wrapError | 0xc00051cb20&gt;: &#xA;    failed to connect: failed to WebSocket dial: expected handshake response status code 101 but got 429&#xA;    {&#xA;        msg: &#34;failed to connect: failed to WebSocket dial: expected handshake response status code 101 but got 429&#34;,&#xA;        err: &lt;*fmt.wrapError | 0xc00051cae0&gt;{&#xA;            msg: &#34;failed to WebSocket dial: expected handshake response status code 101 but got 429&#34;,&#xA;            err: &lt;*errors.errorString | 0xc0006a0000&gt;{&#xA;                s: &#34;expected handshake response status code 101 but got 429&#34;,&#xA;            },&#xA;        },&#xA;    }&#xA;occurred&#xA;In [It] at: /Users/seancorkum/projects/devops-mcp/test/e2e/scenarios/multi_agent_test.go:482 @ 07/11/25 10:10:07.54&#xA;&lt; Exit [It] should execute MapReduce workflow across agents - /Users/seancorkum/projects/devops-mcp/test/e2e/scenarios/multi_agent_test.go:456 @ 07/11/25 10:10:07.54 (41ms)&#xA;&gt; Enter [AfterEach] Multi-Agent Collaboration E2E Tests - /Users/seancorkum/projects/devops-mcp/test/e2e/scenarios/multi_agent_test.go:38 @ 07/11/25 10:10:07.541&#xA;&lt; Exit [AfterEach] Multi-Agent Collaboration E2E Tests - /Users/seancorkum/projects/devops-mcp/test/e2e/scenarios/multi_agent_test.go:38 @ 07/11/25 10:10:07.543 (2ms)&#xA;</system-err>
          </testcase>
          <testcase name="[It] Multi-Tenant E2E Tests Rate Limiting should apply different rate limits for different key types" classname="Multi-Agent Collaboration E2E Test Suite" status="passed" time="0.007864501">
              <system-out>[10:10:06] [INFO] multi-tenant: Testing rate limits for different key types&#xA;[10:10:06] [INFO] multi-tenant: Key type gateway expected rate limit: 500/min&#xA;[10:10:06] [INFO] multi-tenant: Key type agent expected rate limit: 200/min&#xA;[10:10:06] [INFO] multi-tenant: Key type user expected rate limit: 60/min&#xA;[10:10:06] [INFO] multi-tenant: Key type admin expected rate limit: 1000/min&#xA;ï¿½[32mâœ“ï¿½[0m rate_limits_by_key_type (44.257Âµs)&#xA;</system-out>
              <system-err>&gt; Enter [BeforeEach] Multi-Tenant E2E Tests - /Users/seancorkum/projects/devops-mcp/test/e2e/scenarios/multi_tenant_test.go:30 @ 07/11/25 10:10:06.428&#xA;&lt; Exit [BeforeEach] Multi-Tenant E2E Tests - /Users/seancorkum/projects/devops-mcp/test/e2e/scenarios/multi_tenant_test.go:30 @ 07/11/25 10:10:06.433 (5ms)&#xA;&gt; Enter [It] should apply different rate limits for different key types - /Users/seancorkum/projects/devops-mcp/test/e2e/scenarios/multi_tenant_test.go:115 @ 07/11/25 10:10:06.433&#xA;&lt; Exit [It] should apply different rate limits for different key types - /Users/seancorkum/projects/devops-mcp/test/e2e/scenarios/multi_tenant_test.go:115 @ 07/11/25 10:10:06.433 (0s)&#xA;&gt; Enter [AfterEach] Multi-Tenant E2E Tests - /Users/seancorkum/projects/devops-mcp/test/e2e/scenarios/multi_tenant_test.go:40 @ 07/11/25 10:10:06.433&#xA;&lt; Exit [AfterEach] Multi-Tenant E2E Tests - /Users/seancorkum/projects/devops-mcp/test/e2e/scenarios/multi_tenant_test.go:40 @ 07/11/25 10:10:06.435 (2ms)&#xA;</system-err>
          </testcase>
          <testcase name="[It] Multi-Tenant E2E Tests Load Testing should handle concurrent multi-tenant operations" classname="Multi-Agent Collaboration E2E Test Suite" status="failed" time="0.209899551">
              <failure message="Unexpected error:&#xA;    &lt;*fmt.wrapError | 0xc0000a60a0&gt;: &#xA;    failed to connect: failed to WebSocket dial: expected handshake response status code 101 but got 401&#xA;    {&#xA;        msg: &#34;failed to connect: failed to WebSocket dial: expected handshake response status code 101 but got 401&#34;,&#xA;        err: &lt;*fmt.wrapError | 0xc0000a6000&gt;{&#xA;            msg: &#34;failed to WebSocket dial: expected handshake response status code 101 but got 401&#34;,&#xA;            err: &lt;*errors.errorString | 0xc00050a000&gt;{&#xA;                s: &#34;expected handshake response status code 101 but got 401&#34;,&#xA;            },&#xA;        },&#xA;    }&#xA;occurred" type="failed">[FAILED] Unexpected error:&#xA;    &lt;*fmt.wrapError | 0xc0000a60a0&gt;: &#xA;    failed to connect: failed to WebSocket dial: expected handshake response status code 101 but got 401&#xA;    {&#xA;        msg: &#34;failed to connect: failed to WebSocket dial: expected handshake response status code 101 but got 401&#34;,&#xA;        err: &lt;*fmt.wrapError | 0xc0000a6000&gt;{&#xA;            msg: &#34;failed to WebSocket dial: expected handshake response status code 101 but got 401&#34;,&#xA;            err: &lt;*errors.errorString | 0xc00050a000&gt;{&#xA;                s: &#34;expected handshake response status code 101 but got 401&#34;,&#xA;            },&#xA;        },&#xA;    }&#xA;occurred&#xA;In [It] at: /Users/seancorkum/projects/devops-mcp/test/e2e/scenarios/multi_tenant_test.go:370 @ 07/11/25 10:10:06.643&#xA;&#xA;There were additional failures detected after the initial failure. These are visible in the timeline&#xA;</failure>
              <system-err>&gt; Enter [BeforeEach] Multi-Tenant E2E Tests - /Users/seancorkum/projects/devops-mcp/test/e2e/scenarios/multi_tenant_test.go:30 @ 07/11/25 10:10:06.436&#xA;&lt; Exit [BeforeEach] Multi-Tenant E2E Tests - /Users/seancorkum/projects/devops-mcp/test/e2e/scenarios/multi_tenant_test.go:30 @ 07/11/25 10:10:06.44 (4ms)&#xA;&gt; Enter [It] should handle concurrent multi-tenant operations - /Users/seancorkum/projects/devops-mcp/test/e2e/scenarios/multi_tenant_test.go:341 @ 07/11/25 10:10:06.44&#xA;[FAILED] Failure recorded during attempt 1:&#xA;Unexpected error:&#xA;    &lt;*fmt.wrapError | 0xc00049c5c0&gt;: &#xA;    failed to connect: failed to WebSocket dial: expected handshake response status code 101 but got 401&#xA;    {&#xA;        msg: &#34;failed to connect: failed to WebSocket dial: expected handshake response status code 101 but got 401&#34;,&#xA;        err: &lt;*fmt.wrapError | 0xc00049c580&gt;{&#xA;            msg: &#34;failed to WebSocket dial: expected handshake response status code 101 but got 401&#34;,&#xA;            err: &lt;*errors.errorString | 0xc00014c000&gt;{&#xA;                s: &#34;expected handshake response status code 101 but got 401&#34;,&#xA;            },&#xA;        },&#xA;    }&#xA;occurred&#xA;In [It] at: /Users/seancorkum/projects/devops-mcp/test/e2e/scenarios/multi_tenant_test.go:370 @ 07/11/25 10:10:06.592&#xA;&lt; Exit [It] should handle concurrent multi-tenant operations - /Users/seancorkum/projects/devops-mcp/test/e2e/scenarios/multi_tenant_test.go:341 @ 07/11/25 10:10:06.592 (152ms)&#xA;&gt; Enter [AfterEach] Multi-Tenant E2E Tests - /Users/seancorkum/projects/devops-mcp/test/e2e/scenarios/multi_tenant_test.go:40 @ 07/11/25 10:10:06.593&#xA;&lt; Exit [AfterEach] Multi-Tenant E2E Tests - /Users/seancorkum/projects/devops-mcp/test/e2e/scenarios/multi_tenant_test.go:40 @ 07/11/25 10:10:06.594 (2ms)&#xA;&#xA;Attempt #1 Failed.  Retrying â†º @ 07/11/25 10:10:06.594&#xA;&#xA;&gt; Enter [BeforeEach] Multi-Tenant E2E Tests - /Users/seancorkum/projects/devops-mcp/test/e2e/scenarios/multi_tenant_test.go:30 @ 07/11/25 10:10:06.595&#xA;&lt; Exit [BeforeEach] Multi-Tenant E2E Tests - /Users/seancorkum/projects/devops-mcp/test/e2e/scenarios/multi_tenant_test.go:30 @ 07/11/25 10:10:06.597 (3ms)&#xA;&gt; Enter [It] should handle concurrent multi-tenant operations - /Users/seancorkum/projects/devops-mcp/test/e2e/scenarios/multi_tenant_test.go:341 @ 07/11/25 10:10:06.598&#xA;[FAILED] Unexpected error:&#xA;    &lt;*fmt.wrapError | 0xc0000a60a0&gt;: &#xA;    failed to connect: failed to WebSocket dial: expected handshake response status code 101 but got 401&#xA;    {&#xA;        msg: &#34;failed to connect: failed to WebSocket dial: expected handshake response status code 101 but got 401&#34;,&#xA;        err: &lt;*fmt.wrapError | 0xc0000a6000&gt;{&#xA;            msg: &#34;failed to WebSocket dial: expected handshake response status code 101 but got 401&#34;,&#xA;            err: &lt;*errors.errorString | 0xc00050a000&gt;{&#xA;                s: &#34;expected handshake response status code 101 but got 401&#34;,&#xA;            },&#xA;        },&#xA;    }&#xA;occurred&#xA;In [It] at: /Users/seancorkum/projects/devops-mcp/test/e2e/scenarios/multi_tenant_test.go:370 @ 07/11/25 10:10:06.643&#xA;&lt; Exit [It] should handle concurrent multi-tenant operations - /Users/seancorkum/projects/devops-mcp/test/e2e/scenarios/multi_tenant_test.go:341 @ 07/11/25 10:10:06.643 (46ms)&#xA;&gt; Enter [AfterEach] Multi-Tenant E2E Tests - /Users/seancorkum/projects/devops-mcp/test/e2e/scenarios/multi_tenant_test.go:40 @ 07/11/25 10:10:06.644&#xA;&lt; Exit [AfterEach] Multi-Tenant E2E Tests - /Users/seancorkum/projects/devops-mcp/test/e2e/scenarios/multi_tenant_test.go:40 @ 07/11/25 10:10:06.646 (2ms)&#xA;</system-err>
          </testcase>
          <testcase name="[It] Performance and Stress E2E Tests Agent Swarm Tests should handle 50 concurrent agents" classname="Multi-Agent Collaboration E2E Test Suite" status="failed" time="0.831163207">
              <failure message="Expected&#xA;    &lt;int32&gt;: 0&#xA;to be &gt;=&#xA;    &lt;int32&gt;: 47" type="failed">[FAILED] Expected&#xA;    &lt;int32&gt;: 0&#xA;to be &gt;=&#xA;    &lt;int32&gt;: 47&#xA;In [It] at: /Users/seancorkum/projects/devops-mcp/test/e2e/scenarios/performance_test.go:158 @ 07/11/25 10:10:07.476&#xA;&#xA;There were additional failures detected after the initial failure. These are visible in the timeline&#xA;</failure>
              <system-out>[10:10:06] [ERROR] performance: Agent 49 connection failed: failed to connect: failed to WebSocket dial: expected handshake response status code 101 but got 401&#xA;[10:10:06] [ERROR] performance: Agent 1 connection failed: failed to connect: failed to WebSocket dial: expected handshake response status code 101 but got 401&#xA;[10:10:06] [ERROR] performance: Agent 29 connection failed: failed to connect: failed to WebSocket dial: expected handshake response status code 101 but got 401&#xA;[10:10:06] [ERROR] performance: Agent 35 connection failed: failed to connect: failed to WebSocket dial: expected handshake response status code 101 but got 401&#xA;[10:10:06] [ERROR] performance: Agent 0 connection failed: failed to connect: failed to WebSocket dial: expected handshake response status code 101 but got 401&#xA;[10:10:06] [ERROR] performance: Agent 30 connection failed: failed to connect: failed to WebSocket dial: expected handshake response status code 101 but got 401&#xA;[10:10:06] [ERROR] performance: Agent 48 connection failed: failed to connect: failed to WebSocket dial: expected handshake response status code 101 but got 401&#xA;[10:10:06] [ERROR] performance: Agent 40 connection failed: failed to connect: failed to WebSocket dial: expected handshake response status code 101 but got 401&#xA;[10:10:06] [ERROR] performance: Agent 24 connection failed: failed to connect: failed to WebSocket dial: expected handshake response status code 101 but got 401&#xA;[10:10:06] [ERROR] performance: Agent 46 connection failed: failed to connect: failed to WebSocket dial: expected handshake response status code 101 but got 401&#xA;[10:10:06] [ERROR] performance: Agent 19 connection failed: failed to connect: failed to WebSocket dial: expected handshake response status code 101 but got 401&#xA;[10:10:06] [ERROR] performance: Agent 4 connection failed: failed to connect: failed to WebSocket dial: expected handshake response status code 101 but got 401&#xA;[10:10:06] [ERROR] performance: Agent 7 connection failed: failed to connect: failed to WebSocket dial: expected handshake response status code 101 but got 401&#xA;[10:10:06] [ERROR] performance: Agent 44 connection failed: failed to connect: failed to WebSocket dial: expected handshake response status code 101 but got 401&#xA;[10:10:06] [ERROR] performance: Agent 25 connection failed: failed to connect: failed to WebSocket dial: expected handshake response status code 101 but got 401&#xA;[10:10:06] [ERROR] performance: Agent 22 connection failed: failed to connect: failed to WebSocket dial: expected handshake response status code 101 but got 401&#xA;[10:10:06] [ERROR] performance: Agent 14 connection failed: failed to connect: failed to WebSocket dial: expected handshake response status code 101 but got 401&#xA;[10:10:06] [ERROR] performance: Agent 13 connection failed: failed to connect: failed to WebSocket dial: expected handshake response status code 101 but got 401&#xA;[10:10:06] [ERROR] performance: Agent 42 connection failed: failed to connect: failed to WebSocket dial: expected handshake response status code 101 but got 401&#xA;[10:10:06] [ERROR] performance: Agent 36 connection failed: failed to connect: failed to WebSocket dial: expected handshake response status code 101 but got 401&#xA;[10:10:06] [ERROR] performance: Agent 45 connection failed: failed to connect: failed to WebSocket dial: expected handshake response status code 101 but got 401&#xA;[10:10:06] [ERROR] performance: Agent 8 connection failed: failed to connect: failed to WebSocket dial: expected handshake response status code 101 but got 401&#xA;[10:10:06] [ERROR] performance: Agent 21 connection failed: failed to connect: failed to WebSocket dial: expected handshake response status code 101 but got 401&#xA;[10:10:06] [ERROR] performance: Agent 23 connection failed: failed to connect: failed to WebSocket dial: expected handshake response status code 101 but got 401&#xA;[10:10:06] [ERROR] performance: Agent 12 connection failed: failed to connect: failed to WebSocket dial: expected handshake response status code 101 but got 401&#xA;[10:10:06] [ERROR] performance: Agent 37 connection failed: failed to connect: failed to WebSocket dial: expected handshake response status code 101 but got 401&#xA;[10:10:06] [ERROR] performance: Agent 18 connection failed: failed to connect: failed to WebSocket dial: expected handshake response status code 101 but got 401&#xA;[10:10:06] [ERROR] performance: Agent 9 connection failed: failed to connect: failed to WebSocket dial: expected handshake response status code 101 but got 401&#xA;[10:10:06] [ERROR] performance: Agent 39 connection failed: failed to connect: failed to WebSocket dial: expected handshake response status code 101 but got 401&#xA;[10:10:06] [ERROR] performance: Agent 41 connection failed: failed to connect: failed to WebSocket dial: expected handshake response status code 101 but got 401&#xA;[10:10:06] [ERROR] performance: Agent 32 connection failed: failed to connect: failed to WebSocket dial: expected handshake response status code 101 but got 401&#xA;[10:10:06] [ERROR] performance: Agent 33 connection failed: failed to connect: failed to WebSocket dial: expected handshake response status code 101 but got 401&#xA;[10:10:06] [ERROR] performance: Agent 6 connection failed: failed to connect: failed to WebSocket dial: expected handshake response status code 101 but got 401&#xA;[10:10:06] [ERROR] performance: Agent 5 connection failed: failed to connect: failed to WebSocket dial: expected handshake response status code 101 but got 401&#xA;[10:10:06] [ERROR] performance: Agent 27 connection failed: failed to connect: failed to WebSocket dial: expected handshake response status code 101 but got 401&#xA;[10:10:06] [ERROR] performance: Agent 17 connection failed: failed to connect: failed to WebSocket dial: expected handshake response status code 101 but got 401&#xA;[10:10:06] [ERROR] performance: Agent 16 connection failed: failed to connect: failed to WebSocket dial: expected handshake response status code 101 but got 401&#xA;[10:10:06] [ERROR] performance: Agent 34 connection failed: failed to connect: failed to WebSocket dial: expected handshake response status code 101 but got 401&#xA;[10:10:06] [ERROR] performance: Agent 38 connection failed: failed to connect: failed to WebSocket dial: expected handshake response status code 101 but got 401&#xA;[10:10:06] [ERROR] performance: Agent 15 connection failed: failed to connect: failed to WebSocket dial: expected handshake response status code 101 but got 401&#xA;[10:10:06] [ERROR] performance: Agent 47 connection failed: failed to connect: failed to WebSocket dial: expected handshake response status code 101 but got 401&#xA;[10:10:06] [ERROR] performance: Agent 2 connection failed: failed to connect: failed to WebSocket dial: expected handshake response status code 101 but got 401&#xA;[10:10:06] [ERROR] performance: Agent 3 connection failed: failed to connect: failed to WebSocket dial: expected handshake response status code 101 but got 401&#xA;[10:10:06] [ERROR] performance: Agent 26 connection failed: failed to connect: failed to WebSocket dial: expected handshake response status code 101 but got 401&#xA;[10:10:06] [ERROR] performance: Agent 28 connection failed: failed to connect: failed to WebSocket dial: expected handshake response status code 101 but got 401&#xA;[10:10:06] [ERROR] performance: Agent 43 connection failed: failed to connect: failed to WebSocket dial: expected handshake response status code 101 but got 401&#xA;[10:10:06] [ERROR] performance: Agent 10 connection failed: failed to connect: failed to WebSocket dial: expected handshake response status code 101 but got 401&#xA;[10:10:06] [ERROR] performance: Agent 11 connection failed: failed to connect: failed to WebSocket dial: expected handshake response status code 101 but got 401&#xA;[10:10:06] [ERROR] performance: Agent 20 connection failed: failed to connect: failed to WebSocket dial: expected handshake response status code 101 but got 401&#xA;[10:10:07] [ERROR] performance: Agent 31 connection failed: failed to connect: failed to WebSocket dial: expected handshake response status code 101 but got 401&#xA;[10:10:07] [INFO] performance: Agent Swarm Results:&#xA;[10:10:07] [INFO] performance:   Agents connected: 0/50&#xA;[10:10:07] [INFO] performance:   Connection time: 481.431903ms&#xA;[10:10:07] [INFO] performance:   Total messages: 0&#xA;[10:10:07] [INFO] performance:   Avg latency: 0s&#xA;[10:10:07] [INFO] performance:   P50 latency: 0s&#xA;[10:10:07] [INFO] performance:   P95 latency: 0s&#xA;[10:10:07] [INFO] performance:   P99 latency: 0s&#xA;[10:10:07] [ERROR] performance: Agent 11 connection failed: failed to connect: failed to WebSocket dial: expected handshake response status code 101 but got 401&#xA;[10:10:07] [ERROR] performance: Agent 49 connection failed: failed to connect: failed to WebSocket dial: expected handshake response status code 101 but got 401&#xA;[10:10:07] [ERROR] performance: Agent 30 connection failed: failed to connect: failed to WebSocket dial: expected handshake response status code 101 but got 401&#xA;[10:10:07] [ERROR] performance: Agent 2 connection failed: failed to connect: failed to WebSocket dial: expected handshake response status code 101 but got 401&#xA;[10:10:07] [ERROR] performance: Agent 8 connection failed: failed to connect: failed to WebSocket dial: expected handshake response status code 101 but got 401&#xA;[10:10:07] [ERROR] performance: Agent 20 connection failed: failed to connect: failed to WebSocket dial: expected handshake response status code 101 but got 401&#xA;[10:10:07] [ERROR] performance: Agent 39 connection failed: failed to connect: failed to WebSocket dial: expected handshake response status code 101 but got 401&#xA;[10:10:07] [ERROR] performance: Agent 35 connection failed: failed to connect: failed to WebSocket dial: expected handshake response status code 101 but got 401&#xA;[10:10:07] [ERROR] performance: Agent 13 connection failed: failed to connect: failed to WebSocket dial: expected handshake response status code 101 but got 401&#xA;[10:10:07] [ERROR] performance: Agent 46 connection failed: failed to connect: failed to WebSocket dial: expected handshake response status code 101 but got 401&#xA;[10:10:07] [ERROR] performance: Agent 31 connection failed: failed to connect: failed to WebSocket dial: expected handshake response status code 101 but got 401&#xA;[10:10:07] [ERROR] performance: Agent 36 connection failed: failed to connect: failed to WebSocket dial: expected handshake response status code 101 but got 401&#xA;[10:10:07] [ERROR] performance: Agent 0 connection failed: failed to connect: failed to WebSocket dial: expected handshake response status code 101 but got 401&#xA;[10:10:07] [ERROR] performance: Agent 3 connection failed: failed to connect: failed to WebSocket dial: expected handshake response status code 101 but got 401&#xA;[10:10:07] [ERROR] performance: Agent 1 connection failed: failed to connect: failed to WebSocket dial: expected handshake response status code 101 but got 429&#xA;[10:10:07] [ERROR] performance: Agent 38 connection failed: failed to connect: failed to WebSocket dial: expected handshake response status code 101 but got 401&#xA;[10:10:07] [ERROR] performance: Agent 47 connection failed: failed to connect: failed to WebSocket dial: expected handshake response status code 101 but got 429&#xA;[10:10:07] [ERROR] performance: Agent 33 connection failed: failed to connect: failed to WebSocket dial: expected handshake response status code 101 but got 401&#xA;[10:10:07] [ERROR] performance: Agent 5 connection failed: failed to connect: failed to WebSocket dial: expected handshake response status code 101 but got 401&#xA;[10:10:07] [ERROR] performance: Agent 10 connection failed: failed to connect: failed to WebSocket dial: expected handshake response status code 101 but got 401&#xA;[10:10:07] [ERROR] performance: Agent 6 connection failed: failed to connect: failed to WebSocket dial: expected handshake response status code 101 but got 429&#xA;[10:10:07] [ERROR] performance: Agent 12 connection failed: failed to connect: failed to WebSocket dial: expected handshake response status code 101 but got 401&#xA;[10:10:07] [ERROR] performance: Agent 16 connection failed: failed to connect: failed to WebSocket dial: expected handshake response status code 101 but got 401&#xA;[10:10:07] [ERROR] performance: Agent 45 connection failed: failed to connect: failed to WebSocket dial: expected handshake response status code 101 but got 429&#xA;[10:10:07] [ERROR] performance: Agent 44 connection failed: failed to connect: failed to WebSocket dial: expected handshake response status code 101 but got 429&#xA;[10:10:07] [ERROR] performance: Agent 26 connection failed: failed to connect: failed to WebSocket dial: expected handshake response status code 101 but got 429&#xA;[10:10:07] [ERROR] performance: Agent 32 connection failed: failed to connect: failed to WebSocket dial: expected handshake response status code 101 but got 429&#xA;[10:10:07] [ERROR] performance: Agent 27 connection failed: failed to connect: failed to WebSocket dial: expected handshake response status code 101 but got 429&#xA;[10:10:07] [ERROR] performance: Agent 18 connection failed: failed to connect: failed to WebSocket dial: expected handshake response status code 101 but got 429&#xA;[10:10:07] [ERROR] performance: Agent 7 connection failed: failed to connect: failed to WebSocket dial: expected handshake response status code 101 but got 429&#xA;[10:10:07] [ERROR] performance: Agent 40 connection failed: failed to connect: failed to WebSocket dial: expected handshake response status code 101 but got 429&#xA;[10:10:07] [ERROR] performance: Agent 21 connection failed: failed to connect: failed to WebSocket dial: expected handshake response status code 101 but got 429&#xA;[10:10:07] [ERROR] performance: Agent 4 connection failed: failed to connect: failed to WebSocket dial: expected handshake response status code 101 but got 429&#xA;[10:10:07] [ERROR] performance: Agent 37 connection failed: failed to connect: failed to WebSocket dial: expected handshake response status code 101 but got 429&#xA;[10:10:07] [ERROR] performance: Agent 22 connection failed: failed to connect: failed to WebSocket dial: expected handshake response status code 101 but got 429&#xA;[10:10:07] [ERROR] performance: Agent 23 connection failed: failed to connect: failed to WebSocket dial: expected handshake response status code 101 but got 429&#xA;[10:10:07] [ERROR] performance: Agent 14 connection failed: failed to connect: failed to WebSocket dial: expected handshake response status code 101 but got 429&#xA;[10:10:07] [ERROR] performance: Agent 17 connection failed: failed to connect: failed to WebSocket dial: expected handshake response status code 101 but got 429&#xA;[10:10:07] [ERROR] performance: Agent 41 connection failed: failed to connect: failed to WebSocket dial: expected handshake response status code 101 but got 429&#xA;[10:10:07] [ERROR] performance: Agent 29 connection failed: failed to connect: failed to WebSocket dial: expected handshake response status code 101 but got 429&#xA;[10:10:07] [ERROR] performance: Agent 48 connection failed: failed to connect: failed to WebSocket dial: expected handshake response status code 101 but got 429&#xA;[10:10:07] [ERROR] performance: Agent 9 connection failed: failed to connect: failed to WebSocket dial: expected handshake response status code 101 but got 429&#xA;[10:10:07] [ERROR] performance: Agent 28 connection failed: failed to connect: failed to WebSocket dial: expected handshake response status code 101 but got 429&#xA;[10:10:07] [ERROR] performance: Agent 25 connection failed: failed to connect: failed to WebSocket dial: expected handshake response status code 101 but got 429&#xA;[10:10:07] [ERROR] performance: Agent 19 connection failed: failed to connect: failed to WebSocket dial: expected handshake response status code 101 but got 429&#xA;[10:10:07] [ERROR] performance: Agent 24 connection failed: failed to connect: failed to WebSocket dial: expected handshake response status code 101 but got 429&#xA;[10:10:07] [ERROR] performance: Agent 34 connection failed: failed to connect: failed to WebSocket dial: expected handshake response status code 101 but got 429&#xA;[10:10:07] [ERROR] performance: Agent 43 connection failed: failed to connect: failed to WebSocket dial: expected handshake response status code 101 but got 401&#xA;[10:10:07] [ERROR] performance: Agent 15 connection failed: failed to connect: failed to WebSocket dial: expected handshake response status code 101 but got 429&#xA;[10:10:07] [ERROR] performance: Agent 42 connection failed: failed to connect: failed to WebSocket dial: expected handshake response status code 101 but got 429&#xA;[10:10:07] [INFO] performance: Agent Swarm Results:&#xA;[10:10:07] [INFO] performance:   Agents connected: 0/50&#xA;[10:10:07] [INFO] performance:   Connection time: 343.468426ms&#xA;[10:10:07] [INFO] performance:   Total messages: 0&#xA;[10:10:07] [INFO] performance:   Avg latency: 0s&#xA;[10:10:07] [INFO] performance:   P50 latency: 0s&#xA;[10:10:07] [INFO] performance:   P95 latency: 0s&#xA;[10:10:07] [INFO] performance:   P99 latency: 0s&#xA;</system-out>
              <system-err>&gt; Enter [BeforeEach] Performance and Stress E2E Tests - /Users/seancorkum/projects/devops-mcp/test/e2e/scenarios/performance_test.go:31 @ 07/11/25 10:10:06.647&#xA;&lt; Exit [BeforeEach] Performance and Stress E2E Tests - /Users/seancorkum/projects/devops-mcp/test/e2e/scenarios/performance_test.go:31 @ 07/11/25 10:10:06.647 (0s)&#xA;&gt; Enter [It] should handle 50 concurrent agents - /Users/seancorkum/projects/devops-mcp/test/e2e/scenarios/performance_test.go:48 @ 07/11/25 10:10:06.647&#xA;[FAILED] Failure recorded during attempt 1:&#xA;Expected&#xA;    &lt;int32&gt;: 0&#xA;to be &gt;=&#xA;    &lt;int32&gt;: 47&#xA;In [It] at: /Users/seancorkum/projects/devops-mcp/test/e2e/scenarios/performance_test.go:158 @ 07/11/25 10:10:07.129&#xA;&lt; Exit [It] should handle 50 concurrent agents - /Users/seancorkum/projects/devops-mcp/test/e2e/scenarios/performance_test.go:48 @ 07/11/25 10:10:07.129 (482ms)&#xA;&gt; Enter [AfterEach] Performance and Stress E2E Tests - /Users/seancorkum/projects/devops-mcp/test/e2e/scenarios/performance_test.go:41 @ 07/11/25 10:10:07.129&#xA;&lt; Exit [AfterEach] Performance and Stress E2E Tests - /Users/seancorkum/projects/devops-mcp/test/e2e/scenarios/performance_test.go:41 @ 07/11/25 10:10:07.132 (2ms)&#xA;&#xA;Attempt #1 Failed.  Retrying â†º @ 07/11/25 10:10:07.132&#xA;&#xA;&gt; Enter [BeforeEach] Performance and Stress E2E Tests - /Users/seancorkum/projects/devops-mcp/test/e2e/scenarios/performance_test.go:31 @ 07/11/25 10:10:07.132&#xA;&lt; Exit [BeforeEach] Performance and Stress E2E Tests - /Users/seancorkum/projects/devops-mcp/test/e2e/scenarios/performance_test.go:31 @ 07/11/25 10:10:07.132 (0s)&#xA;&gt; Enter [It] should handle 50 concurrent agents - /Users/seancorkum/projects/devops-mcp/test/e2e/scenarios/performance_test.go:48 @ 07/11/25 10:10:07.132&#xA;[FAILED] Expected&#xA;    &lt;int32&gt;: 0&#xA;to be &gt;=&#xA;    &lt;int32&gt;: 47&#xA;In [It] at: /Users/seancorkum/projects/devops-mcp/test/e2e/scenarios/performance_test.go:158 @ 07/11/25 10:10:07.476&#xA;&lt; Exit [It] should handle 50 concurrent agents - /Users/seancorkum/projects/devops-mcp/test/e2e/scenarios/performance_test.go:48 @ 07/11/25 10:10:07.476 (344ms)&#xA;&gt; Enter [AfterEach] Performance and Stress E2E Tests - /Users/seancorkum/projects/devops-mcp/test/e2e/scenarios/performance_test.go:41 @ 07/11/25 10:10:07.476&#xA;&lt; Exit [AfterEach] Performance and Stress E2E Tests - /Users/seancorkum/projects/devops-mcp/test/e2e/scenarios/performance_test.go:41 @ 07/11/25 10:10:07.478 (2ms)&#xA;</system-err>
          </testcase>
          <testcase name="[It] Multi-Agent Collaboration E2E Tests Agent Coordination should coordinate deployment pipeline across agents" classname="Multi-Agent Collaboration E2E Test Suite" status="failed" time="0.093939318">
              <failure message="Unexpected error:&#xA;    &lt;*fmt.wrapError | 0xc0007aa0a0&gt;: &#xA;    failed to connect: failed to WebSocket dial: expected handshake response status code 101 but got 429&#xA;    {&#xA;        msg: &#34;failed to connect: failed to WebSocket dial: expected handshake response status code 101 but got 429&#34;,&#xA;        err: &lt;*fmt.wrapError | 0xc0007aa080&gt;{&#xA;            msg: &#34;failed to WebSocket dial: expected handshake response status code 101 but got 429&#34;,&#xA;            err: &lt;*errors.errorString | 0xc000342000&gt;{&#xA;                s: &#34;expected handshake response status code 101 but got 429&#34;,&#xA;            },&#xA;        },&#xA;    }&#xA;occurred" type="failed">[FAILED] Unexpected error:&#xA;    &lt;*fmt.wrapError | 0xc0007aa0a0&gt;: &#xA;    failed to connect: failed to WebSocket dial: expected handshake response status code 101 but got 429&#xA;    {&#xA;        msg: &#34;failed to connect: failed to WebSocket dial: expected handshake response status code 101 but got 429&#34;,&#xA;        err: &lt;*fmt.wrapError | 0xc0007aa080&gt;{&#xA;            msg: &#34;failed to WebSocket dial: expected handshake response status code 101 but got 429&#34;,&#xA;            err: &lt;*errors.errorString | 0xc000342000&gt;{&#xA;                s: &#34;expected handshake response status code 101 but got 429&#34;,&#xA;            },&#xA;        },&#xA;    }&#xA;occurred&#xA;In [It] at: /Users/seancorkum/projects/devops-mcp/test/e2e/scenarios/multi_agent_test.go:594 @ 07/11/25 10:10:07.569&#xA;&#xA;There were additional failures detected after the initial failure. These are visible in the timeline&#xA;</failure>
              <system-err>&gt; Enter [BeforeEach] Multi-Agent Collaboration E2E Tests - /Users/seancorkum/projects/devops-mcp/test/e2e/scenarios/multi_agent_test.go:28 @ 07/11/25 10:10:07.479&#xA;&lt; Exit [BeforeEach] Multi-Agent Collaboration E2E Tests - /Users/seancorkum/projects/devops-mcp/test/e2e/scenarios/multi_agent_test.go:28 @ 07/11/25 10:10:07.482 (3ms)&#xA;&gt; Enter [It] should coordinate deployment pipeline across agents - /Users/seancorkum/projects/devops-mcp/test/e2e/scenarios/multi_agent_test.go:566 @ 07/11/25 10:10:07.482&#xA;[FAILED] Failure recorded during attempt 1:&#xA;Unexpected error:&#xA;    &lt;*fmt.wrapError | 0xc0007aa0a0&gt;: &#xA;    failed to connect: failed to WebSocket dial: expected handshake response status code 101 but got 429&#xA;    {&#xA;        msg: &#34;failed to connect: failed to WebSocket dial: expected handshake response status code 101 but got 429&#34;,&#xA;        err: &lt;*fmt.wrapError | 0xc0007aa080&gt;{&#xA;            msg: &#34;failed to WebSocket dial: expected handshake response status code 101 but got 429&#34;,&#xA;            err: &lt;*errors.errorString | 0xc000496000&gt;{&#xA;                s: &#34;expected handshake response status code 101 but got 429&#34;,&#xA;            },&#xA;        },&#xA;    }&#xA;occurred&#xA;In [It] at: /Users/seancorkum/projects/devops-mcp/test/e2e/scenarios/multi_agent_test.go:594 @ 07/11/25 10:10:07.524&#xA;&lt; Exit [It] should coordinate deployment pipeline across agents - /Users/seancorkum/projects/devops-mcp/test/e2e/scenarios/multi_agent_test.go:566 @ 07/11/25 10:10:07.524 (42ms)&#xA;&gt; Enter [AfterEach] Multi-Agent Collaboration E2E Tests - /Users/seancorkum/projects/devops-mcp/test/e2e/scenarios/multi_agent_test.go:38 @ 07/11/25 10:10:07.524&#xA;&lt; Exit [AfterEach] Multi-Agent Collaboration E2E Tests - /Users/seancorkum/projects/devops-mcp/test/e2e/scenarios/multi_agent_test.go:38 @ 07/11/25 10:10:07.526 (2ms)&#xA;&#xA;Attempt #1 Failed.  Retrying â†º @ 07/11/25 10:10:07.526&#xA;&#xA;&gt; Enter [BeforeEach] Multi-Agent Collaboration E2E Tests - /Users/seancorkum/projects/devops-mcp/test/e2e/scenarios/multi_agent_test.go:28 @ 07/11/25 10:10:07.526&#xA;&lt; Exit [BeforeEach] Multi-Agent Collaboration E2E Tests - /Users/seancorkum/projects/devops-mcp/test/e2e/scenarios/multi_agent_test.go:28 @ 07/11/25 10:10:07.529 (3ms)&#xA;&gt; Enter [It] should coordinate deployment pipeline across agents - /Users/seancorkum/projects/devops-mcp/test/e2e/scenarios/multi_agent_test.go:566 @ 07/11/25 10:10:07.53&#xA;[FAILED] Unexpected error:&#xA;    &lt;*fmt.wrapError | 0xc0007aa0a0&gt;: &#xA;    failed to connect: failed to WebSocket dial: expected handshake response status code 101 but got 429&#xA;    {&#xA;        msg: &#34;failed to connect: failed to WebSocket dial: expected handshake response status code 101 but got 429&#34;,&#xA;        err: &lt;*fmt.wrapError | 0xc0007aa080&gt;{&#xA;            msg: &#34;failed to WebSocket dial: expected handshake response status code 101 but got 429&#34;,&#xA;            err: &lt;*errors.errorString | 0xc000342000&gt;{&#xA;                s: &#34;expected handshake response status code 101 but got 429&#34;,&#xA;            },&#xA;        },&#xA;    }&#xA;occurred&#xA;In [It] at: /Users/seancorkum/projects/devops-mcp/test/e2e/scenarios/multi_agent_test.go:594 @ 07/11/25 10:10:07.569&#xA;&lt; Exit [It] should coordinate deployment pipeline across agents - /Users/seancorkum/projects/devops-mcp/test/e2e/scenarios/multi_agent_test.go:566 @ 07/11/25 10:10:07.569 (40ms)&#xA;&gt; Enter [AfterEach] Multi-Agent Collaboration E2E Tests - /Users/seancorkum/projects/devops-mcp/test/e2e/scenarios/multi_agent_test.go:38 @ 07/11/25 10:10:07.57&#xA;&lt; Exit [AfterEach] Multi-Agent Collaboration E2E Tests - /Users/seancorkum/projects/devops-mcp/test/e2e/scenarios/multi_agent_test.go:38 @ 07/11/25 10:10:07.573 (3ms)&#xA;</system-err>
          </testcase>
          <testcase name="[It] Multi-Tenant E2E Tests Token Passthrough should pass through service tokens for gateway keys" classname="Multi-Agent Collaboration E2E Test Suite" status="passed" time="0.007394129">
              <system-out>[10:10:06] [INFO] multi-tenant: Testing gateway key token passthrough&#xA;ï¿½[32mâœ“ï¿½[0m gateway_token_passthrough (38.731Âµs)&#xA;</system-out>
              <system-err>&gt; Enter [BeforeEach] Multi-Tenant E2E Tests - /Users/seancorkum/projects/devops-mcp/test/e2e/scenarios/multi_tenant_test.go:30 @ 07/11/25 10:10:06.428&#xA;&lt; Exit [BeforeEach] Multi-Tenant E2E Tests - /Users/seancorkum/projects/devops-mcp/test/e2e/scenarios/multi_tenant_test.go:30 @ 07/11/25 10:10:06.433 (5ms)&#xA;&gt; Enter [It] should pass through service tokens for gateway keys - /Users/seancorkum/projects/devops-mcp/test/e2e/scenarios/multi_tenant_test.go:149 @ 07/11/25 10:10:06.433&#xA;&lt; Exit [It] should pass through service tokens for gateway keys - /Users/seancorkum/projects/devops-mcp/test/e2e/scenarios/multi_tenant_test.go:149 @ 07/11/25 10:10:06.433 (0s)&#xA;&gt; Enter [AfterEach] Multi-Tenant E2E Tests - /Users/seancorkum/projects/devops-mcp/test/e2e/scenarios/multi_tenant_test.go:40 @ 07/11/25 10:10:06.433&#xA;&lt; Exit [AfterEach] Multi-Tenant E2E Tests - /Users/seancorkum/projects/devops-mcp/test/e2e/scenarios/multi_tenant_test.go:40 @ 07/11/25 10:10:06.435 (2ms)&#xA;</system-err>
          </testcase>
          <testcase name="[It] Multi-Tenant E2E Tests API Key Hierarchy should enforce parent-child key relationships" classname="Multi-Agent Collaboration E2E Test Suite" status="passed" time="0.00667564">
              <system-out>[10:10:06] [INFO] multi-tenant: Testing API key hierarchy&#xA;ï¿½[32mâœ“ï¿½[0m api_key_hierarchy (25.214Âµs)&#xA;</system-out>
              <system-err>&gt; Enter [BeforeEach] Multi-Tenant E2E Tests - /Users/seancorkum/projects/devops-mcp/test/e2e/scenarios/multi_tenant_test.go:30 @ 07/11/25 10:10:06.436&#xA;&lt; Exit [BeforeEach] Multi-Tenant E2E Tests - /Users/seancorkum/projects/devops-mcp/test/e2e/scenarios/multi_tenant_test.go:30 @ 07/11/25 10:10:06.44 (4ms)&#xA;&gt; Enter [It] should enforce parent-child key relationships - /Users/seancorkum/projects/devops-mcp/test/e2e/scenarios/multi_tenant_test.go:312 @ 07/11/25 10:10:06.44&#xA;&lt; Exit [It] should enforce parent-child key relationships - /Users/seancorkum/projects/devops-mcp/test/e2e/scenarios/multi_tenant_test.go:312 @ 07/11/25 10:10:06.44 (0s)&#xA;&gt; Enter [AfterEach] Multi-Tenant E2E Tests - /Users/seancorkum/projects/devops-mcp/test/e2e/scenarios/multi_tenant_test.go:40 @ 07/11/25 10:10:06.441&#xA;&lt; Exit [AfterEach] Multi-Tenant E2E Tests - /Users/seancorkum/projects/devops-mcp/test/e2e/scenarios/multi_tenant_test.go:40 @ 07/11/25 10:10:06.443 (2ms)&#xA;</system-err>
          </testcase>
          <testcase name="[It] Multi-Tenant E2E Tests Security should prevent cross-tenant access" classname="Multi-Agent Collaboration E2E Test Suite" status="passed" time="0.005765091">
              <system-out>[10:10:06] [INFO] multi-tenant: Testing cross-tenant access prevention&#xA;ï¿½[32mâœ“ï¿½[0m cross_tenant_security (31.286Âµs)&#xA;</system-out>
              <system-err>&gt; Enter [BeforeEach] Multi-Tenant E2E Tests - /Users/seancorkum/projects/devops-mcp/test/e2e/scenarios/multi_tenant_test.go:30 @ 07/11/25 10:10:06.444&#xA;&lt; Exit [BeforeEach] Multi-Tenant E2E Tests - /Users/seancorkum/projects/devops-mcp/test/e2e/scenarios/multi_tenant_test.go:30 @ 07/11/25 10:10:06.447 (3ms)&#xA;&gt; Enter [It] should prevent cross-tenant access - /Users/seancorkum/projects/devops-mcp/test/e2e/scenarios/multi_tenant_test.go:441 @ 07/11/25 10:10:06.448&#xA;&lt; Exit [It] should prevent cross-tenant access - /Users/seancorkum/projects/devops-mcp/test/e2e/scenarios/multi_tenant_test.go:441 @ 07/11/25 10:10:06.448 (0s)&#xA;&gt; Enter [AfterEach] Multi-Tenant E2E Tests - /Users/seancorkum/projects/devops-mcp/test/e2e/scenarios/multi_tenant_test.go:40 @ 07/11/25 10:10:06.448&#xA;&lt; Exit [AfterEach] Multi-Tenant E2E Tests - /Users/seancorkum/projects/devops-mcp/test/e2e/scenarios/multi_tenant_test.go:40 @ 07/11/25 10:10:06.45 (2ms)&#xA;</system-err>
          </testcase>
          <testcase name="[It] Multi-Tenant E2E Tests Security should validate API key permissions" classname="Multi-Agent Collaboration E2E Test Suite" status="passed" time="0.004836298">
              <system-out>[10:10:06] [INFO] multi-tenant: Testing API key permission validation&#xA;ï¿½[32mâœ“ï¿½[0m api_key_permissions (11.724Âµs)&#xA;</system-out>
              <system-err>&gt; Enter [BeforeEach] Multi-Tenant E2E Tests - /Users/seancorkum/projects/devops-mcp/test/e2e/scenarios/multi_tenant_test.go:30 @ 07/11/25 10:10:06.45&#xA;&lt; Exit [BeforeEach] Multi-Tenant E2E Tests - /Users/seancorkum/projects/devops-mcp/test/e2e/scenarios/multi_tenant_test.go:30 @ 07/11/25 10:10:06.453 (3ms)&#xA;&gt; Enter [It] should validate API key permissions - /Users/seancorkum/projects/devops-mcp/test/e2e/scenarios/multi_tenant_test.go:472 @ 07/11/25 10:10:06.453&#xA;&lt; Exit [It] should validate API key permissions - /Users/seancorkum/projects/devops-mcp/test/e2e/scenarios/multi_tenant_test.go:472 @ 07/11/25 10:10:06.453 (0s)&#xA;&gt; Enter [AfterEach] Multi-Tenant E2E Tests - /Users/seancorkum/projects/devops-mcp/test/e2e/scenarios/multi_tenant_test.go:40 @ 07/11/25 10:10:06.453&#xA;&lt; Exit [AfterEach] Multi-Tenant E2E Tests - /Users/seancorkum/projects/devops-mcp/test/e2e/scenarios/multi_tenant_test.go:40 @ 07/11/25 10:10:06.455 (2ms)&#xA;</system-err>
          </testcase>
          <testcase name="[It] Multi-Tenant E2E Tests Performance should maintain performance with tenant configuration caching" classname="Multi-Agent Collaboration E2E Test Suite" status="failed" time="0.211791673">
              <failure message="Unexpected error:&#xA;    &lt;*fmt.wrapError | 0xc000616140&gt;: &#xA;    failed to connect: failed to WebSocket dial: expected handshake response status code 101 but got 401&#xA;    {&#xA;        msg: &#34;failed to connect: failed to WebSocket dial: expected handshake response status code 101 but got 401&#34;,&#xA;        err: &lt;*fmt.wrapError | 0xc000616120&gt;{&#xA;            msg: &#34;failed to WebSocket dial: expected handshake response status code 101 but got 401&#34;,&#xA;            err: &lt;*errors.errorString | 0xc000508000&gt;{&#xA;                s: &#34;expected handshake response status code 101 but got 401&#34;,&#xA;            },&#xA;        },&#xA;    }&#xA;occurred" type="failed">[FAILED] Unexpected error:&#xA;    &lt;*fmt.wrapError | 0xc000616140&gt;: &#xA;    failed to connect: failed to WebSocket dial: expected handshake response status code 101 but got 401&#xA;    {&#xA;        msg: &#34;failed to connect: failed to WebSocket dial: expected handshake response status code 101 but got 401&#34;,&#xA;        err: &lt;*fmt.wrapError | 0xc000616120&gt;{&#xA;            msg: &#34;failed to WebSocket dial: expected handshake response status code 101 but got 401&#34;,&#xA;            err: &lt;*errors.errorString | 0xc000508000&gt;{&#xA;                s: &#34;expected handshake response status code 101 but got 401&#34;,&#xA;            },&#xA;        },&#xA;    }&#xA;occurred&#xA;In [It] at: /Users/seancorkum/projects/devops-mcp/test/e2e/scenarios/multi_tenant_test.go:515 @ 07/11/25 10:10:06.665&#xA;&#xA;There were additional failures detected after the initial failure. These are visible in the timeline&#xA;</failure>
              <system-err>&gt; Enter [BeforeEach] Multi-Tenant E2E Tests - /Users/seancorkum/projects/devops-mcp/test/e2e/scenarios/multi_tenant_test.go:30 @ 07/11/25 10:10:06.456&#xA;&lt; Exit [BeforeEach] Multi-Tenant E2E Tests - /Users/seancorkum/projects/devops-mcp/test/e2e/scenarios/multi_tenant_test.go:30 @ 07/11/25 10:10:06.458 (2ms)&#xA;&gt; Enter [It] should maintain performance with tenant configuration caching - /Users/seancorkum/projects/devops-mcp/test/e2e/scenarios/multi_tenant_test.go:498 @ 07/11/25 10:10:06.458&#xA;[FAILED] Failure recorded during attempt 1:&#xA;Unexpected error:&#xA;    &lt;*fmt.wrapError | 0xc0006164e0&gt;: &#xA;    failed to connect: failed to WebSocket dial: expected handshake response status code 101 but got 401&#xA;    {&#xA;        msg: &#34;failed to connect: failed to WebSocket dial: expected handshake response status code 101 but got 401&#34;,&#xA;        err: &lt;*fmt.wrapError | 0xc0006164c0&gt;{&#xA;            msg: &#34;failed to WebSocket dial: expected handshake response status code 101 but got 401&#34;,&#xA;            err: &lt;*errors.errorString | 0xc00029e8b0&gt;{&#xA;                s: &#34;expected handshake response status code 101 but got 401&#34;,&#xA;            },&#xA;        },&#xA;    }&#xA;occurred&#xA;In [It] at: /Users/seancorkum/projects/devops-mcp/test/e2e/scenarios/multi_tenant_test.go:515 @ 07/11/25 10:10:06.612&#xA;&lt; Exit [It] should maintain performance with tenant configuration caching - /Users/seancorkum/projects/devops-mcp/test/e2e/scenarios/multi_tenant_test.go:498 @ 07/11/25 10:10:06.612 (154ms)&#xA;&gt; Enter [AfterEach] Multi-Tenant E2E Tests - /Users/seancorkum/projects/devops-mcp/test/e2e/scenarios/multi_tenant_test.go:40 @ 07/11/25 10:10:06.612&#xA;&lt; Exit [AfterEach] Multi-Tenant E2E Tests - /Users/seancorkum/projects/devops-mcp/test/e2e/scenarios/multi_tenant_test.go:40 @ 07/11/25 10:10:06.614 (2ms)&#xA;&#xA;Attempt #1 Failed.  Retrying â†º @ 07/11/25 10:10:06.614&#xA;&#xA;&gt; Enter [BeforeEach] Multi-Tenant E2E Tests - /Users/seancorkum/projects/devops-mcp/test/e2e/scenarios/multi_tenant_test.go:30 @ 07/11/25 10:10:06.614&#xA;&lt; Exit [BeforeEach] Multi-Tenant E2E Tests - /Users/seancorkum/projects/devops-mcp/test/e2e/scenarios/multi_tenant_test.go:30 @ 07/11/25 10:10:06.617 (3ms)&#xA;&gt; Enter [It] should maintain performance with tenant configuration caching - /Users/seancorkum/projects/devops-mcp/test/e2e/scenarios/multi_tenant_test.go:498 @ 07/11/25 10:10:06.617&#xA;[FAILED] Unexpected error:&#xA;    &lt;*fmt.wrapError | 0xc000616140&gt;: &#xA;    failed to connect: failed to WebSocket dial: expected handshake response status code 101 but got 401&#xA;    {&#xA;        msg: &#34;failed to connect: failed to WebSocket dial: expected handshake response status code 101 but got 401&#34;,&#xA;        err: &lt;*fmt.wrapError | 0xc000616120&gt;{&#xA;            msg: &#34;failed to WebSocket dial: expected handshake response status code 101 but got 401&#34;,&#xA;            err: &lt;*errors.errorString | 0xc000508000&gt;{&#xA;                s: &#34;expected handshake response status code 101 but got 401&#34;,&#xA;            },&#xA;        },&#xA;    }&#xA;occurred&#xA;In [It] at: /Users/seancorkum/projects/devops-mcp/test/e2e/scenarios/multi_tenant_test.go:515 @ 07/11/25 10:10:06.665&#xA;&lt; Exit [It] should maintain performance with tenant configuration caching - /Users/seancorkum/projects/devops-mcp/test/e2e/scenarios/multi_tenant_test.go:498 @ 07/11/25 10:10:06.665 (48ms)&#xA;&gt; Enter [AfterEach] Multi-Tenant E2E Tests - /Users/seancorkum/projects/devops-mcp/test/e2e/scenarios/multi_tenant_test.go:40 @ 07/11/25 10:10:06.665&#xA;&lt; Exit [AfterEach] Multi-Tenant E2E Tests - /Users/seancorkum/projects/devops-mcp/test/e2e/scenarios/multi_tenant_test.go:40 @ 07/11/25 10:10:06.667 (2ms)&#xA;</system-err>
          </testcase>
          <testcase name="[It] Performance and Stress E2E Tests Message Throughput Tests should handle large message payloads" classname="Multi-Agent Collaboration E2E Test Suite" status="failed" time="0.124378877">
              <failure message="Unexpected error:&#xA;    &lt;*fmt.wrapError | 0xc000338260&gt;: &#xA;    failed to connect: failed to WebSocket dial: expected handshake response status code 101 but got 401&#xA;    {&#xA;        msg: &#34;failed to connect: failed to WebSocket dial: expected handshake response status code 101 but got 401&#34;,&#xA;        err: &lt;*fmt.wrapError | 0xc000338240&gt;{&#xA;            msg: &#34;failed to WebSocket dial: expected handshake response status code 101 but got 401&#34;,&#xA;            err: &lt;*errors.errorString | 0xc00004ae40&gt;{&#xA;                s: &#34;expected handshake response status code 101 but got 401&#34;,&#xA;            },&#xA;        },&#xA;    }&#xA;occurred" type="failed">[FAILED] Unexpected error:&#xA;    &lt;*fmt.wrapError | 0xc000338260&gt;: &#xA;    failed to connect: failed to WebSocket dial: expected handshake response status code 101 but got 401&#xA;    {&#xA;        msg: &#34;failed to connect: failed to WebSocket dial: expected handshake response status code 101 but got 401&#34;,&#xA;        err: &lt;*fmt.wrapError | 0xc000338240&gt;{&#xA;            msg: &#34;failed to WebSocket dial: expected handshake response status code 101 but got 401&#34;,&#xA;            err: &lt;*errors.errorString | 0xc00004ae40&gt;{&#xA;                s: &#34;expected handshake response status code 101 but got 401&#34;,&#xA;            },&#xA;        },&#xA;    }&#xA;occurred&#xA;In [It] at: /Users/seancorkum/projects/devops-mcp/test/e2e/scenarios/performance_test.go:428 @ 07/11/25 10:10:06.79&#xA;&#xA;There were additional failures detected after the initial failure. These are visible in the timeline&#xA;</failure>
              <system-err>&gt; Enter [BeforeEach] Performance and Stress E2E Tests - /Users/seancorkum/projects/devops-mcp/test/e2e/scenarios/performance_test.go:31 @ 07/11/25 10:10:06.668&#xA;&lt; Exit [BeforeEach] Performance and Stress E2E Tests - /Users/seancorkum/projects/devops-mcp/test/e2e/scenarios/performance_test.go:31 @ 07/11/25 10:10:06.668 (0s)&#xA;&gt; Enter [It] should handle large message payloads - /Users/seancorkum/projects/devops-mcp/test/e2e/scenarios/performance_test.go:407 @ 07/11/25 10:10:06.668&#xA;[FAILED] Failure recorded during attempt 1:&#xA;Unexpected error:&#xA;    &lt;*fmt.wrapError | 0xc00049e520&gt;: &#xA;    failed to connect: failed to WebSocket dial: expected handshake response status code 101 but got 401&#xA;    {&#xA;        msg: &#34;failed to connect: failed to WebSocket dial: expected handshake response status code 101 but got 401&#34;,&#xA;        err: &lt;*fmt.wrapError | 0xc00049e500&gt;{&#xA;            msg: &#34;failed to WebSocket dial: expected handshake response status code 101 but got 401&#34;,&#xA;            err: &lt;*errors.errorString | 0xc000508840&gt;{&#xA;                s: &#34;expected handshake response status code 101 but got 401&#34;,&#xA;            },&#xA;        },&#xA;    }&#xA;occurred&#xA;In [It] at: /Users/seancorkum/projects/devops-mcp/test/e2e/scenarios/performance_test.go:428 @ 07/11/25 10:10:06.725&#xA;&lt; Exit [It] should handle large message payloads - /Users/seancorkum/projects/devops-mcp/test/e2e/scenarios/performance_test.go:407 @ 07/11/25 10:10:06.725 (57ms)&#xA;&gt; Enter [AfterEach] Performance and Stress E2E Tests - /Users/seancorkum/projects/devops-mcp/test/e2e/scenarios/performance_test.go:41 @ 07/11/25 10:10:06.725&#xA;&lt; Exit [AfterEach] Performance and Stress E2E Tests - /Users/seancorkum/projects/devops-mcp/test/e2e/scenarios/performance_test.go:41 @ 07/11/25 10:10:06.727 (2ms)&#xA;&#xA;Attempt #1 Failed.  Retrying â†º @ 07/11/25 10:10:06.728&#xA;&#xA;&gt; Enter [BeforeEach] Performance and Stress E2E Tests - /Users/seancorkum/projects/devops-mcp/test/e2e/scenarios/performance_test.go:31 @ 07/11/25 10:10:06.728&#xA;&lt; Exit [BeforeEach] Performance and Stress E2E Tests - /Users/seancorkum/projects/devops-mcp/test/e2e/scenarios/performance_test.go:31 @ 07/11/25 10:10:06.728 (0s)&#xA;&gt; Enter [It] should handle large message payloads - /Users/seancorkum/projects/devops-mcp/test/e2e/scenarios/performance_test.go:407 @ 07/11/25 10:10:06.728&#xA;[FAILED] Unexpected error:&#xA;    &lt;*fmt.wrapError | 0xc000338260&gt;: &#xA;    failed to connect: failed to WebSocket dial: expected handshake response status code 101 but got 401&#xA;    {&#xA;        msg: &#34;failed to connect: failed to WebSocket dial: expected handshake response status code 101 but got 401&#34;,&#xA;        err: &lt;*fmt.wrapError | 0xc000338240&gt;{&#xA;            msg: &#34;failed to WebSocket dial: expected handshake response status code 101 but got 401&#34;,&#xA;            err: &lt;*errors.errorString | 0xc00004ae40&gt;{&#xA;                s: &#34;expected handshake response status code 101 but got 401&#34;,&#xA;            },&#xA;        },&#xA;    }&#xA;occurred&#xA;In [It] at: /Users/seancorkum/projects/devops-mcp/test/e2e/scenarios/performance_test.go:428 @ 07/11/25 10:10:06.79&#xA;&lt; Exit [It] should handle large message payloads - /Users/seancorkum/projects/devops-mcp/test/e2e/scenarios/performance_test.go:407 @ 07/11/25 10:10:06.79 (62ms)&#xA;&gt; Enter [AfterEach] Performance and Stress E2E Tests - /Users/seancorkum/projects/devops-mcp/test/e2e/scenarios/performance_test.go:41 @ 07/11/25 10:10:06.79&#xA;&lt; Exit [AfterEach] Performance and Stress E2E Tests - /Users/seancorkum/projects/devops-mcp/test/e2e/scenarios/performance_test.go:41 @ 07/11/25 10:10:06.792 (2ms)&#xA;</system-err>
          </testcase>
          <testcase name="[It] Single Agent E2E Tests Basic Agent Lifecycle should complete full agent lifecycle" classname="Multi-Agent Collaboration E2E Test Suite" status="failed" time="0.216688094">
              <failure message="Unexpected error:&#xA;    &lt;*fmt.wrapError | 0xc0003381a0&gt;: &#xA;    failed to connect: failed to WebSocket dial: expected handshake response status code 101 but got 401&#xA;    {&#xA;        msg: &#34;failed to connect: failed to WebSocket dial: expected handshake response status code 101 but got 401&#34;,&#xA;        err: &lt;*fmt.wrapError | 0xc000338180&gt;{&#xA;            msg: &#34;failed to WebSocket dial: expected handshake response status code 101 but got 401&#34;,&#xA;            err: &lt;*errors.errorString | 0xc0004d2000&gt;{&#xA;                s: &#34;expected handshake response status code 101 but got 401&#34;,&#xA;            },&#xA;        },&#xA;    }&#xA;occurred" type="failed">[FAILED] Unexpected error:&#xA;    &lt;*fmt.wrapError | 0xc0003381a0&gt;: &#xA;    failed to connect: failed to WebSocket dial: expected handshake response status code 101 but got 401&#xA;    {&#xA;        msg: &#34;failed to connect: failed to WebSocket dial: expected handshake response status code 101 but got 401&#34;,&#xA;        err: &lt;*fmt.wrapError | 0xc000338180&gt;{&#xA;            msg: &#34;failed to WebSocket dial: expected handshake response status code 101 but got 401&#34;,&#xA;            err: &lt;*errors.errorString | 0xc0004d2000&gt;{&#xA;                s: &#34;expected handshake response status code 101 but got 401&#34;,&#xA;            },&#xA;        },&#xA;    }&#xA;occurred&#xA;In [It] at: /Users/seancorkum/projects/devops-mcp/test/e2e/scenarios/single_agent_test.go:73 @ 07/11/25 10:10:07.008&#xA;&#xA;There were additional failures detected after the initial failure. These are visible in the timeline&#xA;</failure>
              <system-out>[10:10:06] [INFO] single-agent: Connecting agent c9c9bba4-8af7-4c40-851b-32435dfe2e52&#xA;[10:10:06] [INFO] single-agent: Connecting agent 96aca611-f6a5-4893-8791-2103afbafbb3&#xA;</system-out>
              <system-err>&gt; Enter [BeforeEach] Single Agent E2E Tests - /Users/seancorkum/projects/devops-mcp/test/e2e/scenarios/single_agent_test.go:30 @ 07/11/25 10:10:06.793&#xA;&lt; Exit [BeforeEach] Single Agent E2E Tests - /Users/seancorkum/projects/devops-mcp/test/e2e/scenarios/single_agent_test.go:30 @ 07/11/25 10:10:06.797 (3ms)&#xA;&gt; Enter [It] should complete full agent lifecycle - /Users/seancorkum/projects/devops-mcp/test/e2e/scenarios/single_agent_test.go:47 @ 07/11/25 10:10:06.797&#xA;[FAILED] Failure recorded during attempt 1:&#xA;Unexpected error:&#xA;    &lt;*fmt.wrapError | 0xc000338200&gt;: &#xA;    failed to connect: failed to WebSocket dial: expected handshake response status code 101 but got 401&#xA;    {&#xA;        msg: &#34;failed to connect: failed to WebSocket dial: expected handshake response status code 101 but got 401&#34;,&#xA;        err: &lt;*fmt.wrapError | 0xc0003381e0&gt;{&#xA;            msg: &#34;failed to WebSocket dial: expected handshake response status code 101 but got 401&#34;,&#xA;            err: &lt;*errors.errorString | 0xc0004d35c0&gt;{&#xA;                s: &#34;expected handshake response status code 101 but got 401&#34;,&#xA;            },&#xA;        },&#xA;    }&#xA;occurred&#xA;In [It] at: /Users/seancorkum/projects/devops-mcp/test/e2e/scenarios/single_agent_test.go:73 @ 07/11/25 10:10:06.948&#xA;&lt; Exit [It] should complete full agent lifecycle - /Users/seancorkum/projects/devops-mcp/test/e2e/scenarios/single_agent_test.go:47 @ 07/11/25 10:10:06.948 (151ms)&#xA;&gt; Enter [AfterEach] Single Agent E2E Tests - /Users/seancorkum/projects/devops-mcp/test/e2e/scenarios/single_agent_test.go:40 @ 07/11/25 10:10:06.948&#xA;&lt; Exit [AfterEach] Single Agent E2E Tests - /Users/seancorkum/projects/devops-mcp/test/e2e/scenarios/single_agent_test.go:40 @ 07/11/25 10:10:06.95 (2ms)&#xA;&#xA;Attempt #1 Failed.  Retrying â†º @ 07/11/25 10:10:06.95&#xA;&#xA;&gt; Enter [BeforeEach] Single Agent E2E Tests - /Users/seancorkum/projects/devops-mcp/test/e2e/scenarios/single_agent_test.go:30 @ 07/11/25 10:10:06.951&#xA;&lt; Exit [BeforeEach] Single Agent E2E Tests - /Users/seancorkum/projects/devops-mcp/test/e2e/scenarios/single_agent_test.go:30 @ 07/11/25 10:10:06.954 (3ms)&#xA;&gt; Enter [It] should complete full agent lifecycle - /Users/seancorkum/projects/devops-mcp/test/e2e/scenarios/single_agent_test.go:47 @ 07/11/25 10:10:06.954&#xA;[FAILED] Unexpected error:&#xA;    &lt;*fmt.wrapError | 0xc0003381a0&gt;: &#xA;    failed to connect: failed to WebSocket dial: expected handshake response status code 101 but got 401&#xA;    {&#xA;        msg: &#34;failed to connect: failed to WebSocket dial: expected handshake response status code 101 but got 401&#34;,&#xA;        err: &lt;*fmt.wrapError | 0xc000338180&gt;{&#xA;            msg: &#34;failed to WebSocket dial: expected handshake response status code 101 but got 401&#34;,&#xA;            err: &lt;*errors.errorString | 0xc0004d2000&gt;{&#xA;                s: &#34;expected handshake response status code 101 but got 401&#34;,&#xA;            },&#xA;        },&#xA;    }&#xA;occurred&#xA;In [It] at: /Users/seancorkum/projects/devops-mcp/test/e2e/scenarios/single_agent_test.go:73 @ 07/11/25 10:10:07.008&#xA;&lt; Exit [It] should complete full agent lifecycle - /Users/seancorkum/projects/devops-mcp/test/e2e/scenarios/single_agent_test.go:47 @ 07/11/25 10:10:07.008 (54ms)&#xA;&gt; Enter [AfterEach] Single Agent E2E Tests - /Users/seancorkum/projects/devops-mcp/test/e2e/scenarios/single_agent_test.go:40 @ 07/11/25 10:10:07.008&#xA;&lt; Exit [AfterEach] Single Agent E2E Tests - /Users/seancorkum/projects/devops-mcp/test/e2e/scenarios/single_agent_test.go:40 @ 07/11/25 10:10:07.01 (2ms)&#xA;</system-err>
          </testcase>
          <testcase name="[It] Single Agent E2E Tests Tool Discovery and Execution should execute GitHub tool" classname="Multi-Agent Collaboration E2E Test Suite" status="failed" time="0.120737136">
              <failure message="Unexpected error:&#xA;    &lt;*fmt.wrapError | 0xc00049e540&gt;: &#xA;    failed to connect: failed to WebSocket dial: expected handshake response status code 101 but got 401&#xA;    {&#xA;        msg: &#34;failed to connect: failed to WebSocket dial: expected handshake response status code 101 but got 401&#34;,&#xA;        err: &lt;*fmt.wrapError | 0xc00049e520&gt;{&#xA;            msg: &#34;failed to WebSocket dial: expected handshake response status code 101 but got 401&#34;,&#xA;            err: &lt;*errors.errorString | 0xc000780ad0&gt;{&#xA;                s: &#34;expected handshake response status code 101 but got 401&#34;,&#xA;            },&#xA;        },&#xA;    }&#xA;occurred" type="failed">[FAILED] Unexpected error:&#xA;    &lt;*fmt.wrapError | 0xc00049e540&gt;: &#xA;    failed to connect: failed to WebSocket dial: expected handshake response status code 101 but got 401&#xA;    {&#xA;        msg: &#34;failed to connect: failed to WebSocket dial: expected handshake response status code 101 but got 401&#34;,&#xA;        err: &lt;*fmt.wrapError | 0xc00049e520&gt;{&#xA;            msg: &#34;failed to WebSocket dial: expected handshake response status code 101 but got 401&#34;,&#xA;            err: &lt;*errors.errorString | 0xc000780ad0&gt;{&#xA;                s: &#34;expected handshake response status code 101 but got 401&#34;,&#xA;            },&#xA;        },&#xA;    }&#xA;occurred&#xA;In [It] at: /Users/seancorkum/projects/devops-mcp/test/e2e/scenarios/single_agent_test.go:234 @ 07/11/25 10:10:07.129&#xA;&#xA;There were additional failures detected after the initial failure. These are visible in the timeline&#xA;</failure>
              <system-err>&gt; Enter [BeforeEach] Single Agent E2E Tests - /Users/seancorkum/projects/devops-mcp/test/e2e/scenarios/single_agent_test.go:30 @ 07/11/25 10:10:07.011&#xA;&lt; Exit [BeforeEach] Single Agent E2E Tests - /Users/seancorkum/projects/devops-mcp/test/e2e/scenarios/single_agent_test.go:30 @ 07/11/25 10:10:07.013 (3ms)&#xA;&gt; Enter [It] should execute GitHub tool - /Users/seancorkum/projects/devops-mcp/test/e2e/scenarios/single_agent_test.go:215 @ 07/11/25 10:10:07.014&#xA;[FAILED] Failure recorded during attempt 1:&#xA;Unexpected error:&#xA;    &lt;*fmt.wrapError | 0xc000616140&gt;: &#xA;    failed to connect: failed to WebSocket dial: expected handshake response status code 101 but got 401&#xA;    {&#xA;        msg: &#34;failed to connect: failed to WebSocket dial: expected handshake response status code 101 but got 401&#34;,&#xA;        err: &lt;*fmt.wrapError | 0xc000616120&gt;{&#xA;            msg: &#34;failed to WebSocket dial: expected handshake response status code 101 but got 401&#34;,&#xA;            err: &lt;*errors.errorString | 0xc000704290&gt;{&#xA;                s: &#34;expected handshake response status code 101 but got 401&#34;,&#xA;            },&#xA;        },&#xA;    }&#xA;occurred&#xA;In [It] at: /Users/seancorkum/projects/devops-mcp/test/e2e/scenarios/single_agent_test.go:234 @ 07/11/25 10:10:07.074&#xA;&lt; Exit [It] should execute GitHub tool - /Users/seancorkum/projects/devops-mcp/test/e2e/scenarios/single_agent_test.go:215 @ 07/11/25 10:10:07.074 (61ms)&#xA;&gt; Enter [AfterEach] Single Agent E2E Tests - /Users/seancorkum/projects/devops-mcp/test/e2e/scenarios/single_agent_test.go:40 @ 07/11/25 10:10:07.075&#xA;&lt; Exit [AfterEach] Single Agent E2E Tests - /Users/seancorkum/projects/devops-mcp/test/e2e/scenarios/single_agent_test.go:40 @ 07/11/25 10:10:07.077 (2ms)&#xA;&#xA;Attempt #1 Failed.  Retrying â†º @ 07/11/25 10:10:07.077&#xA;&#xA;&gt; Enter [BeforeEach] Single Agent E2E Tests - /Users/seancorkum/projects/devops-mcp/test/e2e/scenarios/single_agent_test.go:30 @ 07/11/25 10:10:07.077&#xA;&lt; Exit [BeforeEach] Single Agent E2E Tests - /Users/seancorkum/projects/devops-mcp/test/e2e/scenarios/single_agent_test.go:30 @ 07/11/25 10:10:07.08 (3ms)&#xA;&gt; Enter [It] should execute GitHub tool - /Users/seancorkum/projects/devops-mcp/test/e2e/scenarios/single_agent_test.go:215 @ 07/11/25 10:10:07.08&#xA;[FAILED] Unexpected error:&#xA;    &lt;*fmt.wrapError | 0xc00049e540&gt;: &#xA;    failed to connect: failed to WebSocket dial: expected handshake response status code 101 but got 401&#xA;    {&#xA;        msg: &#34;failed to connect: failed to WebSocket dial: expected handshake response status code 101 but got 401&#34;,&#xA;        err: &lt;*fmt.wrapError | 0xc00049e520&gt;{&#xA;            msg: &#34;failed to WebSocket dial: expected handshake response status code 101 but got 401&#34;,&#xA;            err: &lt;*errors.errorString | 0xc000780ad0&gt;{&#xA;                s: &#34;expected handshake response status code 101 but got 401&#34;,&#xA;            },&#xA;        },&#xA;    }&#xA;occurred&#xA;In [It] at: /Users/seancorkum/projects/devops-mcp/test/e2e/scenarios/single_agent_test.go:234 @ 07/11/25 10:10:07.129&#xA;&lt; Exit [It] should execute GitHub tool - /Users/seancorkum/projects/devops-mcp/test/e2e/scenarios/single_agent_test.go:215 @ 07/11/25 10:10:07.129 (49ms)&#xA;&gt; Enter [AfterEach] Single Agent E2E Tests - /Users/seancorkum/projects/devops-mcp/test/e2e/scenarios/single_agent_test.go:40 @ 07/11/25 10:10:07.129&#xA;&lt; Exit [AfterEach] Single Agent E2E Tests - /Users/seancorkum/projects/devops-mcp/test/e2e/scenarios/single_agent_test.go:40 @ 07/11/25 10:10:07.131 (2ms)&#xA;</system-err>
          </testcase>
          <testcase name="[It] Single Agent E2E Tests Error Handling should handle authentication errors" classname="Multi-Agent Collaboration E2E Test Suite" status="passed" time="0.140409715">
              <system-out>ï¿½[32mâœ“ï¿½[0m auth_error_handling (132.734948ms)&#xA;</system-out>
              <system-err>&gt; Enter [BeforeEach] Single Agent E2E Tests - /Users/seancorkum/projects/devops-mcp/test/e2e/scenarios/single_agent_test.go:30 @ 07/11/25 10:10:07.132&#xA;&lt; Exit [BeforeEach] Single Agent E2E Tests - /Users/seancorkum/projects/devops-mcp/test/e2e/scenarios/single_agent_test.go:30 @ 07/11/25 10:10:07.136 (4ms)&#xA;&gt; Enter [It] should handle authentication errors - /Users/seancorkum/projects/devops-mcp/test/e2e/scenarios/single_agent_test.go:398 @ 07/11/25 10:10:07.137&#xA;&lt; Exit [It] should handle authentication errors - /Users/seancorkum/projects/devops-mcp/test/e2e/scenarios/single_agent_test.go:398 @ 07/11/25 10:10:07.269 (133ms)&#xA;&gt; Enter [AfterEach] Single Agent E2E Tests - /Users/seancorkum/projects/devops-mcp/test/e2e/scenarios/single_agent_test.go:40 @ 07/11/25 10:10:07.27&#xA;&lt; Exit [AfterEach] Single Agent E2E Tests - /Users/seancorkum/projects/devops-mcp/test/e2e/scenarios/single_agent_test.go:40 @ 07/11/25 10:10:07.273 (3ms)&#xA;</system-err>
          </testcase>
          <testcase name="[It] Multi-Agent Collaboration E2E Tests Basic Multi-Agent Setup should connect multiple agents simultaneously" classname="Multi-Agent Collaboration E2E Test Suite" status="failed" time="0.337010869">
              <failure message="Expected&#xA;    &lt;int&gt;: 3&#xA;to equal&#xA;    &lt;int&gt;: 0" type="failed">[FAILED] Expected&#xA;    &lt;int&gt;: 3&#xA;to equal&#xA;    &lt;int&gt;: 0&#xA;In [It] at: /Users/seancorkum/projects/devops-mcp/test/e2e/scenarios/multi_agent_test.go:116 @ 07/11/25 10:10:07.608&#xA;&#xA;There were additional failures detected after the initial failure. These are visible in the timeline&#xA;</failure>
              <system-out>[10:10:07] [ERROR] multi-agent: Connection error: failed to connect: failed to WebSocket dial: expected handshake response status code 101 but got 401&#xA;[10:10:07] [ERROR] multi-agent: Connection error: failed to connect: failed to WebSocket dial: expected handshake response status code 101 but got 429&#xA;[10:10:07] [ERROR] multi-agent: Connection error: failed to connect: failed to WebSocket dial: expected handshake response status code 101 but got 429&#xA;[10:10:07] [ERROR] multi-agent: Connection error: failed to connect: failed to WebSocket dial: expected handshake response status code 101 but got 429&#xA;[10:10:07] [ERROR] multi-agent: Connection error: failed to connect: failed to WebSocket dial: expected handshake response status code 101 but got 401&#xA;[10:10:07] [ERROR] multi-agent: Connection error: failed to connect: failed to WebSocket dial: expected handshake response status code 101 but got 429&#xA;</system-out>
              <system-err>&gt; Enter [BeforeEach] Multi-Agent Collaboration E2E Tests - /Users/seancorkum/projects/devops-mcp/test/e2e/scenarios/multi_agent_test.go:28 @ 07/11/25 10:10:07.274&#xA;&lt; Exit [BeforeEach] Multi-Agent Collaboration E2E Tests - /Users/seancorkum/projects/devops-mcp/test/e2e/scenarios/multi_agent_test.go:28 @ 07/11/25 10:10:07.278 (3ms)&#xA;&gt; Enter [It] should connect multiple agents simultaneously - /Users/seancorkum/projects/devops-mcp/test/e2e/scenarios/multi_agent_test.go:45 @ 07/11/25 10:10:07.278&#xA;[FAILED] Failure recorded during attempt 1:&#xA;Expected&#xA;    &lt;int&gt;: 3&#xA;to equal&#xA;    &lt;int&gt;: 0&#xA;In [It] at: /Users/seancorkum/projects/devops-mcp/test/e2e/scenarios/multi_agent_test.go:116 @ 07/11/25 10:10:07.485&#xA;&lt; Exit [It] should connect multiple agents simultaneously - /Users/seancorkum/projects/devops-mcp/test/e2e/scenarios/multi_agent_test.go:45 @ 07/11/25 10:10:07.486 (208ms)&#xA;&gt; Enter [AfterEach] Multi-Agent Collaboration E2E Tests - /Users/seancorkum/projects/devops-mcp/test/e2e/scenarios/multi_agent_test.go:38 @ 07/11/25 10:10:07.486&#xA;&lt; Exit [AfterEach] Multi-Agent Collaboration E2E Tests - /Users/seancorkum/projects/devops-mcp/test/e2e/scenarios/multi_agent_test.go:38 @ 07/11/25 10:10:07.487 (2ms)&#xA;&#xA;Attempt #1 Failed.  Retrying â†º @ 07/11/25 10:10:07.487&#xA;&#xA;&gt; Enter [BeforeEach] Multi-Agent Collaboration E2E Tests - /Users/seancorkum/projects/devops-mcp/test/e2e/scenarios/multi_agent_test.go:28 @ 07/11/25 10:10:07.488&#xA;&lt; Exit [BeforeEach] Multi-Agent Collaboration E2E Tests - /Users/seancorkum/projects/devops-mcp/test/e2e/scenarios/multi_agent_test.go:28 @ 07/11/25 10:10:07.49 (2ms)&#xA;&gt; Enter [It] should connect multiple agents simultaneously - /Users/seancorkum/projects/devops-mcp/test/e2e/scenarios/multi_agent_test.go:45 @ 07/11/25 10:10:07.49&#xA;[FAILED] Expected&#xA;    &lt;int&gt;: 3&#xA;to equal&#xA;    &lt;int&gt;: 0&#xA;In [It] at: /Users/seancorkum/projects/devops-mcp/test/e2e/scenarios/multi_agent_test.go:116 @ 07/11/25 10:10:07.608&#xA;&lt; Exit [It] should connect multiple agents simultaneously - /Users/seancorkum/projects/devops-mcp/test/e2e/scenarios/multi_agent_test.go:45 @ 07/11/25 10:10:07.608 (117ms)&#xA;&gt; Enter [AfterEach] Multi-Agent Collaboration E2E Tests - /Users/seancorkum/projects/devops-mcp/test/e2e/scenarios/multi_agent_test.go:38 @ 07/11/25 10:10:07.608&#xA;&lt; Exit [AfterEach] Multi-Agent Collaboration E2E Tests - /Users/seancorkum/projects/devops-mcp/test/e2e/scenarios/multi_agent_test.go:38 @ 07/11/25 10:10:07.611 (3ms)&#xA;</system-err>
          </testcase>
      </testsuite>
  </testsuites>